#
# There is insufficient memory for the Java Runtime Environment to continue.
# Cannot create GC thread. Out of system resources.
# Possible reasons:
#   The system is out of physical RAM or swap space
#   The process is running with CompressedOops enabled, and the Java Heap may be blocking the growth of the native heap
# Possible solutions:
#   Reduce memory load on the system
#   Increase physical memory or swap space
#   Check if swap backing store is full
#   Decrease Java heap size (-Xmx/-Xms)
#   Decrease number of Java threads
#   Decrease Java thread stack sizes (-Xss)
#   Set larger code cache with -XX:ReservedCodeCacheSize=
# This output file may be truncated or incomplete.
#
#  Out of Memory Error (gcTaskThread.cpp:48), pid=9463, tid=0x00007fd5615cc700
#
# JRE version:  (8.0_275-b01) (build )
# Java VM: OpenJDK 64-Bit Server VM (25.275-b01 mixed mode linux-amd64 compressed oops)
# Failed to write core dump. Core dumps have been disabled. To enable core dumping, try "ulimit -c unlimited" before starting Java again
#

---------------  T H R E A D  ---------------

Current thread (0x00007fd55800a800):  JavaThread "Unknown thread" [_thread_in_vm, id=9464, stack(0x00007fd5614cc000,0x00007fd5615cd000)]

Stack: [0x00007fd5614cc000,0x00007fd5615cd000],  sp=0x00007fd5615cb810,  free space=1022k
Native frames: (J=compiled Java code, j=interpreted, Vv=VM code, C=native code)
V  [libjvm.so+0xb1de0b]
V  [libjvm.so+0x4e019c]
V  [libjvm.so+0x5c953f]
V  [libjvm.so+0x5c86a7]
V  [libjvm.so+0x984099]
V  [libjvm.so+0xae1809]
V  [libjvm.so+0xae1a52]
V  [libjvm.so+0x63e32f]
V  [libjvm.so+0xac525b]
V  [libjvm.so+0x714b30]  JNI_CreateJavaVM+0x60
C  [libjli.so+0x2f8a]
C  [libjli.so+0x75cd]
C  [libpthread.so.0+0x76ba]  start_thread+0xca


---------------  P R O C E S S  ---------------

Java Threads: ( => current thread )

Other Threads:

=>0x00007fd55800a800 (exited) JavaThread "Unknown thread" [_thread_in_vm, id=9464, stack(0x00007fd5614cc000,0x00007fd5615cd000)]

VM state:not at safepoint (not fully initialized)

VM Mutex/Monitor currently owned by a thread: None

heap address: 0x00000006c5400000, size: 4012 MB, Compressed Oops mode: Non-zero based:0x00000006c53ff000, Oop shift amount: 3
Narrow klass base: 0x0000000000000000, Narrow klass shift: 0

GC Heap History (0 events):
No events

Deoptimization events (0 events):
No events

Classes redefined (0 events):
No events

Internal exceptions (0 events):
No events

Events (0 events):
No events


Dynamic libraries:
6c5400000-6cfc00000 rw-p 00000000 00:00 0 
6cfc00000-76c700000 ---p 00000000 00:00 0 
76c700000-771b00000 rw-p 00000000 00:00 0 
771b00000-7c0000000 ---p 00000000 00:00 0 
56382587a000-56382587b000 r-xp 00000000 08:01 932688                     /usr/lib/jvm/java-8-openjdk-amd64/jre/bin/java
563825a7a000-563825a7b000 r--p 00000000 08:01 932688                     /usr/lib/jvm/java-8-openjdk-amd64/jre/bin/java
563825a7b000-563825a7c000 rw-p 00001000 08:01 932688                     /usr/lib/jvm/java-8-openjdk-amd64/jre/bin/java
563826242000-563826263000 rw-p 00000000 00:00 0                          [heap]
7fd549000000-7fd549270000 rwxp 00000000 00:00 0 
7fd549270000-7fd558000000 ---p 00000000 00:00 0 
7fd558000000-7fd558044000 rw-p 00000000 00:00 0 
7fd558044000-7fd55c000000 ---p 00000000 00:00 0 
7fd55c5a0000-7fd55c5a1000 ---p 00000000 00:00 0 
7fd55c5a1000-7fd55c6a1000 rw-p 00000000 00:00 0 
7fd55c6a1000-7fd55c6a2000 ---p 00000000 00:00 0 
7fd55c6a2000-7fd55c7a2000 rw-p 00000000 00:00 0 
7fd55c7a2000-7fd55c7a3000 ---p 00000000 00:00 0 
7fd55c7a3000-7fd55c8a3000 rw-p 00000000 00:00 0 
7fd55c8a3000-7fd55c8a4000 ---p 00000000 00:00 0 
7fd55c8a4000-7fd55c9a4000 rw-p 00000000 00:00 0 
7fd55c9a4000-7fd55c9a5000 ---p 00000000 00:00 0 
7fd55c9a5000-7fd55caa5000 rw-p 00000000 00:00 0 
7fd55caa5000-7fd55caa6000 ---p 00000000 00:00 0 
7fd55caa6000-7fd55cba6000 rw-p 00000000 00:00 0 
7fd55cba6000-7fd55cba7000 ---p 00000000 00:00 0 
7fd55cba7000-7fd55cca7000 rw-p 00000000 00:00 0 
7fd55cca7000-7fd55cca8000 ---p 00000000 00:00 0 
7fd55cca8000-7fd55cdfc000 rw-p 00000000 00:00 0 
7fd55cdfc000-7fd55d2e2000 ---p 00000000 00:00 0 
7fd55d2e2000-7fd55d336000 rw-p 00000000 00:00 0 
7fd55d336000-7fd55d81b000 ---p 00000000 00:00 0 
7fd55d81b000-7fd55d846000 rw-p 00000000 00:00 0 
7fd55d846000-7fd55dab8000 ---p 00000000 00:00 0 
7fd55dab8000-7fd55dac3000 rw-p 00000000 00:00 0 
7fd55dac3000-7fd55de79000 ---p 00000000 00:00 0 
7fd55de79000-7fd55de81000 r-xp 00000000 08:01 919810                     /usr/lib/jvm/java-8-openjdk-amd64/jre/lib/amd64/libzip.so
7fd55de81000-7fd55e080000 ---p 00008000 08:01 919810                     /usr/lib/jvm/java-8-openjdk-amd64/jre/lib/amd64/libzip.so
7fd55e080000-7fd55e081000 r--p 00007000 08:01 919810                     /usr/lib/jvm/java-8-openjdk-amd64/jre/lib/amd64/libzip.so
7fd55e081000-7fd55e082000 rw-p 00008000 08:01 919810                     /usr/lib/jvm/java-8-openjdk-amd64/jre/lib/amd64/libzip.so
7fd55e082000-7fd55e08d000 r-xp 00000000 08:01 532159                     /lib/x86_64-linux-gnu/libnss_files-2.23.so
7fd55e08d000-7fd55e28c000 ---p 0000b000 08:01 532159                     /lib/x86_64-linux-gnu/libnss_files-2.23.so
7fd55e28c000-7fd55e28d000 r--p 0000a000 08:01 532159                     /lib/x86_64-linux-gnu/libnss_files-2.23.so
7fd55e28d000-7fd55e28e000 rw-p 0000b000 08:01 532159                     /lib/x86_64-linux-gnu/libnss_files-2.23.so
7fd55e28e000-7fd55e294000 rw-p 00000000 00:00 0 
7fd55e294000-7fd55e29f000 r-xp 00000000 08:01 555256                     /lib/x86_64-linux-gnu/libnss_nis-2.23.so
7fd55e29f000-7fd55e49e000 ---p 0000b000 08:01 555256                     /lib/x86_64-linux-gnu/libnss_nis-2.23.so
7fd55e49e000-7fd55e49f000 r--p 0000a000 08:01 555256                     /lib/x86_64-linux-gnu/libnss_nis-2.23.so
7fd55e49f000-7fd55e4a0000 rw-p 0000b000 08:01 555256                     /lib/x86_64-linux-gnu/libnss_nis-2.23.so
7fd55e4a0000-7fd55e4b6000 r-xp 00000000 08:01 532143                     /lib/x86_64-linux-gnu/libnsl-2.23.so
7fd55e4b6000-7fd55e6b5000 ---p 00016000 08:01 532143                     /lib/x86_64-linux-gnu/libnsl-2.23.so
7fd55e6b5000-7fd55e6b6000 r--p 00015000 08:01 532143                     /lib/x86_64-linux-gnu/libnsl-2.23.so
7fd55e6b6000-7fd55e6b7000 rw-p 00016000 08:01 532143                     /lib/x86_64-linux-gnu/libnsl-2.23.so
7fd55e6b7000-7fd55e6b9000 rw-p 00000000 00:00 0 
7fd55e6b9000-7fd55e6c1000 r-xp 00000000 08:01 555254                     /lib/x86_64-linux-gnu/libnss_compat-2.23.so
7fd55e6c1000-7fd55e8c0000 ---p 00008000 08:01 555254                     /lib/x86_64-linux-gnu/libnss_compat-2.23.so
7fd55e8c0000-7fd55e8c1000 r--p 00007000 08:01 555254                     /lib/x86_64-linux-gnu/libnss_compat-2.23.so
7fd55e8c1000-7fd55e8c2000 rw-p 00008000 08:01 555254                     /lib/x86_64-linux-gnu/libnss_compat-2.23.so
7fd55e8c2000-7fd55e8ec000 r-xp 00000000 08:01 919443                     /usr/lib/jvm/java-8-openjdk-amd64/jre/lib/amd64/libjava.so
7fd55e8ec000-7fd55eaeb000 ---p 0002a000 08:01 919443                     /usr/lib/jvm/java-8-openjdk-amd64/jre/lib/amd64/libjava.so
7fd55eaeb000-7fd55eaec000 r--p 00029000 08:01 919443                     /usr/lib/jvm/java-8-openjdk-amd64/jre/lib/amd64/libjava.so
7fd55eaec000-7fd55eaee000 rw-p 0002a000 08:01 919443                     /usr/lib/jvm/java-8-openjdk-amd64/jre/lib/amd64/libjava.so
7fd55eaee000-7fd55eafd000 r-xp 00000000 08:01 919455                     /usr/lib/jvm/java-8-openjdk-amd64/jre/lib/amd64/libverify.so
7fd55eafd000-7fd55ecfc000 ---p 0000f000 08:01 919455                     /usr/lib/jvm/java-8-openjdk-amd64/jre/lib/amd64/libverify.so
7fd55ecfc000-7fd55ecfe000 r--p 0000e000 08:01 919455                     /usr/lib/jvm/java-8-openjdk-amd64/jre/lib/amd64/libverify.so
7fd55ecfe000-7fd55ecff000 rw-p 00010000 08:01 919455                     /usr/lib/jvm/java-8-openjdk-amd64/jre/lib/amd64/libverify.so
7fd55ecff000-7fd55ed06000 r-xp 00000000 08:01 555259                     /lib/x86_64-linux-gnu/librt-2.23.so
7fd55ed06000-7fd55ef05000 ---p 00007000 08:01 555259                     /lib/x86_64-linux-gnu/librt-2.23.so
7fd55ef05000-7fd55ef06000 r--p 00006000 08:01 555259                     /lib/x86_64-linux-gnu/librt-2.23.so
7fd55ef06000-7fd55ef07000 rw-p 00007000 08:01 555259                     /lib/x86_64-linux-gnu/librt-2.23.so
7fd55ef07000-7fd55ef1d000 r-xp 00000000 08:01 524818                     /lib/x86_64-linux-gnu/libgcc_s.so.1
7fd55ef1d000-7fd55f11c000 ---p 00016000 08:01 524818                     /lib/x86_64-linux-gnu/libgcc_s.so.1
7fd55f11c000-7fd55f11d000 rw-p 00015000 08:01 524818                     /lib/x86_64-linux-gnu/libgcc_s.so.1
7fd55f11d000-7fd55f225000 r-xp 00000000 08:01 532144                     /lib/x86_64-linux-gnu/libm-2.23.so
7fd55f225000-7fd55f424000 ---p 00108000 08:01 532144                     /lib/x86_64-linux-gnu/libm-2.23.so
7fd55f424000-7fd55f425000 r--p 00107000 08:01 532144                     /lib/x86_64-linux-gnu/libm-2.23.so
7fd55f425000-7fd55f426000 rw-p 00108000 08:01 532144                     /lib/x86_64-linux-gnu/libm-2.23.so
7fd55f426000-7fd55f598000 r-xp 00000000 08:01 3150357                    /usr/lib/x86_64-linux-gnu/libstdc++.so.6.0.21
7fd55f598000-7fd55f798000 ---p 00172000 08:01 3150357                    /usr/lib/x86_64-linux-gnu/libstdc++.so.6.0.21
7fd55f798000-7fd55f7a2000 r--p 00172000 08:01 3150357                    /usr/lib/x86_64-linux-gnu/libstdc++.so.6.0.21
7fd55f7a2000-7fd55f7a4000 rw-p 0017c000 08:01 3150357                    /usr/lib/x86_64-linux-gnu/libstdc++.so.6.0.21
7fd55f7a4000-7fd55f7a8000 rw-p 00000000 00:00 0 
7fd55f7a8000-7fd5604cd000 r-xp 00000000 08:01 919783                     /usr/lib/jvm/java-8-openjdk-amd64/jre/lib/amd64/server/libjvm.so
7fd5604cd000-7fd5606cc000 ---p 00d25000 08:01 919783                     /usr/lib/jvm/java-8-openjdk-amd64/jre/lib/amd64/server/libjvm.so
7fd5606cc000-7fd560762000 r--p 00d24000 08:01 919783                     /usr/lib/jvm/java-8-openjdk-amd64/jre/lib/amd64/server/libjvm.so
7fd560762000-7fd56078b000 rw-p 00dba000 08:01 919783                     /usr/lib/jvm/java-8-openjdk-amd64/jre/lib/amd64/server/libjvm.so
7fd56078b000-7fd5607be000 rw-p 00000000 00:00 0 
7fd5607be000-7fd5607d6000 r-xp 00000000 08:01 532140                     /lib/x86_64-linux-gnu/libpthread-2.23.so
7fd5607d6000-7fd5609d5000 ---p 00018000 08:01 532140                     /lib/x86_64-linux-gnu/libpthread-2.23.so
7fd5609d5000-7fd5609d6000 r--p 00017000 08:01 532140                     /lib/x86_64-linux-gnu/libpthread-2.23.so
7fd5609d6000-7fd5609d7000 rw-p 00018000 08:01 532140                     /lib/x86_64-linux-gnu/libpthread-2.23.so
7fd5609d7000-7fd5609db000 rw-p 00000000 00:00 0 
7fd5609db000-7fd5609de000 r-xp 00000000 08:01 532137                     /lib/x86_64-linux-gnu/libdl-2.23.so
7fd5609de000-7fd560bdd000 ---p 00003000 08:01 532137                     /lib/x86_64-linux-gnu/libdl-2.23.so
7fd560bdd000-7fd560bde000 r--p 00002000 08:01 532137                     /lib/x86_64-linux-gnu/libdl-2.23.so
7fd560bde000-7fd560bdf000 rw-p 00003000 08:01 532137                     /lib/x86_64-linux-gnu/libdl-2.23.so
7fd560bdf000-7fd560bf8000 r-xp 00000000 08:01 524948                     /lib/x86_64-linux-gnu/libz.so.1.2.8
7fd560bf8000-7fd560df7000 ---p 00019000 08:01 524948                     /lib/x86_64-linux-gnu/libz.so.1.2.8
7fd560df7000-7fd560df8000 r--p 00018000 08:01 524948                     /lib/x86_64-linux-gnu/libz.so.1.2.8
7fd560df8000-7fd560df9000 rw-p 00019000 08:01 524948                     /lib/x86_64-linux-gnu/libz.so.1.2.8
7fd560df9000-7fd560fb9000 r-xp 00000000 08:01 532139                     /lib/x86_64-linux-gnu/libc-2.23.so
7fd560fb9000-7fd5611b9000 ---p 001c0000 08:01 532139                     /lib/x86_64-linux-gnu/libc-2.23.so
7fd5611b9000-7fd5611bd000 r--p 001c0000 08:01 532139                     /lib/x86_64-linux-gnu/libc-2.23.so
7fd5611bd000-7fd5611bf000 rw-p 001c4000 08:01 532139                     /lib/x86_64-linux-gnu/libc-2.23.so
7fd5611bf000-7fd5611c3000 rw-p 00000000 00:00 0 
7fd5611c3000-7fd5611d1000 r-xp 00000000 08:01 919448                     /usr/lib/jvm/java-8-openjdk-amd64/jre/lib/amd64/jli/libjli.so
7fd5611d1000-7fd5613d0000 ---p 0000e000 08:01 919448                     /usr/lib/jvm/java-8-openjdk-amd64/jre/lib/amd64/jli/libjli.so
7fd5613d0000-7fd5613d1000 r--p 0000d000 08:01 919448                     /usr/lib/jvm/java-8-openjdk-amd64/jre/lib/amd64/jli/libjli.so
7fd5613d1000-7fd5613d2000 rw-p 0000e000 08:01 919448                     /usr/lib/jvm/java-8-openjdk-amd64/jre/lib/amd64/jli/libjli.so
7fd5613d2000-7fd5613f8000 r-xp 00000000 08:01 532157                     /lib/x86_64-linux-gnu/ld-2.23.so
7fd5614cc000-7fd5614cf000 ---p 00000000 00:00 0 
7fd5614cf000-7fd5615d1000 rw-p 00000000 00:00 0 
7fd5615ec000-7fd5615f4000 rw-s 00000000 08:01 1208533                    /tmp/hsperfdata_ekeramat/9463
7fd5615f4000-7fd5615f5000 rw-p 00000000 00:00 0 
7fd5615f5000-7fd5615f6000 r--p 00000000 00:00 0 
7fd5615f6000-7fd5615f7000 rw-p 00000000 00:00 0 
7fd5615f7000-7fd5615f8000 r--p 00025000 08:01 532157                     /lib/x86_64-linux-gnu/ld-2.23.so
7fd5615f8000-7fd5615f9000 rw-p 00026000 08:01 532157                     /lib/x86_64-linux-gnu/ld-2.23.so
7fd5615f9000-7fd5615fa000 rw-p 00000000 00:00 0 
7ffd40bb8000-7ffd40bd9000 rw-p 00000000 00:00 0                          [stack]
7ffd40be5000-7ffd40be7000 r--p 00000000 00:00 0                          [vvar]
7ffd40be7000-7ffd40be9000 r-xp 00000000 00:00 0                          [vdso]
ffffffffff600000-ffffffffff601000 r-xp 00000000 00:00 0                  [vsyscall]

VM Arguments:
java_command: jjtree HL.jjt
java_class_path (initial): /opt/javacc/target/javacc.jar
Launcher Type: SUN_STANDARD

Environment Variables:
JAVA_HOME=/usr/lib/jvm/java-8-openjdk-amd64
PATH=/usr/local/bin:/usr/bin:/bin:/usr/local/games:/usr/games:/snap/bin:/usr/courses/bin/x86_64
SHELL=/bin/bash

Signal Handlers:
SIGSEGV: [libjvm.so+0xb1e940], sa_mask[0]=11111111011111111101111111111110, sa_flags=SA_RESTART|SA_SIGINFO
SIGBUS: [libjvm.so+0xb1e940], sa_mask[0]=11111111011111111101111111111110, sa_flags=SA_RESTART|SA_SIGINFO
SIGFPE: [libjvm.so+0x956450], sa_mask[0]=11111111011111111101111111111110, sa_flags=SA_RESTART|SA_SIGINFO
SIGPIPE: [libjvm.so+0x956450], sa_mask[0]=11111111011111111101111111111110, sa_flags=SA_RESTART|SA_SIGINFO
SIGXFSZ: [libjvm.so+0x956450], sa_mask[0]=11111111011111111101111111111110, sa_flags=SA_RESTART|SA_SIGINFO
SIGILL: [libjvm.so+0x956450], sa_mask[0]=11111111011111111101111111111110, sa_flags=SA_RESTART|SA_SIGINFO
SIGUSR1: SIG_DFL, sa_mask[0]=00000000000000000000000000000000, sa_flags=none
SIGUSR2: [libjvm.so+0x956300], sa_mask[0]=00000000000000000000000000000000, sa_flags=SA_RESTART|SA_SIGINFO
SIGHUP: SIG_DFL, sa_mask[0]=00000000000000000000000000000000, sa_flags=none
SIGINT: SIG_DFL, sa_mask[0]=00000000000000000000000000000000, sa_flags=none
SIGTERM: SIG_DFL, sa_mask[0]=00000000000000000000000000000000, sa_flags=none
SIGQUIT: SIG_DFL, sa_mask[0]=00000000000000000000000000000000, sa_flags=none


---------------  S Y S T E M  ---------------

OS:DISTRIB_ID=Ubuntu
DISTRIB_RELEASE=16.04
DISTRIB_CODENAME=xenial
DISTRIB_DESCRIPTION="Ubuntu 16.04.7 LTS"

uname:Linux 4.4.0-190-generic #220-Ubuntu SMP Fri Aug 28 23:02:15 UTC 2020 x86_64
libc:glibc 2.23 NPTL 2.23 
rlimit: STACK 8192k, CORE 0k, NPROC 75, NOFILE 1048576, AS infinity
load average:0.01 0.04 0.01

/proc/meminfo:
MemTotal:       16431672 kB
MemFree:         4082164 kB
MemAvailable:   15088612 kB
Buffers:          747328 kB
Cached:          6743204 kB
SwapCached:          412 kB
Active:          4118628 kB
Inactive:        3910020 kB
Active(anon):     299908 kB
Inactive(anon):   416472 kB
Active(file):    3818720 kB
Inactive(file):  3493548 kB
Unevictable:        3652 kB
Mlocked:            3652 kB
SwapTotal:       4192252 kB
SwapFree:        4187120 kB
Dirty:                 8 kB
Writeback:             0 kB
AnonPages:        541380 kB
Mapped:           123496 kB
Shmem:            175840 kB
Slab:            4207228 kB
SReclaimable:    4032504 kB
SUnreclaim:       174724 kB
KernelStack:        6560 kB
PageTables:        21316 kB
NFS_Unstable:          0 kB
Bounce:                0 kB
WritebackTmp:          0 kB
CommitLimit:    12408088 kB
Committed_AS:    3260632 kB
VmallocTotal:   34359738367 kB
VmallocUsed:           0 kB
VmallocChunk:          0 kB
HardwareCorrupted:     0 kB
AnonHugePages:         0 kB
CmaTotal:              0 kB
CmaFree:               0 kB
HugePages_Total:       0
HugePages_Free:        0
HugePages_Rsvd:        0
HugePages_Surp:        0
Hugepagesize:       2048 kB
DirectMap4k:     1646464 kB
DirectMap2M:    15130624 kB

container (cgroup) information:
container_type: cgroupv1
cpu_cpuset_cpus: 0-7
cpu_memory_nodes: 0
active_processor_count: 8
cpu_quota: -1
cpu_period: 100000
cpu_shares: -1
memory_limit_in_bytes: -1
memory_and_swap_limit_in_bytes: -2
memory_soft_limit_in_bytes: -1
memory_usage_in_bytes: 43831296
memory_max_usage_in_bytes: 130666496


CPU:total 8 (initial active 8) (4 cores per cpu, 1 threads per core) family 6 model 26 stepping 4, cmov, cx8, fxsr, mmx, sse, sse2, sse3, ssse3, sse4.1, sse4.2, popcnt, tsc, tscinvbit, tscinv

/proc/cpuinfo:
processor	: 0
vendor_id	: GenuineIntel
cpu family	: 6
model		: 26
model name	: Intel(R) Xeon(R) CPU           X5570  @ 2.93GHz
stepping	: 4
microcode	: 0x11
cpu MHz		: 2926.000
cache size	: 8192 KB
physical id	: 0
siblings	: 4
core id		: 0
cpu cores	: 4
apicid		: 0
initial apicid	: 0
fpu		: yes
fpu_exception	: yes
cpuid level	: 11
wp		: yes
flags		: fpu vme de pse tsc msr pae mce cx8 apic sep mtrr pge mca cmov pat pse36 clflush dts mmx fxsr sse sse2 ss ht syscall nx rdtscp lm constant_tsc arch_perfmon pebs bts nopl tsc_reliable nonstop_tsc aperfmperf pni ssse3 cx16 sse4_1 sse4_2 popcnt hypervisor lahf_lm kaiser dtherm ida
bugs		: cpu_meltdown spectre_v1 spectre_v2 spec_store_bypass l1tf mds swapgs itlb_multihit
bogomips	: 5852.00
clflush size	: 64
cache_alignment	: 64
address sizes	: 40 bits physical, 48 bits virtual
power management:

processor	: 1
vendor_id	: GenuineIntel
cpu family	: 6
model		: 26
model name	: Intel(R) Xeon(R) CPU           X5570  @ 2.93GHz
stepping	: 4
microcode	: 0x11
cpu MHz		: 2926.000
cache size	: 8192 KB
physical id	: 0
siblings	: 4
core id		: 1
cpu cores	: 4
apicid		: 1
initial apicid	: 1
fpu		: yes
fpu_exception	: yes
cpuid level	: 11
wp		: yes
flags		: fpu vme de pse tsc msr pae mce cx8 apic sep mtrr pge mca cmov pat pse36 clflush dts mmx fxsr sse sse2 ss ht syscall nx rdtscp lm constant_tsc arch_perfmon pebs bts nopl tsc_reliable nonstop_tsc aperfmperf pni ssse3 cx16 sse4_1 sse4_2 popcnt hypervisor lahf_lm kaiser dtherm ida
bugs		: cpu_meltdown spectre_v1 spectre_v2 spec_store_bypass l1tf mds swapgs itlb_multihit
bogomips	: 5852.00
clflush size	: 64
cache_alignment	: 64
address sizes	: 40 bits physical, 48 bits virtual
power management:

processor	: 2
vendor_id	: GenuineIntel
cpu family	: 6
model		: 26
model name	: Intel(R) Xeon(R) CPU           X5570  @ 2.93GHz
stepping	: 4
microcode	: 0x11
cpu MHz		: 2926.000
cache size	: 8192 KB
physical id	: 0
siblings	: 4
core id		: 2
cpu cores	: 4
apicid		: 2
initial apicid	: 2
fpu		: yes
fpu_exception	: yes
cpuid level	: 11
wp		: yes
flags		: fpu vme de pse tsc msr pae mce cx8 apic sep mtrr pge mca cmov pat pse36 clflush dts mmx fxsr sse sse2 ss ht syscall nx rdtscp lm constant_tsc arch_perfmon pebs bts nopl tsc_reliable nonstop_tsc aperfmperf pni ssse3 cx16 sse4_1 sse4_2 popcnt hypervisor lahf_lm kaiser dtherm ida
bugs		: cpu_meltdown spectre_v1 spectre_v2 spec_store_bypass l1tf mds swapgs itlb_multihit
bogomips	: 5852.00
clflush size	: 64
cache_alignment	: 64
address sizes	: 40 bits physical, 48 bits virtual
power management:

processor	: 3
vendor_id	: GenuineIntel
cpu family	: 6
model		: 26
model name	: Intel(R) Xeon(R) CPU           X5570  @ 2.93GHz
stepping	: 4
microcode	: 0x11
cpu MHz		: 2926.000
cache size	: 8192 KB
physical id	: 0
siblings	: 4
core id		: 3
cpu cores	: 4
apicid		: 3
initial apicid	: 3
fpu		: yes
fpu_exception	: yes
cpuid level	: 11
wp		: yes
flags		: fpu vme de pse tsc msr pae mce cx8 apic sep mtrr pge mca cmov pat pse36 clflush dts mmx fxsr sse sse2 ss ht syscall nx rdtscp lm constant_tsc arch_perfmon pebs bts nopl tsc_reliable nonstop_tsc aperfmperf pni ssse3 cx16 sse4_1 sse4_2 popcnt hypervisor lahf_lm kaiser dtherm ida
bugs		: cpu_meltdown spectre_v1 spectre_v2 spec_store_bypass l1tf mds swapgs itlb_multihit
bogomips	: 5852.00
clflush size	: 64
cache_alignment	: 64
address sizes	: 40 bits physical, 48 bits virtual
power management:

processor	: 4
vendor_id	: GenuineIntel
cpu family	: 6
model		: 26
model name	: Intel(R) Xeon(R) CPU           X5570  @ 2.93GHz
stepping	: 4
microcode	: 0x11
cpu MHz		: 2926.000
cache size	: 8192 KB
physical id	: 1
siblings	: 4
core id		: 0
cpu cores	: 4
apicid		: 4
initial apicid	: 4
fpu		: yes
fpu_exception	: yes
cpuid level	: 11
wp		: yes
flags		: fpu vme de pse tsc msr pae mce cx8 apic sep mtrr pge mca cmov pat pse36 clflush dts mmx fxsr sse sse2 ss ht syscall nx rdtscp lm constant_tsc arch_perfmon pebs bts nopl tsc_reliable nonstop_tsc aperfmperf pni ssse3 cx16 sse4_1 sse4_2 popcnt hypervisor lahf_lm kaiser dtherm ida
bugs		: cpu_meltdown spectre_v1 spectre_v2 spec_store_bypass l1tf mds swapgs itlb_multihit
bogomips	: 5852.00
clflush size	: 64
cache_alignment	: 64
address sizes	: 40 bits physical, 48 bits virtual
power management:

processor	: 5
vendor_id	: GenuineIntel
cpu family	: 6
model		: 26
model name	: Intel(R) Xeon(R) CPU           X5570  @ 2.93GHz
stepping	: 4
microcode	: 0x11
cpu MHz		: 2926.000
cache size	: 8192 KB
physical id	: 1
siblings	: 4
core id		: 1
cpu cores	: 4
apicid		: 5
initial apicid	: 5
fpu		: yes
fpu_exception	: yes
cpuid level	: 11
wp		: yes
flags		: fpu vme de pse tsc msr pae mce cx8 apic sep mtrr pge mca cmov pat pse36 clflush dts mmx fxsr sse sse2 ss ht syscall nx rdtscp lm constant_tsc arch_perfmon pebs bts nopl tsc_reliable nonstop_tsc aperfmperf pni ssse3 cx16 sse4_1 sse4_2 popcnt hypervisor lahf_lm kaiser dtherm ida
bugs		: cpu_meltdown spectre_v1 spectre_v2 spec_store_bypass l1tf mds swapgs itlb_multihit
bogomips	: 5852.00
clflush size	: 64
cache_alignment	: 64
address sizes	: 40 bits physical, 48 bits virtual
power management:

processor	: 6
vendor_id	: GenuineIntel
cpu family	: 6
model		: 26
model name	: Intel(R) Xeon(R) CPU           X5570  @ 2.93GHz
stepping	: 4
microcode	: 0x11
cpu MHz		: 2926.000
cache size	: 8192 KB
physical id	: 1
siblings	: 4
core id		: 2
cpu cores	: 4
apicid		: 6
initial apicid	: 6
fpu		: yes
fpu_exception	: yes
cpuid level	: 11
wp		: yes
flags		: fpu vme de pse tsc msr pae mce cx8 apic sep mtrr pge mca cmov pat pse36 clflush dts mmx fxsr sse sse2 ss ht syscall nx rdtscp lm constant_tsc arch_perfmon pebs bts nopl tsc_reliable nonstop_tsc aperfmperf pni ssse3 cx16 sse4_1 sse4_2 popcnt hypervisor lahf_lm kaiser dtherm ida
bugs		: cpu_meltdown spectre_v1 spectre_v2 spec_store_bypass l1tf mds swapgs itlb_multihit
bogomips	: 5852.00
clflush size	: 64
cache_alignment	: 64
address sizes	: 40 bits physical, 48 bits virtual
power management:

processor	: 7
vendor_id	: GenuineIntel
cpu family	: 6
model		: 26
model name	: Intel(R) Xeon(R) CPU           X5570  @ 2.93GHz
stepping	: 4
microcode	: 0x11
cpu MHz		: 2926.000
cache size	: 8192 KB
physical id	: 1
siblings	: 4
core id		: 3
cpu cores	: 4
apicid		: 7
initial apicid	: 7
fpu		: yes
fpu_exception	: yes
cpuid level	: 11
wp		: yes
flags		: fpu vme de pse tsc msr pae mce cx8 apic sep mtrr pge mca cmov pat pse36 clflush dts mmx fxsr sse sse2 ss ht syscall nx rdtscp lm constant_tsc arch_perfmon pebs bts nopl tsc_reliable nonstop_tsc aperfmperf pni ssse3 cx16 sse4_1 sse4_2 popcnt hypervisor lahf_lm kaiser dtherm ida
bugs		: cpu_meltdown spectre_v1 spectre_v2 spec_store_bypass l1tf mds swapgs itlb_multihit
bogomips	: 5852.00
clflush size	: 64
cache_alignment	: 64
address sizes	: 40 bits physical, 48 bits virtual
power management:



Memory: 4k page, physical 16431672k(4082164k free), swap 4192252k(4187120k free)

vm_info: OpenJDK 64-Bit Server VM (25.275-b01) for linux-amd64 JRE (1.8.0_275-8u275-b01-0ubuntu1~16.04-b01), built on Nov  9 2020 03:41:32 by "buildd" with gcc 5.4.0 20160609

time: Thu Dec  3 20:26:06 2020
timezone: EST
elapsed time: 0.014101 seconds (0d 0h 0m 0s)

