#
# There is insufficient memory for the Java Runtime Environment to continue.
# Cannot create GC thread. Out of system resources.
# Possible reasons:
#   The system is out of physical RAM or swap space
#   The process is running with CompressedOops enabled, and the Java Heap may be blocking the growth of the native heap
# Possible solutions:
#   Reduce memory load on the system
#   Increase physical memory or swap space
#   Check if swap backing store is full
#   Decrease Java heap size (-Xmx/-Xms)
#   Decrease number of Java threads
#   Decrease Java thread stack sizes (-Xss)
#   Set larger code cache with -XX:ReservedCodeCacheSize=
# This output file may be truncated or incomplete.
#
#  Out of Memory Error (gcTaskThread.cpp:48), pid=16659, tid=0x00007fb618134700
#
# JRE version:  (8.0_275-b01) (build )
# Java VM: OpenJDK 64-Bit Server VM (25.275-b01 mixed mode linux-amd64 compressed oops)
# Failed to write core dump. Core dumps have been disabled. To enable core dumping, try "ulimit -c unlimited" before starting Java again
#

---------------  T H R E A D  ---------------

Current thread (0x00007fb61000a800):  JavaThread "Unknown thread" [_thread_in_vm, id=16660, stack(0x00007fb618034000,0x00007fb618135000)]

Stack: [0x00007fb618034000,0x00007fb618135000],  sp=0x00007fb618133810,  free space=1022k
Native frames: (J=compiled Java code, j=interpreted, Vv=VM code, C=native code)
V  [libjvm.so+0xb1de0b]
V  [libjvm.so+0x4e019c]
V  [libjvm.so+0x5c953f]
V  [libjvm.so+0x5c86a7]
V  [libjvm.so+0x984099]
V  [libjvm.so+0xae1809]
V  [libjvm.so+0xae1a52]
V  [libjvm.so+0x63e32f]
V  [libjvm.so+0xac525b]
V  [libjvm.so+0x714b30]  JNI_CreateJavaVM+0x60
C  [libjli.so+0x2f8a]
C  [libjli.so+0x75cd]
C  [libpthread.so.0+0x76ba]  start_thread+0xca


---------------  P R O C E S S  ---------------

Java Threads: ( => current thread )

Other Threads:

=>0x00007fb61000a800 (exited) JavaThread "Unknown thread" [_thread_in_vm, id=16660, stack(0x00007fb618034000,0x00007fb618135000)]

VM state:not at safepoint (not fully initialized)

VM Mutex/Monitor currently owned by a thread: None

heap address: 0x00000006c5400000, size: 4012 MB, Compressed Oops mode: Non-zero based:0x00000006c53ff000, Oop shift amount: 3
Narrow klass base: 0x0000000000000000, Narrow klass shift: 0

GC Heap History (0 events):
No events

Deoptimization events (0 events):
No events

Classes redefined (0 events):
No events

Internal exceptions (0 events):
No events

Events (0 events):
No events


Dynamic libraries:
6c5400000-6cfc00000 rw-p 00000000 00:00 0 
6cfc00000-76c700000 ---p 00000000 00:00 0 
76c700000-771b00000 rw-p 00000000 00:00 0 
771b00000-7c0000000 ---p 00000000 00:00 0 
55acd2434000-55acd2435000 r-xp 00000000 08:01 920822                     /usr/lib/jvm/java-8-openjdk-amd64/jre/bin/java
55acd2634000-55acd2635000 r--p 00000000 08:01 920822                     /usr/lib/jvm/java-8-openjdk-amd64/jre/bin/java
55acd2635000-55acd2636000 rw-p 00001000 08:01 920822                     /usr/lib/jvm/java-8-openjdk-amd64/jre/bin/java
55acd4588000-55acd45a9000 rw-p 00000000 00:00 0                          [heap]
7fb600223000-7fb600224000 ---p 00000000 00:00 0 
7fb600224000-7fb600324000 rw-p 00000000 00:00 0 
7fb600324000-7fb600325000 ---p 00000000 00:00 0 
7fb600325000-7fb600425000 rw-p 00000000 00:00 0 
7fb600425000-7fb600426000 ---p 00000000 00:00 0 
7fb600426000-7fb600526000 rw-p 00000000 00:00 0 
7fb600526000-7fb600527000 ---p 00000000 00:00 0 
7fb600527000-7fb600627000 rw-p 00000000 00:00 0 
7fb600627000-7fb600628000 ---p 00000000 00:00 0 
7fb600628000-7fb600728000 rw-p 00000000 00:00 0 
7fb600728000-7fb600729000 ---p 00000000 00:00 0 
7fb600729000-7fb60087d000 rw-p 00000000 00:00 0 
7fb60087d000-7fb600d62000 ---p 00000000 00:00 0 
7fb600d62000-7fb600d8d000 rw-p 00000000 00:00 0 
7fb600d8d000-7fb600fff000 ---p 00000000 00:00 0 
7fb600fff000-7fb601000000 rw-p 00000000 00:00 0 
7fb601000000-7fb601270000 rwxp 00000000 00:00 0 
7fb601270000-7fb610000000 ---p 00000000 00:00 0 
7fb610000000-7fb610040000 rw-p 00000000 00:00 0 
7fb610040000-7fb614000000 ---p 00000000 00:00 0 
7fb6140e7000-7fb61413b000 rw-p 00000000 00:00 0 
7fb61413b000-7fb614621000 ---p 00000000 00:00 0 
7fb614621000-7fb61462b000 rw-p 00000000 00:00 0 
7fb61462b000-7fb6149e1000 ---p 00000000 00:00 0 
7fb6149e1000-7fb6149e9000 r-xp 00000000 08:01 918402                     /usr/lib/jvm/java-8-openjdk-amd64/jre/lib/amd64/libzip.so
7fb6149e9000-7fb614be8000 ---p 00008000 08:01 918402                     /usr/lib/jvm/java-8-openjdk-amd64/jre/lib/amd64/libzip.so
7fb614be8000-7fb614be9000 r--p 00007000 08:01 918402                     /usr/lib/jvm/java-8-openjdk-amd64/jre/lib/amd64/libzip.so
7fb614be9000-7fb614bea000 rw-p 00008000 08:01 918402                     /usr/lib/jvm/java-8-openjdk-amd64/jre/lib/amd64/libzip.so
7fb614bea000-7fb614bf5000 r-xp 00000000 08:01 524969                     /lib/x86_64-linux-gnu/libnss_files-2.23.so
7fb614bf5000-7fb614df4000 ---p 0000b000 08:01 524969                     /lib/x86_64-linux-gnu/libnss_files-2.23.so
7fb614df4000-7fb614df5000 r--p 0000a000 08:01 524969                     /lib/x86_64-linux-gnu/libnss_files-2.23.so
7fb614df5000-7fb614df6000 rw-p 0000b000 08:01 524969                     /lib/x86_64-linux-gnu/libnss_files-2.23.so
7fb614df6000-7fb614dfc000 rw-p 00000000 00:00 0 
7fb614dfc000-7fb614e07000 r-xp 00000000 08:01 525480                     /lib/x86_64-linux-gnu/libnss_nis-2.23.so
7fb614e07000-7fb615006000 ---p 0000b000 08:01 525480                     /lib/x86_64-linux-gnu/libnss_nis-2.23.so
7fb615006000-7fb615007000 r--p 0000a000 08:01 525480                     /lib/x86_64-linux-gnu/libnss_nis-2.23.so
7fb615007000-7fb615008000 rw-p 0000b000 08:01 525480                     /lib/x86_64-linux-gnu/libnss_nis-2.23.so
7fb615008000-7fb61501e000 r-xp 00000000 08:01 524901                     /lib/x86_64-linux-gnu/libnsl-2.23.so
7fb61501e000-7fb61521d000 ---p 00016000 08:01 524901                     /lib/x86_64-linux-gnu/libnsl-2.23.so
7fb61521d000-7fb61521e000 r--p 00015000 08:01 524901                     /lib/x86_64-linux-gnu/libnsl-2.23.so
7fb61521e000-7fb61521f000 rw-p 00016000 08:01 524901                     /lib/x86_64-linux-gnu/libnsl-2.23.so
7fb61521f000-7fb615221000 rw-p 00000000 00:00 0 
7fb615221000-7fb615229000 r-xp 00000000 08:01 525422                     /lib/x86_64-linux-gnu/libnss_compat-2.23.so
7fb615229000-7fb615428000 ---p 00008000 08:01 525422                     /lib/x86_64-linux-gnu/libnss_compat-2.23.so
7fb615428000-7fb615429000 r--p 00007000 08:01 525422                     /lib/x86_64-linux-gnu/libnss_compat-2.23.so
7fb615429000-7fb61542a000 rw-p 00008000 08:01 525422                     /lib/x86_64-linux-gnu/libnss_compat-2.23.so
7fb61542a000-7fb615454000 r-xp 00000000 08:01 918371                     /usr/lib/jvm/java-8-openjdk-amd64/jre/lib/amd64/libjava.so
7fb615454000-7fb615653000 ---p 0002a000 08:01 918371                     /usr/lib/jvm/java-8-openjdk-amd64/jre/lib/amd64/libjava.so
7fb615653000-7fb615654000 r--p 00029000 08:01 918371                     /usr/lib/jvm/java-8-openjdk-amd64/jre/lib/amd64/libjava.so
7fb615654000-7fb615656000 rw-p 0002a000 08:01 918371                     /usr/lib/jvm/java-8-openjdk-amd64/jre/lib/amd64/libjava.so
7fb615656000-7fb615665000 r-xp 00000000 08:01 918382                     /usr/lib/jvm/java-8-openjdk-amd64/jre/lib/amd64/libverify.so
7fb615665000-7fb615864000 ---p 0000f000 08:01 918382                     /usr/lib/jvm/java-8-openjdk-amd64/jre/lib/amd64/libverify.so
7fb615864000-7fb615866000 r--p 0000e000 08:01 918382                     /usr/lib/jvm/java-8-openjdk-amd64/jre/lib/amd64/libverify.so
7fb615866000-7fb615867000 rw-p 00010000 08:01 918382                     /usr/lib/jvm/java-8-openjdk-amd64/jre/lib/amd64/libverify.so
7fb615867000-7fb61586e000 r-xp 00000000 08:01 525490                     /lib/x86_64-linux-gnu/librt-2.23.so
7fb61586e000-7fb615a6d000 ---p 00007000 08:01 525490                     /lib/x86_64-linux-gnu/librt-2.23.so
7fb615a6d000-7fb615a6e000 r--p 00006000 08:01 525490                     /lib/x86_64-linux-gnu/librt-2.23.so
7fb615a6e000-7fb615a6f000 rw-p 00007000 08:01 525490                     /lib/x86_64-linux-gnu/librt-2.23.so
7fb615a6f000-7fb615a85000 r-xp 00000000 08:01 524818                     /lib/x86_64-linux-gnu/libgcc_s.so.1
7fb615a85000-7fb615c84000 ---p 00016000 08:01 524818                     /lib/x86_64-linux-gnu/libgcc_s.so.1
7fb615c84000-7fb615c85000 rw-p 00015000 08:01 524818                     /lib/x86_64-linux-gnu/libgcc_s.so.1
7fb615c85000-7fb615d8d000 r-xp 00000000 08:01 524905                     /lib/x86_64-linux-gnu/libm-2.23.so
7fb615d8d000-7fb615f8c000 ---p 00108000 08:01 524905                     /lib/x86_64-linux-gnu/libm-2.23.so
7fb615f8c000-7fb615f8d000 r--p 00107000 08:01 524905                     /lib/x86_64-linux-gnu/libm-2.23.so
7fb615f8d000-7fb615f8e000 rw-p 00108000 08:01 524905                     /lib/x86_64-linux-gnu/libm-2.23.so
7fb615f8e000-7fb616100000 r-xp 00000000 08:01 3151133                    /usr/lib/x86_64-linux-gnu/libstdc++.so.6.0.21
7fb616100000-7fb616300000 ---p 00172000 08:01 3151133                    /usr/lib/x86_64-linux-gnu/libstdc++.so.6.0.21
7fb616300000-7fb61630a000 r--p 00172000 08:01 3151133                    /usr/lib/x86_64-linux-gnu/libstdc++.so.6.0.21
7fb61630a000-7fb61630c000 rw-p 0017c000 08:01 3151133                    /usr/lib/x86_64-linux-gnu/libstdc++.so.6.0.21
7fb61630c000-7fb616310000 rw-p 00000000 00:00 0 
7fb616310000-7fb617035000 r-xp 00000000 08:01 918393                     /usr/lib/jvm/java-8-openjdk-amd64/jre/lib/amd64/server/libjvm.so
7fb617035000-7fb617234000 ---p 00d25000 08:01 918393                     /usr/lib/jvm/java-8-openjdk-amd64/jre/lib/amd64/server/libjvm.so
7fb617234000-7fb6172ca000 r--p 00d24000 08:01 918393                     /usr/lib/jvm/java-8-openjdk-amd64/jre/lib/amd64/server/libjvm.so
7fb6172ca000-7fb6172f3000 rw-p 00dba000 08:01 918393                     /usr/lib/jvm/java-8-openjdk-amd64/jre/lib/amd64/server/libjvm.so
7fb6172f3000-7fb617326000 rw-p 00000000 00:00 0 
7fb617326000-7fb61733e000 r-xp 00000000 08:01 524898                     /lib/x86_64-linux-gnu/libpthread-2.23.so
7fb61733e000-7fb61753d000 ---p 00018000 08:01 524898                     /lib/x86_64-linux-gnu/libpthread-2.23.so
7fb61753d000-7fb61753e000 r--p 00017000 08:01 524898                     /lib/x86_64-linux-gnu/libpthread-2.23.so
7fb61753e000-7fb61753f000 rw-p 00018000 08:01 524898                     /lib/x86_64-linux-gnu/libpthread-2.23.so
7fb61753f000-7fb617543000 rw-p 00000000 00:00 0 
7fb617543000-7fb617546000 r-xp 00000000 08:01 524884                     /lib/x86_64-linux-gnu/libdl-2.23.so
7fb617546000-7fb617745000 ---p 00003000 08:01 524884                     /lib/x86_64-linux-gnu/libdl-2.23.so
7fb617745000-7fb617746000 r--p 00002000 08:01 524884                     /lib/x86_64-linux-gnu/libdl-2.23.so
7fb617746000-7fb617747000 rw-p 00003000 08:01 524884                     /lib/x86_64-linux-gnu/libdl-2.23.so
7fb617747000-7fb617760000 r-xp 00000000 08:01 524346                     /lib/x86_64-linux-gnu/libz.so.1.2.8
7fb617760000-7fb61795f000 ---p 00019000 08:01 524346                     /lib/x86_64-linux-gnu/libz.so.1.2.8
7fb61795f000-7fb617960000 r--p 00018000 08:01 524346                     /lib/x86_64-linux-gnu/libz.so.1.2.8
7fb617960000-7fb617961000 rw-p 00019000 08:01 524346                     /lib/x86_64-linux-gnu/libz.so.1.2.8
7fb617961000-7fb617b21000 r-xp 00000000 08:01 524888                     /lib/x86_64-linux-gnu/libc-2.23.so
7fb617b21000-7fb617d21000 ---p 001c0000 08:01 524888                     /lib/x86_64-linux-gnu/libc-2.23.so
7fb617d21000-7fb617d25000 r--p 001c0000 08:01 524888                     /lib/x86_64-linux-gnu/libc-2.23.so
7fb617d25000-7fb617d27000 rw-p 001c4000 08:01 524888                     /lib/x86_64-linux-gnu/libc-2.23.so
7fb617d27000-7fb617d2b000 rw-p 00000000 00:00 0 
7fb617d2b000-7fb617d39000 r-xp 00000000 08:01 918376                     /usr/lib/jvm/java-8-openjdk-amd64/jre/lib/amd64/jli/libjli.so
7fb617d39000-7fb617f38000 ---p 0000e000 08:01 918376                     /usr/lib/jvm/java-8-openjdk-amd64/jre/lib/amd64/jli/libjli.so
7fb617f38000-7fb617f39000 r--p 0000d000 08:01 918376                     /usr/lib/jvm/java-8-openjdk-amd64/jre/lib/amd64/jli/libjli.so
7fb617f39000-7fb617f3a000 rw-p 0000e000 08:01 918376                     /usr/lib/jvm/java-8-openjdk-amd64/jre/lib/amd64/jli/libjli.so
7fb617f3a000-7fb617f60000 r-xp 00000000 08:01 524965                     /lib/x86_64-linux-gnu/ld-2.23.so
7fb618034000-7fb618037000 ---p 00000000 00:00 0 
7fb618037000-7fb618139000 rw-p 00000000 00:00 0 
7fb618154000-7fb61815c000 rw-s 00000000 08:01 1204172                    /tmp/hsperfdata_ekeramat/16659
7fb61815c000-7fb61815d000 rw-p 00000000 00:00 0 
7fb61815d000-7fb61815e000 r--p 00000000 00:00 0 
7fb61815e000-7fb61815f000 rw-p 00000000 00:00 0 
7fb61815f000-7fb618160000 r--p 00025000 08:01 524965                     /lib/x86_64-linux-gnu/ld-2.23.so
7fb618160000-7fb618161000 rw-p 00026000 08:01 524965                     /lib/x86_64-linux-gnu/ld-2.23.so
7fb618161000-7fb618162000 rw-p 00000000 00:00 0 
7ffdbf7dc000-7ffdbf7fd000 rw-p 00000000 00:00 0                          [stack]
7ffdbf85d000-7ffdbf85f000 r--p 00000000 00:00 0                          [vvar]
7ffdbf85f000-7ffdbf861000 r-xp 00000000 00:00 0                          [vdso]
ffffffffff600000-ffffffffff601000 r-xp 00000000 00:00 0                  [vsyscall]

VM Arguments:
java_command: jjtree HL.jjt
java_class_path (initial): /opt/javacc/target/javacc.jar
Launcher Type: SUN_STANDARD

Environment Variables:
JAVA_HOME=/usr/lib/jvm/java-8-openjdk-amd64
PATH=/usr/local/bin:/usr/bin:/bin:/usr/local/games:/usr/games:/snap/bin:/usr/courses/bin/x86_64
SHELL=/bin/bash

Signal Handlers:
SIGSEGV: [libjvm.so+0xb1e940], sa_mask[0]=11111111011111111101111111111110, sa_flags=SA_RESTART|SA_SIGINFO
SIGBUS: [libjvm.so+0xb1e940], sa_mask[0]=11111111011111111101111111111110, sa_flags=SA_RESTART|SA_SIGINFO
SIGFPE: [libjvm.so+0x956450], sa_mask[0]=11111111011111111101111111111110, sa_flags=SA_RESTART|SA_SIGINFO
SIGPIPE: [libjvm.so+0x956450], sa_mask[0]=11111111011111111101111111111110, sa_flags=SA_RESTART|SA_SIGINFO
SIGXFSZ: [libjvm.so+0x956450], sa_mask[0]=11111111011111111101111111111110, sa_flags=SA_RESTART|SA_SIGINFO
SIGILL: [libjvm.so+0x956450], sa_mask[0]=11111111011111111101111111111110, sa_flags=SA_RESTART|SA_SIGINFO
SIGUSR1: SIG_DFL, sa_mask[0]=00000000000000000000000000000000, sa_flags=none
SIGUSR2: [libjvm.so+0x956300], sa_mask[0]=00000000000000000000000000000000, sa_flags=SA_RESTART|SA_SIGINFO
SIGHUP: SIG_DFL, sa_mask[0]=00000000000000000000000000000000, sa_flags=none
SIGINT: SIG_DFL, sa_mask[0]=00000000000000000000000000000000, sa_flags=none
SIGTERM: SIG_DFL, sa_mask[0]=00000000000000000000000000000000, sa_flags=none
SIGQUIT: SIG_DFL, sa_mask[0]=00000000000000000000000000000000, sa_flags=none


---------------  S Y S T E M  ---------------

OS:DISTRIB_ID=Ubuntu
DISTRIB_RELEASE=16.04
DISTRIB_CODENAME=xenial
DISTRIB_DESCRIPTION="Ubuntu 16.04.7 LTS"

uname:Linux 4.4.0-193-generic #224-Ubuntu SMP Tue Oct 6 17:15:28 UTC 2020 x86_64
libc:glibc 2.23 NPTL 2.23 
rlimit: STACK 8192k, CORE 0k, NPROC 75, NOFILE 1048576, AS infinity
load average:0.00 0.02 0.00

/proc/meminfo:
MemTotal:       16431668 kB
MemFree:         3671792 kB
MemAvailable:   15187700 kB
Buffers:          676572 kB
Cached:          9417296 kB
SwapCached:        33968 kB
Active:          5154376 kB
Inactive:        5400344 kB
Active(anon):     208036 kB
Inactive(anon):   430724 kB
Active(file):    4946340 kB
Inactive(file):  4969620 kB
Unevictable:        3652 kB
Mlocked:            3652 kB
SwapTotal:       4192252 kB
SwapFree:        4094400 kB
Dirty:                 0 kB
Writeback:             0 kB
AnonPages:        446208 kB
Mapped:            53196 kB
Shmem:            175480 kB
Slab:            2095372 kB
SReclaimable:    1938272 kB
SUnreclaim:       157100 kB
KernelStack:        6560 kB
PageTables:        21084 kB
NFS_Unstable:          0 kB
Bounce:                0 kB
WritebackTmp:          0 kB
CommitLimit:    12408084 kB
Committed_AS:    3255572 kB
VmallocTotal:   34359738367 kB
VmallocUsed:           0 kB
VmallocChunk:          0 kB
HardwareCorrupted:     0 kB
AnonHugePages:         0 kB
CmaTotal:              0 kB
CmaFree:               0 kB
HugePages_Total:       0
HugePages_Free:        0
HugePages_Rsvd:        0
HugePages_Surp:        0
Hugepagesize:       2048 kB
DirectMap4k:      345984 kB
DirectMap2M:    16431104 kB

container (cgroup) information:
container_type: cgroupv1
cpu_cpuset_cpus: 0-7
cpu_memory_nodes: 0
active_processor_count: 8
cpu_quota: -1
cpu_period: 100000
cpu_shares: -1
memory_limit_in_bytes: -1
memory_and_swap_limit_in_bytes: -2
memory_soft_limit_in_bytes: -1
memory_usage_in_bytes: 8433520640
memory_max_usage_in_bytes: 16437440512


CPU:total 8 (initial active 8) (4 cores per cpu, 1 threads per core) family 6 model 26 stepping 4, cmov, cx8, fxsr, mmx, sse, sse2, sse3, ssse3, sse4.1, sse4.2, popcnt, tsc, tscinvbit, tscinv

/proc/cpuinfo:
processor	: 0
vendor_id	: GenuineIntel
cpu family	: 6
model		: 26
model name	: Intel(R) Xeon(R) CPU           X5570  @ 2.93GHz
stepping	: 4
microcode	: 0x1d
cpu MHz		: 2926.000
cache size	: 8192 KB
physical id	: 0
siblings	: 4
core id		: 0
cpu cores	: 4
apicid		: 0
initial apicid	: 0
fpu		: yes
fpu_exception	: yes
cpuid level	: 11
wp		: yes
flags		: fpu vme de pse tsc msr pae mce cx8 apic sep mtrr pge mca cmov pat pse36 clflush dts mmx fxsr sse sse2 ss ht syscall nx rdtscp lm constant_tsc arch_perfmon pebs bts nopl tsc_reliable nonstop_tsc pni ssse3 cx16 sse4_1 sse4_2 popcnt hypervisor lahf_lm kaiser arat
bugs		: cpu_meltdown spectre_v1 spectre_v2 spec_store_bypass l1tf mds swapgs itlb_multihit
bogomips	: 5852.00
clflush size	: 64
cache_alignment	: 64
address sizes	: 40 bits physical, 48 bits virtual
power management:

processor	: 1
vendor_id	: GenuineIntel
cpu family	: 6
model		: 26
model name	: Intel(R) Xeon(R) CPU           X5570  @ 2.93GHz
stepping	: 4
microcode	: 0x1d
cpu MHz		: 2926.000
cache size	: 8192 KB
physical id	: 0
siblings	: 4
core id		: 1
cpu cores	: 4
apicid		: 1
initial apicid	: 1
fpu		: yes
fpu_exception	: yes
cpuid level	: 11
wp		: yes
flags		: fpu vme de pse tsc msr pae mce cx8 apic sep mtrr pge mca cmov pat pse36 clflush dts mmx fxsr sse sse2 ss ht syscall nx rdtscp lm constant_tsc arch_perfmon pebs bts nopl tsc_reliable nonstop_tsc pni ssse3 cx16 sse4_1 sse4_2 popcnt hypervisor lahf_lm kaiser arat
bugs		: cpu_meltdown spectre_v1 spectre_v2 spec_store_bypass l1tf mds swapgs itlb_multihit
bogomips	: 5852.00
clflush size	: 64
cache_alignment	: 64
address sizes	: 40 bits physical, 48 bits virtual
power management:

processor	: 2
vendor_id	: GenuineIntel
cpu family	: 6
model		: 26
model name	: Intel(R) Xeon(R) CPU           X5570  @ 2.93GHz
stepping	: 4
microcode	: 0x1d
cpu MHz		: 2926.000
cache size	: 8192 KB
physical id	: 0
siblings	: 4
core id		: 2
cpu cores	: 4
apicid		: 2
initial apicid	: 2
fpu		: yes
fpu_exception	: yes
cpuid level	: 11
wp		: yes
flags		: fpu vme de pse tsc msr pae mce cx8 apic sep mtrr pge mca cmov pat pse36 clflush dts mmx fxsr sse sse2 ss ht syscall nx rdtscp lm constant_tsc arch_perfmon pebs bts nopl tsc_reliable nonstop_tsc pni ssse3 cx16 sse4_1 sse4_2 popcnt hypervisor lahf_lm kaiser arat
bugs		: cpu_meltdown spectre_v1 spectre_v2 spec_store_bypass l1tf mds swapgs itlb_multihit
bogomips	: 5852.00
clflush size	: 64
cache_alignment	: 64
address sizes	: 40 bits physical, 48 bits virtual
power management:

processor	: 3
vendor_id	: GenuineIntel
cpu family	: 6
model		: 26
model name	: Intel(R) Xeon(R) CPU           X5570  @ 2.93GHz
stepping	: 4
microcode	: 0x1d
cpu MHz		: 2926.000
cache size	: 8192 KB
physical id	: 0
siblings	: 4
core id		: 3
cpu cores	: 4
apicid		: 3
initial apicid	: 3
fpu		: yes
fpu_exception	: yes
cpuid level	: 11
wp		: yes
flags		: fpu vme de pse tsc msr pae mce cx8 apic sep mtrr pge mca cmov pat pse36 clflush dts mmx fxsr sse sse2 ss ht syscall nx rdtscp lm constant_tsc arch_perfmon pebs bts nopl tsc_reliable nonstop_tsc pni ssse3 cx16 sse4_1 sse4_2 popcnt hypervisor lahf_lm kaiser arat
bugs		: cpu_meltdown spectre_v1 spectre_v2 spec_store_bypass l1tf mds swapgs itlb_multihit
bogomips	: 5852.00
clflush size	: 64
cache_alignment	: 64
address sizes	: 40 bits physical, 48 bits virtual
power management:

processor	: 4
vendor_id	: GenuineIntel
cpu family	: 6
model		: 26
model name	: Intel(R) Xeon(R) CPU           X5570  @ 2.93GHz
stepping	: 4
microcode	: 0x1d
cpu MHz		: 2926.000
cache size	: 8192 KB
physical id	: 1
siblings	: 4
core id		: 0
cpu cores	: 4
apicid		: 4
initial apicid	: 4
fpu		: yes
fpu_exception	: yes
cpuid level	: 11
wp		: yes
flags		: fpu vme de pse tsc msr pae mce cx8 apic sep mtrr pge mca cmov pat pse36 clflush dts mmx fxsr sse sse2 ss ht syscall nx rdtscp lm constant_tsc arch_perfmon pebs bts nopl tsc_reliable nonstop_tsc pni ssse3 cx16 sse4_1 sse4_2 popcnt hypervisor lahf_lm kaiser arat
bugs		: cpu_meltdown spectre_v1 spectre_v2 spec_store_bypass l1tf mds swapgs itlb_multihit
bogomips	: 5852.00
clflush size	: 64
cache_alignment	: 64
address sizes	: 40 bits physical, 48 bits virtual
power management:

processor	: 5
vendor_id	: GenuineIntel
cpu family	: 6
model		: 26
model name	: Intel(R) Xeon(R) CPU           X5570  @ 2.93GHz
stepping	: 4
microcode	: 0x1d
cpu MHz		: 2926.000
cache size	: 8192 KB
physical id	: 1
siblings	: 4
core id		: 1
cpu cores	: 4
apicid		: 5
initial apicid	: 5
fpu		: yes
fpu_exception	: yes
cpuid level	: 11
wp		: yes
flags		: fpu vme de pse tsc msr pae mce cx8 apic sep mtrr pge mca cmov pat pse36 clflush dts mmx fxsr sse sse2 ss ht syscall nx rdtscp lm constant_tsc arch_perfmon pebs bts nopl tsc_reliable nonstop_tsc pni ssse3 cx16 sse4_1 sse4_2 popcnt hypervisor lahf_lm kaiser arat
bugs		: cpu_meltdown spectre_v1 spectre_v2 spec_store_bypass l1tf mds swapgs itlb_multihit
bogomips	: 5852.00
clflush size	: 64
cache_alignment	: 64
address sizes	: 40 bits physical, 48 bits virtual
power management:

processor	: 6
vendor_id	: GenuineIntel
cpu family	: 6
model		: 26
model name	: Intel(R) Xeon(R) CPU           X5570  @ 2.93GHz
stepping	: 4
microcode	: 0x1d
cpu MHz		: 2926.000
cache size	: 8192 KB
physical id	: 1
siblings	: 4
core id		: 2
cpu cores	: 4
apicid		: 6
initial apicid	: 6
fpu		: yes
fpu_exception	: yes
cpuid level	: 11
wp		: yes
flags		: fpu vme de pse tsc msr pae mce cx8 apic sep mtrr pge mca cmov pat pse36 clflush dts mmx fxsr sse sse2 ss ht syscall nx rdtscp lm constant_tsc arch_perfmon pebs bts nopl tsc_reliable nonstop_tsc pni ssse3 cx16 sse4_1 sse4_2 popcnt hypervisor lahf_lm kaiser arat
bugs		: cpu_meltdown spectre_v1 spectre_v2 spec_store_bypass l1tf mds swapgs itlb_multihit
bogomips	: 5852.00
clflush size	: 64
cache_alignment	: 64
address sizes	: 40 bits physical, 48 bits virtual
power management:

processor	: 7
vendor_id	: GenuineIntel
cpu family	: 6
model		: 26
model name	: Intel(R) Xeon(R) CPU           X5570  @ 2.93GHz
stepping	: 4
microcode	: 0x1d
cpu MHz		: 2926.000
cache size	: 8192 KB
physical id	: 1
siblings	: 4
core id		: 3
cpu cores	: 4
apicid		: 7
initial apicid	: 7
fpu		: yes
fpu_exception	: yes
cpuid level	: 11
wp		: yes
flags		: fpu vme de pse tsc msr pae mce cx8 apic sep mtrr pge mca cmov pat pse36 clflush dts mmx fxsr sse sse2 ss ht syscall nx rdtscp lm constant_tsc arch_perfmon pebs bts nopl tsc_reliable nonstop_tsc pni ssse3 cx16 sse4_1 sse4_2 popcnt hypervisor lahf_lm kaiser arat
bugs		: cpu_meltdown spectre_v1 spectre_v2 spec_store_bypass l1tf mds swapgs itlb_multihit
bogomips	: 5852.00
clflush size	: 64
cache_alignment	: 64
address sizes	: 40 bits physical, 48 bits virtual
power management:



Memory: 4k page, physical 16431668k(3671792k free), swap 4192252k(4094400k free)

vm_info: OpenJDK 64-Bit Server VM (25.275-b01) for linux-amd64 JRE (1.8.0_275-8u275-b01-0ubuntu1~16.04-b01), built on Nov  9 2020 03:41:32 by "buildd" with gcc 5.4.0 20160609

time: Tue Dec  1 23:15:29 2020
timezone: EST
elapsed time: 0.011125 seconds (0d 0h 0m 0s)

