#
# There is insufficient memory for the Java Runtime Environment to continue.
# Cannot create GC thread. Out of system resources.
# Possible reasons:
#   The system is out of physical RAM or swap space
#   The process is running with CompressedOops enabled, and the Java Heap may be blocking the growth of the native heap
# Possible solutions:
#   Reduce memory load on the system
#   Increase physical memory or swap space
#   Check if swap backing store is full
#   Decrease Java heap size (-Xmx/-Xms)
#   Decrease number of Java threads
#   Decrease Java thread stack sizes (-Xss)
#   Set larger code cache with -XX:ReservedCodeCacheSize=
# This output file may be truncated or incomplete.
#
#  Out of Memory Error (gcTaskThread.cpp:48), pid=19231, tid=0x00007fb6de0fe700
#
# JRE version:  (8.0_275-b01) (build )
# Java VM: OpenJDK 64-Bit Server VM (25.275-b01 mixed mode linux-amd64 compressed oops)
# Failed to write core dump. Core dumps have been disabled. To enable core dumping, try "ulimit -c unlimited" before starting Java again
#

---------------  T H R E A D  ---------------

Current thread (0x00007fb6d400a800):  JavaThread "Unknown thread" [_thread_in_vm, id=19232, stack(0x00007fb6ddffe000,0x00007fb6de0ff000)]

Stack: [0x00007fb6ddffe000,0x00007fb6de0ff000],  sp=0x00007fb6de0fd810,  free space=1022k
Native frames: (J=compiled Java code, j=interpreted, Vv=VM code, C=native code)
V  [libjvm.so+0xb1de0b]
V  [libjvm.so+0x4e019c]
V  [libjvm.so+0x5c953f]
V  [libjvm.so+0x5c86a7]
V  [libjvm.so+0x984099]
V  [libjvm.so+0xae1809]
V  [libjvm.so+0xae1a52]
V  [libjvm.so+0x63e32f]
V  [libjvm.so+0xac525b]
V  [libjvm.so+0x714b30]  JNI_CreateJavaVM+0x60
C  [libjli.so+0x2f8a]
C  [libjli.so+0x75cd]
C  [libpthread.so.0+0x76ba]  start_thread+0xca


---------------  P R O C E S S  ---------------

Java Threads: ( => current thread )

Other Threads:

=>0x00007fb6d400a800 (exited) JavaThread "Unknown thread" [_thread_in_vm, id=19232, stack(0x00007fb6ddffe000,0x00007fb6de0ff000)]

VM state:not at safepoint (not fully initialized)

VM Mutex/Monitor currently owned by a thread: None

heap address: 0x00000006c5400000, size: 4012 MB, Compressed Oops mode: Non-zero based:0x00000006c53ff000, Oop shift amount: 3
Narrow klass base: 0x0000000000000000, Narrow klass shift: 0

GC Heap History (0 events):
No events

Deoptimization events (0 events):
No events

Classes redefined (0 events):
No events

Internal exceptions (0 events):
No events

Events (0 events):
No events


Dynamic libraries:
6c5400000-6cfc00000 rw-p 00000000 00:00 0 
6cfc00000-76c700000 ---p 00000000 00:00 0 
76c700000-771b00000 rw-p 00000000 00:00 0 
771b00000-7c0000000 ---p 00000000 00:00 0 
564549172000-564549173000 r-xp 00000000 08:01 922077                     /usr/lib/jvm/java-8-openjdk-amd64/jre/bin/java
564549372000-564549373000 r--p 00000000 08:01 922077                     /usr/lib/jvm/java-8-openjdk-amd64/jre/bin/java
564549373000-564549374000 rw-p 00001000 08:01 922077                     /usr/lib/jvm/java-8-openjdk-amd64/jre/bin/java
5645494a4000-5645494c5000 rw-p 00000000 00:00 0                          [heap]
7fb6c5000000-7fb6c5270000 rwxp 00000000 00:00 0 
7fb6c5270000-7fb6d4000000 ---p 00000000 00:00 0 
7fb6d4000000-7fb6d4044000 rw-p 00000000 00:00 0 
7fb6d4044000-7fb6d8000000 ---p 00000000 00:00 0 
7fb6d90d2000-7fb6d90d3000 ---p 00000000 00:00 0 
7fb6d90d3000-7fb6d91d3000 rw-p 00000000 00:00 0 
7fb6d91d3000-7fb6d91d4000 ---p 00000000 00:00 0 
7fb6d91d4000-7fb6d92d4000 rw-p 00000000 00:00 0 
7fb6d92d4000-7fb6d92d5000 ---p 00000000 00:00 0 
7fb6d92d5000-7fb6d93d5000 rw-p 00000000 00:00 0 
7fb6d93d5000-7fb6d93d6000 ---p 00000000 00:00 0 
7fb6d93d6000-7fb6d94d6000 rw-p 00000000 00:00 0 
7fb6d94d6000-7fb6d94d7000 ---p 00000000 00:00 0 
7fb6d94d7000-7fb6d95d7000 rw-p 00000000 00:00 0 
7fb6d95d7000-7fb6d95d8000 ---p 00000000 00:00 0 
7fb6d95d8000-7fb6d96d8000 rw-p 00000000 00:00 0 
7fb6d96d8000-7fb6d96d9000 ---p 00000000 00:00 0 
7fb6d96d9000-7fb6d97d9000 rw-p 00000000 00:00 0 
7fb6d97d9000-7fb6d97da000 ---p 00000000 00:00 0 
7fb6d97da000-7fb6d992e000 rw-p 00000000 00:00 0 
7fb6d992e000-7fb6d9e14000 ---p 00000000 00:00 0 
7fb6d9e14000-7fb6d9e68000 rw-p 00000000 00:00 0 
7fb6d9e68000-7fb6da34d000 ---p 00000000 00:00 0 
7fb6da34d000-7fb6da378000 rw-p 00000000 00:00 0 
7fb6da378000-7fb6da5ea000 ---p 00000000 00:00 0 
7fb6da5ea000-7fb6da5f5000 rw-p 00000000 00:00 0 
7fb6da5f5000-7fb6da9ab000 ---p 00000000 00:00 0 
7fb6da9ab000-7fb6da9b3000 r-xp 00000000 08:01 921913                     /usr/lib/jvm/java-8-openjdk-amd64/jre/lib/amd64/libzip.so
7fb6da9b3000-7fb6dabb2000 ---p 00008000 08:01 921913                     /usr/lib/jvm/java-8-openjdk-amd64/jre/lib/amd64/libzip.so
7fb6dabb2000-7fb6dabb3000 r--p 00007000 08:01 921913                     /usr/lib/jvm/java-8-openjdk-amd64/jre/lib/amd64/libzip.so
7fb6dabb3000-7fb6dabb4000 rw-p 00008000 08:01 921913                     /usr/lib/jvm/java-8-openjdk-amd64/jre/lib/amd64/libzip.so
7fb6dabb4000-7fb6dabbf000 r-xp 00000000 08:01 525723                     /lib/x86_64-linux-gnu/libnss_files-2.23.so
7fb6dabbf000-7fb6dadbe000 ---p 0000b000 08:01 525723                     /lib/x86_64-linux-gnu/libnss_files-2.23.so
7fb6dadbe000-7fb6dadbf000 r--p 0000a000 08:01 525723                     /lib/x86_64-linux-gnu/libnss_files-2.23.so
7fb6dadbf000-7fb6dadc0000 rw-p 0000b000 08:01 525723                     /lib/x86_64-linux-gnu/libnss_files-2.23.so
7fb6dadc0000-7fb6dadc6000 rw-p 00000000 00:00 0 
7fb6dadc6000-7fb6dadd1000 r-xp 00000000 08:01 526606                     /lib/x86_64-linux-gnu/libnss_nis-2.23.so
7fb6dadd1000-7fb6dafd0000 ---p 0000b000 08:01 526606                     /lib/x86_64-linux-gnu/libnss_nis-2.23.so
7fb6dafd0000-7fb6dafd1000 r--p 0000a000 08:01 526606                     /lib/x86_64-linux-gnu/libnss_nis-2.23.so
7fb6dafd1000-7fb6dafd2000 rw-p 0000b000 08:01 526606                     /lib/x86_64-linux-gnu/libnss_nis-2.23.so
7fb6dafd2000-7fb6dafe8000 r-xp 00000000 08:01 525013                     /lib/x86_64-linux-gnu/libnsl-2.23.so
7fb6dafe8000-7fb6db1e7000 ---p 00016000 08:01 525013                     /lib/x86_64-linux-gnu/libnsl-2.23.so
7fb6db1e7000-7fb6db1e8000 r--p 00015000 08:01 525013                     /lib/x86_64-linux-gnu/libnsl-2.23.so
7fb6db1e8000-7fb6db1e9000 rw-p 00016000 08:01 525013                     /lib/x86_64-linux-gnu/libnsl-2.23.so
7fb6db1e9000-7fb6db1eb000 rw-p 00000000 00:00 0 
7fb6db1eb000-7fb6db1f3000 r-xp 00000000 08:01 526492                     /lib/x86_64-linux-gnu/libnss_compat-2.23.so
7fb6db1f3000-7fb6db3f2000 ---p 00008000 08:01 526492                     /lib/x86_64-linux-gnu/libnss_compat-2.23.so
7fb6db3f2000-7fb6db3f3000 r--p 00007000 08:01 526492                     /lib/x86_64-linux-gnu/libnss_compat-2.23.so
7fb6db3f3000-7fb6db3f4000 rw-p 00008000 08:01 526492                     /lib/x86_64-linux-gnu/libnss_compat-2.23.so
7fb6db3f4000-7fb6db41e000 r-xp 00000000 08:01 921799                     /usr/lib/jvm/java-8-openjdk-amd64/jre/lib/amd64/libjava.so
7fb6db41e000-7fb6db61d000 ---p 0002a000 08:01 921799                     /usr/lib/jvm/java-8-openjdk-amd64/jre/lib/amd64/libjava.so
7fb6db61d000-7fb6db61e000 r--p 00029000 08:01 921799                     /usr/lib/jvm/java-8-openjdk-amd64/jre/lib/amd64/libjava.so
7fb6db61e000-7fb6db620000 rw-p 0002a000 08:01 921799                     /usr/lib/jvm/java-8-openjdk-amd64/jre/lib/amd64/libjava.so
7fb6db620000-7fb6db62f000 r-xp 00000000 08:01 921815                     /usr/lib/jvm/java-8-openjdk-amd64/jre/lib/amd64/libverify.so
7fb6db62f000-7fb6db82e000 ---p 0000f000 08:01 921815                     /usr/lib/jvm/java-8-openjdk-amd64/jre/lib/amd64/libverify.so
7fb6db82e000-7fb6db830000 r--p 0000e000 08:01 921815                     /usr/lib/jvm/java-8-openjdk-amd64/jre/lib/amd64/libverify.so
7fb6db830000-7fb6db831000 rw-p 00010000 08:01 921815                     /usr/lib/jvm/java-8-openjdk-amd64/jre/lib/amd64/libverify.so
7fb6db831000-7fb6db838000 r-xp 00000000 08:01 526968                     /lib/x86_64-linux-gnu/librt-2.23.so
7fb6db838000-7fb6dba37000 ---p 00007000 08:01 526968                     /lib/x86_64-linux-gnu/librt-2.23.so
7fb6dba37000-7fb6dba38000 r--p 00006000 08:01 526968                     /lib/x86_64-linux-gnu/librt-2.23.so
7fb6dba38000-7fb6dba39000 rw-p 00007000 08:01 526968                     /lib/x86_64-linux-gnu/librt-2.23.so
7fb6dba39000-7fb6dba4f000 r-xp 00000000 08:01 524818                     /lib/x86_64-linux-gnu/libgcc_s.so.1
7fb6dba4f000-7fb6dbc4e000 ---p 00016000 08:01 524818                     /lib/x86_64-linux-gnu/libgcc_s.so.1
7fb6dbc4e000-7fb6dbc4f000 rw-p 00015000 08:01 524818                     /lib/x86_64-linux-gnu/libgcc_s.so.1
7fb6dbc4f000-7fb6dbd57000 r-xp 00000000 08:01 525014                     /lib/x86_64-linux-gnu/libm-2.23.so
7fb6dbd57000-7fb6dbf56000 ---p 00108000 08:01 525014                     /lib/x86_64-linux-gnu/libm-2.23.so
7fb6dbf56000-7fb6dbf57000 r--p 00107000 08:01 525014                     /lib/x86_64-linux-gnu/libm-2.23.so
7fb6dbf57000-7fb6dbf58000 rw-p 00108000 08:01 525014                     /lib/x86_64-linux-gnu/libm-2.23.so
7fb6dbf58000-7fb6dc0ca000 r-xp 00000000 08:01 3150038                    /usr/lib/x86_64-linux-gnu/libstdc++.so.6.0.21
7fb6dc0ca000-7fb6dc2ca000 ---p 00172000 08:01 3150038                    /usr/lib/x86_64-linux-gnu/libstdc++.so.6.0.21
7fb6dc2ca000-7fb6dc2d4000 r--p 00172000 08:01 3150038                    /usr/lib/x86_64-linux-gnu/libstdc++.so.6.0.21
7fb6dc2d4000-7fb6dc2d6000 rw-p 0017c000 08:01 3150038                    /usr/lib/x86_64-linux-gnu/libstdc++.so.6.0.21
7fb6dc2d6000-7fb6dc2da000 rw-p 00000000 00:00 0 
7fb6dc2da000-7fb6dcfff000 r-xp 00000000 08:01 921842                     /usr/lib/jvm/java-8-openjdk-amd64/jre/lib/amd64/server/libjvm.so
7fb6dcfff000-7fb6dd1fe000 ---p 00d25000 08:01 921842                     /usr/lib/jvm/java-8-openjdk-amd64/jre/lib/amd64/server/libjvm.so
7fb6dd1fe000-7fb6dd294000 r--p 00d24000 08:01 921842                     /usr/lib/jvm/java-8-openjdk-amd64/jre/lib/amd64/server/libjvm.so
7fb6dd294000-7fb6dd2bd000 rw-p 00dba000 08:01 921842                     /usr/lib/jvm/java-8-openjdk-amd64/jre/lib/amd64/server/libjvm.so
7fb6dd2bd000-7fb6dd2f0000 rw-p 00000000 00:00 0 
7fb6dd2f0000-7fb6dd308000 r-xp 00000000 08:01 524972                     /lib/x86_64-linux-gnu/libpthread-2.23.so
7fb6dd308000-7fb6dd507000 ---p 00018000 08:01 524972                     /lib/x86_64-linux-gnu/libpthread-2.23.so
7fb6dd507000-7fb6dd508000 r--p 00017000 08:01 524972                     /lib/x86_64-linux-gnu/libpthread-2.23.so
7fb6dd508000-7fb6dd509000 rw-p 00018000 08:01 524972                     /lib/x86_64-linux-gnu/libpthread-2.23.so
7fb6dd509000-7fb6dd50d000 rw-p 00000000 00:00 0 
7fb6dd50d000-7fb6dd510000 r-xp 00000000 08:01 524933                     /lib/x86_64-linux-gnu/libdl-2.23.so
7fb6dd510000-7fb6dd70f000 ---p 00003000 08:01 524933                     /lib/x86_64-linux-gnu/libdl-2.23.so
7fb6dd70f000-7fb6dd710000 r--p 00002000 08:01 524933                     /lib/x86_64-linux-gnu/libdl-2.23.so
7fb6dd710000-7fb6dd711000 rw-p 00003000 08:01 524933                     /lib/x86_64-linux-gnu/libdl-2.23.so
7fb6dd711000-7fb6dd72a000 r-xp 00000000 08:01 524950                     /lib/x86_64-linux-gnu/libz.so.1.2.8
7fb6dd72a000-7fb6dd929000 ---p 00019000 08:01 524950                     /lib/x86_64-linux-gnu/libz.so.1.2.8
7fb6dd929000-7fb6dd92a000 r--p 00018000 08:01 524950                     /lib/x86_64-linux-gnu/libz.so.1.2.8
7fb6dd92a000-7fb6dd92b000 rw-p 00019000 08:01 524950                     /lib/x86_64-linux-gnu/libz.so.1.2.8
7fb6dd92b000-7fb6ddaeb000 r-xp 00000000 08:01 524966                     /lib/x86_64-linux-gnu/libc-2.23.so
7fb6ddaeb000-7fb6ddceb000 ---p 001c0000 08:01 524966                     /lib/x86_64-linux-gnu/libc-2.23.so
7fb6ddceb000-7fb6ddcef000 r--p 001c0000 08:01 524966                     /lib/x86_64-linux-gnu/libc-2.23.so
7fb6ddcef000-7fb6ddcf1000 rw-p 001c4000 08:01 524966                     /lib/x86_64-linux-gnu/libc-2.23.so
7fb6ddcf1000-7fb6ddcf5000 rw-p 00000000 00:00 0 
7fb6ddcf5000-7fb6ddd03000 r-xp 00000000 08:01 921807                     /usr/lib/jvm/java-8-openjdk-amd64/jre/lib/amd64/jli/libjli.so
7fb6ddd03000-7fb6ddf02000 ---p 0000e000 08:01 921807                     /usr/lib/jvm/java-8-openjdk-amd64/jre/lib/amd64/jli/libjli.so
7fb6ddf02000-7fb6ddf03000 r--p 0000d000 08:01 921807                     /usr/lib/jvm/java-8-openjdk-amd64/jre/lib/amd64/jli/libjli.so
7fb6ddf03000-7fb6ddf04000 rw-p 0000e000 08:01 921807                     /usr/lib/jvm/java-8-openjdk-amd64/jre/lib/amd64/jli/libjli.so
7fb6ddf04000-7fb6ddf2a000 r-xp 00000000 08:01 525715                     /lib/x86_64-linux-gnu/ld-2.23.so
7fb6ddffe000-7fb6de001000 ---p 00000000 00:00 0 
7fb6de001000-7fb6de103000 rw-p 00000000 00:00 0 
7fb6de11e000-7fb6de126000 rw-s 00000000 08:01 1206987                    /tmp/hsperfdata_ekeramat/19231
7fb6de126000-7fb6de127000 rw-p 00000000 00:00 0 
7fb6de127000-7fb6de128000 r--p 00000000 00:00 0 
7fb6de128000-7fb6de129000 rw-p 00000000 00:00 0 
7fb6de129000-7fb6de12a000 r--p 00025000 08:01 525715                     /lib/x86_64-linux-gnu/ld-2.23.so
7fb6de12a000-7fb6de12b000 rw-p 00026000 08:01 525715                     /lib/x86_64-linux-gnu/ld-2.23.so
7fb6de12b000-7fb6de12c000 rw-p 00000000 00:00 0 
7ffe9f1f9000-7ffe9f21a000 rw-p 00000000 00:00 0                          [stack]
7ffe9f23b000-7ffe9f23d000 r--p 00000000 00:00 0                          [vvar]
7ffe9f23d000-7ffe9f23f000 r-xp 00000000 00:00 0                          [vdso]
ffffffffff600000-ffffffffff601000 r-xp 00000000 00:00 0                  [vsyscall]

VM Arguments:
java_command: jjtree HL.jjt
java_class_path (initial): /opt/javacc/target/javacc.jar
Launcher Type: SUN_STANDARD

Environment Variables:
JAVA_HOME=/usr/lib/jvm/java-8-openjdk-amd64
PATH=/usr/local/bin:/usr/bin:/bin:/usr/local/games:/usr/games:/snap/bin:/usr/courses/bin/x86_64
SHELL=/bin/bash

Signal Handlers:
SIGSEGV: [libjvm.so+0xb1e940], sa_mask[0]=11111111011111111101111111111110, sa_flags=SA_RESTART|SA_SIGINFO
SIGBUS: [libjvm.so+0xb1e940], sa_mask[0]=11111111011111111101111111111110, sa_flags=SA_RESTART|SA_SIGINFO
SIGFPE: [libjvm.so+0x956450], sa_mask[0]=11111111011111111101111111111110, sa_flags=SA_RESTART|SA_SIGINFO
SIGPIPE: [libjvm.so+0x956450], sa_mask[0]=11111111011111111101111111111110, sa_flags=SA_RESTART|SA_SIGINFO
SIGXFSZ: [libjvm.so+0x956450], sa_mask[0]=11111111011111111101111111111110, sa_flags=SA_RESTART|SA_SIGINFO
SIGILL: [libjvm.so+0x956450], sa_mask[0]=11111111011111111101111111111110, sa_flags=SA_RESTART|SA_SIGINFO
SIGUSR1: SIG_DFL, sa_mask[0]=00000000000000000000000000000000, sa_flags=none
SIGUSR2: [libjvm.so+0x956300], sa_mask[0]=00000000000000000000000000000000, sa_flags=SA_RESTART|SA_SIGINFO
SIGHUP: SIG_DFL, sa_mask[0]=00000000000000000000000000000000, sa_flags=none
SIGINT: SIG_DFL, sa_mask[0]=00000000000000000000000000000000, sa_flags=none
SIGTERM: SIG_DFL, sa_mask[0]=00000000000000000000000000000000, sa_flags=none
SIGQUIT: SIG_DFL, sa_mask[0]=00000000000000000000000000000000, sa_flags=none


---------------  S Y S T E M  ---------------

OS:DISTRIB_ID=Ubuntu
DISTRIB_RELEASE=16.04
DISTRIB_CODENAME=xenial
DISTRIB_DESCRIPTION="Ubuntu 16.04.7 LTS"

uname:Linux 4.4.0-190-generic #220-Ubuntu SMP Fri Aug 28 23:02:15 UTC 2020 x86_64
libc:glibc 2.23 NPTL 2.23 
rlimit: STACK 8192k, CORE 0k, NPROC 75, NOFILE 1048576, AS infinity
load average:0.16 0.19 0.18

/proc/meminfo:
MemTotal:       16431672 kB
MemFree:         9242912 kB
MemAvailable:   15197452 kB
Buffers:          463620 kB
Cached:          4140872 kB
SwapCached:         1300 kB
Active:          3030292 kB
Inactive:        2069276 kB
Active(anon):     507264 kB
Inactive(anon):   142788 kB
Active(file):    2523028 kB
Inactive(file):  1926488 kB
Unevictable:        3652 kB
Mlocked:            3652 kB
SwapTotal:       4192252 kB
SwapFree:        4152484 kB
Dirty:                 4 kB
Writeback:             0 kB
AnonPages:        497704 kB
Mapped:           152396 kB
Shmem:            152552 kB
Slab:            1971416 kB
SReclaimable:    1843348 kB
SUnreclaim:       128068 kB
KernelStack:        6864 kB
PageTables:        22368 kB
NFS_Unstable:          0 kB
Bounce:                0 kB
WritebackTmp:          0 kB
CommitLimit:    12408088 kB
Committed_AS:    3358140 kB
VmallocTotal:   34359738367 kB
VmallocUsed:           0 kB
VmallocChunk:          0 kB
HardwareCorrupted:     0 kB
AnonHugePages:         0 kB
CmaTotal:              0 kB
CmaFree:               0 kB
HugePages_Total:       0
HugePages_Free:        0
HugePages_Rsvd:        0
HugePages_Surp:        0
Hugepagesize:       2048 kB
DirectMap4k:     1367936 kB
DirectMap2M:    15409152 kB

container (cgroup) information:
container_type: cgroupv1
cpu_cpuset_cpus: 0-7
cpu_memory_nodes: 0
active_processor_count: 8
cpu_quota: -1
cpu_period: 100000
cpu_shares: -1
memory_limit_in_bytes: -1
memory_and_swap_limit_in_bytes: -2
memory_soft_limit_in_bytes: -1
memory_usage_in_bytes: 3199991808
memory_max_usage_in_bytes: 13243498496


CPU:total 8 (initial active 8) (4 cores per cpu, 1 threads per core) family 6 model 26 stepping 4, cmov, cx8, fxsr, mmx, sse, sse2, sse3, ssse3, sse4.1, sse4.2, popcnt, tsc, tscinvbit, tscinv

/proc/cpuinfo:
processor	: 0
vendor_id	: GenuineIntel
cpu family	: 6
model		: 26
model name	: Intel(R) Xeon(R) CPU           X5570  @ 2.93GHz
stepping	: 4
microcode	: 0x11
cpu MHz		: 2926.000
cache size	: 8192 KB
physical id	: 0
siblings	: 4
core id		: 0
cpu cores	: 4
apicid		: 0
initial apicid	: 0
fpu		: yes
fpu_exception	: yes
cpuid level	: 11
wp		: yes
flags		: fpu vme de pse tsc msr pae mce cx8 apic sep mtrr pge mca cmov pat pse36 clflush dts mmx fxsr sse sse2 ss ht syscall nx rdtscp lm constant_tsc arch_perfmon pebs bts nopl tsc_reliable nonstop_tsc aperfmperf pni ssse3 cx16 sse4_1 sse4_2 popcnt hypervisor lahf_lm kaiser dtherm ida
bugs		: cpu_meltdown spectre_v1 spectre_v2 spec_store_bypass l1tf mds swapgs itlb_multihit
bogomips	: 5852.00
clflush size	: 64
cache_alignment	: 64
address sizes	: 40 bits physical, 48 bits virtual
power management:

processor	: 1
vendor_id	: GenuineIntel
cpu family	: 6
model		: 26
model name	: Intel(R) Xeon(R) CPU           X5570  @ 2.93GHz
stepping	: 4
microcode	: 0x11
cpu MHz		: 2926.000
cache size	: 8192 KB
physical id	: 0
siblings	: 4
core id		: 1
cpu cores	: 4
apicid		: 1
initial apicid	: 1
fpu		: yes
fpu_exception	: yes
cpuid level	: 11
wp		: yes
flags		: fpu vme de pse tsc msr pae mce cx8 apic sep mtrr pge mca cmov pat pse36 clflush dts mmx fxsr sse sse2 ss ht syscall nx rdtscp lm constant_tsc arch_perfmon pebs bts nopl tsc_reliable nonstop_tsc aperfmperf pni ssse3 cx16 sse4_1 sse4_2 popcnt hypervisor lahf_lm kaiser dtherm ida
bugs		: cpu_meltdown spectre_v1 spectre_v2 spec_store_bypass l1tf mds swapgs itlb_multihit
bogomips	: 5852.00
clflush size	: 64
cache_alignment	: 64
address sizes	: 40 bits physical, 48 bits virtual
power management:

processor	: 2
vendor_id	: GenuineIntel
cpu family	: 6
model		: 26
model name	: Intel(R) Xeon(R) CPU           X5570  @ 2.93GHz
stepping	: 4
microcode	: 0x11
cpu MHz		: 2926.000
cache size	: 8192 KB
physical id	: 0
siblings	: 4
core id		: 2
cpu cores	: 4
apicid		: 2
initial apicid	: 2
fpu		: yes
fpu_exception	: yes
cpuid level	: 11
wp		: yes
flags		: fpu vme de pse tsc msr pae mce cx8 apic sep mtrr pge mca cmov pat pse36 clflush dts mmx fxsr sse sse2 ss ht syscall nx rdtscp lm constant_tsc arch_perfmon pebs bts nopl tsc_reliable nonstop_tsc aperfmperf pni ssse3 cx16 sse4_1 sse4_2 popcnt hypervisor lahf_lm kaiser dtherm ida
bugs		: cpu_meltdown spectre_v1 spectre_v2 spec_store_bypass l1tf mds swapgs itlb_multihit
bogomips	: 5852.00
clflush size	: 64
cache_alignment	: 64
address sizes	: 40 bits physical, 48 bits virtual
power management:

processor	: 3
vendor_id	: GenuineIntel
cpu family	: 6
model		: 26
model name	: Intel(R) Xeon(R) CPU           X5570  @ 2.93GHz
stepping	: 4
microcode	: 0x11
cpu MHz		: 2926.000
cache size	: 8192 KB
physical id	: 0
siblings	: 4
core id		: 3
cpu cores	: 4
apicid		: 3
initial apicid	: 3
fpu		: yes
fpu_exception	: yes
cpuid level	: 11
wp		: yes
flags		: fpu vme de pse tsc msr pae mce cx8 apic sep mtrr pge mca cmov pat pse36 clflush dts mmx fxsr sse sse2 ss ht syscall nx rdtscp lm constant_tsc arch_perfmon pebs bts nopl tsc_reliable nonstop_tsc aperfmperf pni ssse3 cx16 sse4_1 sse4_2 popcnt hypervisor lahf_lm kaiser dtherm ida
bugs		: cpu_meltdown spectre_v1 spectre_v2 spec_store_bypass l1tf mds swapgs itlb_multihit
bogomips	: 5852.00
clflush size	: 64
cache_alignment	: 64
address sizes	: 40 bits physical, 48 bits virtual
power management:

processor	: 4
vendor_id	: GenuineIntel
cpu family	: 6
model		: 26
model name	: Intel(R) Xeon(R) CPU           X5570  @ 2.93GHz
stepping	: 4
microcode	: 0x11
cpu MHz		: 2926.000
cache size	: 8192 KB
physical id	: 1
siblings	: 4
core id		: 0
cpu cores	: 4
apicid		: 4
initial apicid	: 4
fpu		: yes
fpu_exception	: yes
cpuid level	: 11
wp		: yes
flags		: fpu vme de pse tsc msr pae mce cx8 apic sep mtrr pge mca cmov pat pse36 clflush dts mmx fxsr sse sse2 ss ht syscall nx rdtscp lm constant_tsc arch_perfmon pebs bts nopl tsc_reliable nonstop_tsc aperfmperf pni ssse3 cx16 sse4_1 sse4_2 popcnt hypervisor lahf_lm kaiser dtherm ida
bugs		: cpu_meltdown spectre_v1 spectre_v2 spec_store_bypass l1tf mds swapgs itlb_multihit
bogomips	: 5852.00
clflush size	: 64
cache_alignment	: 64
address sizes	: 40 bits physical, 48 bits virtual
power management:

processor	: 5
vendor_id	: GenuineIntel
cpu family	: 6
model		: 26
model name	: Intel(R) Xeon(R) CPU           X5570  @ 2.93GHz
stepping	: 4
microcode	: 0x11
cpu MHz		: 2926.000
cache size	: 8192 KB
physical id	: 1
siblings	: 4
core id		: 1
cpu cores	: 4
apicid		: 5
initial apicid	: 5
fpu		: yes
fpu_exception	: yes
cpuid level	: 11
wp		: yes
flags		: fpu vme de pse tsc msr pae mce cx8 apic sep mtrr pge mca cmov pat pse36 clflush dts mmx fxsr sse sse2 ss ht syscall nx rdtscp lm constant_tsc arch_perfmon pebs bts nopl tsc_reliable nonstop_tsc aperfmperf pni ssse3 cx16 sse4_1 sse4_2 popcnt hypervisor lahf_lm kaiser dtherm ida
bugs		: cpu_meltdown spectre_v1 spectre_v2 spec_store_bypass l1tf mds swapgs itlb_multihit
bogomips	: 5852.00
clflush size	: 64
cache_alignment	: 64
address sizes	: 40 bits physical, 48 bits virtual
power management:

processor	: 6
vendor_id	: GenuineIntel
cpu family	: 6
model		: 26
model name	: Intel(R) Xeon(R) CPU           X5570  @ 2.93GHz
stepping	: 4
microcode	: 0x11
cpu MHz		: 2926.000
cache size	: 8192 KB
physical id	: 1
siblings	: 4
core id		: 2
cpu cores	: 4
apicid		: 6
initial apicid	: 6
fpu		: yes
fpu_exception	: yes
cpuid level	: 11
wp		: yes
flags		: fpu vme de pse tsc msr pae mce cx8 apic sep mtrr pge mca cmov pat pse36 clflush dts mmx fxsr sse sse2 ss ht syscall nx rdtscp lm constant_tsc arch_perfmon pebs bts nopl tsc_reliable nonstop_tsc aperfmperf pni ssse3 cx16 sse4_1 sse4_2 popcnt hypervisor lahf_lm kaiser dtherm ida
bugs		: cpu_meltdown spectre_v1 spectre_v2 spec_store_bypass l1tf mds swapgs itlb_multihit
bogomips	: 5852.00
clflush size	: 64
cache_alignment	: 64
address sizes	: 40 bits physical, 48 bits virtual
power management:

processor	: 7
vendor_id	: GenuineIntel
cpu family	: 6
model		: 26
model name	: Intel(R) Xeon(R) CPU           X5570  @ 2.93GHz
stepping	: 4
microcode	: 0x11
cpu MHz		: 2926.000
cache size	: 8192 KB
physical id	: 1
siblings	: 4
core id		: 3
cpu cores	: 4
apicid		: 7
initial apicid	: 7
fpu		: yes
fpu_exception	: yes
cpuid level	: 11
wp		: yes
flags		: fpu vme de pse tsc msr pae mce cx8 apic sep mtrr pge mca cmov pat pse36 clflush dts mmx fxsr sse sse2 ss ht syscall nx rdtscp lm constant_tsc arch_perfmon pebs bts nopl tsc_reliable nonstop_tsc aperfmperf pni ssse3 cx16 sse4_1 sse4_2 popcnt hypervisor lahf_lm kaiser dtherm ida
bugs		: cpu_meltdown spectre_v1 spectre_v2 spec_store_bypass l1tf mds swapgs itlb_multihit
bogomips	: 5852.00
clflush size	: 64
cache_alignment	: 64
address sizes	: 40 bits physical, 48 bits virtual
power management:



Memory: 4k page, physical 16431672k(9242912k free), swap 4192252k(4152484k free)

vm_info: OpenJDK 64-Bit Server VM (25.275-b01) for linux-amd64 JRE (1.8.0_275-8u275-b01-0ubuntu1~16.04-b01), built on Nov  9 2020 03:41:32 by "buildd" with gcc 5.4.0 20160609

time: Wed Dec  2 19:49:55 2020
timezone: EST
elapsed time: 0.014296 seconds (0d 0h 0m 0s)

