#
# There is insufficient memory for the Java Runtime Environment to continue.
# Cannot create GC thread. Out of system resources.
# Possible reasons:
#   The system is out of physical RAM or swap space
#   The process is running with CompressedOops enabled, and the Java Heap may be blocking the growth of the native heap
# Possible solutions:
#   Reduce memory load on the system
#   Increase physical memory or swap space
#   Check if swap backing store is full
#   Decrease Java heap size (-Xmx/-Xms)
#   Decrease number of Java threads
#   Decrease Java thread stack sizes (-Xss)
#   Set larger code cache with -XX:ReservedCodeCacheSize=
# This output file may be truncated or incomplete.
#
#  Out of Memory Error (gcTaskThread.cpp:48), pid=9514, tid=0x00007f625543a700
#
# JRE version:  (8.0_275-b01) (build )
# Java VM: OpenJDK 64-Bit Server VM (25.275-b01 mixed mode linux-amd64 compressed oops)
# Failed to write core dump. Core dumps have been disabled. To enable core dumping, try "ulimit -c unlimited" before starting Java again
#

---------------  T H R E A D  ---------------

Current thread (0x00007f624c00a800):  JavaThread "Unknown thread" [_thread_in_vm, id=9515, stack(0x00007f625533a000,0x00007f625543b000)]

Stack: [0x00007f625533a000,0x00007f625543b000],  sp=0x00007f6255439810,  free space=1022k
Native frames: (J=compiled Java code, j=interpreted, Vv=VM code, C=native code)
V  [libjvm.so+0xb1de0b]
V  [libjvm.so+0x4e019c]
V  [libjvm.so+0x5c953f]
V  [libjvm.so+0x5c86a7]
V  [libjvm.so+0x984099]
V  [libjvm.so+0xae1809]
V  [libjvm.so+0xae1a52]
V  [libjvm.so+0x63e32f]
V  [libjvm.so+0xac525b]
V  [libjvm.so+0x714b30]  JNI_CreateJavaVM+0x60
C  [libjli.so+0x2f8a]
C  [libjli.so+0x75cd]
C  [libpthread.so.0+0x76ba]  start_thread+0xca


---------------  P R O C E S S  ---------------

Java Threads: ( => current thread )

Other Threads:

=>0x00007f624c00a800 (exited) JavaThread "Unknown thread" [_thread_in_vm, id=9515, stack(0x00007f625533a000,0x00007f625543b000)]

VM state:not at safepoint (not fully initialized)

VM Mutex/Monitor currently owned by a thread: None

heap address: 0x00000006c5400000, size: 4012 MB, Compressed Oops mode: Non-zero based:0x00000006c53ff000, Oop shift amount: 3
Narrow klass base: 0x0000000000000000, Narrow klass shift: 0

GC Heap History (0 events):
No events

Deoptimization events (0 events):
No events

Classes redefined (0 events):
No events

Internal exceptions (0 events):
No events

Events (0 events):
No events


Dynamic libraries:
6c5400000-6cfc00000 rw-p 00000000 00:00 0 
6cfc00000-76c700000 ---p 00000000 00:00 0 
76c700000-771b00000 rw-p 00000000 00:00 0 
771b00000-7c0000000 ---p 00000000 00:00 0 
559739364000-559739365000 r-xp 00000000 08:01 920822                     /usr/lib/jvm/java-8-openjdk-amd64/jre/bin/java
559739564000-559739565000 r--p 00000000 08:01 920822                     /usr/lib/jvm/java-8-openjdk-amd64/jre/bin/java
559739565000-559739566000 rw-p 00001000 08:01 920822                     /usr/lib/jvm/java-8-openjdk-amd64/jre/bin/java
55973abe5000-55973ac06000 rw-p 00000000 00:00 0                          [heap]
7f623d000000-7f623d270000 rwxp 00000000 00:00 0 
7f623d270000-7f624c000000 ---p 00000000 00:00 0 
7f624c000000-7f624c03d000 rw-p 00000000 00:00 0 
7f624c03d000-7f6250000000 ---p 00000000 00:00 0 
7f6250812000-7f6250813000 ---p 00000000 00:00 0 
7f6250813000-7f6250913000 rw-p 00000000 00:00 0 
7f6250913000-7f6250914000 ---p 00000000 00:00 0 
7f6250914000-7f6250a14000 rw-p 00000000 00:00 0 
7f6250a14000-7f6250a15000 ---p 00000000 00:00 0 
7f6250a15000-7f6250b15000 rw-p 00000000 00:00 0 
7f6250b15000-7f6250b16000 ---p 00000000 00:00 0 
7f6250b16000-7f6250c6a000 rw-p 00000000 00:00 0 
7f6250c6a000-7f6251150000 ---p 00000000 00:00 0 
7f6251150000-7f62511a4000 rw-p 00000000 00:00 0 
7f62511a4000-7f6251689000 ---p 00000000 00:00 0 
7f6251689000-7f62516b4000 rw-p 00000000 00:00 0 
7f62516b4000-7f6251926000 ---p 00000000 00:00 0 
7f6251926000-7f6251931000 rw-p 00000000 00:00 0 
7f6251931000-7f6251ce7000 ---p 00000000 00:00 0 
7f6251ce7000-7f6251cef000 r-xp 00000000 08:01 918402                     /usr/lib/jvm/java-8-openjdk-amd64/jre/lib/amd64/libzip.so
7f6251cef000-7f6251eee000 ---p 00008000 08:01 918402                     /usr/lib/jvm/java-8-openjdk-amd64/jre/lib/amd64/libzip.so
7f6251eee000-7f6251eef000 r--p 00007000 08:01 918402                     /usr/lib/jvm/java-8-openjdk-amd64/jre/lib/amd64/libzip.so
7f6251eef000-7f6251ef0000 rw-p 00008000 08:01 918402                     /usr/lib/jvm/java-8-openjdk-amd64/jre/lib/amd64/libzip.so
7f6251ef0000-7f6251efb000 r-xp 00000000 08:01 524969                     /lib/x86_64-linux-gnu/libnss_files-2.23.so
7f6251efb000-7f62520fa000 ---p 0000b000 08:01 524969                     /lib/x86_64-linux-gnu/libnss_files-2.23.so
7f62520fa000-7f62520fb000 r--p 0000a000 08:01 524969                     /lib/x86_64-linux-gnu/libnss_files-2.23.so
7f62520fb000-7f62520fc000 rw-p 0000b000 08:01 524969                     /lib/x86_64-linux-gnu/libnss_files-2.23.so
7f62520fc000-7f6252102000 rw-p 00000000 00:00 0 
7f6252102000-7f625210d000 r-xp 00000000 08:01 525480                     /lib/x86_64-linux-gnu/libnss_nis-2.23.so
7f625210d000-7f625230c000 ---p 0000b000 08:01 525480                     /lib/x86_64-linux-gnu/libnss_nis-2.23.so
7f625230c000-7f625230d000 r--p 0000a000 08:01 525480                     /lib/x86_64-linux-gnu/libnss_nis-2.23.so
7f625230d000-7f625230e000 rw-p 0000b000 08:01 525480                     /lib/x86_64-linux-gnu/libnss_nis-2.23.so
7f625230e000-7f6252324000 r-xp 00000000 08:01 524901                     /lib/x86_64-linux-gnu/libnsl-2.23.so
7f6252324000-7f6252523000 ---p 00016000 08:01 524901                     /lib/x86_64-linux-gnu/libnsl-2.23.so
7f6252523000-7f6252524000 r--p 00015000 08:01 524901                     /lib/x86_64-linux-gnu/libnsl-2.23.so
7f6252524000-7f6252525000 rw-p 00016000 08:01 524901                     /lib/x86_64-linux-gnu/libnsl-2.23.so
7f6252525000-7f6252527000 rw-p 00000000 00:00 0 
7f6252527000-7f625252f000 r-xp 00000000 08:01 525422                     /lib/x86_64-linux-gnu/libnss_compat-2.23.so
7f625252f000-7f625272e000 ---p 00008000 08:01 525422                     /lib/x86_64-linux-gnu/libnss_compat-2.23.so
7f625272e000-7f625272f000 r--p 00007000 08:01 525422                     /lib/x86_64-linux-gnu/libnss_compat-2.23.so
7f625272f000-7f6252730000 rw-p 00008000 08:01 525422                     /lib/x86_64-linux-gnu/libnss_compat-2.23.so
7f6252730000-7f625275a000 r-xp 00000000 08:01 918371                     /usr/lib/jvm/java-8-openjdk-amd64/jre/lib/amd64/libjava.so
7f625275a000-7f6252959000 ---p 0002a000 08:01 918371                     /usr/lib/jvm/java-8-openjdk-amd64/jre/lib/amd64/libjava.so
7f6252959000-7f625295a000 r--p 00029000 08:01 918371                     /usr/lib/jvm/java-8-openjdk-amd64/jre/lib/amd64/libjava.so
7f625295a000-7f625295c000 rw-p 0002a000 08:01 918371                     /usr/lib/jvm/java-8-openjdk-amd64/jre/lib/amd64/libjava.so
7f625295c000-7f625296b000 r-xp 00000000 08:01 918382                     /usr/lib/jvm/java-8-openjdk-amd64/jre/lib/amd64/libverify.so
7f625296b000-7f6252b6a000 ---p 0000f000 08:01 918382                     /usr/lib/jvm/java-8-openjdk-amd64/jre/lib/amd64/libverify.so
7f6252b6a000-7f6252b6c000 r--p 0000e000 08:01 918382                     /usr/lib/jvm/java-8-openjdk-amd64/jre/lib/amd64/libverify.so
7f6252b6c000-7f6252b6d000 rw-p 00010000 08:01 918382                     /usr/lib/jvm/java-8-openjdk-amd64/jre/lib/amd64/libverify.so
7f6252b6d000-7f6252b74000 r-xp 00000000 08:01 525490                     /lib/x86_64-linux-gnu/librt-2.23.so
7f6252b74000-7f6252d73000 ---p 00007000 08:01 525490                     /lib/x86_64-linux-gnu/librt-2.23.so
7f6252d73000-7f6252d74000 r--p 00006000 08:01 525490                     /lib/x86_64-linux-gnu/librt-2.23.so
7f6252d74000-7f6252d75000 rw-p 00007000 08:01 525490                     /lib/x86_64-linux-gnu/librt-2.23.so
7f6252d75000-7f6252d8b000 r-xp 00000000 08:01 524818                     /lib/x86_64-linux-gnu/libgcc_s.so.1
7f6252d8b000-7f6252f8a000 ---p 00016000 08:01 524818                     /lib/x86_64-linux-gnu/libgcc_s.so.1
7f6252f8a000-7f6252f8b000 rw-p 00015000 08:01 524818                     /lib/x86_64-linux-gnu/libgcc_s.so.1
7f6252f8b000-7f6253093000 r-xp 00000000 08:01 524905                     /lib/x86_64-linux-gnu/libm-2.23.so
7f6253093000-7f6253292000 ---p 00108000 08:01 524905                     /lib/x86_64-linux-gnu/libm-2.23.so
7f6253292000-7f6253293000 r--p 00107000 08:01 524905                     /lib/x86_64-linux-gnu/libm-2.23.so
7f6253293000-7f6253294000 rw-p 00108000 08:01 524905                     /lib/x86_64-linux-gnu/libm-2.23.so
7f6253294000-7f6253406000 r-xp 00000000 08:01 3151133                    /usr/lib/x86_64-linux-gnu/libstdc++.so.6.0.21
7f6253406000-7f6253606000 ---p 00172000 08:01 3151133                    /usr/lib/x86_64-linux-gnu/libstdc++.so.6.0.21
7f6253606000-7f6253610000 r--p 00172000 08:01 3151133                    /usr/lib/x86_64-linux-gnu/libstdc++.so.6.0.21
7f6253610000-7f6253612000 rw-p 0017c000 08:01 3151133                    /usr/lib/x86_64-linux-gnu/libstdc++.so.6.0.21
7f6253612000-7f6253616000 rw-p 00000000 00:00 0 
7f6253616000-7f625433b000 r-xp 00000000 08:01 918393                     /usr/lib/jvm/java-8-openjdk-amd64/jre/lib/amd64/server/libjvm.so
7f625433b000-7f625453a000 ---p 00d25000 08:01 918393                     /usr/lib/jvm/java-8-openjdk-amd64/jre/lib/amd64/server/libjvm.so
7f625453a000-7f62545d0000 r--p 00d24000 08:01 918393                     /usr/lib/jvm/java-8-openjdk-amd64/jre/lib/amd64/server/libjvm.so
7f62545d0000-7f62545f9000 rw-p 00dba000 08:01 918393                     /usr/lib/jvm/java-8-openjdk-amd64/jre/lib/amd64/server/libjvm.so
7f62545f9000-7f625462c000 rw-p 00000000 00:00 0 
7f625462c000-7f6254644000 r-xp 00000000 08:01 524898                     /lib/x86_64-linux-gnu/libpthread-2.23.so
7f6254644000-7f6254843000 ---p 00018000 08:01 524898                     /lib/x86_64-linux-gnu/libpthread-2.23.so
7f6254843000-7f6254844000 r--p 00017000 08:01 524898                     /lib/x86_64-linux-gnu/libpthread-2.23.so
7f6254844000-7f6254845000 rw-p 00018000 08:01 524898                     /lib/x86_64-linux-gnu/libpthread-2.23.so
7f6254845000-7f6254849000 rw-p 00000000 00:00 0 
7f6254849000-7f625484c000 r-xp 00000000 08:01 524884                     /lib/x86_64-linux-gnu/libdl-2.23.so
7f625484c000-7f6254a4b000 ---p 00003000 08:01 524884                     /lib/x86_64-linux-gnu/libdl-2.23.so
7f6254a4b000-7f6254a4c000 r--p 00002000 08:01 524884                     /lib/x86_64-linux-gnu/libdl-2.23.so
7f6254a4c000-7f6254a4d000 rw-p 00003000 08:01 524884                     /lib/x86_64-linux-gnu/libdl-2.23.so
7f6254a4d000-7f6254a66000 r-xp 00000000 08:01 524346                     /lib/x86_64-linux-gnu/libz.so.1.2.8
7f6254a66000-7f6254c65000 ---p 00019000 08:01 524346                     /lib/x86_64-linux-gnu/libz.so.1.2.8
7f6254c65000-7f6254c66000 r--p 00018000 08:01 524346                     /lib/x86_64-linux-gnu/libz.so.1.2.8
7f6254c66000-7f6254c67000 rw-p 00019000 08:01 524346                     /lib/x86_64-linux-gnu/libz.so.1.2.8
7f6254c67000-7f6254e27000 r-xp 00000000 08:01 524888                     /lib/x86_64-linux-gnu/libc-2.23.so
7f6254e27000-7f6255027000 ---p 001c0000 08:01 524888                     /lib/x86_64-linux-gnu/libc-2.23.so
7f6255027000-7f625502b000 r--p 001c0000 08:01 524888                     /lib/x86_64-linux-gnu/libc-2.23.so
7f625502b000-7f625502d000 rw-p 001c4000 08:01 524888                     /lib/x86_64-linux-gnu/libc-2.23.so
7f625502d000-7f6255031000 rw-p 00000000 00:00 0 
7f6255031000-7f625503f000 r-xp 00000000 08:01 918376                     /usr/lib/jvm/java-8-openjdk-amd64/jre/lib/amd64/jli/libjli.so
7f625503f000-7f625523e000 ---p 0000e000 08:01 918376                     /usr/lib/jvm/java-8-openjdk-amd64/jre/lib/amd64/jli/libjli.so
7f625523e000-7f625523f000 r--p 0000d000 08:01 918376                     /usr/lib/jvm/java-8-openjdk-amd64/jre/lib/amd64/jli/libjli.so
7f625523f000-7f6255240000 rw-p 0000e000 08:01 918376                     /usr/lib/jvm/java-8-openjdk-amd64/jre/lib/amd64/jli/libjli.so
7f6255240000-7f6255266000 r-xp 00000000 08:01 524965                     /lib/x86_64-linux-gnu/ld-2.23.so
7f625533a000-7f625533d000 ---p 00000000 00:00 0 
7f625533d000-7f625543f000 rw-p 00000000 00:00 0 
7f625545a000-7f6255462000 rw-s 00000000 08:01 1206497                    /tmp/hsperfdata_ekeramat/9514
7f6255462000-7f6255463000 rw-p 00000000 00:00 0 
7f6255463000-7f6255464000 r--p 00000000 00:00 0 
7f6255464000-7f6255465000 rw-p 00000000 00:00 0 
7f6255465000-7f6255466000 r--p 00025000 08:01 524965                     /lib/x86_64-linux-gnu/ld-2.23.so
7f6255466000-7f6255467000 rw-p 00026000 08:01 524965                     /lib/x86_64-linux-gnu/ld-2.23.so
7f6255467000-7f6255468000 rw-p 00000000 00:00 0 
7ffc08aea000-7ffc08b0b000 rw-p 00000000 00:00 0                          [stack]
7ffc08b52000-7ffc08b54000 r--p 00000000 00:00 0                          [vvar]
7ffc08b54000-7ffc08b56000 r-xp 00000000 00:00 0                          [vdso]
ffffffffff600000-ffffffffff601000 r-xp 00000000 00:00 0                  [vsyscall]

VM Arguments:
java_command: TestHL ../Test/Inputs/return.hl
java_class_path (initial): .:./AST
Launcher Type: SUN_STANDARD

Environment Variables:
JAVA_HOME=/usr/lib/jvm/java-8-openjdk-amd64
PATH=/usr/local/bin:/usr/bin:/bin:/usr/local/games:/usr/games:/snap/bin:/usr/courses/bin/x86_64
SHELL=/bin/bash

Signal Handlers:
SIGSEGV: [libjvm.so+0xb1e940], sa_mask[0]=11111111011111111101111111111110, sa_flags=SA_RESTART|SA_SIGINFO
SIGBUS: [libjvm.so+0xb1e940], sa_mask[0]=11111111011111111101111111111110, sa_flags=SA_RESTART|SA_SIGINFO
SIGFPE: [libjvm.so+0x956450], sa_mask[0]=11111111011111111101111111111110, sa_flags=SA_RESTART|SA_SIGINFO
SIGPIPE: [libjvm.so+0x956450], sa_mask[0]=11111111011111111101111111111110, sa_flags=SA_RESTART|SA_SIGINFO
SIGXFSZ: [libjvm.so+0x956450], sa_mask[0]=11111111011111111101111111111110, sa_flags=SA_RESTART|SA_SIGINFO
SIGILL: [libjvm.so+0x956450], sa_mask[0]=11111111011111111101111111111110, sa_flags=SA_RESTART|SA_SIGINFO
SIGUSR1: SIG_DFL, sa_mask[0]=00000000000000000000000000000000, sa_flags=none
SIGUSR2: [libjvm.so+0x956300], sa_mask[0]=00000000000000000000000000000000, sa_flags=SA_RESTART|SA_SIGINFO
SIGHUP: SIG_DFL, sa_mask[0]=00000000000000000000000000000000, sa_flags=none
SIGINT: SIG_DFL, sa_mask[0]=00000000000000000000000000000000, sa_flags=none
SIGTERM: SIG_DFL, sa_mask[0]=00000000000000000000000000000000, sa_flags=none
SIGQUIT: SIG_DFL, sa_mask[0]=00000000000000000000000000000000, sa_flags=none


---------------  S Y S T E M  ---------------

OS:DISTRIB_ID=Ubuntu
DISTRIB_RELEASE=16.04
DISTRIB_CODENAME=xenial
DISTRIB_DESCRIPTION="Ubuntu 16.04.7 LTS"

uname:Linux 4.4.0-193-generic #224-Ubuntu SMP Tue Oct 6 17:15:28 UTC 2020 x86_64
libc:glibc 2.23 NPTL 2.23 
rlimit: STACK 8192k, CORE 0k, NPROC 75, NOFILE 1048576, AS infinity
load average:0.25 0.18 0.07

/proc/meminfo:
MemTotal:       16431668 kB
MemFree:          171164 kB
MemAvailable:   12374452 kB
Buffers:          688272 kB
Cached:          9989804 kB
SwapCached:        34012 kB
Active:          8314056 kB
Inactive:        5604392 kB
Active(anon):    2880556 kB
Inactive(anon):   537232 kB
Active(file):    5433500 kB
Inactive(file):  5067160 kB
Unevictable:        3652 kB
Mlocked:            3652 kB
SwapTotal:       4192252 kB
SwapFree:        4093744 kB
Dirty:                 8 kB
Writeback:             0 kB
AnonPages:       3225248 kB
Mapped:           118224 kB
Shmem:            174992 kB
Slab:            2202452 kB
SReclaimable:    2040952 kB
SUnreclaim:       161500 kB
KernelStack:        8464 kB
PageTables:        39616 kB
NFS_Unstable:          0 kB
Bounce:                0 kB
WritebackTmp:          0 kB
CommitLimit:    12408084 kB
Committed_AS:    6720176 kB
VmallocTotal:   34359738367 kB
VmallocUsed:           0 kB
VmallocChunk:          0 kB
HardwareCorrupted:     0 kB
AnonHugePages:         0 kB
CmaTotal:              0 kB
CmaFree:               0 kB
HugePages_Total:       0
HugePages_Free:        0
HugePages_Rsvd:        0
HugePages_Surp:        0
Hugepagesize:       2048 kB
DirectMap4k:      348032 kB
DirectMap2M:    16429056 kB

container (cgroup) information:
container_type: cgroupv1
cpu_cpuset_cpus: 0-7
cpu_memory_nodes: 0
active_processor_count: 8
cpu_quota: -1
cpu_period: 100000
cpu_shares: -1
memory_limit_in_bytes: -1
memory_and_swap_limit_in_bytes: -2
memory_soft_limit_in_bytes: -1
memory_usage_in_bytes: 11656687616
memory_max_usage_in_bytes: 16437440512


CPU:total 8 (initial active 8) (4 cores per cpu, 1 threads per core) family 6 model 26 stepping 4, cmov, cx8, fxsr, mmx, sse, sse2, sse3, ssse3, sse4.1, sse4.2, popcnt, tsc, tscinvbit, tscinv

/proc/cpuinfo:
processor	: 0
vendor_id	: GenuineIntel
cpu family	: 6
model		: 26
model name	: Intel(R) Xeon(R) CPU           X5570  @ 2.93GHz
stepping	: 4
microcode	: 0x1d
cpu MHz		: 2926.000
cache size	: 8192 KB
physical id	: 0
siblings	: 4
core id		: 0
cpu cores	: 4
apicid		: 0
initial apicid	: 0
fpu		: yes
fpu_exception	: yes
cpuid level	: 11
wp		: yes
flags		: fpu vme de pse tsc msr pae mce cx8 apic sep mtrr pge mca cmov pat pse36 clflush dts mmx fxsr sse sse2 ss ht syscall nx rdtscp lm constant_tsc arch_perfmon pebs bts nopl tsc_reliable nonstop_tsc pni ssse3 cx16 sse4_1 sse4_2 popcnt hypervisor lahf_lm kaiser arat
bugs		: cpu_meltdown spectre_v1 spectre_v2 spec_store_bypass l1tf mds swapgs itlb_multihit
bogomips	: 5852.00
clflush size	: 64
cache_alignment	: 64
address sizes	: 40 bits physical, 48 bits virtual
power management:

processor	: 1
vendor_id	: GenuineIntel
cpu family	: 6
model		: 26
model name	: Intel(R) Xeon(R) CPU           X5570  @ 2.93GHz
stepping	: 4
microcode	: 0x1d
cpu MHz		: 2926.000
cache size	: 8192 KB
physical id	: 0
siblings	: 4
core id		: 1
cpu cores	: 4
apicid		: 1
initial apicid	: 1
fpu		: yes
fpu_exception	: yes
cpuid level	: 11
wp		: yes
flags		: fpu vme de pse tsc msr pae mce cx8 apic sep mtrr pge mca cmov pat pse36 clflush dts mmx fxsr sse sse2 ss ht syscall nx rdtscp lm constant_tsc arch_perfmon pebs bts nopl tsc_reliable nonstop_tsc pni ssse3 cx16 sse4_1 sse4_2 popcnt hypervisor lahf_lm kaiser arat
bugs		: cpu_meltdown spectre_v1 spectre_v2 spec_store_bypass l1tf mds swapgs itlb_multihit
bogomips	: 5852.00
clflush size	: 64
cache_alignment	: 64
address sizes	: 40 bits physical, 48 bits virtual
power management:

processor	: 2
vendor_id	: GenuineIntel
cpu family	: 6
model		: 26
model name	: Intel(R) Xeon(R) CPU           X5570  @ 2.93GHz
stepping	: 4
microcode	: 0x1d
cpu MHz		: 2926.000
cache size	: 8192 KB
physical id	: 0
siblings	: 4
core id		: 2
cpu cores	: 4
apicid		: 2
initial apicid	: 2
fpu		: yes
fpu_exception	: yes
cpuid level	: 11
wp		: yes
flags		: fpu vme de pse tsc msr pae mce cx8 apic sep mtrr pge mca cmov pat pse36 clflush dts mmx fxsr sse sse2 ss ht syscall nx rdtscp lm constant_tsc arch_perfmon pebs bts nopl tsc_reliable nonstop_tsc pni ssse3 cx16 sse4_1 sse4_2 popcnt hypervisor lahf_lm kaiser arat
bugs		: cpu_meltdown spectre_v1 spectre_v2 spec_store_bypass l1tf mds swapgs itlb_multihit
bogomips	: 5852.00
clflush size	: 64
cache_alignment	: 64
address sizes	: 40 bits physical, 48 bits virtual
power management:

processor	: 3
vendor_id	: GenuineIntel
cpu family	: 6
model		: 26
model name	: Intel(R) Xeon(R) CPU           X5570  @ 2.93GHz
stepping	: 4
microcode	: 0x1d
cpu MHz		: 2926.000
cache size	: 8192 KB
physical id	: 0
siblings	: 4
core id		: 3
cpu cores	: 4
apicid		: 3
initial apicid	: 3
fpu		: yes
fpu_exception	: yes
cpuid level	: 11
wp		: yes
flags		: fpu vme de pse tsc msr pae mce cx8 apic sep mtrr pge mca cmov pat pse36 clflush dts mmx fxsr sse sse2 ss ht syscall nx rdtscp lm constant_tsc arch_perfmon pebs bts nopl tsc_reliable nonstop_tsc pni ssse3 cx16 sse4_1 sse4_2 popcnt hypervisor lahf_lm kaiser arat
bugs		: cpu_meltdown spectre_v1 spectre_v2 spec_store_bypass l1tf mds swapgs itlb_multihit
bogomips	: 5852.00
clflush size	: 64
cache_alignment	: 64
address sizes	: 40 bits physical, 48 bits virtual
power management:

processor	: 4
vendor_id	: GenuineIntel
cpu family	: 6
model		: 26
model name	: Intel(R) Xeon(R) CPU           X5570  @ 2.93GHz
stepping	: 4
microcode	: 0x1d
cpu MHz		: 2926.000
cache size	: 8192 KB
physical id	: 1
siblings	: 4
core id		: 0
cpu cores	: 4
apicid		: 4
initial apicid	: 4
fpu		: yes
fpu_exception	: yes
cpuid level	: 11
wp		: yes
flags		: fpu vme de pse tsc msr pae mce cx8 apic sep mtrr pge mca cmov pat pse36 clflush dts mmx fxsr sse sse2 ss ht syscall nx rdtscp lm constant_tsc arch_perfmon pebs bts nopl tsc_reliable nonstop_tsc pni ssse3 cx16 sse4_1 sse4_2 popcnt hypervisor lahf_lm kaiser arat
bugs		: cpu_meltdown spectre_v1 spectre_v2 spec_store_bypass l1tf mds swapgs itlb_multihit
bogomips	: 5852.00
clflush size	: 64
cache_alignment	: 64
address sizes	: 40 bits physical, 48 bits virtual
power management:

processor	: 5
vendor_id	: GenuineIntel
cpu family	: 6
model		: 26
model name	: Intel(R) Xeon(R) CPU           X5570  @ 2.93GHz
stepping	: 4
microcode	: 0x1d
cpu MHz		: 2926.000
cache size	: 8192 KB
physical id	: 1
siblings	: 4
core id		: 1
cpu cores	: 4
apicid		: 5
initial apicid	: 5
fpu		: yes
fpu_exception	: yes
cpuid level	: 11
wp		: yes
flags		: fpu vme de pse tsc msr pae mce cx8 apic sep mtrr pge mca cmov pat pse36 clflush dts mmx fxsr sse sse2 ss ht syscall nx rdtscp lm constant_tsc arch_perfmon pebs bts nopl tsc_reliable nonstop_tsc pni ssse3 cx16 sse4_1 sse4_2 popcnt hypervisor lahf_lm kaiser arat
bugs		: cpu_meltdown spectre_v1 spectre_v2 spec_store_bypass l1tf mds swapgs itlb_multihit
bogomips	: 5852.00
clflush size	: 64
cache_alignment	: 64
address sizes	: 40 bits physical, 48 bits virtual
power management:

processor	: 6
vendor_id	: GenuineIntel
cpu family	: 6
model		: 26
model name	: Intel(R) Xeon(R) CPU           X5570  @ 2.93GHz
stepping	: 4
microcode	: 0x1d
cpu MHz		: 2926.000
cache size	: 8192 KB
physical id	: 1
siblings	: 4
core id		: 2
cpu cores	: 4
apicid		: 6
initial apicid	: 6
fpu		: yes
fpu_exception	: yes
cpuid level	: 11
wp		: yes
flags		: fpu vme de pse tsc msr pae mce cx8 apic sep mtrr pge mca cmov pat pse36 clflush dts mmx fxsr sse sse2 ss ht syscall nx rdtscp lm constant_tsc arch_perfmon pebs bts nopl tsc_reliable nonstop_tsc pni ssse3 cx16 sse4_1 sse4_2 popcnt hypervisor lahf_lm kaiser arat
bugs		: cpu_meltdown spectre_v1 spectre_v2 spec_store_bypass l1tf mds swapgs itlb_multihit
bogomips	: 5852.00
clflush size	: 64
cache_alignment	: 64
address sizes	: 40 bits physical, 48 bits virtual
power management:

processor	: 7
vendor_id	: GenuineIntel
cpu family	: 6
model		: 26
model name	: Intel(R) Xeon(R) CPU           X5570  @ 2.93GHz
stepping	: 4
microcode	: 0x1d
cpu MHz		: 2926.000
cache size	: 8192 KB
physical id	: 1
siblings	: 4
core id		: 3
cpu cores	: 4
apicid		: 7
initial apicid	: 7
fpu		: yes
fpu_exception	: yes
cpuid level	: 11
wp		: yes
flags		: fpu vme de pse tsc msr pae mce cx8 apic sep mtrr pge mca cmov pat pse36 clflush dts mmx fxsr sse sse2 ss ht syscall nx rdtscp lm constant_tsc arch_perfmon pebs bts nopl tsc_reliable nonstop_tsc pni ssse3 cx16 sse4_1 sse4_2 popcnt hypervisor lahf_lm kaiser arat
bugs		: cpu_meltdown spectre_v1 spectre_v2 spec_store_bypass l1tf mds swapgs itlb_multihit
bogomips	: 5852.00
clflush size	: 64
cache_alignment	: 64
address sizes	: 40 bits physical, 48 bits virtual
power management:



Memory: 4k page, physical 16431668k(171164k free), swap 4192252k(4093744k free)

vm_info: OpenJDK 64-Bit Server VM (25.275-b01) for linux-amd64 JRE (1.8.0_275-8u275-b01-0ubuntu1~16.04-b01), built on Nov  9 2020 03:41:32 by "buildd" with gcc 5.4.0 20160609

time: Thu Dec 10 21:56:54 2020
timezone: EST
elapsed time: 0.009795 seconds (0d 0h 0m 0s)

