#
# There is insufficient memory for the Java Runtime Environment to continue.
# Cannot create GC thread. Out of system resources.
# Possible reasons:
#   The system is out of physical RAM or swap space
#   The process is running with CompressedOops enabled, and the Java Heap may be blocking the growth of the native heap
# Possible solutions:
#   Reduce memory load on the system
#   Increase physical memory or swap space
#   Check if swap backing store is full
#   Decrease Java heap size (-Xmx/-Xms)
#   Decrease number of Java threads
#   Decrease Java thread stack sizes (-Xss)
#   Set larger code cache with -XX:ReservedCodeCacheSize=
# This output file may be truncated or incomplete.
#
#  Out of Memory Error (gcTaskThread.cpp:48), pid=1685, tid=0x00007fb34342f700
#
# JRE version:  (8.0_275-b01) (build )
# Java VM: OpenJDK 64-Bit Server VM (25.275-b01 mixed mode linux-amd64 compressed oops)
# Failed to write core dump. Core dumps have been disabled. To enable core dumping, try "ulimit -c unlimited" before starting Java again
#

---------------  T H R E A D  ---------------

Current thread (0x00007fb33c00a800):  JavaThread "Unknown thread" [_thread_in_vm, id=1686, stack(0x00007fb34332f000,0x00007fb343430000)]

Stack: [0x00007fb34332f000,0x00007fb343430000],  sp=0x00007fb34342e810,  free space=1022k
Native frames: (J=compiled Java code, j=interpreted, Vv=VM code, C=native code)
V  [libjvm.so+0xb1de0b]
V  [libjvm.so+0x4e019c]
V  [libjvm.so+0x5c953f]
V  [libjvm.so+0x5c86a7]
V  [libjvm.so+0x984099]
V  [libjvm.so+0xae1809]
V  [libjvm.so+0xae1a52]
V  [libjvm.so+0x63e32f]
V  [libjvm.so+0xac525b]
V  [libjvm.so+0x714b30]  JNI_CreateJavaVM+0x60
C  [libjli.so+0x2f8a]
C  [libjli.so+0x75cd]
C  [libpthread.so.0+0x76ba]  start_thread+0xca


---------------  P R O C E S S  ---------------

Java Threads: ( => current thread )

Other Threads:

=>0x00007fb33c00a800 (exited) JavaThread "Unknown thread" [_thread_in_vm, id=1686, stack(0x00007fb34332f000,0x00007fb343430000)]

VM state:not at safepoint (not fully initialized)

VM Mutex/Monitor currently owned by a thread: None

heap address: 0x00000006c5400000, size: 4012 MB, Compressed Oops mode: Non-zero based:0x00000006c53ff000, Oop shift amount: 3
Narrow klass base: 0x0000000000000000, Narrow klass shift: 0

GC Heap History (0 events):
No events

Deoptimization events (0 events):
No events

Classes redefined (0 events):
No events

Internal exceptions (0 events):
No events

Events (0 events):
No events


Dynamic libraries:
6c5400000-6cfc00000 rw-p 00000000 00:00 0 
6cfc00000-76c700000 ---p 00000000 00:00 0 
76c700000-771b00000 rw-p 00000000 00:00 0 
771b00000-7c0000000 ---p 00000000 00:00 0 
55d03bb11000-55d03bb12000 r-xp 00000000 08:01 935344                     /usr/lib/jvm/java-8-openjdk-amd64/jre/bin/java
55d03bd11000-55d03bd12000 r--p 00000000 08:01 935344                     /usr/lib/jvm/java-8-openjdk-amd64/jre/bin/java
55d03bd12000-55d03bd13000 rw-p 00001000 08:01 935344                     /usr/lib/jvm/java-8-openjdk-amd64/jre/bin/java
55d03d621000-55d03d642000 rw-p 00000000 00:00 0                          [heap]
7fb32b30c000-7fb32b30d000 ---p 00000000 00:00 0 
7fb32b30d000-7fb32b40d000 rw-p 00000000 00:00 0 
7fb32b40d000-7fb32b40e000 ---p 00000000 00:00 0 
7fb32b40e000-7fb32b50e000 rw-p 00000000 00:00 0 
7fb32b50e000-7fb32b50f000 ---p 00000000 00:00 0 
7fb32b50f000-7fb32b60f000 rw-p 00000000 00:00 0 
7fb32b60f000-7fb32b610000 ---p 00000000 00:00 0 
7fb32b610000-7fb32b710000 rw-p 00000000 00:00 0 
7fb32b710000-7fb32b711000 ---p 00000000 00:00 0 
7fb32b711000-7fb32b811000 rw-p 00000000 00:00 0 
7fb32b811000-7fb32b812000 ---p 00000000 00:00 0 
7fb32b812000-7fb32b912000 rw-p 00000000 00:00 0 
7fb32b912000-7fb32b913000 ---p 00000000 00:00 0 
7fb32b913000-7fb32ba13000 rw-p 00000000 00:00 0 
7fb32ba13000-7fb32ba14000 ---p 00000000 00:00 0 
7fb32ba14000-7fb32bb68000 rw-p 00000000 00:00 0 
7fb32bb68000-7fb32c04e000 ---p 00000000 00:00 0 
7fb32c04e000-7fb32c0a2000 rw-p 00000000 00:00 0 
7fb32c0a2000-7fb32c587000 ---p 00000000 00:00 0 
7fb32c587000-7fb32c5b2000 rw-p 00000000 00:00 0 
7fb32c5b2000-7fb32c824000 ---p 00000000 00:00 0 
7fb32c824000-7fb32c82f000 rw-p 00000000 00:00 0 
7fb32c82f000-7fb32cbe5000 ---p 00000000 00:00 0 
7fb32cbe5000-7fb32ce55000 rwxp 00000000 00:00 0 
7fb32ce55000-7fb33bbe5000 ---p 00000000 00:00 0 
7fb33bbe5000-7fb33bbed000 r-xp 00000000 08:01 935080                     /usr/lib/jvm/java-8-openjdk-amd64/jre/lib/amd64/libzip.so
7fb33bbed000-7fb33bdec000 ---p 00008000 08:01 935080                     /usr/lib/jvm/java-8-openjdk-amd64/jre/lib/amd64/libzip.so
7fb33bdec000-7fb33bded000 r--p 00007000 08:01 935080                     /usr/lib/jvm/java-8-openjdk-amd64/jre/lib/amd64/libzip.so
7fb33bded000-7fb33bdee000 rw-p 00008000 08:01 935080                     /usr/lib/jvm/java-8-openjdk-amd64/jre/lib/amd64/libzip.so
7fb33bdee000-7fb33bdf9000 r-xp 00000000 08:01 525391                     /lib/x86_64-linux-gnu/libnss_files-2.23.so
7fb33bdf9000-7fb33bff8000 ---p 0000b000 08:01 525391                     /lib/x86_64-linux-gnu/libnss_files-2.23.so
7fb33bff8000-7fb33bff9000 r--p 0000a000 08:01 525391                     /lib/x86_64-linux-gnu/libnss_files-2.23.so
7fb33bff9000-7fb33bffa000 rw-p 0000b000 08:01 525391                     /lib/x86_64-linux-gnu/libnss_files-2.23.so
7fb33bffa000-7fb33c000000 rw-p 00000000 00:00 0 
7fb33c000000-7fb33c044000 rw-p 00000000 00:00 0 
7fb33c044000-7fb340000000 ---p 00000000 00:00 0 
7fb3400f7000-7fb340102000 r-xp 00000000 08:01 529050                     /lib/x86_64-linux-gnu/libnss_nis-2.23.so
7fb340102000-7fb340301000 ---p 0000b000 08:01 529050                     /lib/x86_64-linux-gnu/libnss_nis-2.23.so
7fb340301000-7fb340302000 r--p 0000a000 08:01 529050                     /lib/x86_64-linux-gnu/libnss_nis-2.23.so
7fb340302000-7fb340303000 rw-p 0000b000 08:01 529050                     /lib/x86_64-linux-gnu/libnss_nis-2.23.so
7fb340303000-7fb340319000 r-xp 00000000 08:01 525380                     /lib/x86_64-linux-gnu/libnsl-2.23.so
7fb340319000-7fb340518000 ---p 00016000 08:01 525380                     /lib/x86_64-linux-gnu/libnsl-2.23.so
7fb340518000-7fb340519000 r--p 00015000 08:01 525380                     /lib/x86_64-linux-gnu/libnsl-2.23.so
7fb340519000-7fb34051a000 rw-p 00016000 08:01 525380                     /lib/x86_64-linux-gnu/libnsl-2.23.so
7fb34051a000-7fb34051c000 rw-p 00000000 00:00 0 
7fb34051c000-7fb340524000 r-xp 00000000 08:01 529048                     /lib/x86_64-linux-gnu/libnss_compat-2.23.so
7fb340524000-7fb340723000 ---p 00008000 08:01 529048                     /lib/x86_64-linux-gnu/libnss_compat-2.23.so
7fb340723000-7fb340724000 r--p 00007000 08:01 529048                     /lib/x86_64-linux-gnu/libnss_compat-2.23.so
7fb340724000-7fb340725000 rw-p 00008000 08:01 529048                     /lib/x86_64-linux-gnu/libnss_compat-2.23.so
7fb340725000-7fb34074f000 r-xp 00000000 08:01 922248                     /usr/lib/jvm/java-8-openjdk-amd64/jre/lib/amd64/libjava.so
7fb34074f000-7fb34094e000 ---p 0002a000 08:01 922248                     /usr/lib/jvm/java-8-openjdk-amd64/jre/lib/amd64/libjava.so
7fb34094e000-7fb34094f000 r--p 00029000 08:01 922248                     /usr/lib/jvm/java-8-openjdk-amd64/jre/lib/amd64/libjava.so
7fb34094f000-7fb340951000 rw-p 0002a000 08:01 922248                     /usr/lib/jvm/java-8-openjdk-amd64/jre/lib/amd64/libjava.so
7fb340951000-7fb340960000 r-xp 00000000 08:01 935060                     /usr/lib/jvm/java-8-openjdk-amd64/jre/lib/amd64/libverify.so
7fb340960000-7fb340b5f000 ---p 0000f000 08:01 935060                     /usr/lib/jvm/java-8-openjdk-amd64/jre/lib/amd64/libverify.so
7fb340b5f000-7fb340b61000 r--p 0000e000 08:01 935060                     /usr/lib/jvm/java-8-openjdk-amd64/jre/lib/amd64/libverify.so
7fb340b61000-7fb340b62000 rw-p 00010000 08:01 935060                     /usr/lib/jvm/java-8-openjdk-amd64/jre/lib/amd64/libverify.so
7fb340b62000-7fb340b69000 r-xp 00000000 08:01 529053                     /lib/x86_64-linux-gnu/librt-2.23.so
7fb340b69000-7fb340d68000 ---p 00007000 08:01 529053                     /lib/x86_64-linux-gnu/librt-2.23.so
7fb340d68000-7fb340d69000 r--p 00006000 08:01 529053                     /lib/x86_64-linux-gnu/librt-2.23.so
7fb340d69000-7fb340d6a000 rw-p 00007000 08:01 529053                     /lib/x86_64-linux-gnu/librt-2.23.so
7fb340d6a000-7fb340d80000 r-xp 00000000 08:01 524818                     /lib/x86_64-linux-gnu/libgcc_s.so.1
7fb340d80000-7fb340f7f000 ---p 00016000 08:01 524818                     /lib/x86_64-linux-gnu/libgcc_s.so.1
7fb340f7f000-7fb340f80000 rw-p 00015000 08:01 524818                     /lib/x86_64-linux-gnu/libgcc_s.so.1
7fb340f80000-7fb341088000 r-xp 00000000 08:01 525381                     /lib/x86_64-linux-gnu/libm-2.23.so
7fb341088000-7fb341287000 ---p 00108000 08:01 525381                     /lib/x86_64-linux-gnu/libm-2.23.so
7fb341287000-7fb341288000 r--p 00107000 08:01 525381                     /lib/x86_64-linux-gnu/libm-2.23.so
7fb341288000-7fb341289000 rw-p 00108000 08:01 525381                     /lib/x86_64-linux-gnu/libm-2.23.so
7fb341289000-7fb3413fb000 r-xp 00000000 08:01 3149753                    /usr/lib/x86_64-linux-gnu/libstdc++.so.6.0.21
7fb3413fb000-7fb3415fb000 ---p 00172000 08:01 3149753                    /usr/lib/x86_64-linux-gnu/libstdc++.so.6.0.21
7fb3415fb000-7fb341605000 r--p 00172000 08:01 3149753                    /usr/lib/x86_64-linux-gnu/libstdc++.so.6.0.21
7fb341605000-7fb341607000 rw-p 0017c000 08:01 3149753                    /usr/lib/x86_64-linux-gnu/libstdc++.so.6.0.21
7fb341607000-7fb34160b000 rw-p 00000000 00:00 0 
7fb34160b000-7fb342330000 r-xp 00000000 08:01 935071                     /usr/lib/jvm/java-8-openjdk-amd64/jre/lib/amd64/server/libjvm.so
7fb342330000-7fb34252f000 ---p 00d25000 08:01 935071                     /usr/lib/jvm/java-8-openjdk-amd64/jre/lib/amd64/server/libjvm.so
7fb34252f000-7fb3425c5000 r--p 00d24000 08:01 935071                     /usr/lib/jvm/java-8-openjdk-amd64/jre/lib/amd64/server/libjvm.so
7fb3425c5000-7fb3425ee000 rw-p 00dba000 08:01 935071                     /usr/lib/jvm/java-8-openjdk-amd64/jre/lib/amd64/server/libjvm.so
7fb3425ee000-7fb342621000 rw-p 00000000 00:00 0 
7fb342621000-7fb342639000 r-xp 00000000 08:01 525378                     /lib/x86_64-linux-gnu/libpthread-2.23.so
7fb342639000-7fb342838000 ---p 00018000 08:01 525378                     /lib/x86_64-linux-gnu/libpthread-2.23.so
7fb342838000-7fb342839000 r--p 00017000 08:01 525378                     /lib/x86_64-linux-gnu/libpthread-2.23.so
7fb342839000-7fb34283a000 rw-p 00018000 08:01 525378                     /lib/x86_64-linux-gnu/libpthread-2.23.so
7fb34283a000-7fb34283e000 rw-p 00000000 00:00 0 
7fb34283e000-7fb342841000 r-xp 00000000 08:01 525043                     /lib/x86_64-linux-gnu/libdl-2.23.so
7fb342841000-7fb342a40000 ---p 00003000 08:01 525043                     /lib/x86_64-linux-gnu/libdl-2.23.so
7fb342a40000-7fb342a41000 r--p 00002000 08:01 525043                     /lib/x86_64-linux-gnu/libdl-2.23.so
7fb342a41000-7fb342a42000 rw-p 00003000 08:01 525043                     /lib/x86_64-linux-gnu/libdl-2.23.so
7fb342a42000-7fb342a5b000 r-xp 00000000 08:01 524772                     /lib/x86_64-linux-gnu/libz.so.1.2.8
7fb342a5b000-7fb342c5a000 ---p 00019000 08:01 524772                     /lib/x86_64-linux-gnu/libz.so.1.2.8
7fb342c5a000-7fb342c5b000 r--p 00018000 08:01 524772                     /lib/x86_64-linux-gnu/libz.so.1.2.8
7fb342c5b000-7fb342c5c000 rw-p 00019000 08:01 524772                     /lib/x86_64-linux-gnu/libz.so.1.2.8
7fb342c5c000-7fb342e1c000 r-xp 00000000 08:01 525377                     /lib/x86_64-linux-gnu/libc-2.23.so
7fb342e1c000-7fb34301c000 ---p 001c0000 08:01 525377                     /lib/x86_64-linux-gnu/libc-2.23.so
7fb34301c000-7fb343020000 r--p 001c0000 08:01 525377                     /lib/x86_64-linux-gnu/libc-2.23.so
7fb343020000-7fb343022000 rw-p 001c4000 08:01 525377                     /lib/x86_64-linux-gnu/libc-2.23.so
7fb343022000-7fb343026000 rw-p 00000000 00:00 0 
7fb343026000-7fb343034000 r-xp 00000000 08:01 935054                     /usr/lib/jvm/java-8-openjdk-amd64/jre/lib/amd64/jli/libjli.so
7fb343034000-7fb343233000 ---p 0000e000 08:01 935054                     /usr/lib/jvm/java-8-openjdk-amd64/jre/lib/amd64/jli/libjli.so
7fb343233000-7fb343234000 r--p 0000d000 08:01 935054                     /usr/lib/jvm/java-8-openjdk-amd64/jre/lib/amd64/jli/libjli.so
7fb343234000-7fb343235000 rw-p 0000e000 08:01 935054                     /usr/lib/jvm/java-8-openjdk-amd64/jre/lib/amd64/jli/libjli.so
7fb343235000-7fb34325b000 r-xp 00000000 08:01 525389                     /lib/x86_64-linux-gnu/ld-2.23.so
7fb34332f000-7fb343332000 ---p 00000000 00:00 0 
7fb343332000-7fb343434000 rw-p 00000000 00:00 0 
7fb34344f000-7fb343457000 rw-s 00000000 08:01 1311774                    /tmp/hsperfdata_ekeramat/1685
7fb343457000-7fb343458000 rw-p 00000000 00:00 0 
7fb343458000-7fb343459000 r--p 00000000 00:00 0 
7fb343459000-7fb34345a000 rw-p 00000000 00:00 0 
7fb34345a000-7fb34345b000 r--p 00025000 08:01 525389                     /lib/x86_64-linux-gnu/ld-2.23.so
7fb34345b000-7fb34345c000 rw-p 00026000 08:01 525389                     /lib/x86_64-linux-gnu/ld-2.23.so
7fb34345c000-7fb34345d000 rw-p 00000000 00:00 0 
7fffe7fd1000-7fffe7ff2000 rw-p 00000000 00:00 0                          [stack]
7fffe7ffc000-7fffe7ffe000 r--p 00000000 00:00 0                          [vvar]
7fffe7ffe000-7fffe8000000 r-xp 00000000 00:00 0                          [vdso]
ffffffffff600000-ffffffffff601000 r-xp 00000000 00:00 0                  [vsyscall]

VM Arguments:
java_command: jjtree HL.jjt
java_class_path (initial): /opt/javacc/target/javacc.jar
Launcher Type: SUN_STANDARD

Environment Variables:
JAVA_HOME=/usr/lib/jvm/java-8-openjdk-amd64
PATH=/usr/local/bin:/usr/bin:/bin:/usr/local/games:/usr/games:/snap/bin:/usr/courses/bin/x86_64
SHELL=/bin/bash

Signal Handlers:
SIGSEGV: [libjvm.so+0xb1e940], sa_mask[0]=11111111011111111101111111111110, sa_flags=SA_RESTART|SA_SIGINFO
SIGBUS: [libjvm.so+0xb1e940], sa_mask[0]=11111111011111111101111111111110, sa_flags=SA_RESTART|SA_SIGINFO
SIGFPE: [libjvm.so+0x956450], sa_mask[0]=11111111011111111101111111111110, sa_flags=SA_RESTART|SA_SIGINFO
SIGPIPE: [libjvm.so+0x956450], sa_mask[0]=11111111011111111101111111111110, sa_flags=SA_RESTART|SA_SIGINFO
SIGXFSZ: [libjvm.so+0x956450], sa_mask[0]=11111111011111111101111111111110, sa_flags=SA_RESTART|SA_SIGINFO
SIGILL: [libjvm.so+0x956450], sa_mask[0]=11111111011111111101111111111110, sa_flags=SA_RESTART|SA_SIGINFO
SIGUSR1: SIG_DFL, sa_mask[0]=00000000000000000000000000000000, sa_flags=none
SIGUSR2: [libjvm.so+0x956300], sa_mask[0]=00000000000000000000000000000000, sa_flags=SA_RESTART|SA_SIGINFO
SIGHUP: SIG_DFL, sa_mask[0]=00000000000000000000000000000000, sa_flags=none
SIGINT: SIG_DFL, sa_mask[0]=00000000000000000000000000000000, sa_flags=none
SIGTERM: SIG_DFL, sa_mask[0]=00000000000000000000000000000000, sa_flags=none
SIGQUIT: SIG_DFL, sa_mask[0]=00000000000000000000000000000000, sa_flags=none


---------------  S Y S T E M  ---------------

OS:DISTRIB_ID=Ubuntu
DISTRIB_RELEASE=16.04
DISTRIB_CODENAME=xenial
DISTRIB_DESCRIPTION="Ubuntu 16.04.7 LTS"

uname:Linux 4.4.0-190-generic #220-Ubuntu SMP Fri Aug 28 23:02:15 UTC 2020 x86_64
libc:glibc 2.23 NPTL 2.23 
rlimit: STACK 8192k, CORE 0k, NPROC 75, NOFILE 1048576, AS infinity
load average:0.15 0.06 0.01

/proc/meminfo:
MemTotal:       16431672 kB
MemFree:         2287636 kB
MemAvailable:   14841388 kB
Buffers:          742776 kB
Cached:         10085712 kB
SwapCached:          148 kB
Active:          5396028 kB
Inactive:        6185024 kB
Active(anon):     685736 kB
Inactive(anon):   245484 kB
Active(file):    4710292 kB
Inactive(file):  5939540 kB
Unevictable:        3652 kB
Mlocked:            3652 kB
SwapTotal:       4192252 kB
SwapFree:        4191864 kB
Dirty:                60 kB
Writeback:             4 kB
AnonPages:        756000 kB
Mapped:           173204 kB
Shmem:            176216 kB
Slab:            2429804 kB
SReclaimable:    2242244 kB
SUnreclaim:       187560 kB
KernelStack:        8064 kB
PageTables:        32972 kB
NFS_Unstable:          0 kB
Bounce:                0 kB
WritebackTmp:          0 kB
CommitLimit:    12408088 kB
Committed_AS:    3890008 kB
VmallocTotal:   34359738367 kB
VmallocUsed:           0 kB
VmallocChunk:          0 kB
HardwareCorrupted:     0 kB
AnonHugePages:         0 kB
CmaTotal:              0 kB
CmaFree:               0 kB
HugePages_Total:       0
HugePages_Free:        0
HugePages_Rsvd:        0
HugePages_Surp:        0
Hugepagesize:       2048 kB
DirectMap4k:      405376 kB
DirectMap2M:    16371712 kB

container (cgroup) information:
container_type: cgroupv1
cpu_cpuset_cpus: 0-7
cpu_memory_nodes: 0
active_processor_count: 8
cpu_quota: -1
cpu_period: 100000
cpu_shares: -1
memory_limit_in_bytes: -1
memory_and_swap_limit_in_bytes: -2
memory_soft_limit_in_bytes: -1
memory_usage_in_bytes: 8633069568
memory_max_usage_in_bytes: 11058888704


CPU:total 8 (initial active 8) (4 cores per cpu, 1 threads per core) family 6 model 26 stepping 4, cmov, cx8, fxsr, mmx, sse, sse2, sse3, ssse3, sse4.1, sse4.2, popcnt, tsc, tscinvbit, tscinv

/proc/cpuinfo:
processor	: 0
vendor_id	: GenuineIntel
cpu family	: 6
model		: 26
model name	: Intel(R) Xeon(R) CPU           X5570  @ 2.93GHz
stepping	: 4
microcode	: 0x1d
cpu MHz		: 2926.000
cache size	: 8192 KB
physical id	: 0
siblings	: 4
core id		: 0
cpu cores	: 4
apicid		: 0
initial apicid	: 0
fpu		: yes
fpu_exception	: yes
cpuid level	: 11
wp		: yes
flags		: fpu vme de pse tsc msr pae mce cx8 apic sep mtrr pge mca cmov pat pse36 clflush dts mmx fxsr sse sse2 ss ht syscall nx rdtscp lm constant_tsc arch_perfmon pebs bts nopl tsc_reliable nonstop_tsc pni ssse3 cx16 sse4_1 sse4_2 popcnt hypervisor lahf_lm kaiser arat
bugs		: cpu_meltdown spectre_v1 spectre_v2 spec_store_bypass l1tf mds swapgs itlb_multihit
bogomips	: 5852.00
clflush size	: 64
cache_alignment	: 64
address sizes	: 40 bits physical, 48 bits virtual
power management:

processor	: 1
vendor_id	: GenuineIntel
cpu family	: 6
model		: 26
model name	: Intel(R) Xeon(R) CPU           X5570  @ 2.93GHz
stepping	: 4
microcode	: 0x1d
cpu MHz		: 2926.000
cache size	: 8192 KB
physical id	: 0
siblings	: 4
core id		: 1
cpu cores	: 4
apicid		: 1
initial apicid	: 1
fpu		: yes
fpu_exception	: yes
cpuid level	: 11
wp		: yes
flags		: fpu vme de pse tsc msr pae mce cx8 apic sep mtrr pge mca cmov pat pse36 clflush dts mmx fxsr sse sse2 ss ht syscall nx rdtscp lm constant_tsc arch_perfmon pebs bts nopl tsc_reliable nonstop_tsc pni ssse3 cx16 sse4_1 sse4_2 popcnt hypervisor lahf_lm kaiser arat
bugs		: cpu_meltdown spectre_v1 spectre_v2 spec_store_bypass l1tf mds swapgs itlb_multihit
bogomips	: 5852.00
clflush size	: 64
cache_alignment	: 64
address sizes	: 40 bits physical, 48 bits virtual
power management:

processor	: 2
vendor_id	: GenuineIntel
cpu family	: 6
model		: 26
model name	: Intel(R) Xeon(R) CPU           X5570  @ 2.93GHz
stepping	: 4
microcode	: 0x1d
cpu MHz		: 2926.000
cache size	: 8192 KB
physical id	: 0
siblings	: 4
core id		: 2
cpu cores	: 4
apicid		: 2
initial apicid	: 2
fpu		: yes
fpu_exception	: yes
cpuid level	: 11
wp		: yes
flags		: fpu vme de pse tsc msr pae mce cx8 apic sep mtrr pge mca cmov pat pse36 clflush dts mmx fxsr sse sse2 ss ht syscall nx rdtscp lm constant_tsc arch_perfmon pebs bts nopl tsc_reliable nonstop_tsc pni ssse3 cx16 sse4_1 sse4_2 popcnt hypervisor lahf_lm kaiser arat
bugs		: cpu_meltdown spectre_v1 spectre_v2 spec_store_bypass l1tf mds swapgs itlb_multihit
bogomips	: 5852.00
clflush size	: 64
cache_alignment	: 64
address sizes	: 40 bits physical, 48 bits virtual
power management:

processor	: 3
vendor_id	: GenuineIntel
cpu family	: 6
model		: 26
model name	: Intel(R) Xeon(R) CPU           X5570  @ 2.93GHz
stepping	: 4
microcode	: 0x1d
cpu MHz		: 2926.000
cache size	: 8192 KB
physical id	: 0
siblings	: 4
core id		: 3
cpu cores	: 4
apicid		: 3
initial apicid	: 3
fpu		: yes
fpu_exception	: yes
cpuid level	: 11
wp		: yes
flags		: fpu vme de pse tsc msr pae mce cx8 apic sep mtrr pge mca cmov pat pse36 clflush dts mmx fxsr sse sse2 ss ht syscall nx rdtscp lm constant_tsc arch_perfmon pebs bts nopl tsc_reliable nonstop_tsc pni ssse3 cx16 sse4_1 sse4_2 popcnt hypervisor lahf_lm kaiser arat
bugs		: cpu_meltdown spectre_v1 spectre_v2 spec_store_bypass l1tf mds swapgs itlb_multihit
bogomips	: 5852.00
clflush size	: 64
cache_alignment	: 64
address sizes	: 40 bits physical, 48 bits virtual
power management:

processor	: 4
vendor_id	: GenuineIntel
cpu family	: 6
model		: 26
model name	: Intel(R) Xeon(R) CPU           X5570  @ 2.93GHz
stepping	: 4
microcode	: 0x1d
cpu MHz		: 2926.000
cache size	: 8192 KB
physical id	: 1
siblings	: 4
core id		: 0
cpu cores	: 4
apicid		: 4
initial apicid	: 4
fpu		: yes
fpu_exception	: yes
cpuid level	: 11
wp		: yes
flags		: fpu vme de pse tsc msr pae mce cx8 apic sep mtrr pge mca cmov pat pse36 clflush dts mmx fxsr sse sse2 ss ht syscall nx rdtscp lm constant_tsc arch_perfmon pebs bts nopl tsc_reliable nonstop_tsc pni ssse3 cx16 sse4_1 sse4_2 popcnt hypervisor lahf_lm kaiser arat
bugs		: cpu_meltdown spectre_v1 spectre_v2 spec_store_bypass l1tf mds swapgs itlb_multihit
bogomips	: 5852.00
clflush size	: 64
cache_alignment	: 64
address sizes	: 40 bits physical, 48 bits virtual
power management:

processor	: 5
vendor_id	: GenuineIntel
cpu family	: 6
model		: 26
model name	: Intel(R) Xeon(R) CPU           X5570  @ 2.93GHz
stepping	: 4
microcode	: 0x1d
cpu MHz		: 2926.000
cache size	: 8192 KB
physical id	: 1
siblings	: 4
core id		: 1
cpu cores	: 4
apicid		: 5
initial apicid	: 5
fpu		: yes
fpu_exception	: yes
cpuid level	: 11
wp		: yes
flags		: fpu vme de pse tsc msr pae mce cx8 apic sep mtrr pge mca cmov pat pse36 clflush dts mmx fxsr sse sse2 ss ht syscall nx rdtscp lm constant_tsc arch_perfmon pebs bts nopl tsc_reliable nonstop_tsc pni ssse3 cx16 sse4_1 sse4_2 popcnt hypervisor lahf_lm kaiser arat
bugs		: cpu_meltdown spectre_v1 spectre_v2 spec_store_bypass l1tf mds swapgs itlb_multihit
bogomips	: 5852.00
clflush size	: 64
cache_alignment	: 64
address sizes	: 40 bits physical, 48 bits virtual
power management:

processor	: 6
vendor_id	: GenuineIntel
cpu family	: 6
model		: 26
model name	: Intel(R) Xeon(R) CPU           X5570  @ 2.93GHz
stepping	: 4
microcode	: 0x1d
cpu MHz		: 2926.000
cache size	: 8192 KB
physical id	: 1
siblings	: 4
core id		: 2
cpu cores	: 4
apicid		: 6
initial apicid	: 6
fpu		: yes
fpu_exception	: yes
cpuid level	: 11
wp		: yes
flags		: fpu vme de pse tsc msr pae mce cx8 apic sep mtrr pge mca cmov pat pse36 clflush dts mmx fxsr sse sse2 ss ht syscall nx rdtscp lm constant_tsc arch_perfmon pebs bts nopl tsc_reliable nonstop_tsc pni ssse3 cx16 sse4_1 sse4_2 popcnt hypervisor lahf_lm kaiser arat
bugs		: cpu_meltdown spectre_v1 spectre_v2 spec_store_bypass l1tf mds swapgs itlb_multihit
bogomips	: 5852.00
clflush size	: 64
cache_alignment	: 64
address sizes	: 40 bits physical, 48 bits virtual
power management:

processor	: 7
vendor_id	: GenuineIntel
cpu family	: 6
model		: 26
model name	: Intel(R) Xeon(R) CPU           X5570  @ 2.93GHz
stepping	: 4
microcode	: 0x1d
cpu MHz		: 2926.000
cache size	: 8192 KB
physical id	: 1
siblings	: 4
core id		: 3
cpu cores	: 4
apicid		: 7
initial apicid	: 7
fpu		: yes
fpu_exception	: yes
cpuid level	: 11
wp		: yes
flags		: fpu vme de pse tsc msr pae mce cx8 apic sep mtrr pge mca cmov pat pse36 clflush dts mmx fxsr sse sse2 ss ht syscall nx rdtscp lm constant_tsc arch_perfmon pebs bts nopl tsc_reliable nonstop_tsc pni ssse3 cx16 sse4_1 sse4_2 popcnt hypervisor lahf_lm kaiser arat
bugs		: cpu_meltdown spectre_v1 spectre_v2 spec_store_bypass l1tf mds swapgs itlb_multihit
bogomips	: 5852.00
clflush size	: 64
cache_alignment	: 64
address sizes	: 40 bits physical, 48 bits virtual
power management:



Memory: 4k page, physical 16431672k(2287636k free), swap 4192252k(4191864k free)

vm_info: OpenJDK 64-Bit Server VM (25.275-b01) for linux-amd64 JRE (1.8.0_275-8u275-b01-0ubuntu1~16.04-b01), built on Nov  9 2020 03:41:32 by "buildd" with gcc 5.4.0 20160609

time: Mon Dec  7 23:24:59 2020
timezone: EST
elapsed time: 0.051243 seconds (0d 0h 0m 0s)

