#
# There is insufficient memory for the Java Runtime Environment to continue.
# Cannot create GC thread. Out of system resources.
# Possible reasons:
#   The system is out of physical RAM or swap space
#   The process is running with CompressedOops enabled, and the Java Heap may be blocking the growth of the native heap
# Possible solutions:
#   Reduce memory load on the system
#   Increase physical memory or swap space
#   Check if swap backing store is full
#   Decrease Java heap size (-Xmx/-Xms)
#   Decrease number of Java threads
#   Decrease Java thread stack sizes (-Xss)
#   Set larger code cache with -XX:ReservedCodeCacheSize=
# This output file may be truncated or incomplete.
#
#  Out of Memory Error (gcTaskThread.cpp:48), pid=3726, tid=0x00007f1fa701a700
#
# JRE version:  (8.0_275-b01) (build )
# Java VM: OpenJDK 64-Bit Server VM (25.275-b01 mixed mode linux-amd64 compressed oops)
# Failed to write core dump. Core dumps have been disabled. To enable core dumping, try "ulimit -c unlimited" before starting Java again
#

---------------  T H R E A D  ---------------

Current thread (0x00007f1fa000a800):  JavaThread "Unknown thread" [_thread_in_vm, id=3727, stack(0x00007f1fa6f1a000,0x00007f1fa701b000)]

Stack: [0x00007f1fa6f1a000,0x00007f1fa701b000],  sp=0x00007f1fa7019810,  free space=1022k
Native frames: (J=compiled Java code, j=interpreted, Vv=VM code, C=native code)
V  [libjvm.so+0xb1de0b]
V  [libjvm.so+0x4e019c]
V  [libjvm.so+0x5c953f]
V  [libjvm.so+0x5c86a7]
V  [libjvm.so+0x984099]
V  [libjvm.so+0xae1809]
V  [libjvm.so+0xae1a52]
V  [libjvm.so+0x63e32f]
V  [libjvm.so+0xac525b]
V  [libjvm.so+0x714b30]  JNI_CreateJavaVM+0x60
C  [libjli.so+0x2f8a]
C  [libjli.so+0x75cd]
C  [libpthread.so.0+0x76ba]  start_thread+0xca


---------------  P R O C E S S  ---------------

Java Threads: ( => current thread )

Other Threads:

=>0x00007f1fa000a800 (exited) JavaThread "Unknown thread" [_thread_in_vm, id=3727, stack(0x00007f1fa6f1a000,0x00007f1fa701b000)]

VM state:not at safepoint (not fully initialized)

VM Mutex/Monitor currently owned by a thread: None

heap address: 0x00000006c5400000, size: 4012 MB, Compressed Oops mode: Non-zero based:0x00000006c53ff000, Oop shift amount: 3
Narrow klass base: 0x0000000000000000, Narrow klass shift: 0

GC Heap History (0 events):
No events

Deoptimization events (0 events):
No events

Classes redefined (0 events):
No events

Internal exceptions (0 events):
No events

Events (0 events):
No events


Dynamic libraries:
6c5400000-6cfc00000 rw-p 00000000 00:00 0 
6cfc00000-76c700000 ---p 00000000 00:00 0 
76c700000-771b00000 rw-p 00000000 00:00 0 
771b00000-7c0000000 ---p 00000000 00:00 0 
564594448000-564594449000 r-xp 00000000 08:01 922077                     /usr/lib/jvm/java-8-openjdk-amd64/jre/bin/java
564594648000-564594649000 r--p 00000000 08:01 922077                     /usr/lib/jvm/java-8-openjdk-amd64/jre/bin/java
564594649000-56459464a000 rw-p 00001000 08:01 922077                     /usr/lib/jvm/java-8-openjdk-amd64/jre/bin/java
564595b57000-564595b78000 rw-p 00000000 00:00 0                          [heap]
7f1f8efe8000-7f1f8efe9000 ---p 00000000 00:00 0 
7f1f8efe9000-7f1f8f0e9000 rw-p 00000000 00:00 0 
7f1f8f0e9000-7f1f8f0ea000 ---p 00000000 00:00 0 
7f1f8f0ea000-7f1f8f1ea000 rw-p 00000000 00:00 0 
7f1f8f1ea000-7f1f8f1eb000 ---p 00000000 00:00 0 
7f1f8f1eb000-7f1f8f2eb000 rw-p 00000000 00:00 0 
7f1f8f2eb000-7f1f8f2ec000 ---p 00000000 00:00 0 
7f1f8f2ec000-7f1f8f3ec000 rw-p 00000000 00:00 0 
7f1f8f3ec000-7f1f8f3ed000 ---p 00000000 00:00 0 
7f1f8f3ed000-7f1f8f4ed000 rw-p 00000000 00:00 0 
7f1f8f4ed000-7f1f8f4ee000 ---p 00000000 00:00 0 
7f1f8f4ee000-7f1f8f5ee000 rw-p 00000000 00:00 0 
7f1f8f5ee000-7f1f8f5ef000 ---p 00000000 00:00 0 
7f1f8f5ef000-7f1f8f743000 rw-p 00000000 00:00 0 
7f1f8f743000-7f1f8fc29000 ---p 00000000 00:00 0 
7f1f8fc29000-7f1f8fc7d000 rw-p 00000000 00:00 0 
7f1f8fc7d000-7f1f90162000 ---p 00000000 00:00 0 
7f1f90162000-7f1f9018d000 rw-p 00000000 00:00 0 
7f1f9018d000-7f1f903ff000 ---p 00000000 00:00 0 
7f1f903ff000-7f1f9040a000 rw-p 00000000 00:00 0 
7f1f9040a000-7f1f907c0000 ---p 00000000 00:00 0 
7f1f907c0000-7f1f90a30000 rwxp 00000000 00:00 0 
7f1f90a30000-7f1f9f7c0000 ---p 00000000 00:00 0 
7f1f9f7c0000-7f1f9f7c8000 r-xp 00000000 08:01 921913                     /usr/lib/jvm/java-8-openjdk-amd64/jre/lib/amd64/libzip.so
7f1f9f7c8000-7f1f9f9c7000 ---p 00008000 08:01 921913                     /usr/lib/jvm/java-8-openjdk-amd64/jre/lib/amd64/libzip.so
7f1f9f9c7000-7f1f9f9c8000 r--p 00007000 08:01 921913                     /usr/lib/jvm/java-8-openjdk-amd64/jre/lib/amd64/libzip.so
7f1f9f9c8000-7f1f9f9c9000 rw-p 00008000 08:01 921913                     /usr/lib/jvm/java-8-openjdk-amd64/jre/lib/amd64/libzip.so
7f1f9f9c9000-7f1f9f9d4000 r-xp 00000000 08:01 525723                     /lib/x86_64-linux-gnu/libnss_files-2.23.so
7f1f9f9d4000-7f1f9fbd3000 ---p 0000b000 08:01 525723                     /lib/x86_64-linux-gnu/libnss_files-2.23.so
7f1f9fbd3000-7f1f9fbd4000 r--p 0000a000 08:01 525723                     /lib/x86_64-linux-gnu/libnss_files-2.23.so
7f1f9fbd4000-7f1f9fbd5000 rw-p 0000b000 08:01 525723                     /lib/x86_64-linux-gnu/libnss_files-2.23.so
7f1f9fbd5000-7f1f9fbdb000 rw-p 00000000 00:00 0 
7f1f9fbdb000-7f1f9fbe6000 r-xp 00000000 08:01 526606                     /lib/x86_64-linux-gnu/libnss_nis-2.23.so
7f1f9fbe6000-7f1f9fde5000 ---p 0000b000 08:01 526606                     /lib/x86_64-linux-gnu/libnss_nis-2.23.so
7f1f9fde5000-7f1f9fde6000 r--p 0000a000 08:01 526606                     /lib/x86_64-linux-gnu/libnss_nis-2.23.so
7f1f9fde6000-7f1f9fde7000 rw-p 0000b000 08:01 526606                     /lib/x86_64-linux-gnu/libnss_nis-2.23.so
7f1f9fde7000-7f1f9fdfd000 r-xp 00000000 08:01 525013                     /lib/x86_64-linux-gnu/libnsl-2.23.so
7f1f9fdfd000-7f1f9fffc000 ---p 00016000 08:01 525013                     /lib/x86_64-linux-gnu/libnsl-2.23.so
7f1f9fffc000-7f1f9fffd000 r--p 00015000 08:01 525013                     /lib/x86_64-linux-gnu/libnsl-2.23.so
7f1f9fffd000-7f1f9fffe000 rw-p 00016000 08:01 525013                     /lib/x86_64-linux-gnu/libnsl-2.23.so
7f1f9fffe000-7f1fa0000000 rw-p 00000000 00:00 0 
7f1fa0000000-7f1fa0044000 rw-p 00000000 00:00 0 
7f1fa0044000-7f1fa4000000 ---p 00000000 00:00 0 
7f1fa4006000-7f1fa4007000 ---p 00000000 00:00 0 
7f1fa4007000-7f1fa4107000 rw-p 00000000 00:00 0 
7f1fa4107000-7f1fa410f000 r-xp 00000000 08:01 526492                     /lib/x86_64-linux-gnu/libnss_compat-2.23.so
7f1fa410f000-7f1fa430e000 ---p 00008000 08:01 526492                     /lib/x86_64-linux-gnu/libnss_compat-2.23.so
7f1fa430e000-7f1fa430f000 r--p 00007000 08:01 526492                     /lib/x86_64-linux-gnu/libnss_compat-2.23.so
7f1fa430f000-7f1fa4310000 rw-p 00008000 08:01 526492                     /lib/x86_64-linux-gnu/libnss_compat-2.23.so
7f1fa4310000-7f1fa433a000 r-xp 00000000 08:01 921799                     /usr/lib/jvm/java-8-openjdk-amd64/jre/lib/amd64/libjava.so
7f1fa433a000-7f1fa4539000 ---p 0002a000 08:01 921799                     /usr/lib/jvm/java-8-openjdk-amd64/jre/lib/amd64/libjava.so
7f1fa4539000-7f1fa453a000 r--p 00029000 08:01 921799                     /usr/lib/jvm/java-8-openjdk-amd64/jre/lib/amd64/libjava.so
7f1fa453a000-7f1fa453c000 rw-p 0002a000 08:01 921799                     /usr/lib/jvm/java-8-openjdk-amd64/jre/lib/amd64/libjava.so
7f1fa453c000-7f1fa454b000 r-xp 00000000 08:01 921815                     /usr/lib/jvm/java-8-openjdk-amd64/jre/lib/amd64/libverify.so
7f1fa454b000-7f1fa474a000 ---p 0000f000 08:01 921815                     /usr/lib/jvm/java-8-openjdk-amd64/jre/lib/amd64/libverify.so
7f1fa474a000-7f1fa474c000 r--p 0000e000 08:01 921815                     /usr/lib/jvm/java-8-openjdk-amd64/jre/lib/amd64/libverify.so
7f1fa474c000-7f1fa474d000 rw-p 00010000 08:01 921815                     /usr/lib/jvm/java-8-openjdk-amd64/jre/lib/amd64/libverify.so
7f1fa474d000-7f1fa4754000 r-xp 00000000 08:01 526968                     /lib/x86_64-linux-gnu/librt-2.23.so
7f1fa4754000-7f1fa4953000 ---p 00007000 08:01 526968                     /lib/x86_64-linux-gnu/librt-2.23.so
7f1fa4953000-7f1fa4954000 r--p 00006000 08:01 526968                     /lib/x86_64-linux-gnu/librt-2.23.so
7f1fa4954000-7f1fa4955000 rw-p 00007000 08:01 526968                     /lib/x86_64-linux-gnu/librt-2.23.so
7f1fa4955000-7f1fa496b000 r-xp 00000000 08:01 524818                     /lib/x86_64-linux-gnu/libgcc_s.so.1
7f1fa496b000-7f1fa4b6a000 ---p 00016000 08:01 524818                     /lib/x86_64-linux-gnu/libgcc_s.so.1
7f1fa4b6a000-7f1fa4b6b000 rw-p 00015000 08:01 524818                     /lib/x86_64-linux-gnu/libgcc_s.so.1
7f1fa4b6b000-7f1fa4c73000 r-xp 00000000 08:01 525014                     /lib/x86_64-linux-gnu/libm-2.23.so
7f1fa4c73000-7f1fa4e72000 ---p 00108000 08:01 525014                     /lib/x86_64-linux-gnu/libm-2.23.so
7f1fa4e72000-7f1fa4e73000 r--p 00107000 08:01 525014                     /lib/x86_64-linux-gnu/libm-2.23.so
7f1fa4e73000-7f1fa4e74000 rw-p 00108000 08:01 525014                     /lib/x86_64-linux-gnu/libm-2.23.so
7f1fa4e74000-7f1fa4fe6000 r-xp 00000000 08:01 3150038                    /usr/lib/x86_64-linux-gnu/libstdc++.so.6.0.21
7f1fa4fe6000-7f1fa51e6000 ---p 00172000 08:01 3150038                    /usr/lib/x86_64-linux-gnu/libstdc++.so.6.0.21
7f1fa51e6000-7f1fa51f0000 r--p 00172000 08:01 3150038                    /usr/lib/x86_64-linux-gnu/libstdc++.so.6.0.21
7f1fa51f0000-7f1fa51f2000 rw-p 0017c000 08:01 3150038                    /usr/lib/x86_64-linux-gnu/libstdc++.so.6.0.21
7f1fa51f2000-7f1fa51f6000 rw-p 00000000 00:00 0 
7f1fa51f6000-7f1fa5f1b000 r-xp 00000000 08:01 921842                     /usr/lib/jvm/java-8-openjdk-amd64/jre/lib/amd64/server/libjvm.so
7f1fa5f1b000-7f1fa611a000 ---p 00d25000 08:01 921842                     /usr/lib/jvm/java-8-openjdk-amd64/jre/lib/amd64/server/libjvm.so
7f1fa611a000-7f1fa61b0000 r--p 00d24000 08:01 921842                     /usr/lib/jvm/java-8-openjdk-amd64/jre/lib/amd64/server/libjvm.so
7f1fa61b0000-7f1fa61d9000 rw-p 00dba000 08:01 921842                     /usr/lib/jvm/java-8-openjdk-amd64/jre/lib/amd64/server/libjvm.so
7f1fa61d9000-7f1fa620c000 rw-p 00000000 00:00 0 
7f1fa620c000-7f1fa6224000 r-xp 00000000 08:01 524972                     /lib/x86_64-linux-gnu/libpthread-2.23.so
7f1fa6224000-7f1fa6423000 ---p 00018000 08:01 524972                     /lib/x86_64-linux-gnu/libpthread-2.23.so
7f1fa6423000-7f1fa6424000 r--p 00017000 08:01 524972                     /lib/x86_64-linux-gnu/libpthread-2.23.so
7f1fa6424000-7f1fa6425000 rw-p 00018000 08:01 524972                     /lib/x86_64-linux-gnu/libpthread-2.23.so
7f1fa6425000-7f1fa6429000 rw-p 00000000 00:00 0 
7f1fa6429000-7f1fa642c000 r-xp 00000000 08:01 524933                     /lib/x86_64-linux-gnu/libdl-2.23.so
7f1fa642c000-7f1fa662b000 ---p 00003000 08:01 524933                     /lib/x86_64-linux-gnu/libdl-2.23.so
7f1fa662b000-7f1fa662c000 r--p 00002000 08:01 524933                     /lib/x86_64-linux-gnu/libdl-2.23.so
7f1fa662c000-7f1fa662d000 rw-p 00003000 08:01 524933                     /lib/x86_64-linux-gnu/libdl-2.23.so
7f1fa662d000-7f1fa6646000 r-xp 00000000 08:01 524950                     /lib/x86_64-linux-gnu/libz.so.1.2.8
7f1fa6646000-7f1fa6845000 ---p 00019000 08:01 524950                     /lib/x86_64-linux-gnu/libz.so.1.2.8
7f1fa6845000-7f1fa6846000 r--p 00018000 08:01 524950                     /lib/x86_64-linux-gnu/libz.so.1.2.8
7f1fa6846000-7f1fa6847000 rw-p 00019000 08:01 524950                     /lib/x86_64-linux-gnu/libz.so.1.2.8
7f1fa6847000-7f1fa6a07000 r-xp 00000000 08:01 524966                     /lib/x86_64-linux-gnu/libc-2.23.so
7f1fa6a07000-7f1fa6c07000 ---p 001c0000 08:01 524966                     /lib/x86_64-linux-gnu/libc-2.23.so
7f1fa6c07000-7f1fa6c0b000 r--p 001c0000 08:01 524966                     /lib/x86_64-linux-gnu/libc-2.23.so
7f1fa6c0b000-7f1fa6c0d000 rw-p 001c4000 08:01 524966                     /lib/x86_64-linux-gnu/libc-2.23.so
7f1fa6c0d000-7f1fa6c11000 rw-p 00000000 00:00 0 
7f1fa6c11000-7f1fa6c1f000 r-xp 00000000 08:01 921807                     /usr/lib/jvm/java-8-openjdk-amd64/jre/lib/amd64/jli/libjli.so
7f1fa6c1f000-7f1fa6e1e000 ---p 0000e000 08:01 921807                     /usr/lib/jvm/java-8-openjdk-amd64/jre/lib/amd64/jli/libjli.so
7f1fa6e1e000-7f1fa6e1f000 r--p 0000d000 08:01 921807                     /usr/lib/jvm/java-8-openjdk-amd64/jre/lib/amd64/jli/libjli.so
7f1fa6e1f000-7f1fa6e20000 rw-p 0000e000 08:01 921807                     /usr/lib/jvm/java-8-openjdk-amd64/jre/lib/amd64/jli/libjli.so
7f1fa6e20000-7f1fa6e46000 r-xp 00000000 08:01 525715                     /lib/x86_64-linux-gnu/ld-2.23.so
7f1fa6f1a000-7f1fa6f1d000 ---p 00000000 00:00 0 
7f1fa6f1d000-7f1fa701f000 rw-p 00000000 00:00 0 
7f1fa703a000-7f1fa7042000 rw-s 00000000 08:01 1206988                    /tmp/hsperfdata_ekeramat/3726
7f1fa7042000-7f1fa7043000 rw-p 00000000 00:00 0 
7f1fa7043000-7f1fa7044000 r--p 00000000 00:00 0 
7f1fa7044000-7f1fa7045000 rw-p 00000000 00:00 0 
7f1fa7045000-7f1fa7046000 r--p 00025000 08:01 525715                     /lib/x86_64-linux-gnu/ld-2.23.so
7f1fa7046000-7f1fa7047000 rw-p 00026000 08:01 525715                     /lib/x86_64-linux-gnu/ld-2.23.so
7f1fa7047000-7f1fa7048000 rw-p 00000000 00:00 0 
7ffc1cc4a000-7ffc1cc6b000 rw-p 00000000 00:00 0                          [stack]
7ffc1cd0f000-7ffc1cd11000 r--p 00000000 00:00 0                          [vvar]
7ffc1cd11000-7ffc1cd13000 r-xp 00000000 00:00 0                          [vdso]
ffffffffff600000-ffffffffff601000 r-xp 00000000 00:00 0                  [vsyscall]

VM Arguments:
java_command: jjtree HL.jjt
java_class_path (initial): /opt/javacc/target/javacc.jar
Launcher Type: SUN_STANDARD

Environment Variables:
JAVA_HOME=/usr/lib/jvm/java-8-openjdk-amd64
PATH=/usr/local/bin:/usr/bin:/bin:/usr/local/games:/usr/games:/snap/bin:/usr/courses/bin/x86_64
SHELL=/bin/bash

Signal Handlers:
SIGSEGV: [libjvm.so+0xb1e940], sa_mask[0]=11111111011111111101111111111110, sa_flags=SA_RESTART|SA_SIGINFO
SIGBUS: [libjvm.so+0xb1e940], sa_mask[0]=11111111011111111101111111111110, sa_flags=SA_RESTART|SA_SIGINFO
SIGFPE: [libjvm.so+0x956450], sa_mask[0]=11111111011111111101111111111110, sa_flags=SA_RESTART|SA_SIGINFO
SIGPIPE: [libjvm.so+0x956450], sa_mask[0]=11111111011111111101111111111110, sa_flags=SA_RESTART|SA_SIGINFO
SIGXFSZ: [libjvm.so+0x956450], sa_mask[0]=11111111011111111101111111111110, sa_flags=SA_RESTART|SA_SIGINFO
SIGILL: [libjvm.so+0x956450], sa_mask[0]=11111111011111111101111111111110, sa_flags=SA_RESTART|SA_SIGINFO
SIGUSR1: SIG_DFL, sa_mask[0]=00000000000000000000000000000000, sa_flags=none
SIGUSR2: [libjvm.so+0x956300], sa_mask[0]=00000000000000000000000000000000, sa_flags=SA_RESTART|SA_SIGINFO
SIGHUP: SIG_DFL, sa_mask[0]=00000000000000000000000000000000, sa_flags=none
SIGINT: SIG_DFL, sa_mask[0]=00000000000000000000000000000000, sa_flags=none
SIGTERM: SIG_DFL, sa_mask[0]=00000000000000000000000000000000, sa_flags=none
SIGQUIT: SIG_DFL, sa_mask[0]=00000000000000000000000000000000, sa_flags=none


---------------  S Y S T E M  ---------------

OS:DISTRIB_ID=Ubuntu
DISTRIB_RELEASE=16.04
DISTRIB_CODENAME=xenial
DISTRIB_DESCRIPTION="Ubuntu 16.04.7 LTS"

uname:Linux 4.4.0-190-generic #220-Ubuntu SMP Fri Aug 28 23:02:15 UTC 2020 x86_64
libc:glibc 2.23 NPTL 2.23 
rlimit: STACK 8192k, CORE 0k, NPROC 75, NOFILE 1048576, AS infinity
load average:0.03 0.02 0.00

/proc/meminfo:
MemTotal:       16431672 kB
MemFree:         9269820 kB
MemAvailable:   15230104 kB
Buffers:          464392 kB
Cached:          4150300 kB
SwapCached:         1284 kB
Active:          3002520 kB
Inactive:        2078072 kB
Active(anon):     477900 kB
Inactive(anon):   147332 kB
Active(file):    2524620 kB
Inactive(file):  1930740 kB
Unevictable:        3652 kB
Mlocked:            3652 kB
SwapTotal:       4192252 kB
SwapFree:        4165304 kB
Dirty:                40 kB
Writeback:             0 kB
AnonPages:        468876 kB
Mapped:           150348 kB
Shmem:            156908 kB
Slab:            1970516 kB
SReclaimable:    1843248 kB
SUnreclaim:       127268 kB
KernelStack:        6384 kB
PageTables:        19544 kB
NFS_Unstable:          0 kB
Bounce:                0 kB
WritebackTmp:          0 kB
CommitLimit:    12408088 kB
Committed_AS:    3229784 kB
VmallocTotal:   34359738367 kB
VmallocUsed:           0 kB
VmallocChunk:          0 kB
HardwareCorrupted:     0 kB
AnonHugePages:         0 kB
CmaTotal:              0 kB
CmaFree:               0 kB
HugePages_Total:       0
HugePages_Free:        0
HugePages_Rsvd:        0
HugePages_Surp:        0
Hugepagesize:       2048 kB
DirectMap4k:     1367936 kB
DirectMap2M:    15409152 kB

container (cgroup) information:
container_type: cgroupv1
cpu_cpuset_cpus: 0-7
cpu_memory_nodes: 0
active_processor_count: 8
cpu_quota: -1
cpu_period: 100000
cpu_shares: -1
memory_limit_in_bytes: -1
memory_and_swap_limit_in_bytes: -2
memory_soft_limit_in_bytes: -1
memory_usage_in_bytes: 3208638464
memory_max_usage_in_bytes: 13243498496


CPU:total 8 (initial active 8) (4 cores per cpu, 1 threads per core) family 6 model 26 stepping 4, cmov, cx8, fxsr, mmx, sse, sse2, sse3, ssse3, sse4.1, sse4.2, popcnt, tsc, tscinvbit, tscinv

/proc/cpuinfo:
processor	: 0
vendor_id	: GenuineIntel
cpu family	: 6
model		: 26
model name	: Intel(R) Xeon(R) CPU           X5570  @ 2.93GHz
stepping	: 4
microcode	: 0x11
cpu MHz		: 2926.000
cache size	: 8192 KB
physical id	: 0
siblings	: 4
core id		: 0
cpu cores	: 4
apicid		: 0
initial apicid	: 0
fpu		: yes
fpu_exception	: yes
cpuid level	: 11
wp		: yes
flags		: fpu vme de pse tsc msr pae mce cx8 apic sep mtrr pge mca cmov pat pse36 clflush dts mmx fxsr sse sse2 ss ht syscall nx rdtscp lm constant_tsc arch_perfmon pebs bts nopl tsc_reliable nonstop_tsc aperfmperf pni ssse3 cx16 sse4_1 sse4_2 popcnt hypervisor lahf_lm kaiser dtherm ida
bugs		: cpu_meltdown spectre_v1 spectre_v2 spec_store_bypass l1tf mds swapgs itlb_multihit
bogomips	: 5852.00
clflush size	: 64
cache_alignment	: 64
address sizes	: 40 bits physical, 48 bits virtual
power management:

processor	: 1
vendor_id	: GenuineIntel
cpu family	: 6
model		: 26
model name	: Intel(R) Xeon(R) CPU           X5570  @ 2.93GHz
stepping	: 4
microcode	: 0x11
cpu MHz		: 2926.000
cache size	: 8192 KB
physical id	: 0
siblings	: 4
core id		: 1
cpu cores	: 4
apicid		: 1
initial apicid	: 1
fpu		: yes
fpu_exception	: yes
cpuid level	: 11
wp		: yes
flags		: fpu vme de pse tsc msr pae mce cx8 apic sep mtrr pge mca cmov pat pse36 clflush dts mmx fxsr sse sse2 ss ht syscall nx rdtscp lm constant_tsc arch_perfmon pebs bts nopl tsc_reliable nonstop_tsc aperfmperf pni ssse3 cx16 sse4_1 sse4_2 popcnt hypervisor lahf_lm kaiser dtherm ida
bugs		: cpu_meltdown spectre_v1 spectre_v2 spec_store_bypass l1tf mds swapgs itlb_multihit
bogomips	: 5852.00
clflush size	: 64
cache_alignment	: 64
address sizes	: 40 bits physical, 48 bits virtual
power management:

processor	: 2
vendor_id	: GenuineIntel
cpu family	: 6
model		: 26
model name	: Intel(R) Xeon(R) CPU           X5570  @ 2.93GHz
stepping	: 4
microcode	: 0x11
cpu MHz		: 2926.000
cache size	: 8192 KB
physical id	: 0
siblings	: 4
core id		: 2
cpu cores	: 4
apicid		: 2
initial apicid	: 2
fpu		: yes
fpu_exception	: yes
cpuid level	: 11
wp		: yes
flags		: fpu vme de pse tsc msr pae mce cx8 apic sep mtrr pge mca cmov pat pse36 clflush dts mmx fxsr sse sse2 ss ht syscall nx rdtscp lm constant_tsc arch_perfmon pebs bts nopl tsc_reliable nonstop_tsc aperfmperf pni ssse3 cx16 sse4_1 sse4_2 popcnt hypervisor lahf_lm kaiser dtherm ida
bugs		: cpu_meltdown spectre_v1 spectre_v2 spec_store_bypass l1tf mds swapgs itlb_multihit
bogomips	: 5852.00
clflush size	: 64
cache_alignment	: 64
address sizes	: 40 bits physical, 48 bits virtual
power management:

processor	: 3
vendor_id	: GenuineIntel
cpu family	: 6
model		: 26
model name	: Intel(R) Xeon(R) CPU           X5570  @ 2.93GHz
stepping	: 4
microcode	: 0x11
cpu MHz		: 2926.000
cache size	: 8192 KB
physical id	: 0
siblings	: 4
core id		: 3
cpu cores	: 4
apicid		: 3
initial apicid	: 3
fpu		: yes
fpu_exception	: yes
cpuid level	: 11
wp		: yes
flags		: fpu vme de pse tsc msr pae mce cx8 apic sep mtrr pge mca cmov pat pse36 clflush dts mmx fxsr sse sse2 ss ht syscall nx rdtscp lm constant_tsc arch_perfmon pebs bts nopl tsc_reliable nonstop_tsc aperfmperf pni ssse3 cx16 sse4_1 sse4_2 popcnt hypervisor lahf_lm kaiser dtherm ida
bugs		: cpu_meltdown spectre_v1 spectre_v2 spec_store_bypass l1tf mds swapgs itlb_multihit
bogomips	: 5852.00
clflush size	: 64
cache_alignment	: 64
address sizes	: 40 bits physical, 48 bits virtual
power management:

processor	: 4
vendor_id	: GenuineIntel
cpu family	: 6
model		: 26
model name	: Intel(R) Xeon(R) CPU           X5570  @ 2.93GHz
stepping	: 4
microcode	: 0x11
cpu MHz		: 2926.000
cache size	: 8192 KB
physical id	: 1
siblings	: 4
core id		: 0
cpu cores	: 4
apicid		: 4
initial apicid	: 4
fpu		: yes
fpu_exception	: yes
cpuid level	: 11
wp		: yes
flags		: fpu vme de pse tsc msr pae mce cx8 apic sep mtrr pge mca cmov pat pse36 clflush dts mmx fxsr sse sse2 ss ht syscall nx rdtscp lm constant_tsc arch_perfmon pebs bts nopl tsc_reliable nonstop_tsc aperfmperf pni ssse3 cx16 sse4_1 sse4_2 popcnt hypervisor lahf_lm kaiser dtherm ida
bugs		: cpu_meltdown spectre_v1 spectre_v2 spec_store_bypass l1tf mds swapgs itlb_multihit
bogomips	: 5852.00
clflush size	: 64
cache_alignment	: 64
address sizes	: 40 bits physical, 48 bits virtual
power management:

processor	: 5
vendor_id	: GenuineIntel
cpu family	: 6
model		: 26
model name	: Intel(R) Xeon(R) CPU           X5570  @ 2.93GHz
stepping	: 4
microcode	: 0x11
cpu MHz		: 2926.000
cache size	: 8192 KB
physical id	: 1
siblings	: 4
core id		: 1
cpu cores	: 4
apicid		: 5
initial apicid	: 5
fpu		: yes
fpu_exception	: yes
cpuid level	: 11
wp		: yes
flags		: fpu vme de pse tsc msr pae mce cx8 apic sep mtrr pge mca cmov pat pse36 clflush dts mmx fxsr sse sse2 ss ht syscall nx rdtscp lm constant_tsc arch_perfmon pebs bts nopl tsc_reliable nonstop_tsc aperfmperf pni ssse3 cx16 sse4_1 sse4_2 popcnt hypervisor lahf_lm kaiser dtherm ida
bugs		: cpu_meltdown spectre_v1 spectre_v2 spec_store_bypass l1tf mds swapgs itlb_multihit
bogomips	: 5852.00
clflush size	: 64
cache_alignment	: 64
address sizes	: 40 bits physical, 48 bits virtual
power management:

processor	: 6
vendor_id	: GenuineIntel
cpu family	: 6
model		: 26
model name	: Intel(R) Xeon(R) CPU           X5570  @ 2.93GHz
stepping	: 4
microcode	: 0x11
cpu MHz		: 2926.000
cache size	: 8192 KB
physical id	: 1
siblings	: 4
core id		: 2
cpu cores	: 4
apicid		: 6
initial apicid	: 6
fpu		: yes
fpu_exception	: yes
cpuid level	: 11
wp		: yes
flags		: fpu vme de pse tsc msr pae mce cx8 apic sep mtrr pge mca cmov pat pse36 clflush dts mmx fxsr sse sse2 ss ht syscall nx rdtscp lm constant_tsc arch_perfmon pebs bts nopl tsc_reliable nonstop_tsc aperfmperf pni ssse3 cx16 sse4_1 sse4_2 popcnt hypervisor lahf_lm kaiser dtherm ida
bugs		: cpu_meltdown spectre_v1 spectre_v2 spec_store_bypass l1tf mds swapgs itlb_multihit
bogomips	: 5852.00
clflush size	: 64
cache_alignment	: 64
address sizes	: 40 bits physical, 48 bits virtual
power management:

processor	: 7
vendor_id	: GenuineIntel
cpu family	: 6
model		: 26
model name	: Intel(R) Xeon(R) CPU           X5570  @ 2.93GHz
stepping	: 4
microcode	: 0x11
cpu MHz		: 2926.000
cache size	: 8192 KB
physical id	: 1
siblings	: 4
core id		: 3
cpu cores	: 4
apicid		: 7
initial apicid	: 7
fpu		: yes
fpu_exception	: yes
cpuid level	: 11
wp		: yes
flags		: fpu vme de pse tsc msr pae mce cx8 apic sep mtrr pge mca cmov pat pse36 clflush dts mmx fxsr sse sse2 ss ht syscall nx rdtscp lm constant_tsc arch_perfmon pebs bts nopl tsc_reliable nonstop_tsc aperfmperf pni ssse3 cx16 sse4_1 sse4_2 popcnt hypervisor lahf_lm kaiser dtherm ida
bugs		: cpu_meltdown spectre_v1 spectre_v2 spec_store_bypass l1tf mds swapgs itlb_multihit
bogomips	: 5852.00
clflush size	: 64
cache_alignment	: 64
address sizes	: 40 bits physical, 48 bits virtual
power management:



Memory: 4k page, physical 16431672k(9269820k free), swap 4192252k(4165304k free)

vm_info: OpenJDK 64-Bit Server VM (25.275-b01) for linux-amd64 JRE (1.8.0_275-8u275-b01-0ubuntu1~16.04-b01), built on Nov  9 2020 03:41:32 by "buildd" with gcc 5.4.0 20160609

time: Thu Dec  3 01:20:54 2020
timezone: EST
elapsed time: 0.013112 seconds (0d 0h 0m 0s)

