#
# There is insufficient memory for the Java Runtime Environment to continue.
# Cannot create GC thread. Out of system resources.
# Possible reasons:
#   The system is out of physical RAM or swap space
#   The process is running with CompressedOops enabled, and the Java Heap may be blocking the growth of the native heap
# Possible solutions:
#   Reduce memory load on the system
#   Increase physical memory or swap space
#   Check if swap backing store is full
#   Decrease Java heap size (-Xmx/-Xms)
#   Decrease number of Java threads
#   Decrease Java thread stack sizes (-Xss)
#   Set larger code cache with -XX:ReservedCodeCacheSize=
# This output file may be truncated or incomplete.
#
#  Out of Memory Error (gcTaskThread.cpp:48), pid=7426, tid=0x00007fac61b59700
#
# JRE version:  (8.0_275-b01) (build )
# Java VM: OpenJDK 64-Bit Server VM (25.275-b01 mixed mode linux-amd64 compressed oops)
# Failed to write core dump. Core dumps have been disabled. To enable core dumping, try "ulimit -c unlimited" before starting Java again
#

---------------  T H R E A D  ---------------

Current thread (0x00007fac5800a800):  JavaThread "Unknown thread" [_thread_in_vm, id=7427, stack(0x00007fac61a59000,0x00007fac61b5a000)]

Stack: [0x00007fac61a59000,0x00007fac61b5a000],  sp=0x00007fac61b58810,  free space=1022k
Native frames: (J=compiled Java code, j=interpreted, Vv=VM code, C=native code)
V  [libjvm.so+0xb1de0b]
V  [libjvm.so+0x4e019c]
V  [libjvm.so+0x5c953f]
V  [libjvm.so+0x5c86a7]
V  [libjvm.so+0x984099]
V  [libjvm.so+0xae1809]
V  [libjvm.so+0xae1a52]
V  [libjvm.so+0x63e32f]
V  [libjvm.so+0xac525b]
V  [libjvm.so+0x714b30]  JNI_CreateJavaVM+0x60
C  [libjli.so+0x2f8a]
C  [libjli.so+0x75cd]
C  [libpthread.so.0+0x76ba]  start_thread+0xca


---------------  P R O C E S S  ---------------

Java Threads: ( => current thread )

Other Threads:

=>0x00007fac5800a800 (exited) JavaThread "Unknown thread" [_thread_in_vm, id=7427, stack(0x00007fac61a59000,0x00007fac61b5a000)]

VM state:not at safepoint (not fully initialized)

VM Mutex/Monitor currently owned by a thread: None

heap address: 0x00000006c5400000, size: 4012 MB, Compressed Oops mode: Non-zero based:0x00000006c53ff000, Oop shift amount: 3
Narrow klass base: 0x0000000000000000, Narrow klass shift: 0

GC Heap History (0 events):
No events

Deoptimization events (0 events):
No events

Classes redefined (0 events):
No events

Internal exceptions (0 events):
No events

Events (0 events):
No events


Dynamic libraries:
6c5400000-6cfc00000 rw-p 00000000 00:00 0 
6cfc00000-76c700000 ---p 00000000 00:00 0 
76c700000-771b00000 rw-p 00000000 00:00 0 
771b00000-7c0000000 ---p 00000000 00:00 0 
563db3e12000-563db3e13000 r-xp 00000000 08:01 935344                     /usr/lib/jvm/java-8-openjdk-amd64/jre/bin/java
563db4012000-563db4013000 r--p 00000000 08:01 935344                     /usr/lib/jvm/java-8-openjdk-amd64/jre/bin/java
563db4013000-563db4014000 rw-p 00001000 08:01 935344                     /usr/lib/jvm/java-8-openjdk-amd64/jre/bin/java
563db52de000-563db52ff000 rw-p 00000000 00:00 0                          [heap]
7fac49000000-7fac49270000 rwxp 00000000 00:00 0 
7fac49270000-7fac58000000 ---p 00000000 00:00 0 
7fac58000000-7fac58044000 rw-p 00000000 00:00 0 
7fac58044000-7fac5c000000 ---p 00000000 00:00 0 
7fac5cb2d000-7fac5cb2e000 ---p 00000000 00:00 0 
7fac5cb2e000-7fac5cc2e000 rw-p 00000000 00:00 0 
7fac5cc2e000-7fac5cc2f000 ---p 00000000 00:00 0 
7fac5cc2f000-7fac5cd2f000 rw-p 00000000 00:00 0 
7fac5cd2f000-7fac5cd30000 ---p 00000000 00:00 0 
7fac5cd30000-7fac5ce30000 rw-p 00000000 00:00 0 
7fac5ce30000-7fac5ce31000 ---p 00000000 00:00 0 
7fac5ce31000-7fac5cf31000 rw-p 00000000 00:00 0 
7fac5cf31000-7fac5cf32000 ---p 00000000 00:00 0 
7fac5cf32000-7fac5d032000 rw-p 00000000 00:00 0 
7fac5d032000-7fac5d033000 ---p 00000000 00:00 0 
7fac5d033000-7fac5d133000 rw-p 00000000 00:00 0 
7fac5d133000-7fac5d134000 ---p 00000000 00:00 0 
7fac5d134000-7fac5d234000 rw-p 00000000 00:00 0 
7fac5d234000-7fac5d235000 ---p 00000000 00:00 0 
7fac5d235000-7fac5d389000 rw-p 00000000 00:00 0 
7fac5d389000-7fac5d86f000 ---p 00000000 00:00 0 
7fac5d86f000-7fac5d8c3000 rw-p 00000000 00:00 0 
7fac5d8c3000-7fac5dda8000 ---p 00000000 00:00 0 
7fac5dda8000-7fac5ddd3000 rw-p 00000000 00:00 0 
7fac5ddd3000-7fac5e045000 ---p 00000000 00:00 0 
7fac5e045000-7fac5e050000 rw-p 00000000 00:00 0 
7fac5e050000-7fac5e406000 ---p 00000000 00:00 0 
7fac5e406000-7fac5e40e000 r-xp 00000000 08:01 935080                     /usr/lib/jvm/java-8-openjdk-amd64/jre/lib/amd64/libzip.so
7fac5e40e000-7fac5e60d000 ---p 00008000 08:01 935080                     /usr/lib/jvm/java-8-openjdk-amd64/jre/lib/amd64/libzip.so
7fac5e60d000-7fac5e60e000 r--p 00007000 08:01 935080                     /usr/lib/jvm/java-8-openjdk-amd64/jre/lib/amd64/libzip.so
7fac5e60e000-7fac5e60f000 rw-p 00008000 08:01 935080                     /usr/lib/jvm/java-8-openjdk-amd64/jre/lib/amd64/libzip.so
7fac5e60f000-7fac5e61a000 r-xp 00000000 08:01 525391                     /lib/x86_64-linux-gnu/libnss_files-2.23.so
7fac5e61a000-7fac5e819000 ---p 0000b000 08:01 525391                     /lib/x86_64-linux-gnu/libnss_files-2.23.so
7fac5e819000-7fac5e81a000 r--p 0000a000 08:01 525391                     /lib/x86_64-linux-gnu/libnss_files-2.23.so
7fac5e81a000-7fac5e81b000 rw-p 0000b000 08:01 525391                     /lib/x86_64-linux-gnu/libnss_files-2.23.so
7fac5e81b000-7fac5e821000 rw-p 00000000 00:00 0 
7fac5e821000-7fac5e82c000 r-xp 00000000 08:01 529050                     /lib/x86_64-linux-gnu/libnss_nis-2.23.so
7fac5e82c000-7fac5ea2b000 ---p 0000b000 08:01 529050                     /lib/x86_64-linux-gnu/libnss_nis-2.23.so
7fac5ea2b000-7fac5ea2c000 r--p 0000a000 08:01 529050                     /lib/x86_64-linux-gnu/libnss_nis-2.23.so
7fac5ea2c000-7fac5ea2d000 rw-p 0000b000 08:01 529050                     /lib/x86_64-linux-gnu/libnss_nis-2.23.so
7fac5ea2d000-7fac5ea43000 r-xp 00000000 08:01 525380                     /lib/x86_64-linux-gnu/libnsl-2.23.so
7fac5ea43000-7fac5ec42000 ---p 00016000 08:01 525380                     /lib/x86_64-linux-gnu/libnsl-2.23.so
7fac5ec42000-7fac5ec43000 r--p 00015000 08:01 525380                     /lib/x86_64-linux-gnu/libnsl-2.23.so
7fac5ec43000-7fac5ec44000 rw-p 00016000 08:01 525380                     /lib/x86_64-linux-gnu/libnsl-2.23.so
7fac5ec44000-7fac5ec46000 rw-p 00000000 00:00 0 
7fac5ec46000-7fac5ec4e000 r-xp 00000000 08:01 529048                     /lib/x86_64-linux-gnu/libnss_compat-2.23.so
7fac5ec4e000-7fac5ee4d000 ---p 00008000 08:01 529048                     /lib/x86_64-linux-gnu/libnss_compat-2.23.so
7fac5ee4d000-7fac5ee4e000 r--p 00007000 08:01 529048                     /lib/x86_64-linux-gnu/libnss_compat-2.23.so
7fac5ee4e000-7fac5ee4f000 rw-p 00008000 08:01 529048                     /lib/x86_64-linux-gnu/libnss_compat-2.23.so
7fac5ee4f000-7fac5ee79000 r-xp 00000000 08:01 922248                     /usr/lib/jvm/java-8-openjdk-amd64/jre/lib/amd64/libjava.so
7fac5ee79000-7fac5f078000 ---p 0002a000 08:01 922248                     /usr/lib/jvm/java-8-openjdk-amd64/jre/lib/amd64/libjava.so
7fac5f078000-7fac5f079000 r--p 00029000 08:01 922248                     /usr/lib/jvm/java-8-openjdk-amd64/jre/lib/amd64/libjava.so
7fac5f079000-7fac5f07b000 rw-p 0002a000 08:01 922248                     /usr/lib/jvm/java-8-openjdk-amd64/jre/lib/amd64/libjava.so
7fac5f07b000-7fac5f08a000 r-xp 00000000 08:01 935060                     /usr/lib/jvm/java-8-openjdk-amd64/jre/lib/amd64/libverify.so
7fac5f08a000-7fac5f289000 ---p 0000f000 08:01 935060                     /usr/lib/jvm/java-8-openjdk-amd64/jre/lib/amd64/libverify.so
7fac5f289000-7fac5f28b000 r--p 0000e000 08:01 935060                     /usr/lib/jvm/java-8-openjdk-amd64/jre/lib/amd64/libverify.so
7fac5f28b000-7fac5f28c000 rw-p 00010000 08:01 935060                     /usr/lib/jvm/java-8-openjdk-amd64/jre/lib/amd64/libverify.so
7fac5f28c000-7fac5f293000 r-xp 00000000 08:01 529053                     /lib/x86_64-linux-gnu/librt-2.23.so
7fac5f293000-7fac5f492000 ---p 00007000 08:01 529053                     /lib/x86_64-linux-gnu/librt-2.23.so
7fac5f492000-7fac5f493000 r--p 00006000 08:01 529053                     /lib/x86_64-linux-gnu/librt-2.23.so
7fac5f493000-7fac5f494000 rw-p 00007000 08:01 529053                     /lib/x86_64-linux-gnu/librt-2.23.so
7fac5f494000-7fac5f4aa000 r-xp 00000000 08:01 524818                     /lib/x86_64-linux-gnu/libgcc_s.so.1
7fac5f4aa000-7fac5f6a9000 ---p 00016000 08:01 524818                     /lib/x86_64-linux-gnu/libgcc_s.so.1
7fac5f6a9000-7fac5f6aa000 rw-p 00015000 08:01 524818                     /lib/x86_64-linux-gnu/libgcc_s.so.1
7fac5f6aa000-7fac5f7b2000 r-xp 00000000 08:01 525381                     /lib/x86_64-linux-gnu/libm-2.23.so
7fac5f7b2000-7fac5f9b1000 ---p 00108000 08:01 525381                     /lib/x86_64-linux-gnu/libm-2.23.so
7fac5f9b1000-7fac5f9b2000 r--p 00107000 08:01 525381                     /lib/x86_64-linux-gnu/libm-2.23.so
7fac5f9b2000-7fac5f9b3000 rw-p 00108000 08:01 525381                     /lib/x86_64-linux-gnu/libm-2.23.so
7fac5f9b3000-7fac5fb25000 r-xp 00000000 08:01 3149753                    /usr/lib/x86_64-linux-gnu/libstdc++.so.6.0.21
7fac5fb25000-7fac5fd25000 ---p 00172000 08:01 3149753                    /usr/lib/x86_64-linux-gnu/libstdc++.so.6.0.21
7fac5fd25000-7fac5fd2f000 r--p 00172000 08:01 3149753                    /usr/lib/x86_64-linux-gnu/libstdc++.so.6.0.21
7fac5fd2f000-7fac5fd31000 rw-p 0017c000 08:01 3149753                    /usr/lib/x86_64-linux-gnu/libstdc++.so.6.0.21
7fac5fd31000-7fac5fd35000 rw-p 00000000 00:00 0 
7fac5fd35000-7fac60a5a000 r-xp 00000000 08:01 935071                     /usr/lib/jvm/java-8-openjdk-amd64/jre/lib/amd64/server/libjvm.so
7fac60a5a000-7fac60c59000 ---p 00d25000 08:01 935071                     /usr/lib/jvm/java-8-openjdk-amd64/jre/lib/amd64/server/libjvm.so
7fac60c59000-7fac60cef000 r--p 00d24000 08:01 935071                     /usr/lib/jvm/java-8-openjdk-amd64/jre/lib/amd64/server/libjvm.so
7fac60cef000-7fac60d18000 rw-p 00dba000 08:01 935071                     /usr/lib/jvm/java-8-openjdk-amd64/jre/lib/amd64/server/libjvm.so
7fac60d18000-7fac60d4b000 rw-p 00000000 00:00 0 
7fac60d4b000-7fac60d63000 r-xp 00000000 08:01 525378                     /lib/x86_64-linux-gnu/libpthread-2.23.so
7fac60d63000-7fac60f62000 ---p 00018000 08:01 525378                     /lib/x86_64-linux-gnu/libpthread-2.23.so
7fac60f62000-7fac60f63000 r--p 00017000 08:01 525378                     /lib/x86_64-linux-gnu/libpthread-2.23.so
7fac60f63000-7fac60f64000 rw-p 00018000 08:01 525378                     /lib/x86_64-linux-gnu/libpthread-2.23.so
7fac60f64000-7fac60f68000 rw-p 00000000 00:00 0 
7fac60f68000-7fac60f6b000 r-xp 00000000 08:01 525043                     /lib/x86_64-linux-gnu/libdl-2.23.so
7fac60f6b000-7fac6116a000 ---p 00003000 08:01 525043                     /lib/x86_64-linux-gnu/libdl-2.23.so
7fac6116a000-7fac6116b000 r--p 00002000 08:01 525043                     /lib/x86_64-linux-gnu/libdl-2.23.so
7fac6116b000-7fac6116c000 rw-p 00003000 08:01 525043                     /lib/x86_64-linux-gnu/libdl-2.23.so
7fac6116c000-7fac61185000 r-xp 00000000 08:01 524772                     /lib/x86_64-linux-gnu/libz.so.1.2.8
7fac61185000-7fac61384000 ---p 00019000 08:01 524772                     /lib/x86_64-linux-gnu/libz.so.1.2.8
7fac61384000-7fac61385000 r--p 00018000 08:01 524772                     /lib/x86_64-linux-gnu/libz.so.1.2.8
7fac61385000-7fac61386000 rw-p 00019000 08:01 524772                     /lib/x86_64-linux-gnu/libz.so.1.2.8
7fac61386000-7fac61546000 r-xp 00000000 08:01 525377                     /lib/x86_64-linux-gnu/libc-2.23.so
7fac61546000-7fac61746000 ---p 001c0000 08:01 525377                     /lib/x86_64-linux-gnu/libc-2.23.so
7fac61746000-7fac6174a000 r--p 001c0000 08:01 525377                     /lib/x86_64-linux-gnu/libc-2.23.so
7fac6174a000-7fac6174c000 rw-p 001c4000 08:01 525377                     /lib/x86_64-linux-gnu/libc-2.23.so
7fac6174c000-7fac61750000 rw-p 00000000 00:00 0 
7fac61750000-7fac6175e000 r-xp 00000000 08:01 935054                     /usr/lib/jvm/java-8-openjdk-amd64/jre/lib/amd64/jli/libjli.so
7fac6175e000-7fac6195d000 ---p 0000e000 08:01 935054                     /usr/lib/jvm/java-8-openjdk-amd64/jre/lib/amd64/jli/libjli.so
7fac6195d000-7fac6195e000 r--p 0000d000 08:01 935054                     /usr/lib/jvm/java-8-openjdk-amd64/jre/lib/amd64/jli/libjli.so
7fac6195e000-7fac6195f000 rw-p 0000e000 08:01 935054                     /usr/lib/jvm/java-8-openjdk-amd64/jre/lib/amd64/jli/libjli.so
7fac6195f000-7fac61985000 r-xp 00000000 08:01 525389                     /lib/x86_64-linux-gnu/ld-2.23.so
7fac61a59000-7fac61a5c000 ---p 00000000 00:00 0 
7fac61a5c000-7fac61b5e000 rw-p 00000000 00:00 0 
7fac61b79000-7fac61b81000 rw-s 00000000 08:01 1311774                    /tmp/hsperfdata_ekeramat/7426
7fac61b81000-7fac61b82000 rw-p 00000000 00:00 0 
7fac61b82000-7fac61b83000 r--p 00000000 00:00 0 
7fac61b83000-7fac61b84000 rw-p 00000000 00:00 0 
7fac61b84000-7fac61b85000 r--p 00025000 08:01 525389                     /lib/x86_64-linux-gnu/ld-2.23.so
7fac61b85000-7fac61b86000 rw-p 00026000 08:01 525389                     /lib/x86_64-linux-gnu/ld-2.23.so
7fac61b86000-7fac61b87000 rw-p 00000000 00:00 0 
7fff0ef1b000-7fff0ef3c000 rw-p 00000000 00:00 0                          [stack]
7fff0efb8000-7fff0efba000 r--p 00000000 00:00 0                          [vvar]
7fff0efba000-7fff0efbc000 r-xp 00000000 00:00 0                          [vdso]
ffffffffff600000-ffffffffff601000 r-xp 00000000 00:00 0                  [vsyscall]

VM Arguments:
java_command: jjtree HL.jjt
java_class_path (initial): /opt/javacc/target/javacc.jar
Launcher Type: SUN_STANDARD

Environment Variables:
JAVA_HOME=/usr/lib/jvm/java-8-openjdk-amd64
PATH=/usr/local/bin:/usr/bin:/bin:/usr/local/games:/usr/games:/snap/bin:/usr/courses/bin/x86_64
SHELL=/bin/bash

Signal Handlers:
SIGSEGV: [libjvm.so+0xb1e940], sa_mask[0]=11111111011111111101111111111110, sa_flags=SA_RESTART|SA_SIGINFO
SIGBUS: [libjvm.so+0xb1e940], sa_mask[0]=11111111011111111101111111111110, sa_flags=SA_RESTART|SA_SIGINFO
SIGFPE: [libjvm.so+0x956450], sa_mask[0]=11111111011111111101111111111110, sa_flags=SA_RESTART|SA_SIGINFO
SIGPIPE: [libjvm.so+0x956450], sa_mask[0]=11111111011111111101111111111110, sa_flags=SA_RESTART|SA_SIGINFO
SIGXFSZ: [libjvm.so+0x956450], sa_mask[0]=11111111011111111101111111111110, sa_flags=SA_RESTART|SA_SIGINFO
SIGILL: [libjvm.so+0x956450], sa_mask[0]=11111111011111111101111111111110, sa_flags=SA_RESTART|SA_SIGINFO
SIGUSR1: SIG_DFL, sa_mask[0]=00000000000000000000000000000000, sa_flags=none
SIGUSR2: [libjvm.so+0x956300], sa_mask[0]=00000000000000000000000000000000, sa_flags=SA_RESTART|SA_SIGINFO
SIGHUP: SIG_DFL, sa_mask[0]=00000000000000000000000000000000, sa_flags=none
SIGINT: SIG_DFL, sa_mask[0]=00000000000000000000000000000000, sa_flags=none
SIGTERM: SIG_DFL, sa_mask[0]=00000000000000000000000000000000, sa_flags=none
SIGQUIT: SIG_DFL, sa_mask[0]=00000000000000000000000000000000, sa_flags=none


---------------  S Y S T E M  ---------------

OS:DISTRIB_ID=Ubuntu
DISTRIB_RELEASE=16.04
DISTRIB_CODENAME=xenial
DISTRIB_DESCRIPTION="Ubuntu 16.04.7 LTS"

uname:Linux 4.4.0-190-generic #220-Ubuntu SMP Fri Aug 28 23:02:15 UTC 2020 x86_64
libc:glibc 2.23 NPTL 2.23 
rlimit: STACK 8192k, CORE 0k, NPROC 75, NOFILE 1048576, AS infinity
load average:0.01 0.03 0.00

/proc/meminfo:
MemTotal:       16431672 kB
MemFree:         2318232 kB
MemAvailable:   14873288 kB
Buffers:          742776 kB
Cached:         10086832 kB
SwapCached:          148 kB
Active:          5370836 kB
Inactive:        6185124 kB
Active(anon):     659364 kB
Inactive(anon):   245444 kB
Active(file):    4711472 kB
Inactive(file):  5939680 kB
Unevictable:        3652 kB
Mlocked:            3652 kB
SwapTotal:       4192252 kB
SwapFree:        4191864 kB
Dirty:               244 kB
Writeback:             0 kB
AnonPages:        729904 kB
Mapped:           175136 kB
Shmem:            176032 kB
Slab:            2429116 kB
SReclaimable:    2242228 kB
SUnreclaim:       186888 kB
KernelStack:        7664 kB
PageTables:        29424 kB
NFS_Unstable:          0 kB
Bounce:                0 kB
WritebackTmp:          0 kB
CommitLimit:    12408088 kB
Committed_AS:    3801992 kB
VmallocTotal:   34359738367 kB
VmallocUsed:           0 kB
VmallocChunk:          0 kB
HardwareCorrupted:     0 kB
AnonHugePages:         0 kB
CmaTotal:              0 kB
CmaFree:               0 kB
HugePages_Total:       0
HugePages_Free:        0
HugePages_Rsvd:        0
HugePages_Surp:        0
Hugepagesize:       2048 kB
DirectMap4k:      405376 kB
DirectMap2M:    16371712 kB

container (cgroup) information:
container_type: cgroupv1
cpu_cpuset_cpus: 0-7
cpu_memory_nodes: 0
active_processor_count: 8
cpu_quota: -1
cpu_period: 100000
cpu_shares: -1
memory_limit_in_bytes: -1
memory_and_swap_limit_in_bytes: -2
memory_soft_limit_in_bytes: -1
memory_usage_in_bytes: 8614195200
memory_max_usage_in_bytes: 11058888704


CPU:total 8 (initial active 8) (4 cores per cpu, 1 threads per core) family 6 model 26 stepping 4, cmov, cx8, fxsr, mmx, sse, sse2, sse3, ssse3, sse4.1, sse4.2, popcnt, tsc, tscinvbit, tscinv

/proc/cpuinfo:
processor	: 0
vendor_id	: GenuineIntel
cpu family	: 6
model		: 26
model name	: Intel(R) Xeon(R) CPU           X5570  @ 2.93GHz
stepping	: 4
microcode	: 0x1d
cpu MHz		: 2926.000
cache size	: 8192 KB
physical id	: 0
siblings	: 4
core id		: 0
cpu cores	: 4
apicid		: 0
initial apicid	: 0
fpu		: yes
fpu_exception	: yes
cpuid level	: 11
wp		: yes
flags		: fpu vme de pse tsc msr pae mce cx8 apic sep mtrr pge mca cmov pat pse36 clflush dts mmx fxsr sse sse2 ss ht syscall nx rdtscp lm constant_tsc arch_perfmon pebs bts nopl tsc_reliable nonstop_tsc pni ssse3 cx16 sse4_1 sse4_2 popcnt hypervisor lahf_lm kaiser arat
bugs		: cpu_meltdown spectre_v1 spectre_v2 spec_store_bypass l1tf mds swapgs itlb_multihit
bogomips	: 5852.00
clflush size	: 64
cache_alignment	: 64
address sizes	: 40 bits physical, 48 bits virtual
power management:

processor	: 1
vendor_id	: GenuineIntel
cpu family	: 6
model		: 26
model name	: Intel(R) Xeon(R) CPU           X5570  @ 2.93GHz
stepping	: 4
microcode	: 0x1d
cpu MHz		: 2926.000
cache size	: 8192 KB
physical id	: 0
siblings	: 4
core id		: 1
cpu cores	: 4
apicid		: 1
initial apicid	: 1
fpu		: yes
fpu_exception	: yes
cpuid level	: 11
wp		: yes
flags		: fpu vme de pse tsc msr pae mce cx8 apic sep mtrr pge mca cmov pat pse36 clflush dts mmx fxsr sse sse2 ss ht syscall nx rdtscp lm constant_tsc arch_perfmon pebs bts nopl tsc_reliable nonstop_tsc pni ssse3 cx16 sse4_1 sse4_2 popcnt hypervisor lahf_lm kaiser arat
bugs		: cpu_meltdown spectre_v1 spectre_v2 spec_store_bypass l1tf mds swapgs itlb_multihit
bogomips	: 5852.00
clflush size	: 64
cache_alignment	: 64
address sizes	: 40 bits physical, 48 bits virtual
power management:

processor	: 2
vendor_id	: GenuineIntel
cpu family	: 6
model		: 26
model name	: Intel(R) Xeon(R) CPU           X5570  @ 2.93GHz
stepping	: 4
microcode	: 0x1d
cpu MHz		: 2926.000
cache size	: 8192 KB
physical id	: 0
siblings	: 4
core id		: 2
cpu cores	: 4
apicid		: 2
initial apicid	: 2
fpu		: yes
fpu_exception	: yes
cpuid level	: 11
wp		: yes
flags		: fpu vme de pse tsc msr pae mce cx8 apic sep mtrr pge mca cmov pat pse36 clflush dts mmx fxsr sse sse2 ss ht syscall nx rdtscp lm constant_tsc arch_perfmon pebs bts nopl tsc_reliable nonstop_tsc pni ssse3 cx16 sse4_1 sse4_2 popcnt hypervisor lahf_lm kaiser arat
bugs		: cpu_meltdown spectre_v1 spectre_v2 spec_store_bypass l1tf mds swapgs itlb_multihit
bogomips	: 5852.00
clflush size	: 64
cache_alignment	: 64
address sizes	: 40 bits physical, 48 bits virtual
power management:

processor	: 3
vendor_id	: GenuineIntel
cpu family	: 6
model		: 26
model name	: Intel(R) Xeon(R) CPU           X5570  @ 2.93GHz
stepping	: 4
microcode	: 0x1d
cpu MHz		: 2926.000
cache size	: 8192 KB
physical id	: 0
siblings	: 4
core id		: 3
cpu cores	: 4
apicid		: 3
initial apicid	: 3
fpu		: yes
fpu_exception	: yes
cpuid level	: 11
wp		: yes
flags		: fpu vme de pse tsc msr pae mce cx8 apic sep mtrr pge mca cmov pat pse36 clflush dts mmx fxsr sse sse2 ss ht syscall nx rdtscp lm constant_tsc arch_perfmon pebs bts nopl tsc_reliable nonstop_tsc pni ssse3 cx16 sse4_1 sse4_2 popcnt hypervisor lahf_lm kaiser arat
bugs		: cpu_meltdown spectre_v1 spectre_v2 spec_store_bypass l1tf mds swapgs itlb_multihit
bogomips	: 5852.00
clflush size	: 64
cache_alignment	: 64
address sizes	: 40 bits physical, 48 bits virtual
power management:

processor	: 4
vendor_id	: GenuineIntel
cpu family	: 6
model		: 26
model name	: Intel(R) Xeon(R) CPU           X5570  @ 2.93GHz
stepping	: 4
microcode	: 0x1d
cpu MHz		: 2926.000
cache size	: 8192 KB
physical id	: 1
siblings	: 4
core id		: 0
cpu cores	: 4
apicid		: 4
initial apicid	: 4
fpu		: yes
fpu_exception	: yes
cpuid level	: 11
wp		: yes
flags		: fpu vme de pse tsc msr pae mce cx8 apic sep mtrr pge mca cmov pat pse36 clflush dts mmx fxsr sse sse2 ss ht syscall nx rdtscp lm constant_tsc arch_perfmon pebs bts nopl tsc_reliable nonstop_tsc pni ssse3 cx16 sse4_1 sse4_2 popcnt hypervisor lahf_lm kaiser arat
bugs		: cpu_meltdown spectre_v1 spectre_v2 spec_store_bypass l1tf mds swapgs itlb_multihit
bogomips	: 5852.00
clflush size	: 64
cache_alignment	: 64
address sizes	: 40 bits physical, 48 bits virtual
power management:

processor	: 5
vendor_id	: GenuineIntel
cpu family	: 6
model		: 26
model name	: Intel(R) Xeon(R) CPU           X5570  @ 2.93GHz
stepping	: 4
microcode	: 0x1d
cpu MHz		: 2926.000
cache size	: 8192 KB
physical id	: 1
siblings	: 4
core id		: 1
cpu cores	: 4
apicid		: 5
initial apicid	: 5
fpu		: yes
fpu_exception	: yes
cpuid level	: 11
wp		: yes
flags		: fpu vme de pse tsc msr pae mce cx8 apic sep mtrr pge mca cmov pat pse36 clflush dts mmx fxsr sse sse2 ss ht syscall nx rdtscp lm constant_tsc arch_perfmon pebs bts nopl tsc_reliable nonstop_tsc pni ssse3 cx16 sse4_1 sse4_2 popcnt hypervisor lahf_lm kaiser arat
bugs		: cpu_meltdown spectre_v1 spectre_v2 spec_store_bypass l1tf mds swapgs itlb_multihit
bogomips	: 5852.00
clflush size	: 64
cache_alignment	: 64
address sizes	: 40 bits physical, 48 bits virtual
power management:

processor	: 6
vendor_id	: GenuineIntel
cpu family	: 6
model		: 26
model name	: Intel(R) Xeon(R) CPU           X5570  @ 2.93GHz
stepping	: 4
microcode	: 0x1d
cpu MHz		: 2926.000
cache size	: 8192 KB
physical id	: 1
siblings	: 4
core id		: 2
cpu cores	: 4
apicid		: 6
initial apicid	: 6
fpu		: yes
fpu_exception	: yes
cpuid level	: 11
wp		: yes
flags		: fpu vme de pse tsc msr pae mce cx8 apic sep mtrr pge mca cmov pat pse36 clflush dts mmx fxsr sse sse2 ss ht syscall nx rdtscp lm constant_tsc arch_perfmon pebs bts nopl tsc_reliable nonstop_tsc pni ssse3 cx16 sse4_1 sse4_2 popcnt hypervisor lahf_lm kaiser arat
bugs		: cpu_meltdown spectre_v1 spectre_v2 spec_store_bypass l1tf mds swapgs itlb_multihit
bogomips	: 5852.00
clflush size	: 64
cache_alignment	: 64
address sizes	: 40 bits physical, 48 bits virtual
power management:

processor	: 7
vendor_id	: GenuineIntel
cpu family	: 6
model		: 26
model name	: Intel(R) Xeon(R) CPU           X5570  @ 2.93GHz
stepping	: 4
microcode	: 0x1d
cpu MHz		: 2926.000
cache size	: 8192 KB
physical id	: 1
siblings	: 4
core id		: 3
cpu cores	: 4
apicid		: 7
initial apicid	: 7
fpu		: yes
fpu_exception	: yes
cpuid level	: 11
wp		: yes
flags		: fpu vme de pse tsc msr pae mce cx8 apic sep mtrr pge mca cmov pat pse36 clflush dts mmx fxsr sse sse2 ss ht syscall nx rdtscp lm constant_tsc arch_perfmon pebs bts nopl tsc_reliable nonstop_tsc pni ssse3 cx16 sse4_1 sse4_2 popcnt hypervisor lahf_lm kaiser arat
bugs		: cpu_meltdown spectre_v1 spectre_v2 spec_store_bypass l1tf mds swapgs itlb_multihit
bogomips	: 5852.00
clflush size	: 64
cache_alignment	: 64
address sizes	: 40 bits physical, 48 bits virtual
power management:



Memory: 4k page, physical 16431672k(2318232k free), swap 4192252k(4191864k free)

vm_info: OpenJDK 64-Bit Server VM (25.275-b01) for linux-amd64 JRE (1.8.0_275-8u275-b01-0ubuntu1~16.04-b01), built on Nov  9 2020 03:41:32 by "buildd" with gcc 5.4.0 20160609

time: Tue Dec  8 00:32:15 2020
timezone: EST
elapsed time: 0.012246 seconds (0d 0h 0m 0s)

