#
# There is insufficient memory for the Java Runtime Environment to continue.
# Cannot create GC thread. Out of system resources.
# Possible reasons:
#   The system is out of physical RAM or swap space
#   The process is running with CompressedOops enabled, and the Java Heap may be blocking the growth of the native heap
# Possible solutions:
#   Reduce memory load on the system
#   Increase physical memory or swap space
#   Check if swap backing store is full
#   Decrease Java heap size (-Xmx/-Xms)
#   Decrease number of Java threads
#   Decrease Java thread stack sizes (-Xss)
#   Set larger code cache with -XX:ReservedCodeCacheSize=
# This output file may be truncated or incomplete.
#
#  Out of Memory Error (gcTaskThread.cpp:48), pid=13192, tid=0x00007fed265f5700
#
# JRE version:  (8.0_275-b01) (build )
# Java VM: OpenJDK 64-Bit Server VM (25.275-b01 mixed mode linux-amd64 compressed oops)
# Failed to write core dump. Core dumps have been disabled. To enable core dumping, try "ulimit -c unlimited" before starting Java again
#

---------------  T H R E A D  ---------------

Current thread (0x00007fed1c00a800):  JavaThread "Unknown thread" [_thread_in_vm, id=13193, stack(0x00007fed264f5000,0x00007fed265f6000)]

Stack: [0x00007fed264f5000,0x00007fed265f6000],  sp=0x00007fed265f4810,  free space=1022k
Native frames: (J=compiled Java code, j=interpreted, Vv=VM code, C=native code)
V  [libjvm.so+0xb1de0b]
V  [libjvm.so+0x4e019c]
V  [libjvm.so+0x5c953f]
V  [libjvm.so+0x5c86a7]
V  [libjvm.so+0x984099]
V  [libjvm.so+0xae1809]
V  [libjvm.so+0xae1a52]
V  [libjvm.so+0x63e32f]
V  [libjvm.so+0xac525b]
V  [libjvm.so+0x714b30]  JNI_CreateJavaVM+0x60
C  [libjli.so+0x2f8a]
C  [libjli.so+0x75cd]
C  [libpthread.so.0+0x76ba]  start_thread+0xca


---------------  P R O C E S S  ---------------

Java Threads: ( => current thread )

Other Threads:

=>0x00007fed1c00a800 (exited) JavaThread "Unknown thread" [_thread_in_vm, id=13193, stack(0x00007fed264f5000,0x00007fed265f6000)]

VM state:not at safepoint (not fully initialized)

VM Mutex/Monitor currently owned by a thread: None

heap address: 0x00000006c5400000, size: 4012 MB, Compressed Oops mode: Non-zero based:0x00000006c53ff000, Oop shift amount: 3
Narrow klass base: 0x0000000000000000, Narrow klass shift: 0

GC Heap History (0 events):
No events

Deoptimization events (0 events):
No events

Classes redefined (0 events):
No events

Internal exceptions (0 events):
No events

Events (0 events):
No events


Dynamic libraries:
6c5400000-6cfc00000 rw-p 00000000 00:00 0 
6cfc00000-76c700000 ---p 00000000 00:00 0 
76c700000-771b00000 rw-p 00000000 00:00 0 
771b00000-7c0000000 ---p 00000000 00:00 0 
5619f2036000-5619f2037000 r-xp 00000000 08:01 935344                     /usr/lib/jvm/java-8-openjdk-amd64/jre/bin/java
5619f2236000-5619f2237000 r--p 00000000 08:01 935344                     /usr/lib/jvm/java-8-openjdk-amd64/jre/bin/java
5619f2237000-5619f2238000 rw-p 00001000 08:01 935344                     /usr/lib/jvm/java-8-openjdk-amd64/jre/bin/java
5619f2d6e000-5619f2d8f000 rw-p 00000000 00:00 0                          [heap]
7fed0d000000-7fed0d270000 rwxp 00000000 00:00 0 
7fed0d270000-7fed1c000000 ---p 00000000 00:00 0 
7fed1c000000-7fed1c040000 rw-p 00000000 00:00 0 
7fed1c040000-7fed20000000 ---p 00000000 00:00 0 
7fed217cb000-7fed217cc000 ---p 00000000 00:00 0 
7fed217cc000-7fed218cc000 rw-p 00000000 00:00 0 
7fed218cc000-7fed218cd000 ---p 00000000 00:00 0 
7fed218cd000-7fed219cd000 rw-p 00000000 00:00 0 
7fed219cd000-7fed219ce000 ---p 00000000 00:00 0 
7fed219ce000-7fed21ace000 rw-p 00000000 00:00 0 
7fed21ace000-7fed21acf000 ---p 00000000 00:00 0 
7fed21acf000-7fed21bcf000 rw-p 00000000 00:00 0 
7fed21bcf000-7fed21bd0000 ---p 00000000 00:00 0 
7fed21bd0000-7fed21cd0000 rw-p 00000000 00:00 0 
7fed21cd0000-7fed21cd1000 ---p 00000000 00:00 0 
7fed21cd1000-7fed21e25000 rw-p 00000000 00:00 0 
7fed21e25000-7fed2230b000 ---p 00000000 00:00 0 
7fed2230b000-7fed2235f000 rw-p 00000000 00:00 0 
7fed2235f000-7fed22844000 ---p 00000000 00:00 0 
7fed22844000-7fed2286f000 rw-p 00000000 00:00 0 
7fed2286f000-7fed22ae1000 ---p 00000000 00:00 0 
7fed22ae1000-7fed22aec000 rw-p 00000000 00:00 0 
7fed22aec000-7fed22ea2000 ---p 00000000 00:00 0 
7fed22ea2000-7fed22eaa000 r-xp 00000000 08:01 935080                     /usr/lib/jvm/java-8-openjdk-amd64/jre/lib/amd64/libzip.so
7fed22eaa000-7fed230a9000 ---p 00008000 08:01 935080                     /usr/lib/jvm/java-8-openjdk-amd64/jre/lib/amd64/libzip.so
7fed230a9000-7fed230aa000 r--p 00007000 08:01 935080                     /usr/lib/jvm/java-8-openjdk-amd64/jre/lib/amd64/libzip.so
7fed230aa000-7fed230ab000 rw-p 00008000 08:01 935080                     /usr/lib/jvm/java-8-openjdk-amd64/jre/lib/amd64/libzip.so
7fed230ab000-7fed230b6000 r-xp 00000000 08:01 525391                     /lib/x86_64-linux-gnu/libnss_files-2.23.so
7fed230b6000-7fed232b5000 ---p 0000b000 08:01 525391                     /lib/x86_64-linux-gnu/libnss_files-2.23.so
7fed232b5000-7fed232b6000 r--p 0000a000 08:01 525391                     /lib/x86_64-linux-gnu/libnss_files-2.23.so
7fed232b6000-7fed232b7000 rw-p 0000b000 08:01 525391                     /lib/x86_64-linux-gnu/libnss_files-2.23.so
7fed232b7000-7fed232bd000 rw-p 00000000 00:00 0 
7fed232bd000-7fed232c8000 r-xp 00000000 08:01 529050                     /lib/x86_64-linux-gnu/libnss_nis-2.23.so
7fed232c8000-7fed234c7000 ---p 0000b000 08:01 529050                     /lib/x86_64-linux-gnu/libnss_nis-2.23.so
7fed234c7000-7fed234c8000 r--p 0000a000 08:01 529050                     /lib/x86_64-linux-gnu/libnss_nis-2.23.so
7fed234c8000-7fed234c9000 rw-p 0000b000 08:01 529050                     /lib/x86_64-linux-gnu/libnss_nis-2.23.so
7fed234c9000-7fed234df000 r-xp 00000000 08:01 525380                     /lib/x86_64-linux-gnu/libnsl-2.23.so
7fed234df000-7fed236de000 ---p 00016000 08:01 525380                     /lib/x86_64-linux-gnu/libnsl-2.23.so
7fed236de000-7fed236df000 r--p 00015000 08:01 525380                     /lib/x86_64-linux-gnu/libnsl-2.23.so
7fed236df000-7fed236e0000 rw-p 00016000 08:01 525380                     /lib/x86_64-linux-gnu/libnsl-2.23.so
7fed236e0000-7fed236e2000 rw-p 00000000 00:00 0 
7fed236e2000-7fed236ea000 r-xp 00000000 08:01 529048                     /lib/x86_64-linux-gnu/libnss_compat-2.23.so
7fed236ea000-7fed238e9000 ---p 00008000 08:01 529048                     /lib/x86_64-linux-gnu/libnss_compat-2.23.so
7fed238e9000-7fed238ea000 r--p 00007000 08:01 529048                     /lib/x86_64-linux-gnu/libnss_compat-2.23.so
7fed238ea000-7fed238eb000 rw-p 00008000 08:01 529048                     /lib/x86_64-linux-gnu/libnss_compat-2.23.so
7fed238eb000-7fed23915000 r-xp 00000000 08:01 922248                     /usr/lib/jvm/java-8-openjdk-amd64/jre/lib/amd64/libjava.so
7fed23915000-7fed23b14000 ---p 0002a000 08:01 922248                     /usr/lib/jvm/java-8-openjdk-amd64/jre/lib/amd64/libjava.so
7fed23b14000-7fed23b15000 r--p 00029000 08:01 922248                     /usr/lib/jvm/java-8-openjdk-amd64/jre/lib/amd64/libjava.so
7fed23b15000-7fed23b17000 rw-p 0002a000 08:01 922248                     /usr/lib/jvm/java-8-openjdk-amd64/jre/lib/amd64/libjava.so
7fed23b17000-7fed23b26000 r-xp 00000000 08:01 935060                     /usr/lib/jvm/java-8-openjdk-amd64/jre/lib/amd64/libverify.so
7fed23b26000-7fed23d25000 ---p 0000f000 08:01 935060                     /usr/lib/jvm/java-8-openjdk-amd64/jre/lib/amd64/libverify.so
7fed23d25000-7fed23d27000 r--p 0000e000 08:01 935060                     /usr/lib/jvm/java-8-openjdk-amd64/jre/lib/amd64/libverify.so
7fed23d27000-7fed23d28000 rw-p 00010000 08:01 935060                     /usr/lib/jvm/java-8-openjdk-amd64/jre/lib/amd64/libverify.so
7fed23d28000-7fed23d2f000 r-xp 00000000 08:01 529053                     /lib/x86_64-linux-gnu/librt-2.23.so
7fed23d2f000-7fed23f2e000 ---p 00007000 08:01 529053                     /lib/x86_64-linux-gnu/librt-2.23.so
7fed23f2e000-7fed23f2f000 r--p 00006000 08:01 529053                     /lib/x86_64-linux-gnu/librt-2.23.so
7fed23f2f000-7fed23f30000 rw-p 00007000 08:01 529053                     /lib/x86_64-linux-gnu/librt-2.23.so
7fed23f30000-7fed23f46000 r-xp 00000000 08:01 524818                     /lib/x86_64-linux-gnu/libgcc_s.so.1
7fed23f46000-7fed24145000 ---p 00016000 08:01 524818                     /lib/x86_64-linux-gnu/libgcc_s.so.1
7fed24145000-7fed24146000 rw-p 00015000 08:01 524818                     /lib/x86_64-linux-gnu/libgcc_s.so.1
7fed24146000-7fed2424e000 r-xp 00000000 08:01 525381                     /lib/x86_64-linux-gnu/libm-2.23.so
7fed2424e000-7fed2444d000 ---p 00108000 08:01 525381                     /lib/x86_64-linux-gnu/libm-2.23.so
7fed2444d000-7fed2444e000 r--p 00107000 08:01 525381                     /lib/x86_64-linux-gnu/libm-2.23.so
7fed2444e000-7fed2444f000 rw-p 00108000 08:01 525381                     /lib/x86_64-linux-gnu/libm-2.23.so
7fed2444f000-7fed245c1000 r-xp 00000000 08:01 3149753                    /usr/lib/x86_64-linux-gnu/libstdc++.so.6.0.21
7fed245c1000-7fed247c1000 ---p 00172000 08:01 3149753                    /usr/lib/x86_64-linux-gnu/libstdc++.so.6.0.21
7fed247c1000-7fed247cb000 r--p 00172000 08:01 3149753                    /usr/lib/x86_64-linux-gnu/libstdc++.so.6.0.21
7fed247cb000-7fed247cd000 rw-p 0017c000 08:01 3149753                    /usr/lib/x86_64-linux-gnu/libstdc++.so.6.0.21
7fed247cd000-7fed247d1000 rw-p 00000000 00:00 0 
7fed247d1000-7fed254f6000 r-xp 00000000 08:01 935071                     /usr/lib/jvm/java-8-openjdk-amd64/jre/lib/amd64/server/libjvm.so
7fed254f6000-7fed256f5000 ---p 00d25000 08:01 935071                     /usr/lib/jvm/java-8-openjdk-amd64/jre/lib/amd64/server/libjvm.so
7fed256f5000-7fed2578b000 r--p 00d24000 08:01 935071                     /usr/lib/jvm/java-8-openjdk-amd64/jre/lib/amd64/server/libjvm.so
7fed2578b000-7fed257b4000 rw-p 00dba000 08:01 935071                     /usr/lib/jvm/java-8-openjdk-amd64/jre/lib/amd64/server/libjvm.so
7fed257b4000-7fed257e7000 rw-p 00000000 00:00 0 
7fed257e7000-7fed257ff000 r-xp 00000000 08:01 525378                     /lib/x86_64-linux-gnu/libpthread-2.23.so
7fed257ff000-7fed259fe000 ---p 00018000 08:01 525378                     /lib/x86_64-linux-gnu/libpthread-2.23.so
7fed259fe000-7fed259ff000 r--p 00017000 08:01 525378                     /lib/x86_64-linux-gnu/libpthread-2.23.so
7fed259ff000-7fed25a00000 rw-p 00018000 08:01 525378                     /lib/x86_64-linux-gnu/libpthread-2.23.so
7fed25a00000-7fed25a04000 rw-p 00000000 00:00 0 
7fed25a04000-7fed25a07000 r-xp 00000000 08:01 525043                     /lib/x86_64-linux-gnu/libdl-2.23.so
7fed25a07000-7fed25c06000 ---p 00003000 08:01 525043                     /lib/x86_64-linux-gnu/libdl-2.23.so
7fed25c06000-7fed25c07000 r--p 00002000 08:01 525043                     /lib/x86_64-linux-gnu/libdl-2.23.so
7fed25c07000-7fed25c08000 rw-p 00003000 08:01 525043                     /lib/x86_64-linux-gnu/libdl-2.23.so
7fed25c08000-7fed25c21000 r-xp 00000000 08:01 524772                     /lib/x86_64-linux-gnu/libz.so.1.2.8
7fed25c21000-7fed25e20000 ---p 00019000 08:01 524772                     /lib/x86_64-linux-gnu/libz.so.1.2.8
7fed25e20000-7fed25e21000 r--p 00018000 08:01 524772                     /lib/x86_64-linux-gnu/libz.so.1.2.8
7fed25e21000-7fed25e22000 rw-p 00019000 08:01 524772                     /lib/x86_64-linux-gnu/libz.so.1.2.8
7fed25e22000-7fed25fe2000 r-xp 00000000 08:01 525377                     /lib/x86_64-linux-gnu/libc-2.23.so
7fed25fe2000-7fed261e2000 ---p 001c0000 08:01 525377                     /lib/x86_64-linux-gnu/libc-2.23.so
7fed261e2000-7fed261e6000 r--p 001c0000 08:01 525377                     /lib/x86_64-linux-gnu/libc-2.23.so
7fed261e6000-7fed261e8000 rw-p 001c4000 08:01 525377                     /lib/x86_64-linux-gnu/libc-2.23.so
7fed261e8000-7fed261ec000 rw-p 00000000 00:00 0 
7fed261ec000-7fed261fa000 r-xp 00000000 08:01 935054                     /usr/lib/jvm/java-8-openjdk-amd64/jre/lib/amd64/jli/libjli.so
7fed261fa000-7fed263f9000 ---p 0000e000 08:01 935054                     /usr/lib/jvm/java-8-openjdk-amd64/jre/lib/amd64/jli/libjli.so
7fed263f9000-7fed263fa000 r--p 0000d000 08:01 935054                     /usr/lib/jvm/java-8-openjdk-amd64/jre/lib/amd64/jli/libjli.so
7fed263fa000-7fed263fb000 rw-p 0000e000 08:01 935054                     /usr/lib/jvm/java-8-openjdk-amd64/jre/lib/amd64/jli/libjli.so
7fed263fb000-7fed26421000 r-xp 00000000 08:01 525389                     /lib/x86_64-linux-gnu/ld-2.23.so
7fed264f5000-7fed264f8000 ---p 00000000 00:00 0 
7fed264f8000-7fed265fa000 rw-p 00000000 00:00 0 
7fed26615000-7fed2661d000 rw-s 00000000 08:01 1311777                    /tmp/hsperfdata_ekeramat/13192
7fed2661d000-7fed2661e000 rw-p 00000000 00:00 0 
7fed2661e000-7fed2661f000 r--p 00000000 00:00 0 
7fed2661f000-7fed26620000 rw-p 00000000 00:00 0 
7fed26620000-7fed26621000 r--p 00025000 08:01 525389                     /lib/x86_64-linux-gnu/ld-2.23.so
7fed26621000-7fed26622000 rw-p 00026000 08:01 525389                     /lib/x86_64-linux-gnu/ld-2.23.so
7fed26622000-7fed26623000 rw-p 00000000 00:00 0 
7ffd34a49000-7ffd34a6a000 rw-p 00000000 00:00 0                          [stack]
7ffd34b83000-7ffd34b85000 r--p 00000000 00:00 0                          [vvar]
7ffd34b85000-7ffd34b87000 r-xp 00000000 00:00 0                          [vdso]
ffffffffff600000-ffffffffff601000 r-xp 00000000 00:00 0                  [vsyscall]

VM Arguments:
java_command: jjtree HL.jjt
java_class_path (initial): /opt/javacc/target/javacc.jar
Launcher Type: SUN_STANDARD

Environment Variables:
JAVA_HOME=/usr/lib/jvm/java-8-openjdk-amd64
PATH=/usr/local/bin:/usr/bin:/bin:/usr/local/games:/usr/games:/snap/bin:/usr/courses/bin/x86_64
SHELL=/bin/bash

Signal Handlers:
SIGSEGV: [libjvm.so+0xb1e940], sa_mask[0]=11111111011111111101111111111110, sa_flags=SA_RESTART|SA_SIGINFO
SIGBUS: [libjvm.so+0xb1e940], sa_mask[0]=11111111011111111101111111111110, sa_flags=SA_RESTART|SA_SIGINFO
SIGFPE: [libjvm.so+0x956450], sa_mask[0]=11111111011111111101111111111110, sa_flags=SA_RESTART|SA_SIGINFO
SIGPIPE: [libjvm.so+0x956450], sa_mask[0]=11111111011111111101111111111110, sa_flags=SA_RESTART|SA_SIGINFO
SIGXFSZ: [libjvm.so+0x956450], sa_mask[0]=11111111011111111101111111111110, sa_flags=SA_RESTART|SA_SIGINFO
SIGILL: [libjvm.so+0x956450], sa_mask[0]=11111111011111111101111111111110, sa_flags=SA_RESTART|SA_SIGINFO
SIGUSR1: SIG_DFL, sa_mask[0]=00000000000000000000000000000000, sa_flags=none
SIGUSR2: [libjvm.so+0x956300], sa_mask[0]=00000000000000000000000000000000, sa_flags=SA_RESTART|SA_SIGINFO
SIGHUP: SIG_DFL, sa_mask[0]=00000000000000000000000000000000, sa_flags=none
SIGINT: SIG_DFL, sa_mask[0]=00000000000000000000000000000000, sa_flags=none
SIGTERM: SIG_DFL, sa_mask[0]=00000000000000000000000000000000, sa_flags=none
SIGQUIT: SIG_DFL, sa_mask[0]=00000000000000000000000000000000, sa_flags=none


---------------  S Y S T E M  ---------------

OS:DISTRIB_ID=Ubuntu
DISTRIB_RELEASE=16.04
DISTRIB_CODENAME=xenial
DISTRIB_DESCRIPTION="Ubuntu 16.04.7 LTS"

uname:Linux 4.4.0-190-generic #220-Ubuntu SMP Fri Aug 28 23:02:15 UTC 2020 x86_64
libc:glibc 2.23 NPTL 2.23 
rlimit: STACK 8192k, CORE 0k, NPROC 75, NOFILE 1048576, AS infinity
load average:0.12 0.11 0.03

/proc/meminfo:
MemTotal:       16431672 kB
MemFree:         2435432 kB
MemAvailable:   15071888 kB
Buffers:          742868 kB
Cached:         10171616 kB
SwapCached:          148 kB
Active:          5254864 kB
Inactive:        6206644 kB
Active(anon):     480460 kB
Inactive(anon):   244776 kB
Active(file):    4774404 kB
Inactive(file):  5961868 kB
Unevictable:        3652 kB
Mlocked:            3652 kB
SwapTotal:       4192252 kB
SwapFree:        4191864 kB
Dirty:                28 kB
Writeback:             0 kB
AnonPages:        550708 kB
Mapped:           119424 kB
Shmem:            175788 kB
Slab:            2424172 kB
SReclaimable:    2238508 kB
SUnreclaim:       185664 kB
KernelStack:        6384 kB
PageTables:        19788 kB
NFS_Unstable:          0 kB
Bounce:                0 kB
WritebackTmp:          0 kB
CommitLimit:    12408088 kB
Committed_AS:    3250792 kB
VmallocTotal:   34359738367 kB
VmallocUsed:           0 kB
VmallocChunk:          0 kB
HardwareCorrupted:     0 kB
AnonHugePages:         0 kB
CmaTotal:              0 kB
CmaFree:               0 kB
HugePages_Total:       0
HugePages_Free:        0
HugePages_Rsvd:        0
HugePages_Surp:        0
Hugepagesize:       2048 kB
DirectMap4k:      407424 kB
DirectMap2M:    16369664 kB

container (cgroup) information:
container_type: cgroupv1
cpu_cpuset_cpus: 0-7
cpu_memory_nodes: 0
active_processor_count: 8
cpu_quota: -1
cpu_period: 100000
cpu_shares: -1
memory_limit_in_bytes: -1
memory_and_swap_limit_in_bytes: -2
memory_soft_limit_in_bytes: -1
memory_usage_in_bytes: 8457936896
memory_max_usage_in_bytes: 11058888704


CPU:total 8 (initial active 8) (4 cores per cpu, 1 threads per core) family 6 model 26 stepping 4, cmov, cx8, fxsr, mmx, sse, sse2, sse3, ssse3, sse4.1, sse4.2, popcnt, tsc, tscinvbit, tscinv

/proc/cpuinfo:
processor	: 0
vendor_id	: GenuineIntel
cpu family	: 6
model		: 26
model name	: Intel(R) Xeon(R) CPU           X5570  @ 2.93GHz
stepping	: 4
microcode	: 0x1d
cpu MHz		: 2926.000
cache size	: 8192 KB
physical id	: 0
siblings	: 4
core id		: 0
cpu cores	: 4
apicid		: 0
initial apicid	: 0
fpu		: yes
fpu_exception	: yes
cpuid level	: 11
wp		: yes
flags		: fpu vme de pse tsc msr pae mce cx8 apic sep mtrr pge mca cmov pat pse36 clflush dts mmx fxsr sse sse2 ss ht syscall nx rdtscp lm constant_tsc arch_perfmon pebs bts nopl tsc_reliable nonstop_tsc pni ssse3 cx16 sse4_1 sse4_2 popcnt hypervisor lahf_lm kaiser arat
bugs		: cpu_meltdown spectre_v1 spectre_v2 spec_store_bypass l1tf mds swapgs itlb_multihit
bogomips	: 5852.00
clflush size	: 64
cache_alignment	: 64
address sizes	: 40 bits physical, 48 bits virtual
power management:

processor	: 1
vendor_id	: GenuineIntel
cpu family	: 6
model		: 26
model name	: Intel(R) Xeon(R) CPU           X5570  @ 2.93GHz
stepping	: 4
microcode	: 0x1d
cpu MHz		: 2926.000
cache size	: 8192 KB
physical id	: 0
siblings	: 4
core id		: 1
cpu cores	: 4
apicid		: 1
initial apicid	: 1
fpu		: yes
fpu_exception	: yes
cpuid level	: 11
wp		: yes
flags		: fpu vme de pse tsc msr pae mce cx8 apic sep mtrr pge mca cmov pat pse36 clflush dts mmx fxsr sse sse2 ss ht syscall nx rdtscp lm constant_tsc arch_perfmon pebs bts nopl tsc_reliable nonstop_tsc pni ssse3 cx16 sse4_1 sse4_2 popcnt hypervisor lahf_lm kaiser arat
bugs		: cpu_meltdown spectre_v1 spectre_v2 spec_store_bypass l1tf mds swapgs itlb_multihit
bogomips	: 5852.00
clflush size	: 64
cache_alignment	: 64
address sizes	: 40 bits physical, 48 bits virtual
power management:

processor	: 2
vendor_id	: GenuineIntel
cpu family	: 6
model		: 26
model name	: Intel(R) Xeon(R) CPU           X5570  @ 2.93GHz
stepping	: 4
microcode	: 0x1d
cpu MHz		: 2926.000
cache size	: 8192 KB
physical id	: 0
siblings	: 4
core id		: 2
cpu cores	: 4
apicid		: 2
initial apicid	: 2
fpu		: yes
fpu_exception	: yes
cpuid level	: 11
wp		: yes
flags		: fpu vme de pse tsc msr pae mce cx8 apic sep mtrr pge mca cmov pat pse36 clflush dts mmx fxsr sse sse2 ss ht syscall nx rdtscp lm constant_tsc arch_perfmon pebs bts nopl tsc_reliable nonstop_tsc pni ssse3 cx16 sse4_1 sse4_2 popcnt hypervisor lahf_lm kaiser arat
bugs		: cpu_meltdown spectre_v1 spectre_v2 spec_store_bypass l1tf mds swapgs itlb_multihit
bogomips	: 5852.00
clflush size	: 64
cache_alignment	: 64
address sizes	: 40 bits physical, 48 bits virtual
power management:

processor	: 3
vendor_id	: GenuineIntel
cpu family	: 6
model		: 26
model name	: Intel(R) Xeon(R) CPU           X5570  @ 2.93GHz
stepping	: 4
microcode	: 0x1d
cpu MHz		: 2926.000
cache size	: 8192 KB
physical id	: 0
siblings	: 4
core id		: 3
cpu cores	: 4
apicid		: 3
initial apicid	: 3
fpu		: yes
fpu_exception	: yes
cpuid level	: 11
wp		: yes
flags		: fpu vme de pse tsc msr pae mce cx8 apic sep mtrr pge mca cmov pat pse36 clflush dts mmx fxsr sse sse2 ss ht syscall nx rdtscp lm constant_tsc arch_perfmon pebs bts nopl tsc_reliable nonstop_tsc pni ssse3 cx16 sse4_1 sse4_2 popcnt hypervisor lahf_lm kaiser arat
bugs		: cpu_meltdown spectre_v1 spectre_v2 spec_store_bypass l1tf mds swapgs itlb_multihit
bogomips	: 5852.00
clflush size	: 64
cache_alignment	: 64
address sizes	: 40 bits physical, 48 bits virtual
power management:

processor	: 4
vendor_id	: GenuineIntel
cpu family	: 6
model		: 26
model name	: Intel(R) Xeon(R) CPU           X5570  @ 2.93GHz
stepping	: 4
microcode	: 0x1d
cpu MHz		: 2926.000
cache size	: 8192 KB
physical id	: 1
siblings	: 4
core id		: 0
cpu cores	: 4
apicid		: 4
initial apicid	: 4
fpu		: yes
fpu_exception	: yes
cpuid level	: 11
wp		: yes
flags		: fpu vme de pse tsc msr pae mce cx8 apic sep mtrr pge mca cmov pat pse36 clflush dts mmx fxsr sse sse2 ss ht syscall nx rdtscp lm constant_tsc arch_perfmon pebs bts nopl tsc_reliable nonstop_tsc pni ssse3 cx16 sse4_1 sse4_2 popcnt hypervisor lahf_lm kaiser arat
bugs		: cpu_meltdown spectre_v1 spectre_v2 spec_store_bypass l1tf mds swapgs itlb_multihit
bogomips	: 5852.00
clflush size	: 64
cache_alignment	: 64
address sizes	: 40 bits physical, 48 bits virtual
power management:

processor	: 5
vendor_id	: GenuineIntel
cpu family	: 6
model		: 26
model name	: Intel(R) Xeon(R) CPU           X5570  @ 2.93GHz
stepping	: 4
microcode	: 0x1d
cpu MHz		: 2926.000
cache size	: 8192 KB
physical id	: 1
siblings	: 4
core id		: 1
cpu cores	: 4
apicid		: 5
initial apicid	: 5
fpu		: yes
fpu_exception	: yes
cpuid level	: 11
wp		: yes
flags		: fpu vme de pse tsc msr pae mce cx8 apic sep mtrr pge mca cmov pat pse36 clflush dts mmx fxsr sse sse2 ss ht syscall nx rdtscp lm constant_tsc arch_perfmon pebs bts nopl tsc_reliable nonstop_tsc pni ssse3 cx16 sse4_1 sse4_2 popcnt hypervisor lahf_lm kaiser arat
bugs		: cpu_meltdown spectre_v1 spectre_v2 spec_store_bypass l1tf mds swapgs itlb_multihit
bogomips	: 5852.00
clflush size	: 64
cache_alignment	: 64
address sizes	: 40 bits physical, 48 bits virtual
power management:

processor	: 6
vendor_id	: GenuineIntel
cpu family	: 6
model		: 26
model name	: Intel(R) Xeon(R) CPU           X5570  @ 2.93GHz
stepping	: 4
microcode	: 0x1d
cpu MHz		: 2926.000
cache size	: 8192 KB
physical id	: 1
siblings	: 4
core id		: 2
cpu cores	: 4
apicid		: 6
initial apicid	: 6
fpu		: yes
fpu_exception	: yes
cpuid level	: 11
wp		: yes
flags		: fpu vme de pse tsc msr pae mce cx8 apic sep mtrr pge mca cmov pat pse36 clflush dts mmx fxsr sse sse2 ss ht syscall nx rdtscp lm constant_tsc arch_perfmon pebs bts nopl tsc_reliable nonstop_tsc pni ssse3 cx16 sse4_1 sse4_2 popcnt hypervisor lahf_lm kaiser arat
bugs		: cpu_meltdown spectre_v1 spectre_v2 spec_store_bypass l1tf mds swapgs itlb_multihit
bogomips	: 5852.00
clflush size	: 64
cache_alignment	: 64
address sizes	: 40 bits physical, 48 bits virtual
power management:

processor	: 7
vendor_id	: GenuineIntel
cpu family	: 6
model		: 26
model name	: Intel(R) Xeon(R) CPU           X5570  @ 2.93GHz
stepping	: 4
microcode	: 0x1d
cpu MHz		: 2926.000
cache size	: 8192 KB
physical id	: 1
siblings	: 4
core id		: 3
cpu cores	: 4
apicid		: 7
initial apicid	: 7
fpu		: yes
fpu_exception	: yes
cpuid level	: 11
wp		: yes
flags		: fpu vme de pse tsc msr pae mce cx8 apic sep mtrr pge mca cmov pat pse36 clflush dts mmx fxsr sse sse2 ss ht syscall nx rdtscp lm constant_tsc arch_perfmon pebs bts nopl tsc_reliable nonstop_tsc pni ssse3 cx16 sse4_1 sse4_2 popcnt hypervisor lahf_lm kaiser arat
bugs		: cpu_meltdown spectre_v1 spectre_v2 spec_store_bypass l1tf mds swapgs itlb_multihit
bogomips	: 5852.00
clflush size	: 64
cache_alignment	: 64
address sizes	: 40 bits physical, 48 bits virtual
power management:



Memory: 4k page, physical 16431672k(2435432k free), swap 4192252k(4191864k free)

vm_info: OpenJDK 64-Bit Server VM (25.275-b01) for linux-amd64 JRE (1.8.0_275-8u275-b01-0ubuntu1~16.04-b01), built on Nov  9 2020 03:41:32 by "buildd" with gcc 5.4.0 20160609

time: Thu Dec 10 21:47:25 2020
timezone: EST
elapsed time: 0.014178 seconds (0d 0h 0m 0s)

