#
# There is insufficient memory for the Java Runtime Environment to continue.
# Cannot create GC thread. Out of system resources.
# Possible reasons:
#   The system is out of physical RAM or swap space
#   The process is running with CompressedOops enabled, and the Java Heap may be blocking the growth of the native heap
# Possible solutions:
#   Reduce memory load on the system
#   Increase physical memory or swap space
#   Check if swap backing store is full
#   Decrease Java heap size (-Xmx/-Xms)
#   Decrease number of Java threads
#   Decrease Java thread stack sizes (-Xss)
#   Set larger code cache with -XX:ReservedCodeCacheSize=
# This output file may be truncated or incomplete.
#
#  Out of Memory Error (gcTaskThread.cpp:48), pid=5030, tid=0x00007fc7cb006700
#
# JRE version:  (8.0_275-b01) (build )
# Java VM: OpenJDK 64-Bit Server VM (25.275-b01 mixed mode linux-amd64 compressed oops)
# Failed to write core dump. Core dumps have been disabled. To enable core dumping, try "ulimit -c unlimited" before starting Java again
#

---------------  T H R E A D  ---------------

Current thread (0x00007fc7c400a800):  JavaThread "Unknown thread" [_thread_in_vm, id=5031, stack(0x00007fc7caf06000,0x00007fc7cb007000)]

Stack: [0x00007fc7caf06000,0x00007fc7cb007000],  sp=0x00007fc7cb005810,  free space=1022k
Native frames: (J=compiled Java code, j=interpreted, Vv=VM code, C=native code)
V  [libjvm.so+0xb1de0b]
V  [libjvm.so+0x4e019c]
V  [libjvm.so+0x5c953f]
V  [libjvm.so+0x5c86a7]
V  [libjvm.so+0x984099]
V  [libjvm.so+0xae1809]
V  [libjvm.so+0xae1a52]
V  [libjvm.so+0x63e32f]
V  [libjvm.so+0xac525b]
V  [libjvm.so+0x714b30]  JNI_CreateJavaVM+0x60
C  [libjli.so+0x2f8a]
C  [libjli.so+0x75cd]
C  [libpthread.so.0+0x76ba]  start_thread+0xca


---------------  P R O C E S S  ---------------

Java Threads: ( => current thread )

Other Threads:

=>0x00007fc7c400a800 (exited) JavaThread "Unknown thread" [_thread_in_vm, id=5031, stack(0x00007fc7caf06000,0x00007fc7cb007000)]

VM state:not at safepoint (not fully initialized)

VM Mutex/Monitor currently owned by a thread: None

heap address: 0x00000006c5400000, size: 4012 MB, Compressed Oops mode: Non-zero based:0x00000006c53ff000, Oop shift amount: 3
Narrow klass base: 0x0000000000000000, Narrow klass shift: 0

GC Heap History (0 events):
No events

Deoptimization events (0 events):
No events

Classes redefined (0 events):
No events

Internal exceptions (0 events):
No events

Events (0 events):
No events


Dynamic libraries:
6c5400000-6cfc00000 rw-p 00000000 00:00 0 
6cfc00000-76c700000 ---p 00000000 00:00 0 
76c700000-771b00000 rw-p 00000000 00:00 0 
771b00000-7c0000000 ---p 00000000 00:00 0 
561438def000-561438df0000 r-xp 00000000 08:01 922077                     /usr/lib/jvm/java-8-openjdk-amd64/jre/bin/java
561438fef000-561438ff0000 r--p 00000000 08:01 922077                     /usr/lib/jvm/java-8-openjdk-amd64/jre/bin/java
561438ff0000-561438ff1000 rw-p 00001000 08:01 922077                     /usr/lib/jvm/java-8-openjdk-amd64/jre/bin/java
56143a846000-56143a867000 rw-p 00000000 00:00 0                          [heap]
7fc7b2ee7000-7fc7b2ee8000 ---p 00000000 00:00 0 
7fc7b2ee8000-7fc7b2fe8000 rw-p 00000000 00:00 0 
7fc7b2fe8000-7fc7b2fe9000 ---p 00000000 00:00 0 
7fc7b2fe9000-7fc7b30e9000 rw-p 00000000 00:00 0 
7fc7b30e9000-7fc7b30ea000 ---p 00000000 00:00 0 
7fc7b30ea000-7fc7b31ea000 rw-p 00000000 00:00 0 
7fc7b31ea000-7fc7b31eb000 ---p 00000000 00:00 0 
7fc7b31eb000-7fc7b32eb000 rw-p 00000000 00:00 0 
7fc7b32eb000-7fc7b32ec000 ---p 00000000 00:00 0 
7fc7b32ec000-7fc7b33ec000 rw-p 00000000 00:00 0 
7fc7b33ec000-7fc7b33ed000 ---p 00000000 00:00 0 
7fc7b33ed000-7fc7b34ed000 rw-p 00000000 00:00 0 
7fc7b34ed000-7fc7b34ee000 ---p 00000000 00:00 0 
7fc7b34ee000-7fc7b35ee000 rw-p 00000000 00:00 0 
7fc7b35ee000-7fc7b35ef000 ---p 00000000 00:00 0 
7fc7b35ef000-7fc7b3743000 rw-p 00000000 00:00 0 
7fc7b3743000-7fc7b3c29000 ---p 00000000 00:00 0 
7fc7b3c29000-7fc7b3c7d000 rw-p 00000000 00:00 0 
7fc7b3c7d000-7fc7b4162000 ---p 00000000 00:00 0 
7fc7b4162000-7fc7b418d000 rw-p 00000000 00:00 0 
7fc7b418d000-7fc7b43ff000 ---p 00000000 00:00 0 
7fc7b43ff000-7fc7b440a000 rw-p 00000000 00:00 0 
7fc7b440a000-7fc7b47c0000 ---p 00000000 00:00 0 
7fc7b47c0000-7fc7b4a30000 rwxp 00000000 00:00 0 
7fc7b4a30000-7fc7c37c0000 ---p 00000000 00:00 0 
7fc7c37c0000-7fc7c37c8000 r-xp 00000000 08:01 921913                     /usr/lib/jvm/java-8-openjdk-amd64/jre/lib/amd64/libzip.so
7fc7c37c8000-7fc7c39c7000 ---p 00008000 08:01 921913                     /usr/lib/jvm/java-8-openjdk-amd64/jre/lib/amd64/libzip.so
7fc7c39c7000-7fc7c39c8000 r--p 00007000 08:01 921913                     /usr/lib/jvm/java-8-openjdk-amd64/jre/lib/amd64/libzip.so
7fc7c39c8000-7fc7c39c9000 rw-p 00008000 08:01 921913                     /usr/lib/jvm/java-8-openjdk-amd64/jre/lib/amd64/libzip.so
7fc7c39c9000-7fc7c39d4000 r-xp 00000000 08:01 525723                     /lib/x86_64-linux-gnu/libnss_files-2.23.so
7fc7c39d4000-7fc7c3bd3000 ---p 0000b000 08:01 525723                     /lib/x86_64-linux-gnu/libnss_files-2.23.so
7fc7c3bd3000-7fc7c3bd4000 r--p 0000a000 08:01 525723                     /lib/x86_64-linux-gnu/libnss_files-2.23.so
7fc7c3bd4000-7fc7c3bd5000 rw-p 0000b000 08:01 525723                     /lib/x86_64-linux-gnu/libnss_files-2.23.so
7fc7c3bd5000-7fc7c3bdb000 rw-p 00000000 00:00 0 
7fc7c3bdb000-7fc7c3be6000 r-xp 00000000 08:01 526606                     /lib/x86_64-linux-gnu/libnss_nis-2.23.so
7fc7c3be6000-7fc7c3de5000 ---p 0000b000 08:01 526606                     /lib/x86_64-linux-gnu/libnss_nis-2.23.so
7fc7c3de5000-7fc7c3de6000 r--p 0000a000 08:01 526606                     /lib/x86_64-linux-gnu/libnss_nis-2.23.so
7fc7c3de6000-7fc7c3de7000 rw-p 0000b000 08:01 526606                     /lib/x86_64-linux-gnu/libnss_nis-2.23.so
7fc7c3de7000-7fc7c3dfd000 r-xp 00000000 08:01 525013                     /lib/x86_64-linux-gnu/libnsl-2.23.so
7fc7c3dfd000-7fc7c3ffc000 ---p 00016000 08:01 525013                     /lib/x86_64-linux-gnu/libnsl-2.23.so
7fc7c3ffc000-7fc7c3ffd000 r--p 00015000 08:01 525013                     /lib/x86_64-linux-gnu/libnsl-2.23.so
7fc7c3ffd000-7fc7c3ffe000 rw-p 00016000 08:01 525013                     /lib/x86_64-linux-gnu/libnsl-2.23.so
7fc7c3ffe000-7fc7c4000000 rw-p 00000000 00:00 0 
7fc7c4000000-7fc7c4044000 rw-p 00000000 00:00 0 
7fc7c4044000-7fc7c8000000 ---p 00000000 00:00 0 
7fc7c80f3000-7fc7c80fb000 r-xp 00000000 08:01 526492                     /lib/x86_64-linux-gnu/libnss_compat-2.23.so
7fc7c80fb000-7fc7c82fa000 ---p 00008000 08:01 526492                     /lib/x86_64-linux-gnu/libnss_compat-2.23.so
7fc7c82fa000-7fc7c82fb000 r--p 00007000 08:01 526492                     /lib/x86_64-linux-gnu/libnss_compat-2.23.so
7fc7c82fb000-7fc7c82fc000 rw-p 00008000 08:01 526492                     /lib/x86_64-linux-gnu/libnss_compat-2.23.so
7fc7c82fc000-7fc7c8326000 r-xp 00000000 08:01 921799                     /usr/lib/jvm/java-8-openjdk-amd64/jre/lib/amd64/libjava.so
7fc7c8326000-7fc7c8525000 ---p 0002a000 08:01 921799                     /usr/lib/jvm/java-8-openjdk-amd64/jre/lib/amd64/libjava.so
7fc7c8525000-7fc7c8526000 r--p 00029000 08:01 921799                     /usr/lib/jvm/java-8-openjdk-amd64/jre/lib/amd64/libjava.so
7fc7c8526000-7fc7c8528000 rw-p 0002a000 08:01 921799                     /usr/lib/jvm/java-8-openjdk-amd64/jre/lib/amd64/libjava.so
7fc7c8528000-7fc7c8537000 r-xp 00000000 08:01 921815                     /usr/lib/jvm/java-8-openjdk-amd64/jre/lib/amd64/libverify.so
7fc7c8537000-7fc7c8736000 ---p 0000f000 08:01 921815                     /usr/lib/jvm/java-8-openjdk-amd64/jre/lib/amd64/libverify.so
7fc7c8736000-7fc7c8738000 r--p 0000e000 08:01 921815                     /usr/lib/jvm/java-8-openjdk-amd64/jre/lib/amd64/libverify.so
7fc7c8738000-7fc7c8739000 rw-p 00010000 08:01 921815                     /usr/lib/jvm/java-8-openjdk-amd64/jre/lib/amd64/libverify.so
7fc7c8739000-7fc7c8740000 r-xp 00000000 08:01 526968                     /lib/x86_64-linux-gnu/librt-2.23.so
7fc7c8740000-7fc7c893f000 ---p 00007000 08:01 526968                     /lib/x86_64-linux-gnu/librt-2.23.so
7fc7c893f000-7fc7c8940000 r--p 00006000 08:01 526968                     /lib/x86_64-linux-gnu/librt-2.23.so
7fc7c8940000-7fc7c8941000 rw-p 00007000 08:01 526968                     /lib/x86_64-linux-gnu/librt-2.23.so
7fc7c8941000-7fc7c8957000 r-xp 00000000 08:01 524818                     /lib/x86_64-linux-gnu/libgcc_s.so.1
7fc7c8957000-7fc7c8b56000 ---p 00016000 08:01 524818                     /lib/x86_64-linux-gnu/libgcc_s.so.1
7fc7c8b56000-7fc7c8b57000 rw-p 00015000 08:01 524818                     /lib/x86_64-linux-gnu/libgcc_s.so.1
7fc7c8b57000-7fc7c8c5f000 r-xp 00000000 08:01 525014                     /lib/x86_64-linux-gnu/libm-2.23.so
7fc7c8c5f000-7fc7c8e5e000 ---p 00108000 08:01 525014                     /lib/x86_64-linux-gnu/libm-2.23.so
7fc7c8e5e000-7fc7c8e5f000 r--p 00107000 08:01 525014                     /lib/x86_64-linux-gnu/libm-2.23.so
7fc7c8e5f000-7fc7c8e60000 rw-p 00108000 08:01 525014                     /lib/x86_64-linux-gnu/libm-2.23.so
7fc7c8e60000-7fc7c8fd2000 r-xp 00000000 08:01 3150038                    /usr/lib/x86_64-linux-gnu/libstdc++.so.6.0.21
7fc7c8fd2000-7fc7c91d2000 ---p 00172000 08:01 3150038                    /usr/lib/x86_64-linux-gnu/libstdc++.so.6.0.21
7fc7c91d2000-7fc7c91dc000 r--p 00172000 08:01 3150038                    /usr/lib/x86_64-linux-gnu/libstdc++.so.6.0.21
7fc7c91dc000-7fc7c91de000 rw-p 0017c000 08:01 3150038                    /usr/lib/x86_64-linux-gnu/libstdc++.so.6.0.21
7fc7c91de000-7fc7c91e2000 rw-p 00000000 00:00 0 
7fc7c91e2000-7fc7c9f07000 r-xp 00000000 08:01 921842                     /usr/lib/jvm/java-8-openjdk-amd64/jre/lib/amd64/server/libjvm.so
7fc7c9f07000-7fc7ca106000 ---p 00d25000 08:01 921842                     /usr/lib/jvm/java-8-openjdk-amd64/jre/lib/amd64/server/libjvm.so
7fc7ca106000-7fc7ca19c000 r--p 00d24000 08:01 921842                     /usr/lib/jvm/java-8-openjdk-amd64/jre/lib/amd64/server/libjvm.so
7fc7ca19c000-7fc7ca1c5000 rw-p 00dba000 08:01 921842                     /usr/lib/jvm/java-8-openjdk-amd64/jre/lib/amd64/server/libjvm.so
7fc7ca1c5000-7fc7ca1f8000 rw-p 00000000 00:00 0 
7fc7ca1f8000-7fc7ca210000 r-xp 00000000 08:01 524972                     /lib/x86_64-linux-gnu/libpthread-2.23.so
7fc7ca210000-7fc7ca40f000 ---p 00018000 08:01 524972                     /lib/x86_64-linux-gnu/libpthread-2.23.so
7fc7ca40f000-7fc7ca410000 r--p 00017000 08:01 524972                     /lib/x86_64-linux-gnu/libpthread-2.23.so
7fc7ca410000-7fc7ca411000 rw-p 00018000 08:01 524972                     /lib/x86_64-linux-gnu/libpthread-2.23.so
7fc7ca411000-7fc7ca415000 rw-p 00000000 00:00 0 
7fc7ca415000-7fc7ca418000 r-xp 00000000 08:01 524933                     /lib/x86_64-linux-gnu/libdl-2.23.so
7fc7ca418000-7fc7ca617000 ---p 00003000 08:01 524933                     /lib/x86_64-linux-gnu/libdl-2.23.so
7fc7ca617000-7fc7ca618000 r--p 00002000 08:01 524933                     /lib/x86_64-linux-gnu/libdl-2.23.so
7fc7ca618000-7fc7ca619000 rw-p 00003000 08:01 524933                     /lib/x86_64-linux-gnu/libdl-2.23.so
7fc7ca619000-7fc7ca632000 r-xp 00000000 08:01 524950                     /lib/x86_64-linux-gnu/libz.so.1.2.8
7fc7ca632000-7fc7ca831000 ---p 00019000 08:01 524950                     /lib/x86_64-linux-gnu/libz.so.1.2.8
7fc7ca831000-7fc7ca832000 r--p 00018000 08:01 524950                     /lib/x86_64-linux-gnu/libz.so.1.2.8
7fc7ca832000-7fc7ca833000 rw-p 00019000 08:01 524950                     /lib/x86_64-linux-gnu/libz.so.1.2.8
7fc7ca833000-7fc7ca9f3000 r-xp 00000000 08:01 524966                     /lib/x86_64-linux-gnu/libc-2.23.so
7fc7ca9f3000-7fc7cabf3000 ---p 001c0000 08:01 524966                     /lib/x86_64-linux-gnu/libc-2.23.so
7fc7cabf3000-7fc7cabf7000 r--p 001c0000 08:01 524966                     /lib/x86_64-linux-gnu/libc-2.23.so
7fc7cabf7000-7fc7cabf9000 rw-p 001c4000 08:01 524966                     /lib/x86_64-linux-gnu/libc-2.23.so
7fc7cabf9000-7fc7cabfd000 rw-p 00000000 00:00 0 
7fc7cabfd000-7fc7cac0b000 r-xp 00000000 08:01 921807                     /usr/lib/jvm/java-8-openjdk-amd64/jre/lib/amd64/jli/libjli.so
7fc7cac0b000-7fc7cae0a000 ---p 0000e000 08:01 921807                     /usr/lib/jvm/java-8-openjdk-amd64/jre/lib/amd64/jli/libjli.so
7fc7cae0a000-7fc7cae0b000 r--p 0000d000 08:01 921807                     /usr/lib/jvm/java-8-openjdk-amd64/jre/lib/amd64/jli/libjli.so
7fc7cae0b000-7fc7cae0c000 rw-p 0000e000 08:01 921807                     /usr/lib/jvm/java-8-openjdk-amd64/jre/lib/amd64/jli/libjli.so
7fc7cae0c000-7fc7cae32000 r-xp 00000000 08:01 525715                     /lib/x86_64-linux-gnu/ld-2.23.so
7fc7caf06000-7fc7caf09000 ---p 00000000 00:00 0 
7fc7caf09000-7fc7cb00b000 rw-p 00000000 00:00 0 
7fc7cb026000-7fc7cb02e000 rw-s 00000000 08:01 1206987                    /tmp/hsperfdata_ekeramat/5030
7fc7cb02e000-7fc7cb02f000 rw-p 00000000 00:00 0 
7fc7cb02f000-7fc7cb030000 r--p 00000000 00:00 0 
7fc7cb030000-7fc7cb031000 rw-p 00000000 00:00 0 
7fc7cb031000-7fc7cb032000 r--p 00025000 08:01 525715                     /lib/x86_64-linux-gnu/ld-2.23.so
7fc7cb032000-7fc7cb033000 rw-p 00026000 08:01 525715                     /lib/x86_64-linux-gnu/ld-2.23.so
7fc7cb033000-7fc7cb034000 rw-p 00000000 00:00 0 
7fff71ba6000-7fff71bc7000 rw-p 00000000 00:00 0                          [stack]
7fff71bd2000-7fff71bd4000 r--p 00000000 00:00 0                          [vvar]
7fff71bd4000-7fff71bd6000 r-xp 00000000 00:00 0                          [vdso]
ffffffffff600000-ffffffffff601000 r-xp 00000000 00:00 0                  [vsyscall]

VM Arguments:
java_command: jjtree HL.jjt
java_class_path (initial): /opt/javacc/target/javacc.jar
Launcher Type: SUN_STANDARD

Environment Variables:
JAVA_HOME=/usr/lib/jvm/java-8-openjdk-amd64
PATH=/usr/local/bin:/usr/bin:/bin:/usr/local/games:/usr/games:/snap/bin:/usr/courses/bin/x86_64
SHELL=/bin/bash

Signal Handlers:
SIGSEGV: [libjvm.so+0xb1e940], sa_mask[0]=11111111011111111101111111111110, sa_flags=SA_RESTART|SA_SIGINFO
SIGBUS: [libjvm.so+0xb1e940], sa_mask[0]=11111111011111111101111111111110, sa_flags=SA_RESTART|SA_SIGINFO
SIGFPE: [libjvm.so+0x956450], sa_mask[0]=11111111011111111101111111111110, sa_flags=SA_RESTART|SA_SIGINFO
SIGPIPE: [libjvm.so+0x956450], sa_mask[0]=11111111011111111101111111111110, sa_flags=SA_RESTART|SA_SIGINFO
SIGXFSZ: [libjvm.so+0x956450], sa_mask[0]=11111111011111111101111111111110, sa_flags=SA_RESTART|SA_SIGINFO
SIGILL: [libjvm.so+0x956450], sa_mask[0]=11111111011111111101111111111110, sa_flags=SA_RESTART|SA_SIGINFO
SIGUSR1: SIG_DFL, sa_mask[0]=00000000000000000000000000000000, sa_flags=none
SIGUSR2: [libjvm.so+0x956300], sa_mask[0]=00000000000000000000000000000000, sa_flags=SA_RESTART|SA_SIGINFO
SIGHUP: SIG_DFL, sa_mask[0]=00000000000000000000000000000000, sa_flags=none
SIGINT: SIG_DFL, sa_mask[0]=00000000000000000000000000000000, sa_flags=none
SIGTERM: SIG_DFL, sa_mask[0]=00000000000000000000000000000000, sa_flags=none
SIGQUIT: SIG_DFL, sa_mask[0]=00000000000000000000000000000000, sa_flags=none


---------------  S Y S T E M  ---------------

OS:DISTRIB_ID=Ubuntu
DISTRIB_RELEASE=16.04
DISTRIB_CODENAME=xenial
DISTRIB_DESCRIPTION="Ubuntu 16.04.7 LTS"

uname:Linux 4.4.0-190-generic #220-Ubuntu SMP Fri Aug 28 23:02:15 UTC 2020 x86_64
libc:glibc 2.23 NPTL 2.23 
rlimit: STACK 8192k, CORE 0k, NPROC 75, NOFILE 1048576, AS infinity
load average:0.05 0.07 0.01

/proc/meminfo:
MemTotal:       16431672 kB
MemFree:         9298412 kB
MemAvailable:   15258852 kB
Buffers:          464456 kB
Cached:          4150364 kB
SwapCached:         1284 kB
Active:          2979552 kB
Inactive:        2077900 kB
Active(anon):     454608 kB
Inactive(anon):   147328 kB
Active(file):    2524944 kB
Inactive(file):  1930572 kB
Unevictable:        3652 kB
Mlocked:            3652 kB
SwapTotal:       4192252 kB
SwapFree:        4165304 kB
Dirty:                12 kB
Writeback:             0 kB
AnonPages:        445168 kB
Mapped:           143048 kB
Shmem:            156880 kB
Slab:            1970284 kB
SReclaimable:    1843248 kB
SUnreclaim:       127036 kB
KernelStack:        6288 kB
PageTables:        17052 kB
NFS_Unstable:          0 kB
Bounce:                0 kB
WritebackTmp:          0 kB
CommitLimit:    12408088 kB
Committed_AS:    3175056 kB
VmallocTotal:   34359738367 kB
VmallocUsed:           0 kB
VmallocChunk:          0 kB
HardwareCorrupted:     0 kB
AnonHugePages:         0 kB
CmaTotal:              0 kB
CmaFree:               0 kB
HugePages_Total:       0
HugePages_Free:        0
HugePages_Rsvd:        0
HugePages_Surp:        0
Hugepagesize:       2048 kB
DirectMap4k:     1367936 kB
DirectMap2M:    15409152 kB

container (cgroup) information:
container_type: cgroupv1
cpu_cpuset_cpus: 0-7
cpu_memory_nodes: 0
active_processor_count: 8
cpu_quota: -1
cpu_period: 100000
cpu_shares: -1
memory_limit_in_bytes: -1
memory_and_swap_limit_in_bytes: -2
memory_soft_limit_in_bytes: -1
memory_usage_in_bytes: 3185688576
memory_max_usage_in_bytes: 13243498496


CPU:total 8 (initial active 8) (4 cores per cpu, 1 threads per core) family 6 model 26 stepping 4, cmov, cx8, fxsr, mmx, sse, sse2, sse3, ssse3, sse4.1, sse4.2, popcnt, tsc, tscinvbit, tscinv

/proc/cpuinfo:
processor	: 0
vendor_id	: GenuineIntel
cpu family	: 6
model		: 26
model name	: Intel(R) Xeon(R) CPU           X5570  @ 2.93GHz
stepping	: 4
microcode	: 0x11
cpu MHz		: 2926.000
cache size	: 8192 KB
physical id	: 0
siblings	: 4
core id		: 0
cpu cores	: 4
apicid		: 0
initial apicid	: 0
fpu		: yes
fpu_exception	: yes
cpuid level	: 11
wp		: yes
flags		: fpu vme de pse tsc msr pae mce cx8 apic sep mtrr pge mca cmov pat pse36 clflush dts mmx fxsr sse sse2 ss ht syscall nx rdtscp lm constant_tsc arch_perfmon pebs bts nopl tsc_reliable nonstop_tsc aperfmperf pni ssse3 cx16 sse4_1 sse4_2 popcnt hypervisor lahf_lm kaiser dtherm ida
bugs		: cpu_meltdown spectre_v1 spectre_v2 spec_store_bypass l1tf mds swapgs itlb_multihit
bogomips	: 5852.00
clflush size	: 64
cache_alignment	: 64
address sizes	: 40 bits physical, 48 bits virtual
power management:

processor	: 1
vendor_id	: GenuineIntel
cpu family	: 6
model		: 26
model name	: Intel(R) Xeon(R) CPU           X5570  @ 2.93GHz
stepping	: 4
microcode	: 0x11
cpu MHz		: 2926.000
cache size	: 8192 KB
physical id	: 0
siblings	: 4
core id		: 1
cpu cores	: 4
apicid		: 1
initial apicid	: 1
fpu		: yes
fpu_exception	: yes
cpuid level	: 11
wp		: yes
flags		: fpu vme de pse tsc msr pae mce cx8 apic sep mtrr pge mca cmov pat pse36 clflush dts mmx fxsr sse sse2 ss ht syscall nx rdtscp lm constant_tsc arch_perfmon pebs bts nopl tsc_reliable nonstop_tsc aperfmperf pni ssse3 cx16 sse4_1 sse4_2 popcnt hypervisor lahf_lm kaiser dtherm ida
bugs		: cpu_meltdown spectre_v1 spectre_v2 spec_store_bypass l1tf mds swapgs itlb_multihit
bogomips	: 5852.00
clflush size	: 64
cache_alignment	: 64
address sizes	: 40 bits physical, 48 bits virtual
power management:

processor	: 2
vendor_id	: GenuineIntel
cpu family	: 6
model		: 26
model name	: Intel(R) Xeon(R) CPU           X5570  @ 2.93GHz
stepping	: 4
microcode	: 0x11
cpu MHz		: 2926.000
cache size	: 8192 KB
physical id	: 0
siblings	: 4
core id		: 2
cpu cores	: 4
apicid		: 2
initial apicid	: 2
fpu		: yes
fpu_exception	: yes
cpuid level	: 11
wp		: yes
flags		: fpu vme de pse tsc msr pae mce cx8 apic sep mtrr pge mca cmov pat pse36 clflush dts mmx fxsr sse sse2 ss ht syscall nx rdtscp lm constant_tsc arch_perfmon pebs bts nopl tsc_reliable nonstop_tsc aperfmperf pni ssse3 cx16 sse4_1 sse4_2 popcnt hypervisor lahf_lm kaiser dtherm ida
bugs		: cpu_meltdown spectre_v1 spectre_v2 spec_store_bypass l1tf mds swapgs itlb_multihit
bogomips	: 5852.00
clflush size	: 64
cache_alignment	: 64
address sizes	: 40 bits physical, 48 bits virtual
power management:

processor	: 3
vendor_id	: GenuineIntel
cpu family	: 6
model		: 26
model name	: Intel(R) Xeon(R) CPU           X5570  @ 2.93GHz
stepping	: 4
microcode	: 0x11
cpu MHz		: 2926.000
cache size	: 8192 KB
physical id	: 0
siblings	: 4
core id		: 3
cpu cores	: 4
apicid		: 3
initial apicid	: 3
fpu		: yes
fpu_exception	: yes
cpuid level	: 11
wp		: yes
flags		: fpu vme de pse tsc msr pae mce cx8 apic sep mtrr pge mca cmov pat pse36 clflush dts mmx fxsr sse sse2 ss ht syscall nx rdtscp lm constant_tsc arch_perfmon pebs bts nopl tsc_reliable nonstop_tsc aperfmperf pni ssse3 cx16 sse4_1 sse4_2 popcnt hypervisor lahf_lm kaiser dtherm ida
bugs		: cpu_meltdown spectre_v1 spectre_v2 spec_store_bypass l1tf mds swapgs itlb_multihit
bogomips	: 5852.00
clflush size	: 64
cache_alignment	: 64
address sizes	: 40 bits physical, 48 bits virtual
power management:

processor	: 4
vendor_id	: GenuineIntel
cpu family	: 6
model		: 26
model name	: Intel(R) Xeon(R) CPU           X5570  @ 2.93GHz
stepping	: 4
microcode	: 0x11
cpu MHz		: 2926.000
cache size	: 8192 KB
physical id	: 1
siblings	: 4
core id		: 0
cpu cores	: 4
apicid		: 4
initial apicid	: 4
fpu		: yes
fpu_exception	: yes
cpuid level	: 11
wp		: yes
flags		: fpu vme de pse tsc msr pae mce cx8 apic sep mtrr pge mca cmov pat pse36 clflush dts mmx fxsr sse sse2 ss ht syscall nx rdtscp lm constant_tsc arch_perfmon pebs bts nopl tsc_reliable nonstop_tsc aperfmperf pni ssse3 cx16 sse4_1 sse4_2 popcnt hypervisor lahf_lm kaiser dtherm ida
bugs		: cpu_meltdown spectre_v1 spectre_v2 spec_store_bypass l1tf mds swapgs itlb_multihit
bogomips	: 5852.00
clflush size	: 64
cache_alignment	: 64
address sizes	: 40 bits physical, 48 bits virtual
power management:

processor	: 5
vendor_id	: GenuineIntel
cpu family	: 6
model		: 26
model name	: Intel(R) Xeon(R) CPU           X5570  @ 2.93GHz
stepping	: 4
microcode	: 0x11
cpu MHz		: 2926.000
cache size	: 8192 KB
physical id	: 1
siblings	: 4
core id		: 1
cpu cores	: 4
apicid		: 5
initial apicid	: 5
fpu		: yes
fpu_exception	: yes
cpuid level	: 11
wp		: yes
flags		: fpu vme de pse tsc msr pae mce cx8 apic sep mtrr pge mca cmov pat pse36 clflush dts mmx fxsr sse sse2 ss ht syscall nx rdtscp lm constant_tsc arch_perfmon pebs bts nopl tsc_reliable nonstop_tsc aperfmperf pni ssse3 cx16 sse4_1 sse4_2 popcnt hypervisor lahf_lm kaiser dtherm ida
bugs		: cpu_meltdown spectre_v1 spectre_v2 spec_store_bypass l1tf mds swapgs itlb_multihit
bogomips	: 5852.00
clflush size	: 64
cache_alignment	: 64
address sizes	: 40 bits physical, 48 bits virtual
power management:

processor	: 6
vendor_id	: GenuineIntel
cpu family	: 6
model		: 26
model name	: Intel(R) Xeon(R) CPU           X5570  @ 2.93GHz
stepping	: 4
microcode	: 0x11
cpu MHz		: 2926.000
cache size	: 8192 KB
physical id	: 1
siblings	: 4
core id		: 2
cpu cores	: 4
apicid		: 6
initial apicid	: 6
fpu		: yes
fpu_exception	: yes
cpuid level	: 11
wp		: yes
flags		: fpu vme de pse tsc msr pae mce cx8 apic sep mtrr pge mca cmov pat pse36 clflush dts mmx fxsr sse sse2 ss ht syscall nx rdtscp lm constant_tsc arch_perfmon pebs bts nopl tsc_reliable nonstop_tsc aperfmperf pni ssse3 cx16 sse4_1 sse4_2 popcnt hypervisor lahf_lm kaiser dtherm ida
bugs		: cpu_meltdown spectre_v1 spectre_v2 spec_store_bypass l1tf mds swapgs itlb_multihit
bogomips	: 5852.00
clflush size	: 64
cache_alignment	: 64
address sizes	: 40 bits physical, 48 bits virtual
power management:

processor	: 7
vendor_id	: GenuineIntel
cpu family	: 6
model		: 26
model name	: Intel(R) Xeon(R) CPU           X5570  @ 2.93GHz
stepping	: 4
microcode	: 0x11
cpu MHz		: 2926.000
cache size	: 8192 KB
physical id	: 1
siblings	: 4
core id		: 3
cpu cores	: 4
apicid		: 7
initial apicid	: 7
fpu		: yes
fpu_exception	: yes
cpuid level	: 11
wp		: yes
flags		: fpu vme de pse tsc msr pae mce cx8 apic sep mtrr pge mca cmov pat pse36 clflush dts mmx fxsr sse sse2 ss ht syscall nx rdtscp lm constant_tsc arch_perfmon pebs bts nopl tsc_reliable nonstop_tsc aperfmperf pni ssse3 cx16 sse4_1 sse4_2 popcnt hypervisor lahf_lm kaiser dtherm ida
bugs		: cpu_meltdown spectre_v1 spectre_v2 spec_store_bypass l1tf mds swapgs itlb_multihit
bogomips	: 5852.00
clflush size	: 64
cache_alignment	: 64
address sizes	: 40 bits physical, 48 bits virtual
power management:



Memory: 4k page, physical 16431672k(9298412k free), swap 4192252k(4165304k free)

vm_info: OpenJDK 64-Bit Server VM (25.275-b01) for linux-amd64 JRE (1.8.0_275-8u275-b01-0ubuntu1~16.04-b01), built on Nov  9 2020 03:41:32 by "buildd" with gcc 5.4.0 20160609

time: Thu Dec  3 01:58:05 2020
timezone: EST
elapsed time: 0.014381 seconds (0d 0h 0m 0s)

