#
# There is insufficient memory for the Java Runtime Environment to continue.
# Cannot create GC thread. Out of system resources.
# Possible reasons:
#   The system is out of physical RAM or swap space
#   The process is running with CompressedOops enabled, and the Java Heap may be blocking the growth of the native heap
# Possible solutions:
#   Reduce memory load on the system
#   Increase physical memory or swap space
#   Check if swap backing store is full
#   Decrease Java heap size (-Xmx/-Xms)
#   Decrease number of Java threads
#   Decrease Java thread stack sizes (-Xss)
#   Set larger code cache with -XX:ReservedCodeCacheSize=
# This output file may be truncated or incomplete.
#
#  Out of Memory Error (gcTaskThread.cpp:48), pid=6131, tid=0x00007f36d0857700
#
# JRE version:  (8.0_275-b01) (build )
# Java VM: OpenJDK 64-Bit Server VM (25.275-b01 mixed mode linux-amd64 compressed oops)
# Failed to write core dump. Core dumps have been disabled. To enable core dumping, try "ulimit -c unlimited" before starting Java again
#

---------------  T H R E A D  ---------------

Current thread (0x00007f36c800a800):  JavaThread "Unknown thread" [_thread_in_vm, id=6132, stack(0x00007f36d0757000,0x00007f36d0858000)]

Stack: [0x00007f36d0757000,0x00007f36d0858000],  sp=0x00007f36d0856810,  free space=1022k
Native frames: (J=compiled Java code, j=interpreted, Vv=VM code, C=native code)
V  [libjvm.so+0xb1de0b]
V  [libjvm.so+0x4e019c]
V  [libjvm.so+0x5c953f]
V  [libjvm.so+0x5c86a7]
V  [libjvm.so+0x984099]
V  [libjvm.so+0xae1809]
V  [libjvm.so+0xae1a52]
V  [libjvm.so+0x63e32f]
V  [libjvm.so+0xac525b]
V  [libjvm.so+0x714b30]  JNI_CreateJavaVM+0x60
C  [libjli.so+0x2f8a]
C  [libjli.so+0x75cd]
C  [libpthread.so.0+0x76ba]  start_thread+0xca


---------------  P R O C E S S  ---------------

Java Threads: ( => current thread )

Other Threads:

=>0x00007f36c800a800 (exited) JavaThread "Unknown thread" [_thread_in_vm, id=6132, stack(0x00007f36d0757000,0x00007f36d0858000)]

VM state:not at safepoint (not fully initialized)

VM Mutex/Monitor currently owned by a thread: None

heap address: 0x00000006c5400000, size: 4012 MB, Compressed Oops mode: Non-zero based:0x00000006c53ff000, Oop shift amount: 3
Narrow klass base: 0x0000000000000000, Narrow klass shift: 0

GC Heap History (0 events):
No events

Deoptimization events (0 events):
No events

Classes redefined (0 events):
No events

Internal exceptions (0 events):
No events

Events (0 events):
No events


Dynamic libraries:
6c5400000-6cfc00000 rw-p 00000000 00:00 0 
6cfc00000-76c700000 ---p 00000000 00:00 0 
76c700000-771b00000 rw-p 00000000 00:00 0 
771b00000-7c0000000 ---p 00000000 00:00 0 
55ed9ef0c000-55ed9ef0d000 r-xp 00000000 08:01 935344                     /usr/lib/jvm/java-8-openjdk-amd64/jre/bin/java
55ed9f10c000-55ed9f10d000 r--p 00000000 08:01 935344                     /usr/lib/jvm/java-8-openjdk-amd64/jre/bin/java
55ed9f10d000-55ed9f10e000 rw-p 00001000 08:01 935344                     /usr/lib/jvm/java-8-openjdk-amd64/jre/bin/java
55eda0bc1000-55eda0be2000 rw-p 00000000 00:00 0                          [heap]
7f36b87f8000-7f36b87f9000 ---p 00000000 00:00 0 
7f36b87f9000-7f36b88f9000 rw-p 00000000 00:00 0 
7f36b88f9000-7f36b88fa000 ---p 00000000 00:00 0 
7f36b88fa000-7f36b89fa000 rw-p 00000000 00:00 0 
7f36b89fa000-7f36b89fb000 ---p 00000000 00:00 0 
7f36b89fb000-7f36b8afb000 rw-p 00000000 00:00 0 
7f36b8afb000-7f36b8afc000 ---p 00000000 00:00 0 
7f36b8afc000-7f36b8bfc000 rw-p 00000000 00:00 0 
7f36b8bfc000-7f36b8bfd000 ---p 00000000 00:00 0 
7f36b8bfd000-7f36b8cfd000 rw-p 00000000 00:00 0 
7f36b8cfd000-7f36b8cfe000 ---p 00000000 00:00 0 
7f36b8cfe000-7f36b8dfe000 rw-p 00000000 00:00 0 
7f36b8dfe000-7f36b8dff000 ---p 00000000 00:00 0 
7f36b8dff000-7f36b8eff000 rw-p 00000000 00:00 0 
7f36b8eff000-7f36b8f00000 ---p 00000000 00:00 0 
7f36b8f00000-7f36b9000000 rw-p 00000000 00:00 0 
7f36b9000000-7f36b9270000 rwxp 00000000 00:00 0 
7f36b9270000-7f36c8000000 ---p 00000000 00:00 0 
7f36c8000000-7f36c8044000 rw-p 00000000 00:00 0 
7f36c8044000-7f36cc000000 ---p 00000000 00:00 0 
7f36cc033000-7f36cc087000 rw-p 00000000 00:00 0 
7f36cc087000-7f36cc56d000 ---p 00000000 00:00 0 
7f36cc56d000-7f36cc5c1000 rw-p 00000000 00:00 0 
7f36cc5c1000-7f36ccaa6000 ---p 00000000 00:00 0 
7f36ccaa6000-7f36ccad1000 rw-p 00000000 00:00 0 
7f36ccad1000-7f36ccd43000 ---p 00000000 00:00 0 
7f36ccd43000-7f36ccd4e000 rw-p 00000000 00:00 0 
7f36ccd4e000-7f36cd104000 ---p 00000000 00:00 0 
7f36cd104000-7f36cd10c000 r-xp 00000000 08:01 935080                     /usr/lib/jvm/java-8-openjdk-amd64/jre/lib/amd64/libzip.so
7f36cd10c000-7f36cd30b000 ---p 00008000 08:01 935080                     /usr/lib/jvm/java-8-openjdk-amd64/jre/lib/amd64/libzip.so
7f36cd30b000-7f36cd30c000 r--p 00007000 08:01 935080                     /usr/lib/jvm/java-8-openjdk-amd64/jre/lib/amd64/libzip.so
7f36cd30c000-7f36cd30d000 rw-p 00008000 08:01 935080                     /usr/lib/jvm/java-8-openjdk-amd64/jre/lib/amd64/libzip.so
7f36cd30d000-7f36cd318000 r-xp 00000000 08:01 525391                     /lib/x86_64-linux-gnu/libnss_files-2.23.so
7f36cd318000-7f36cd517000 ---p 0000b000 08:01 525391                     /lib/x86_64-linux-gnu/libnss_files-2.23.so
7f36cd517000-7f36cd518000 r--p 0000a000 08:01 525391                     /lib/x86_64-linux-gnu/libnss_files-2.23.so
7f36cd518000-7f36cd519000 rw-p 0000b000 08:01 525391                     /lib/x86_64-linux-gnu/libnss_files-2.23.so
7f36cd519000-7f36cd51f000 rw-p 00000000 00:00 0 
7f36cd51f000-7f36cd52a000 r-xp 00000000 08:01 529050                     /lib/x86_64-linux-gnu/libnss_nis-2.23.so
7f36cd52a000-7f36cd729000 ---p 0000b000 08:01 529050                     /lib/x86_64-linux-gnu/libnss_nis-2.23.so
7f36cd729000-7f36cd72a000 r--p 0000a000 08:01 529050                     /lib/x86_64-linux-gnu/libnss_nis-2.23.so
7f36cd72a000-7f36cd72b000 rw-p 0000b000 08:01 529050                     /lib/x86_64-linux-gnu/libnss_nis-2.23.so
7f36cd72b000-7f36cd741000 r-xp 00000000 08:01 525380                     /lib/x86_64-linux-gnu/libnsl-2.23.so
7f36cd741000-7f36cd940000 ---p 00016000 08:01 525380                     /lib/x86_64-linux-gnu/libnsl-2.23.so
7f36cd940000-7f36cd941000 r--p 00015000 08:01 525380                     /lib/x86_64-linux-gnu/libnsl-2.23.so
7f36cd941000-7f36cd942000 rw-p 00016000 08:01 525380                     /lib/x86_64-linux-gnu/libnsl-2.23.so
7f36cd942000-7f36cd944000 rw-p 00000000 00:00 0 
7f36cd944000-7f36cd94c000 r-xp 00000000 08:01 529048                     /lib/x86_64-linux-gnu/libnss_compat-2.23.so
7f36cd94c000-7f36cdb4b000 ---p 00008000 08:01 529048                     /lib/x86_64-linux-gnu/libnss_compat-2.23.so
7f36cdb4b000-7f36cdb4c000 r--p 00007000 08:01 529048                     /lib/x86_64-linux-gnu/libnss_compat-2.23.so
7f36cdb4c000-7f36cdb4d000 rw-p 00008000 08:01 529048                     /lib/x86_64-linux-gnu/libnss_compat-2.23.so
7f36cdb4d000-7f36cdb77000 r-xp 00000000 08:01 922248                     /usr/lib/jvm/java-8-openjdk-amd64/jre/lib/amd64/libjava.so
7f36cdb77000-7f36cdd76000 ---p 0002a000 08:01 922248                     /usr/lib/jvm/java-8-openjdk-amd64/jre/lib/amd64/libjava.so
7f36cdd76000-7f36cdd77000 r--p 00029000 08:01 922248                     /usr/lib/jvm/java-8-openjdk-amd64/jre/lib/amd64/libjava.so
7f36cdd77000-7f36cdd79000 rw-p 0002a000 08:01 922248                     /usr/lib/jvm/java-8-openjdk-amd64/jre/lib/amd64/libjava.so
7f36cdd79000-7f36cdd88000 r-xp 00000000 08:01 935060                     /usr/lib/jvm/java-8-openjdk-amd64/jre/lib/amd64/libverify.so
7f36cdd88000-7f36cdf87000 ---p 0000f000 08:01 935060                     /usr/lib/jvm/java-8-openjdk-amd64/jre/lib/amd64/libverify.so
7f36cdf87000-7f36cdf89000 r--p 0000e000 08:01 935060                     /usr/lib/jvm/java-8-openjdk-amd64/jre/lib/amd64/libverify.so
7f36cdf89000-7f36cdf8a000 rw-p 00010000 08:01 935060                     /usr/lib/jvm/java-8-openjdk-amd64/jre/lib/amd64/libverify.so
7f36cdf8a000-7f36cdf91000 r-xp 00000000 08:01 529053                     /lib/x86_64-linux-gnu/librt-2.23.so
7f36cdf91000-7f36ce190000 ---p 00007000 08:01 529053                     /lib/x86_64-linux-gnu/librt-2.23.so
7f36ce190000-7f36ce191000 r--p 00006000 08:01 529053                     /lib/x86_64-linux-gnu/librt-2.23.so
7f36ce191000-7f36ce192000 rw-p 00007000 08:01 529053                     /lib/x86_64-linux-gnu/librt-2.23.so
7f36ce192000-7f36ce1a8000 r-xp 00000000 08:01 524818                     /lib/x86_64-linux-gnu/libgcc_s.so.1
7f36ce1a8000-7f36ce3a7000 ---p 00016000 08:01 524818                     /lib/x86_64-linux-gnu/libgcc_s.so.1
7f36ce3a7000-7f36ce3a8000 rw-p 00015000 08:01 524818                     /lib/x86_64-linux-gnu/libgcc_s.so.1
7f36ce3a8000-7f36ce4b0000 r-xp 00000000 08:01 525381                     /lib/x86_64-linux-gnu/libm-2.23.so
7f36ce4b0000-7f36ce6af000 ---p 00108000 08:01 525381                     /lib/x86_64-linux-gnu/libm-2.23.so
7f36ce6af000-7f36ce6b0000 r--p 00107000 08:01 525381                     /lib/x86_64-linux-gnu/libm-2.23.so
7f36ce6b0000-7f36ce6b1000 rw-p 00108000 08:01 525381                     /lib/x86_64-linux-gnu/libm-2.23.so
7f36ce6b1000-7f36ce823000 r-xp 00000000 08:01 3149753                    /usr/lib/x86_64-linux-gnu/libstdc++.so.6.0.21
7f36ce823000-7f36cea23000 ---p 00172000 08:01 3149753                    /usr/lib/x86_64-linux-gnu/libstdc++.so.6.0.21
7f36cea23000-7f36cea2d000 r--p 00172000 08:01 3149753                    /usr/lib/x86_64-linux-gnu/libstdc++.so.6.0.21
7f36cea2d000-7f36cea2f000 rw-p 0017c000 08:01 3149753                    /usr/lib/x86_64-linux-gnu/libstdc++.so.6.0.21
7f36cea2f000-7f36cea33000 rw-p 00000000 00:00 0 
7f36cea33000-7f36cf758000 r-xp 00000000 08:01 935071                     /usr/lib/jvm/java-8-openjdk-amd64/jre/lib/amd64/server/libjvm.so
7f36cf758000-7f36cf957000 ---p 00d25000 08:01 935071                     /usr/lib/jvm/java-8-openjdk-amd64/jre/lib/amd64/server/libjvm.so
7f36cf957000-7f36cf9ed000 r--p 00d24000 08:01 935071                     /usr/lib/jvm/java-8-openjdk-amd64/jre/lib/amd64/server/libjvm.so
7f36cf9ed000-7f36cfa16000 rw-p 00dba000 08:01 935071                     /usr/lib/jvm/java-8-openjdk-amd64/jre/lib/amd64/server/libjvm.so
7f36cfa16000-7f36cfa49000 rw-p 00000000 00:00 0 
7f36cfa49000-7f36cfa61000 r-xp 00000000 08:01 525378                     /lib/x86_64-linux-gnu/libpthread-2.23.so
7f36cfa61000-7f36cfc60000 ---p 00018000 08:01 525378                     /lib/x86_64-linux-gnu/libpthread-2.23.so
7f36cfc60000-7f36cfc61000 r--p 00017000 08:01 525378                     /lib/x86_64-linux-gnu/libpthread-2.23.so
7f36cfc61000-7f36cfc62000 rw-p 00018000 08:01 525378                     /lib/x86_64-linux-gnu/libpthread-2.23.so
7f36cfc62000-7f36cfc66000 rw-p 00000000 00:00 0 
7f36cfc66000-7f36cfc69000 r-xp 00000000 08:01 525043                     /lib/x86_64-linux-gnu/libdl-2.23.so
7f36cfc69000-7f36cfe68000 ---p 00003000 08:01 525043                     /lib/x86_64-linux-gnu/libdl-2.23.so
7f36cfe68000-7f36cfe69000 r--p 00002000 08:01 525043                     /lib/x86_64-linux-gnu/libdl-2.23.so
7f36cfe69000-7f36cfe6a000 rw-p 00003000 08:01 525043                     /lib/x86_64-linux-gnu/libdl-2.23.so
7f36cfe6a000-7f36cfe83000 r-xp 00000000 08:01 524772                     /lib/x86_64-linux-gnu/libz.so.1.2.8
7f36cfe83000-7f36d0082000 ---p 00019000 08:01 524772                     /lib/x86_64-linux-gnu/libz.so.1.2.8
7f36d0082000-7f36d0083000 r--p 00018000 08:01 524772                     /lib/x86_64-linux-gnu/libz.so.1.2.8
7f36d0083000-7f36d0084000 rw-p 00019000 08:01 524772                     /lib/x86_64-linux-gnu/libz.so.1.2.8
7f36d0084000-7f36d0244000 r-xp 00000000 08:01 525377                     /lib/x86_64-linux-gnu/libc-2.23.so
7f36d0244000-7f36d0444000 ---p 001c0000 08:01 525377                     /lib/x86_64-linux-gnu/libc-2.23.so
7f36d0444000-7f36d0448000 r--p 001c0000 08:01 525377                     /lib/x86_64-linux-gnu/libc-2.23.so
7f36d0448000-7f36d044a000 rw-p 001c4000 08:01 525377                     /lib/x86_64-linux-gnu/libc-2.23.so
7f36d044a000-7f36d044e000 rw-p 00000000 00:00 0 
7f36d044e000-7f36d045c000 r-xp 00000000 08:01 935054                     /usr/lib/jvm/java-8-openjdk-amd64/jre/lib/amd64/jli/libjli.so
7f36d045c000-7f36d065b000 ---p 0000e000 08:01 935054                     /usr/lib/jvm/java-8-openjdk-amd64/jre/lib/amd64/jli/libjli.so
7f36d065b000-7f36d065c000 r--p 0000d000 08:01 935054                     /usr/lib/jvm/java-8-openjdk-amd64/jre/lib/amd64/jli/libjli.so
7f36d065c000-7f36d065d000 rw-p 0000e000 08:01 935054                     /usr/lib/jvm/java-8-openjdk-amd64/jre/lib/amd64/jli/libjli.so
7f36d065d000-7f36d0683000 r-xp 00000000 08:01 525389                     /lib/x86_64-linux-gnu/ld-2.23.so
7f36d0757000-7f36d075a000 ---p 00000000 00:00 0 
7f36d075a000-7f36d085c000 rw-p 00000000 00:00 0 
7f36d0877000-7f36d087f000 rw-s 00000000 08:01 1311774                    /tmp/hsperfdata_ekeramat/6131
7f36d087f000-7f36d0880000 rw-p 00000000 00:00 0 
7f36d0880000-7f36d0881000 r--p 00000000 00:00 0 
7f36d0881000-7f36d0882000 rw-p 00000000 00:00 0 
7f36d0882000-7f36d0883000 r--p 00025000 08:01 525389                     /lib/x86_64-linux-gnu/ld-2.23.so
7f36d0883000-7f36d0884000 rw-p 00026000 08:01 525389                     /lib/x86_64-linux-gnu/ld-2.23.so
7f36d0884000-7f36d0885000 rw-p 00000000 00:00 0 
7ffdbc497000-7ffdbc4b8000 rw-p 00000000 00:00 0                          [stack]
7ffdbc4e2000-7ffdbc4e4000 r--p 00000000 00:00 0                          [vvar]
7ffdbc4e4000-7ffdbc4e6000 r-xp 00000000 00:00 0                          [vdso]
ffffffffff600000-ffffffffff601000 r-xp 00000000 00:00 0                  [vsyscall]

VM Arguments:
java_command: jjtree HL.jjt
java_class_path (initial): /opt/javacc/target/javacc.jar
Launcher Type: SUN_STANDARD

Environment Variables:
JAVA_HOME=/usr/lib/jvm/java-8-openjdk-amd64
PATH=/usr/local/bin:/usr/bin:/bin:/usr/local/games:/usr/games:/snap/bin:/usr/courses/bin/x86_64
SHELL=/bin/bash

Signal Handlers:
SIGSEGV: [libjvm.so+0xb1e940], sa_mask[0]=11111111011111111101111111111110, sa_flags=SA_RESTART|SA_SIGINFO
SIGBUS: [libjvm.so+0xb1e940], sa_mask[0]=11111111011111111101111111111110, sa_flags=SA_RESTART|SA_SIGINFO
SIGFPE: [libjvm.so+0x956450], sa_mask[0]=11111111011111111101111111111110, sa_flags=SA_RESTART|SA_SIGINFO
SIGPIPE: [libjvm.so+0x956450], sa_mask[0]=11111111011111111101111111111110, sa_flags=SA_RESTART|SA_SIGINFO
SIGXFSZ: [libjvm.so+0x956450], sa_mask[0]=11111111011111111101111111111110, sa_flags=SA_RESTART|SA_SIGINFO
SIGILL: [libjvm.so+0x956450], sa_mask[0]=11111111011111111101111111111110, sa_flags=SA_RESTART|SA_SIGINFO
SIGUSR1: SIG_DFL, sa_mask[0]=00000000000000000000000000000000, sa_flags=none
SIGUSR2: [libjvm.so+0x956300], sa_mask[0]=00000000000000000000000000000000, sa_flags=SA_RESTART|SA_SIGINFO
SIGHUP: SIG_DFL, sa_mask[0]=00000000000000000000000000000000, sa_flags=none
SIGINT: SIG_DFL, sa_mask[0]=00000000000000000000000000000000, sa_flags=none
SIGTERM: SIG_DFL, sa_mask[0]=00000000000000000000000000000000, sa_flags=none
SIGQUIT: SIG_DFL, sa_mask[0]=00000000000000000000000000000000, sa_flags=none


---------------  S Y S T E M  ---------------

OS:DISTRIB_ID=Ubuntu
DISTRIB_RELEASE=16.04
DISTRIB_CODENAME=xenial
DISTRIB_DESCRIPTION="Ubuntu 16.04.7 LTS"

uname:Linux 4.4.0-190-generic #220-Ubuntu SMP Fri Aug 28 23:02:15 UTC 2020 x86_64
libc:glibc 2.23 NPTL 2.23 
rlimit: STACK 8192k, CORE 0k, NPROC 75, NOFILE 1048576, AS infinity
load average:0.00 0.00 0.00

/proc/meminfo:
MemTotal:       16431672 kB
MemFree:         2318304 kB
MemAvailable:   14873096 kB
Buffers:          742776 kB
Cached:         10086564 kB
SwapCached:          148 kB
Active:          5370156 kB
Inactive:        6185024 kB
Active(anon):     658848 kB
Inactive(anon):   245444 kB
Active(file):    4711308 kB
Inactive(file):  5939580 kB
Unevictable:        3652 kB
Mlocked:            3652 kB
SwapTotal:       4192252 kB
SwapFree:        4191864 kB
Dirty:               172 kB
Writeback:             0 kB
AnonPages:        729416 kB
Mapped:           174904 kB
Shmem:            176032 kB
Slab:            2429272 kB
SReclaimable:    2242228 kB
SUnreclaim:       187044 kB
KernelStack:        7664 kB
PageTables:        29072 kB
NFS_Unstable:          0 kB
Bounce:                0 kB
WritebackTmp:          0 kB
CommitLimit:    12408088 kB
Committed_AS:    3794552 kB
VmallocTotal:   34359738367 kB
VmallocUsed:           0 kB
VmallocChunk:          0 kB
HardwareCorrupted:     0 kB
AnonHugePages:         0 kB
CmaTotal:              0 kB
CmaFree:               0 kB
HugePages_Total:       0
HugePages_Free:        0
HugePages_Rsvd:        0
HugePages_Surp:        0
Hugepagesize:       2048 kB
DirectMap4k:      405376 kB
DirectMap2M:    16371712 kB

container (cgroup) information:
container_type: cgroupv1
cpu_cpuset_cpus: 0-7
cpu_memory_nodes: 0
active_processor_count: 8
cpu_quota: -1
cpu_period: 100000
cpu_shares: -1
memory_limit_in_bytes: -1
memory_and_swap_limit_in_bytes: -2
memory_soft_limit_in_bytes: -1
memory_usage_in_bytes: 8614219776
memory_max_usage_in_bytes: 11058888704


CPU:total 8 (initial active 8) (4 cores per cpu, 1 threads per core) family 6 model 26 stepping 4, cmov, cx8, fxsr, mmx, sse, sse2, sse3, ssse3, sse4.1, sse4.2, popcnt, tsc, tscinvbit, tscinv

/proc/cpuinfo:
processor	: 0
vendor_id	: GenuineIntel
cpu family	: 6
model		: 26
model name	: Intel(R) Xeon(R) CPU           X5570  @ 2.93GHz
stepping	: 4
microcode	: 0x1d
cpu MHz		: 2926.000
cache size	: 8192 KB
physical id	: 0
siblings	: 4
core id		: 0
cpu cores	: 4
apicid		: 0
initial apicid	: 0
fpu		: yes
fpu_exception	: yes
cpuid level	: 11
wp		: yes
flags		: fpu vme de pse tsc msr pae mce cx8 apic sep mtrr pge mca cmov pat pse36 clflush dts mmx fxsr sse sse2 ss ht syscall nx rdtscp lm constant_tsc arch_perfmon pebs bts nopl tsc_reliable nonstop_tsc pni ssse3 cx16 sse4_1 sse4_2 popcnt hypervisor lahf_lm kaiser arat
bugs		: cpu_meltdown spectre_v1 spectre_v2 spec_store_bypass l1tf mds swapgs itlb_multihit
bogomips	: 5852.00
clflush size	: 64
cache_alignment	: 64
address sizes	: 40 bits physical, 48 bits virtual
power management:

processor	: 1
vendor_id	: GenuineIntel
cpu family	: 6
model		: 26
model name	: Intel(R) Xeon(R) CPU           X5570  @ 2.93GHz
stepping	: 4
microcode	: 0x1d
cpu MHz		: 2926.000
cache size	: 8192 KB
physical id	: 0
siblings	: 4
core id		: 1
cpu cores	: 4
apicid		: 1
initial apicid	: 1
fpu		: yes
fpu_exception	: yes
cpuid level	: 11
wp		: yes
flags		: fpu vme de pse tsc msr pae mce cx8 apic sep mtrr pge mca cmov pat pse36 clflush dts mmx fxsr sse sse2 ss ht syscall nx rdtscp lm constant_tsc arch_perfmon pebs bts nopl tsc_reliable nonstop_tsc pni ssse3 cx16 sse4_1 sse4_2 popcnt hypervisor lahf_lm kaiser arat
bugs		: cpu_meltdown spectre_v1 spectre_v2 spec_store_bypass l1tf mds swapgs itlb_multihit
bogomips	: 5852.00
clflush size	: 64
cache_alignment	: 64
address sizes	: 40 bits physical, 48 bits virtual
power management:

processor	: 2
vendor_id	: GenuineIntel
cpu family	: 6
model		: 26
model name	: Intel(R) Xeon(R) CPU           X5570  @ 2.93GHz
stepping	: 4
microcode	: 0x1d
cpu MHz		: 2926.000
cache size	: 8192 KB
physical id	: 0
siblings	: 4
core id		: 2
cpu cores	: 4
apicid		: 2
initial apicid	: 2
fpu		: yes
fpu_exception	: yes
cpuid level	: 11
wp		: yes
flags		: fpu vme de pse tsc msr pae mce cx8 apic sep mtrr pge mca cmov pat pse36 clflush dts mmx fxsr sse sse2 ss ht syscall nx rdtscp lm constant_tsc arch_perfmon pebs bts nopl tsc_reliable nonstop_tsc pni ssse3 cx16 sse4_1 sse4_2 popcnt hypervisor lahf_lm kaiser arat
bugs		: cpu_meltdown spectre_v1 spectre_v2 spec_store_bypass l1tf mds swapgs itlb_multihit
bogomips	: 5852.00
clflush size	: 64
cache_alignment	: 64
address sizes	: 40 bits physical, 48 bits virtual
power management:

processor	: 3
vendor_id	: GenuineIntel
cpu family	: 6
model		: 26
model name	: Intel(R) Xeon(R) CPU           X5570  @ 2.93GHz
stepping	: 4
microcode	: 0x1d
cpu MHz		: 2926.000
cache size	: 8192 KB
physical id	: 0
siblings	: 4
core id		: 3
cpu cores	: 4
apicid		: 3
initial apicid	: 3
fpu		: yes
fpu_exception	: yes
cpuid level	: 11
wp		: yes
flags		: fpu vme de pse tsc msr pae mce cx8 apic sep mtrr pge mca cmov pat pse36 clflush dts mmx fxsr sse sse2 ss ht syscall nx rdtscp lm constant_tsc arch_perfmon pebs bts nopl tsc_reliable nonstop_tsc pni ssse3 cx16 sse4_1 sse4_2 popcnt hypervisor lahf_lm kaiser arat
bugs		: cpu_meltdown spectre_v1 spectre_v2 spec_store_bypass l1tf mds swapgs itlb_multihit
bogomips	: 5852.00
clflush size	: 64
cache_alignment	: 64
address sizes	: 40 bits physical, 48 bits virtual
power management:

processor	: 4
vendor_id	: GenuineIntel
cpu family	: 6
model		: 26
model name	: Intel(R) Xeon(R) CPU           X5570  @ 2.93GHz
stepping	: 4
microcode	: 0x1d
cpu MHz		: 2926.000
cache size	: 8192 KB
physical id	: 1
siblings	: 4
core id		: 0
cpu cores	: 4
apicid		: 4
initial apicid	: 4
fpu		: yes
fpu_exception	: yes
cpuid level	: 11
wp		: yes
flags		: fpu vme de pse tsc msr pae mce cx8 apic sep mtrr pge mca cmov pat pse36 clflush dts mmx fxsr sse sse2 ss ht syscall nx rdtscp lm constant_tsc arch_perfmon pebs bts nopl tsc_reliable nonstop_tsc pni ssse3 cx16 sse4_1 sse4_2 popcnt hypervisor lahf_lm kaiser arat
bugs		: cpu_meltdown spectre_v1 spectre_v2 spec_store_bypass l1tf mds swapgs itlb_multihit
bogomips	: 5852.00
clflush size	: 64
cache_alignment	: 64
address sizes	: 40 bits physical, 48 bits virtual
power management:

processor	: 5
vendor_id	: GenuineIntel
cpu family	: 6
model		: 26
model name	: Intel(R) Xeon(R) CPU           X5570  @ 2.93GHz
stepping	: 4
microcode	: 0x1d
cpu MHz		: 2926.000
cache size	: 8192 KB
physical id	: 1
siblings	: 4
core id		: 1
cpu cores	: 4
apicid		: 5
initial apicid	: 5
fpu		: yes
fpu_exception	: yes
cpuid level	: 11
wp		: yes
flags		: fpu vme de pse tsc msr pae mce cx8 apic sep mtrr pge mca cmov pat pse36 clflush dts mmx fxsr sse sse2 ss ht syscall nx rdtscp lm constant_tsc arch_perfmon pebs bts nopl tsc_reliable nonstop_tsc pni ssse3 cx16 sse4_1 sse4_2 popcnt hypervisor lahf_lm kaiser arat
bugs		: cpu_meltdown spectre_v1 spectre_v2 spec_store_bypass l1tf mds swapgs itlb_multihit
bogomips	: 5852.00
clflush size	: 64
cache_alignment	: 64
address sizes	: 40 bits physical, 48 bits virtual
power management:

processor	: 6
vendor_id	: GenuineIntel
cpu family	: 6
model		: 26
model name	: Intel(R) Xeon(R) CPU           X5570  @ 2.93GHz
stepping	: 4
microcode	: 0x1d
cpu MHz		: 2926.000
cache size	: 8192 KB
physical id	: 1
siblings	: 4
core id		: 2
cpu cores	: 4
apicid		: 6
initial apicid	: 6
fpu		: yes
fpu_exception	: yes
cpuid level	: 11
wp		: yes
flags		: fpu vme de pse tsc msr pae mce cx8 apic sep mtrr pge mca cmov pat pse36 clflush dts mmx fxsr sse sse2 ss ht syscall nx rdtscp lm constant_tsc arch_perfmon pebs bts nopl tsc_reliable nonstop_tsc pni ssse3 cx16 sse4_1 sse4_2 popcnt hypervisor lahf_lm kaiser arat
bugs		: cpu_meltdown spectre_v1 spectre_v2 spec_store_bypass l1tf mds swapgs itlb_multihit
bogomips	: 5852.00
clflush size	: 64
cache_alignment	: 64
address sizes	: 40 bits physical, 48 bits virtual
power management:

processor	: 7
vendor_id	: GenuineIntel
cpu family	: 6
model		: 26
model name	: Intel(R) Xeon(R) CPU           X5570  @ 2.93GHz
stepping	: 4
microcode	: 0x1d
cpu MHz		: 2926.000
cache size	: 8192 KB
physical id	: 1
siblings	: 4
core id		: 3
cpu cores	: 4
apicid		: 7
initial apicid	: 7
fpu		: yes
fpu_exception	: yes
cpuid level	: 11
wp		: yes
flags		: fpu vme de pse tsc msr pae mce cx8 apic sep mtrr pge mca cmov pat pse36 clflush dts mmx fxsr sse sse2 ss ht syscall nx rdtscp lm constant_tsc arch_perfmon pebs bts nopl tsc_reliable nonstop_tsc pni ssse3 cx16 sse4_1 sse4_2 popcnt hypervisor lahf_lm kaiser arat
bugs		: cpu_meltdown spectre_v1 spectre_v2 spec_store_bypass l1tf mds swapgs itlb_multihit
bogomips	: 5852.00
clflush size	: 64
cache_alignment	: 64
address sizes	: 40 bits physical, 48 bits virtual
power management:



Memory: 4k page, physical 16431672k(2317944k free), swap 4192252k(4191864k free)

vm_info: OpenJDK 64-Bit Server VM (25.275-b01) for linux-amd64 JRE (1.8.0_275-8u275-b01-0ubuntu1~16.04-b01), built on Nov  9 2020 03:41:32 by "buildd" with gcc 5.4.0 20160609

time: Tue Dec  8 00:17:10 2020
timezone: EST
elapsed time: 0.012325 seconds (0d 0h 0m 0s)

