#
# There is insufficient memory for the Java Runtime Environment to continue.
# Cannot create GC thread. Out of system resources.
# Possible reasons:
#   The system is out of physical RAM or swap space
#   The process is running with CompressedOops enabled, and the Java Heap may be blocking the growth of the native heap
# Possible solutions:
#   Reduce memory load on the system
#   Increase physical memory or swap space
#   Check if swap backing store is full
#   Decrease Java heap size (-Xmx/-Xms)
#   Decrease number of Java threads
#   Decrease Java thread stack sizes (-Xss)
#   Set larger code cache with -XX:ReservedCodeCacheSize=
# This output file may be truncated or incomplete.
#
#  Out of Memory Error (gcTaskThread.cpp:48), pid=22871, tid=0x00007fcfda724700
#
# JRE version:  (8.0_275-b01) (build )
# Java VM: OpenJDK 64-Bit Server VM (25.275-b01 mixed mode linux-amd64 compressed oops)
# Failed to write core dump. Core dumps have been disabled. To enable core dumping, try "ulimit -c unlimited" before starting Java again
#

---------------  T H R E A D  ---------------

Current thread (0x00007fcfd400a800):  JavaThread "Unknown thread" [_thread_in_vm, id=22872, stack(0x00007fcfda624000,0x00007fcfda725000)]

Stack: [0x00007fcfda624000,0x00007fcfda725000],  sp=0x00007fcfda723810,  free space=1022k
Native frames: (J=compiled Java code, j=interpreted, Vv=VM code, C=native code)
V  [libjvm.so+0xb1de0b]
V  [libjvm.so+0x4e019c]
V  [libjvm.so+0x5c953f]
V  [libjvm.so+0x5c86a7]
V  [libjvm.so+0x984099]
V  [libjvm.so+0xae1809]
V  [libjvm.so+0xae1a52]
V  [libjvm.so+0x63e32f]
V  [libjvm.so+0xac525b]
V  [libjvm.so+0x714b30]  JNI_CreateJavaVM+0x60
C  [libjli.so+0x2f8a]
C  [libjli.so+0x75cd]
C  [libpthread.so.0+0x76ba]  start_thread+0xca


---------------  P R O C E S S  ---------------

Java Threads: ( => current thread )

Other Threads:

=>0x00007fcfd400a800 (exited) JavaThread "Unknown thread" [_thread_in_vm, id=22872, stack(0x00007fcfda624000,0x00007fcfda725000)]

VM state:not at safepoint (not fully initialized)

VM Mutex/Monitor currently owned by a thread: None

heap address: 0x00000006c5400000, size: 4012 MB, Compressed Oops mode: Non-zero based:0x00000006c53ff000, Oop shift amount: 3
Narrow klass base: 0x0000000000000000, Narrow klass shift: 0

GC Heap History (0 events):
No events

Deoptimization events (0 events):
No events

Classes redefined (0 events):
No events

Internal exceptions (0 events):
No events

Events (0 events):
No events


Dynamic libraries:
6c5400000-6cfc00000 rw-p 00000000 00:00 0 
6cfc00000-76c700000 ---p 00000000 00:00 0 
76c700000-771b00000 rw-p 00000000 00:00 0 
771b00000-7c0000000 ---p 00000000 00:00 0 
559eedab7000-559eedab8000 r-xp 00000000 08:01 920822                     /usr/lib/jvm/java-8-openjdk-amd64/jre/bin/java
559eedcb7000-559eedcb8000 r--p 00000000 08:01 920822                     /usr/lib/jvm/java-8-openjdk-amd64/jre/bin/java
559eedcb8000-559eedcb9000 rw-p 00001000 08:01 920822                     /usr/lib/jvm/java-8-openjdk-amd64/jre/bin/java
559eee80a000-559eee82b000 rw-p 00000000 00:00 0                          [heap]
7fcfc2699000-7fcfc269a000 ---p 00000000 00:00 0 
7fcfc269a000-7fcfc279a000 rw-p 00000000 00:00 0 
7fcfc279a000-7fcfc279b000 ---p 00000000 00:00 0 
7fcfc279b000-7fcfc289b000 rw-p 00000000 00:00 0 
7fcfc289b000-7fcfc289c000 ---p 00000000 00:00 0 
7fcfc289c000-7fcfc299c000 rw-p 00000000 00:00 0 
7fcfc299c000-7fcfc299d000 ---p 00000000 00:00 0 
7fcfc299d000-7fcfc2a9d000 rw-p 00000000 00:00 0 
7fcfc2a9d000-7fcfc2a9e000 ---p 00000000 00:00 0 
7fcfc2a9e000-7fcfc2b9e000 rw-p 00000000 00:00 0 
7fcfc2b9e000-7fcfc2b9f000 ---p 00000000 00:00 0 
7fcfc2b9f000-7fcfc2c9f000 rw-p 00000000 00:00 0 
7fcfc2c9f000-7fcfc2ca0000 ---p 00000000 00:00 0 
7fcfc2ca0000-7fcfc2da0000 rw-p 00000000 00:00 0 
7fcfc2da0000-7fcfc2da1000 ---p 00000000 00:00 0 
7fcfc2da1000-7fcfc2ef5000 rw-p 00000000 00:00 0 
7fcfc2ef5000-7fcfc33db000 ---p 00000000 00:00 0 
7fcfc33db000-7fcfc342f000 rw-p 00000000 00:00 0 
7fcfc342f000-7fcfc3914000 ---p 00000000 00:00 0 
7fcfc3914000-7fcfc393f000 rw-p 00000000 00:00 0 
7fcfc393f000-7fcfc3bb1000 ---p 00000000 00:00 0 
7fcfc3bb1000-7fcfc3bbc000 rw-p 00000000 00:00 0 
7fcfc3bbc000-7fcfc3f72000 ---p 00000000 00:00 0 
7fcfc3f72000-7fcfc41e2000 rwxp 00000000 00:00 0 
7fcfc41e2000-7fcfd2f72000 ---p 00000000 00:00 0 
7fcfd2f72000-7fcfd2f7a000 r-xp 00000000 08:01 918402                     /usr/lib/jvm/java-8-openjdk-amd64/jre/lib/amd64/libzip.so
7fcfd2f7a000-7fcfd3179000 ---p 00008000 08:01 918402                     /usr/lib/jvm/java-8-openjdk-amd64/jre/lib/amd64/libzip.so
7fcfd3179000-7fcfd317a000 r--p 00007000 08:01 918402                     /usr/lib/jvm/java-8-openjdk-amd64/jre/lib/amd64/libzip.so
7fcfd317a000-7fcfd317b000 rw-p 00008000 08:01 918402                     /usr/lib/jvm/java-8-openjdk-amd64/jre/lib/amd64/libzip.so
7fcfd317b000-7fcfd3186000 r-xp 00000000 08:01 524969                     /lib/x86_64-linux-gnu/libnss_files-2.23.so
7fcfd3186000-7fcfd3385000 ---p 0000b000 08:01 524969                     /lib/x86_64-linux-gnu/libnss_files-2.23.so
7fcfd3385000-7fcfd3386000 r--p 0000a000 08:01 524969                     /lib/x86_64-linux-gnu/libnss_files-2.23.so
7fcfd3386000-7fcfd3387000 rw-p 0000b000 08:01 524969                     /lib/x86_64-linux-gnu/libnss_files-2.23.so
7fcfd3387000-7fcfd338d000 rw-p 00000000 00:00 0 
7fcfd338d000-7fcfd3398000 r-xp 00000000 08:01 525480                     /lib/x86_64-linux-gnu/libnss_nis-2.23.so
7fcfd3398000-7fcfd3597000 ---p 0000b000 08:01 525480                     /lib/x86_64-linux-gnu/libnss_nis-2.23.so
7fcfd3597000-7fcfd3598000 r--p 0000a000 08:01 525480                     /lib/x86_64-linux-gnu/libnss_nis-2.23.so
7fcfd3598000-7fcfd3599000 rw-p 0000b000 08:01 525480                     /lib/x86_64-linux-gnu/libnss_nis-2.23.so
7fcfd3599000-7fcfd35af000 r-xp 00000000 08:01 524901                     /lib/x86_64-linux-gnu/libnsl-2.23.so
7fcfd35af000-7fcfd37ae000 ---p 00016000 08:01 524901                     /lib/x86_64-linux-gnu/libnsl-2.23.so
7fcfd37ae000-7fcfd37af000 r--p 00015000 08:01 524901                     /lib/x86_64-linux-gnu/libnsl-2.23.so
7fcfd37af000-7fcfd37b0000 rw-p 00016000 08:01 524901                     /lib/x86_64-linux-gnu/libnsl-2.23.so
7fcfd37b0000-7fcfd37b2000 rw-p 00000000 00:00 0 
7fcfd37b2000-7fcfd37ba000 r-xp 00000000 08:01 525422                     /lib/x86_64-linux-gnu/libnss_compat-2.23.so
7fcfd37ba000-7fcfd39b9000 ---p 00008000 08:01 525422                     /lib/x86_64-linux-gnu/libnss_compat-2.23.so
7fcfd39b9000-7fcfd39ba000 r--p 00007000 08:01 525422                     /lib/x86_64-linux-gnu/libnss_compat-2.23.so
7fcfd39ba000-7fcfd39bb000 rw-p 00008000 08:01 525422                     /lib/x86_64-linux-gnu/libnss_compat-2.23.so
7fcfd39bb000-7fcfd39e5000 r-xp 00000000 08:01 918371                     /usr/lib/jvm/java-8-openjdk-amd64/jre/lib/amd64/libjava.so
7fcfd39e5000-7fcfd3be4000 ---p 0002a000 08:01 918371                     /usr/lib/jvm/java-8-openjdk-amd64/jre/lib/amd64/libjava.so
7fcfd3be4000-7fcfd3be5000 r--p 00029000 08:01 918371                     /usr/lib/jvm/java-8-openjdk-amd64/jre/lib/amd64/libjava.so
7fcfd3be5000-7fcfd3be7000 rw-p 0002a000 08:01 918371                     /usr/lib/jvm/java-8-openjdk-amd64/jre/lib/amd64/libjava.so
7fcfd3be7000-7fcfd3bf6000 r-xp 00000000 08:01 918382                     /usr/lib/jvm/java-8-openjdk-amd64/jre/lib/amd64/libverify.so
7fcfd3bf6000-7fcfd3df5000 ---p 0000f000 08:01 918382                     /usr/lib/jvm/java-8-openjdk-amd64/jre/lib/amd64/libverify.so
7fcfd3df5000-7fcfd3df7000 r--p 0000e000 08:01 918382                     /usr/lib/jvm/java-8-openjdk-amd64/jre/lib/amd64/libverify.so
7fcfd3df7000-7fcfd3df8000 rw-p 00010000 08:01 918382                     /usr/lib/jvm/java-8-openjdk-amd64/jre/lib/amd64/libverify.so
7fcfd3df8000-7fcfd3dff000 r-xp 00000000 08:01 525490                     /lib/x86_64-linux-gnu/librt-2.23.so
7fcfd3dff000-7fcfd3ffe000 ---p 00007000 08:01 525490                     /lib/x86_64-linux-gnu/librt-2.23.so
7fcfd3ffe000-7fcfd3fff000 r--p 00006000 08:01 525490                     /lib/x86_64-linux-gnu/librt-2.23.so
7fcfd3fff000-7fcfd4000000 rw-p 00007000 08:01 525490                     /lib/x86_64-linux-gnu/librt-2.23.so
7fcfd4000000-7fcfd4044000 rw-p 00000000 00:00 0 
7fcfd4044000-7fcfd8000000 ---p 00000000 00:00 0 
7fcfd805f000-7fcfd8075000 r-xp 00000000 08:01 524818                     /lib/x86_64-linux-gnu/libgcc_s.so.1
7fcfd8075000-7fcfd8274000 ---p 00016000 08:01 524818                     /lib/x86_64-linux-gnu/libgcc_s.so.1
7fcfd8274000-7fcfd8275000 rw-p 00015000 08:01 524818                     /lib/x86_64-linux-gnu/libgcc_s.so.1
7fcfd8275000-7fcfd837d000 r-xp 00000000 08:01 524905                     /lib/x86_64-linux-gnu/libm-2.23.so
7fcfd837d000-7fcfd857c000 ---p 00108000 08:01 524905                     /lib/x86_64-linux-gnu/libm-2.23.so
7fcfd857c000-7fcfd857d000 r--p 00107000 08:01 524905                     /lib/x86_64-linux-gnu/libm-2.23.so
7fcfd857d000-7fcfd857e000 rw-p 00108000 08:01 524905                     /lib/x86_64-linux-gnu/libm-2.23.so
7fcfd857e000-7fcfd86f0000 r-xp 00000000 08:01 3151133                    /usr/lib/x86_64-linux-gnu/libstdc++.so.6.0.21
7fcfd86f0000-7fcfd88f0000 ---p 00172000 08:01 3151133                    /usr/lib/x86_64-linux-gnu/libstdc++.so.6.0.21
7fcfd88f0000-7fcfd88fa000 r--p 00172000 08:01 3151133                    /usr/lib/x86_64-linux-gnu/libstdc++.so.6.0.21
7fcfd88fa000-7fcfd88fc000 rw-p 0017c000 08:01 3151133                    /usr/lib/x86_64-linux-gnu/libstdc++.so.6.0.21
7fcfd88fc000-7fcfd8900000 rw-p 00000000 00:00 0 
7fcfd8900000-7fcfd9625000 r-xp 00000000 08:01 918393                     /usr/lib/jvm/java-8-openjdk-amd64/jre/lib/amd64/server/libjvm.so
7fcfd9625000-7fcfd9824000 ---p 00d25000 08:01 918393                     /usr/lib/jvm/java-8-openjdk-amd64/jre/lib/amd64/server/libjvm.so
7fcfd9824000-7fcfd98ba000 r--p 00d24000 08:01 918393                     /usr/lib/jvm/java-8-openjdk-amd64/jre/lib/amd64/server/libjvm.so
7fcfd98ba000-7fcfd98e3000 rw-p 00dba000 08:01 918393                     /usr/lib/jvm/java-8-openjdk-amd64/jre/lib/amd64/server/libjvm.so
7fcfd98e3000-7fcfd9916000 rw-p 00000000 00:00 0 
7fcfd9916000-7fcfd992e000 r-xp 00000000 08:01 524898                     /lib/x86_64-linux-gnu/libpthread-2.23.so
7fcfd992e000-7fcfd9b2d000 ---p 00018000 08:01 524898                     /lib/x86_64-linux-gnu/libpthread-2.23.so
7fcfd9b2d000-7fcfd9b2e000 r--p 00017000 08:01 524898                     /lib/x86_64-linux-gnu/libpthread-2.23.so
7fcfd9b2e000-7fcfd9b2f000 rw-p 00018000 08:01 524898                     /lib/x86_64-linux-gnu/libpthread-2.23.so
7fcfd9b2f000-7fcfd9b33000 rw-p 00000000 00:00 0 
7fcfd9b33000-7fcfd9b36000 r-xp 00000000 08:01 524884                     /lib/x86_64-linux-gnu/libdl-2.23.so
7fcfd9b36000-7fcfd9d35000 ---p 00003000 08:01 524884                     /lib/x86_64-linux-gnu/libdl-2.23.so
7fcfd9d35000-7fcfd9d36000 r--p 00002000 08:01 524884                     /lib/x86_64-linux-gnu/libdl-2.23.so
7fcfd9d36000-7fcfd9d37000 rw-p 00003000 08:01 524884                     /lib/x86_64-linux-gnu/libdl-2.23.so
7fcfd9d37000-7fcfd9d50000 r-xp 00000000 08:01 524346                     /lib/x86_64-linux-gnu/libz.so.1.2.8
7fcfd9d50000-7fcfd9f4f000 ---p 00019000 08:01 524346                     /lib/x86_64-linux-gnu/libz.so.1.2.8
7fcfd9f4f000-7fcfd9f50000 r--p 00018000 08:01 524346                     /lib/x86_64-linux-gnu/libz.so.1.2.8
7fcfd9f50000-7fcfd9f51000 rw-p 00019000 08:01 524346                     /lib/x86_64-linux-gnu/libz.so.1.2.8
7fcfd9f51000-7fcfda111000 r-xp 00000000 08:01 524888                     /lib/x86_64-linux-gnu/libc-2.23.so
7fcfda111000-7fcfda311000 ---p 001c0000 08:01 524888                     /lib/x86_64-linux-gnu/libc-2.23.so
7fcfda311000-7fcfda315000 r--p 001c0000 08:01 524888                     /lib/x86_64-linux-gnu/libc-2.23.so
7fcfda315000-7fcfda317000 rw-p 001c4000 08:01 524888                     /lib/x86_64-linux-gnu/libc-2.23.so
7fcfda317000-7fcfda31b000 rw-p 00000000 00:00 0 
7fcfda31b000-7fcfda329000 r-xp 00000000 08:01 918376                     /usr/lib/jvm/java-8-openjdk-amd64/jre/lib/amd64/jli/libjli.so
7fcfda329000-7fcfda528000 ---p 0000e000 08:01 918376                     /usr/lib/jvm/java-8-openjdk-amd64/jre/lib/amd64/jli/libjli.so
7fcfda528000-7fcfda529000 r--p 0000d000 08:01 918376                     /usr/lib/jvm/java-8-openjdk-amd64/jre/lib/amd64/jli/libjli.so
7fcfda529000-7fcfda52a000 rw-p 0000e000 08:01 918376                     /usr/lib/jvm/java-8-openjdk-amd64/jre/lib/amd64/jli/libjli.so
7fcfda52a000-7fcfda550000 r-xp 00000000 08:01 524965                     /lib/x86_64-linux-gnu/ld-2.23.so
7fcfda624000-7fcfda627000 ---p 00000000 00:00 0 
7fcfda627000-7fcfda729000 rw-p 00000000 00:00 0 
7fcfda744000-7fcfda74c000 rw-s 00000000 08:01 1206479                    /tmp/hsperfdata_ekeramat/22871
7fcfda74c000-7fcfda74d000 rw-p 00000000 00:00 0 
7fcfda74d000-7fcfda74e000 r--p 00000000 00:00 0 
7fcfda74e000-7fcfda74f000 rw-p 00000000 00:00 0 
7fcfda74f000-7fcfda750000 r--p 00025000 08:01 524965                     /lib/x86_64-linux-gnu/ld-2.23.so
7fcfda750000-7fcfda751000 rw-p 00026000 08:01 524965                     /lib/x86_64-linux-gnu/ld-2.23.so
7fcfda751000-7fcfda752000 rw-p 00000000 00:00 0 
7ffd1af11000-7ffd1af32000 rw-p 00000000 00:00 0                          [stack]
7ffd1af84000-7ffd1af86000 r--p 00000000 00:00 0                          [vvar]
7ffd1af86000-7ffd1af88000 r-xp 00000000 00:00 0                          [vdso]
ffffffffff600000-ffffffffff601000 r-xp 00000000 00:00 0                  [vsyscall]

VM Arguments:
java_command: jjtree HL.jjt
java_class_path (initial): /opt/javacc/target/javacc.jar
Launcher Type: SUN_STANDARD

Environment Variables:
JAVA_HOME=/usr/lib/jvm/java-8-openjdk-amd64
PATH=/usr/local/bin:/usr/bin:/bin:/usr/local/games:/usr/games:/snap/bin:/usr/courses/bin/x86_64
SHELL=/bin/bash

Signal Handlers:
SIGSEGV: [libjvm.so+0xb1e940], sa_mask[0]=11111111011111111101111111111110, sa_flags=SA_RESTART|SA_SIGINFO
SIGBUS: [libjvm.so+0xb1e940], sa_mask[0]=11111111011111111101111111111110, sa_flags=SA_RESTART|SA_SIGINFO
SIGFPE: [libjvm.so+0x956450], sa_mask[0]=11111111011111111101111111111110, sa_flags=SA_RESTART|SA_SIGINFO
SIGPIPE: [libjvm.so+0x956450], sa_mask[0]=11111111011111111101111111111110, sa_flags=SA_RESTART|SA_SIGINFO
SIGXFSZ: [libjvm.so+0x956450], sa_mask[0]=11111111011111111101111111111110, sa_flags=SA_RESTART|SA_SIGINFO
SIGILL: [libjvm.so+0x956450], sa_mask[0]=11111111011111111101111111111110, sa_flags=SA_RESTART|SA_SIGINFO
SIGUSR1: SIG_DFL, sa_mask[0]=00000000000000000000000000000000, sa_flags=none
SIGUSR2: [libjvm.so+0x956300], sa_mask[0]=00000000000000000000000000000000, sa_flags=SA_RESTART|SA_SIGINFO
SIGHUP: SIG_DFL, sa_mask[0]=00000000000000000000000000000000, sa_flags=none
SIGINT: SIG_DFL, sa_mask[0]=00000000000000000000000000000000, sa_flags=none
SIGTERM: SIG_DFL, sa_mask[0]=00000000000000000000000000000000, sa_flags=none
SIGQUIT: SIG_DFL, sa_mask[0]=00000000000000000000000000000000, sa_flags=none


---------------  S Y S T E M  ---------------

OS:DISTRIB_ID=Ubuntu
DISTRIB_RELEASE=16.04
DISTRIB_CODENAME=xenial
DISTRIB_DESCRIPTION="Ubuntu 16.04.7 LTS"

uname:Linux 4.4.0-193-generic #224-Ubuntu SMP Tue Oct 6 17:15:28 UTC 2020 x86_64
libc:glibc 2.23 NPTL 2.23 
rlimit: STACK 8192k, CORE 0k, NPROC 75, NOFILE 1048576, AS infinity
load average:0.15 0.05 0.01

/proc/meminfo:
MemTotal:       16431668 kB
MemFree:         2179288 kB
MemAvailable:   14950672 kB
Buffers:          696736 kB
Cached:         10558832 kB
SwapCached:        34004 kB
Active:          5784628 kB
Inactive:        6147208 kB
Active(anon):     419864 kB
Inactive(anon):   434456 kB
Active(file):    5364764 kB
Inactive(file):  5712752 kB
Unevictable:        3652 kB
Mlocked:            3652 kB
SwapTotal:       4192252 kB
SwapFree:        4094536 kB
Dirty:               188 kB
Writeback:             0 kB
AnonPages:        661664 kB
Mapped:           119200 kB
Shmem:            175632 kB
Slab:            2193244 kB
SReclaimable:    2032192 kB
SUnreclaim:       161052 kB
KernelStack:        8112 kB
PageTables:        30180 kB
NFS_Unstable:          0 kB
Bounce:                0 kB
WritebackTmp:          0 kB
CommitLimit:    12408084 kB
Committed_AS:    4080936 kB
VmallocTotal:   34359738367 kB
VmallocUsed:           0 kB
VmallocChunk:          0 kB
HardwareCorrupted:     0 kB
AnonHugePages:         0 kB
CmaTotal:              0 kB
CmaFree:               0 kB
HugePages_Total:       0
HugePages_Free:        0
HugePages_Rsvd:        0
HugePages_Surp:        0
Hugepagesize:       2048 kB
DirectMap4k:      348032 kB
DirectMap2M:    16429056 kB

container (cgroup) information:
container_type: cgroupv1
cpu_cpuset_cpus: 0-7
cpu_memory_nodes: 0
active_processor_count: 8
cpu_quota: -1
cpu_period: 100000
cpu_shares: -1
memory_limit_in_bytes: -1
memory_and_swap_limit_in_bytes: -2
memory_soft_limit_in_bytes: -1
memory_usage_in_bytes: 9433628672
memory_max_usage_in_bytes: 16437440512


CPU:total 8 (initial active 8) (4 cores per cpu, 1 threads per core) family 6 model 26 stepping 4, cmov, cx8, fxsr, mmx, sse, sse2, sse3, ssse3, sse4.1, sse4.2, popcnt, tsc, tscinvbit, tscinv

/proc/cpuinfo:
processor	: 0
vendor_id	: GenuineIntel
cpu family	: 6
model		: 26
model name	: Intel(R) Xeon(R) CPU           X5570  @ 2.93GHz
stepping	: 4
microcode	: 0x1d
cpu MHz		: 2926.000
cache size	: 8192 KB
physical id	: 0
siblings	: 4
core id		: 0
cpu cores	: 4
apicid		: 0
initial apicid	: 0
fpu		: yes
fpu_exception	: yes
cpuid level	: 11
wp		: yes
flags		: fpu vme de pse tsc msr pae mce cx8 apic sep mtrr pge mca cmov pat pse36 clflush dts mmx fxsr sse sse2 ss ht syscall nx rdtscp lm constant_tsc arch_perfmon pebs bts nopl tsc_reliable nonstop_tsc pni ssse3 cx16 sse4_1 sse4_2 popcnt hypervisor lahf_lm kaiser arat
bugs		: cpu_meltdown spectre_v1 spectre_v2 spec_store_bypass l1tf mds swapgs itlb_multihit
bogomips	: 5852.00
clflush size	: 64
cache_alignment	: 64
address sizes	: 40 bits physical, 48 bits virtual
power management:

processor	: 1
vendor_id	: GenuineIntel
cpu family	: 6
model		: 26
model name	: Intel(R) Xeon(R) CPU           X5570  @ 2.93GHz
stepping	: 4
microcode	: 0x1d
cpu MHz		: 2926.000
cache size	: 8192 KB
physical id	: 0
siblings	: 4
core id		: 1
cpu cores	: 4
apicid		: 1
initial apicid	: 1
fpu		: yes
fpu_exception	: yes
cpuid level	: 11
wp		: yes
flags		: fpu vme de pse tsc msr pae mce cx8 apic sep mtrr pge mca cmov pat pse36 clflush dts mmx fxsr sse sse2 ss ht syscall nx rdtscp lm constant_tsc arch_perfmon pebs bts nopl tsc_reliable nonstop_tsc pni ssse3 cx16 sse4_1 sse4_2 popcnt hypervisor lahf_lm kaiser arat
bugs		: cpu_meltdown spectre_v1 spectre_v2 spec_store_bypass l1tf mds swapgs itlb_multihit
bogomips	: 5852.00
clflush size	: 64
cache_alignment	: 64
address sizes	: 40 bits physical, 48 bits virtual
power management:

processor	: 2
vendor_id	: GenuineIntel
cpu family	: 6
model		: 26
model name	: Intel(R) Xeon(R) CPU           X5570  @ 2.93GHz
stepping	: 4
microcode	: 0x1d
cpu MHz		: 2926.000
cache size	: 8192 KB
physical id	: 0
siblings	: 4
core id		: 2
cpu cores	: 4
apicid		: 2
initial apicid	: 2
fpu		: yes
fpu_exception	: yes
cpuid level	: 11
wp		: yes
flags		: fpu vme de pse tsc msr pae mce cx8 apic sep mtrr pge mca cmov pat pse36 clflush dts mmx fxsr sse sse2 ss ht syscall nx rdtscp lm constant_tsc arch_perfmon pebs bts nopl tsc_reliable nonstop_tsc pni ssse3 cx16 sse4_1 sse4_2 popcnt hypervisor lahf_lm kaiser arat
bugs		: cpu_meltdown spectre_v1 spectre_v2 spec_store_bypass l1tf mds swapgs itlb_multihit
bogomips	: 5852.00
clflush size	: 64
cache_alignment	: 64
address sizes	: 40 bits physical, 48 bits virtual
power management:

processor	: 3
vendor_id	: GenuineIntel
cpu family	: 6
model		: 26
model name	: Intel(R) Xeon(R) CPU           X5570  @ 2.93GHz
stepping	: 4
microcode	: 0x1d
cpu MHz		: 2926.000
cache size	: 8192 KB
physical id	: 0
siblings	: 4
core id		: 3
cpu cores	: 4
apicid		: 3
initial apicid	: 3
fpu		: yes
fpu_exception	: yes
cpuid level	: 11
wp		: yes
flags		: fpu vme de pse tsc msr pae mce cx8 apic sep mtrr pge mca cmov pat pse36 clflush dts mmx fxsr sse sse2 ss ht syscall nx rdtscp lm constant_tsc arch_perfmon pebs bts nopl tsc_reliable nonstop_tsc pni ssse3 cx16 sse4_1 sse4_2 popcnt hypervisor lahf_lm kaiser arat
bugs		: cpu_meltdown spectre_v1 spectre_v2 spec_store_bypass l1tf mds swapgs itlb_multihit
bogomips	: 5852.00
clflush size	: 64
cache_alignment	: 64
address sizes	: 40 bits physical, 48 bits virtual
power management:

processor	: 4
vendor_id	: GenuineIntel
cpu family	: 6
model		: 26
model name	: Intel(R) Xeon(R) CPU           X5570  @ 2.93GHz
stepping	: 4
microcode	: 0x1d
cpu MHz		: 2926.000
cache size	: 8192 KB
physical id	: 1
siblings	: 4
core id		: 0
cpu cores	: 4
apicid		: 4
initial apicid	: 4
fpu		: yes
fpu_exception	: yes
cpuid level	: 11
wp		: yes
flags		: fpu vme de pse tsc msr pae mce cx8 apic sep mtrr pge mca cmov pat pse36 clflush dts mmx fxsr sse sse2 ss ht syscall nx rdtscp lm constant_tsc arch_perfmon pebs bts nopl tsc_reliable nonstop_tsc pni ssse3 cx16 sse4_1 sse4_2 popcnt hypervisor lahf_lm kaiser arat
bugs		: cpu_meltdown spectre_v1 spectre_v2 spec_store_bypass l1tf mds swapgs itlb_multihit
bogomips	: 5852.00
clflush size	: 64
cache_alignment	: 64
address sizes	: 40 bits physical, 48 bits virtual
power management:

processor	: 5
vendor_id	: GenuineIntel
cpu family	: 6
model		: 26
model name	: Intel(R) Xeon(R) CPU           X5570  @ 2.93GHz
stepping	: 4
microcode	: 0x1d
cpu MHz		: 2926.000
cache size	: 8192 KB
physical id	: 1
siblings	: 4
core id		: 1
cpu cores	: 4
apicid		: 5
initial apicid	: 5
fpu		: yes
fpu_exception	: yes
cpuid level	: 11
wp		: yes
flags		: fpu vme de pse tsc msr pae mce cx8 apic sep mtrr pge mca cmov pat pse36 clflush dts mmx fxsr sse sse2 ss ht syscall nx rdtscp lm constant_tsc arch_perfmon pebs bts nopl tsc_reliable nonstop_tsc pni ssse3 cx16 sse4_1 sse4_2 popcnt hypervisor lahf_lm kaiser arat
bugs		: cpu_meltdown spectre_v1 spectre_v2 spec_store_bypass l1tf mds swapgs itlb_multihit
bogomips	: 5852.00
clflush size	: 64
cache_alignment	: 64
address sizes	: 40 bits physical, 48 bits virtual
power management:

processor	: 6
vendor_id	: GenuineIntel
cpu family	: 6
model		: 26
model name	: Intel(R) Xeon(R) CPU           X5570  @ 2.93GHz
stepping	: 4
microcode	: 0x1d
cpu MHz		: 2926.000
cache size	: 8192 KB
physical id	: 1
siblings	: 4
core id		: 2
cpu cores	: 4
apicid		: 6
initial apicid	: 6
fpu		: yes
fpu_exception	: yes
cpuid level	: 11
wp		: yes
flags		: fpu vme de pse tsc msr pae mce cx8 apic sep mtrr pge mca cmov pat pse36 clflush dts mmx fxsr sse sse2 ss ht syscall nx rdtscp lm constant_tsc arch_perfmon pebs bts nopl tsc_reliable nonstop_tsc pni ssse3 cx16 sse4_1 sse4_2 popcnt hypervisor lahf_lm kaiser arat
bugs		: cpu_meltdown spectre_v1 spectre_v2 spec_store_bypass l1tf mds swapgs itlb_multihit
bogomips	: 5852.00
clflush size	: 64
cache_alignment	: 64
address sizes	: 40 bits physical, 48 bits virtual
power management:

processor	: 7
vendor_id	: GenuineIntel
cpu family	: 6
model		: 26
model name	: Intel(R) Xeon(R) CPU           X5570  @ 2.93GHz
stepping	: 4
microcode	: 0x1d
cpu MHz		: 2926.000
cache size	: 8192 KB
physical id	: 1
siblings	: 4
core id		: 3
cpu cores	: 4
apicid		: 7
initial apicid	: 7
fpu		: yes
fpu_exception	: yes
cpuid level	: 11
wp		: yes
flags		: fpu vme de pse tsc msr pae mce cx8 apic sep mtrr pge mca cmov pat pse36 clflush dts mmx fxsr sse sse2 ss ht syscall nx rdtscp lm constant_tsc arch_perfmon pebs bts nopl tsc_reliable nonstop_tsc pni ssse3 cx16 sse4_1 sse4_2 popcnt hypervisor lahf_lm kaiser arat
bugs		: cpu_meltdown spectre_v1 spectre_v2 spec_store_bypass l1tf mds swapgs itlb_multihit
bogomips	: 5852.00
clflush size	: 64
cache_alignment	: 64
address sizes	: 40 bits physical, 48 bits virtual
power management:



Memory: 4k page, physical 16431668k(2179288k free), swap 4192252k(4094536k free)

vm_info: OpenJDK 64-Bit Server VM (25.275-b01) for linux-amd64 JRE (1.8.0_275-8u275-b01-0ubuntu1~16.04-b01), built on Nov  9 2020 03:41:32 by "buildd" with gcc 5.4.0 20160609

time: Mon Dec  7 21:36:19 2020
timezone: EST
elapsed time: 0.013673 seconds (0d 0h 0m 0s)

