#
# There is insufficient memory for the Java Runtime Environment to continue.
# Cannot create GC thread. Out of system resources.
# Possible reasons:
#   The system is out of physical RAM or swap space
#   The process is running with CompressedOops enabled, and the Java Heap may be blocking the growth of the native heap
# Possible solutions:
#   Reduce memory load on the system
#   Increase physical memory or swap space
#   Check if swap backing store is full
#   Decrease Java heap size (-Xmx/-Xms)
#   Decrease number of Java threads
#   Decrease Java thread stack sizes (-Xss)
#   Set larger code cache with -XX:ReservedCodeCacheSize=
# This output file may be truncated or incomplete.
#
#  Out of Memory Error (gcTaskThread.cpp:48), pid=9500, tid=0x00007f1f39897700
#
# JRE version:  (8.0_275-b01) (build )
# Java VM: OpenJDK 64-Bit Server VM (25.275-b01 mixed mode linux-amd64 compressed oops)
# Failed to write core dump. Core dumps have been disabled. To enable core dumping, try "ulimit -c unlimited" before starting Java again
#

---------------  T H R E A D  ---------------

Current thread (0x00007f1f3000a800):  JavaThread "Unknown thread" [_thread_in_vm, id=9501, stack(0x00007f1f39797000,0x00007f1f39898000)]

Stack: [0x00007f1f39797000,0x00007f1f39898000],  sp=0x00007f1f39896810,  free space=1022k
Native frames: (J=compiled Java code, j=interpreted, Vv=VM code, C=native code)
V  [libjvm.so+0xb1de0b]
V  [libjvm.so+0x4e019c]
V  [libjvm.so+0x5c953f]
V  [libjvm.so+0x5c86a7]
V  [libjvm.so+0x984099]
V  [libjvm.so+0xae1809]
V  [libjvm.so+0xae1a52]
V  [libjvm.so+0x63e32f]
V  [libjvm.so+0xac525b]
V  [libjvm.so+0x714b30]  JNI_CreateJavaVM+0x60
C  [libjli.so+0x2f8a]
C  [libjli.so+0x75cd]
C  [libpthread.so.0+0x76ba]  start_thread+0xca


---------------  P R O C E S S  ---------------

Java Threads: ( => current thread )

Other Threads:

=>0x00007f1f3000a800 (exited) JavaThread "Unknown thread" [_thread_in_vm, id=9501, stack(0x00007f1f39797000,0x00007f1f39898000)]

VM state:not at safepoint (not fully initialized)

VM Mutex/Monitor currently owned by a thread: None

heap address: 0x00000006c5400000, size: 4012 MB, Compressed Oops mode: Non-zero based:0x00000006c53ff000, Oop shift amount: 3
Narrow klass base: 0x0000000000000000, Narrow klass shift: 0

GC Heap History (0 events):
No events

Deoptimization events (0 events):
No events

Classes redefined (0 events):
No events

Internal exceptions (0 events):
No events

Events (0 events):
No events


Dynamic libraries:
6c5400000-6cfc00000 rw-p 00000000 00:00 0 
6cfc00000-76c700000 ---p 00000000 00:00 0 
76c700000-771b00000 rw-p 00000000 00:00 0 
771b00000-7c0000000 ---p 00000000 00:00 0 
5605ba5ed000-5605ba5ee000 r-xp 00000000 08:01 920822                     /usr/lib/jvm/java-8-openjdk-amd64/jre/bin/java
5605ba7ed000-5605ba7ee000 r--p 00000000 08:01 920822                     /usr/lib/jvm/java-8-openjdk-amd64/jre/bin/java
5605ba7ee000-5605ba7ef000 rw-p 00001000 08:01 920822                     /usr/lib/jvm/java-8-openjdk-amd64/jre/bin/java
5605bbebd000-5605bbede000 rw-p 00000000 00:00 0                          [heap]
7f1f21000000-7f1f21270000 rwxp 00000000 00:00 0 
7f1f21270000-7f1f30000000 ---p 00000000 00:00 0 
7f1f30000000-7f1f3003d000 rw-p 00000000 00:00 0 
7f1f3003d000-7f1f34000000 ---p 00000000 00:00 0 
7f1f34c6f000-7f1f34c70000 ---p 00000000 00:00 0 
7f1f34c70000-7f1f34d70000 rw-p 00000000 00:00 0 
7f1f34d70000-7f1f34d71000 ---p 00000000 00:00 0 
7f1f34d71000-7f1f34e71000 rw-p 00000000 00:00 0 
7f1f34e71000-7f1f34e72000 ---p 00000000 00:00 0 
7f1f34e72000-7f1f34f72000 rw-p 00000000 00:00 0 
7f1f34f72000-7f1f34f73000 ---p 00000000 00:00 0 
7f1f34f73000-7f1f350c7000 rw-p 00000000 00:00 0 
7f1f350c7000-7f1f355ad000 ---p 00000000 00:00 0 
7f1f355ad000-7f1f35601000 rw-p 00000000 00:00 0 
7f1f35601000-7f1f35ae6000 ---p 00000000 00:00 0 
7f1f35ae6000-7f1f35b11000 rw-p 00000000 00:00 0 
7f1f35b11000-7f1f35d83000 ---p 00000000 00:00 0 
7f1f35d83000-7f1f35d8e000 rw-p 00000000 00:00 0 
7f1f35d8e000-7f1f36144000 ---p 00000000 00:00 0 
7f1f36144000-7f1f3614c000 r-xp 00000000 08:01 918402                     /usr/lib/jvm/java-8-openjdk-amd64/jre/lib/amd64/libzip.so
7f1f3614c000-7f1f3634b000 ---p 00008000 08:01 918402                     /usr/lib/jvm/java-8-openjdk-amd64/jre/lib/amd64/libzip.so
7f1f3634b000-7f1f3634c000 r--p 00007000 08:01 918402                     /usr/lib/jvm/java-8-openjdk-amd64/jre/lib/amd64/libzip.so
7f1f3634c000-7f1f3634d000 rw-p 00008000 08:01 918402                     /usr/lib/jvm/java-8-openjdk-amd64/jre/lib/amd64/libzip.so
7f1f3634d000-7f1f36358000 r-xp 00000000 08:01 524969                     /lib/x86_64-linux-gnu/libnss_files-2.23.so
7f1f36358000-7f1f36557000 ---p 0000b000 08:01 524969                     /lib/x86_64-linux-gnu/libnss_files-2.23.so
7f1f36557000-7f1f36558000 r--p 0000a000 08:01 524969                     /lib/x86_64-linux-gnu/libnss_files-2.23.so
7f1f36558000-7f1f36559000 rw-p 0000b000 08:01 524969                     /lib/x86_64-linux-gnu/libnss_files-2.23.so
7f1f36559000-7f1f3655f000 rw-p 00000000 00:00 0 
7f1f3655f000-7f1f3656a000 r-xp 00000000 08:01 525480                     /lib/x86_64-linux-gnu/libnss_nis-2.23.so
7f1f3656a000-7f1f36769000 ---p 0000b000 08:01 525480                     /lib/x86_64-linux-gnu/libnss_nis-2.23.so
7f1f36769000-7f1f3676a000 r--p 0000a000 08:01 525480                     /lib/x86_64-linux-gnu/libnss_nis-2.23.so
7f1f3676a000-7f1f3676b000 rw-p 0000b000 08:01 525480                     /lib/x86_64-linux-gnu/libnss_nis-2.23.so
7f1f3676b000-7f1f36781000 r-xp 00000000 08:01 524901                     /lib/x86_64-linux-gnu/libnsl-2.23.so
7f1f36781000-7f1f36980000 ---p 00016000 08:01 524901                     /lib/x86_64-linux-gnu/libnsl-2.23.so
7f1f36980000-7f1f36981000 r--p 00015000 08:01 524901                     /lib/x86_64-linux-gnu/libnsl-2.23.so
7f1f36981000-7f1f36982000 rw-p 00016000 08:01 524901                     /lib/x86_64-linux-gnu/libnsl-2.23.so
7f1f36982000-7f1f36984000 rw-p 00000000 00:00 0 
7f1f36984000-7f1f3698c000 r-xp 00000000 08:01 525422                     /lib/x86_64-linux-gnu/libnss_compat-2.23.so
7f1f3698c000-7f1f36b8b000 ---p 00008000 08:01 525422                     /lib/x86_64-linux-gnu/libnss_compat-2.23.so
7f1f36b8b000-7f1f36b8c000 r--p 00007000 08:01 525422                     /lib/x86_64-linux-gnu/libnss_compat-2.23.so
7f1f36b8c000-7f1f36b8d000 rw-p 00008000 08:01 525422                     /lib/x86_64-linux-gnu/libnss_compat-2.23.so
7f1f36b8d000-7f1f36bb7000 r-xp 00000000 08:01 918371                     /usr/lib/jvm/java-8-openjdk-amd64/jre/lib/amd64/libjava.so
7f1f36bb7000-7f1f36db6000 ---p 0002a000 08:01 918371                     /usr/lib/jvm/java-8-openjdk-amd64/jre/lib/amd64/libjava.so
7f1f36db6000-7f1f36db7000 r--p 00029000 08:01 918371                     /usr/lib/jvm/java-8-openjdk-amd64/jre/lib/amd64/libjava.so
7f1f36db7000-7f1f36db9000 rw-p 0002a000 08:01 918371                     /usr/lib/jvm/java-8-openjdk-amd64/jre/lib/amd64/libjava.so
7f1f36db9000-7f1f36dc8000 r-xp 00000000 08:01 918382                     /usr/lib/jvm/java-8-openjdk-amd64/jre/lib/amd64/libverify.so
7f1f36dc8000-7f1f36fc7000 ---p 0000f000 08:01 918382                     /usr/lib/jvm/java-8-openjdk-amd64/jre/lib/amd64/libverify.so
7f1f36fc7000-7f1f36fc9000 r--p 0000e000 08:01 918382                     /usr/lib/jvm/java-8-openjdk-amd64/jre/lib/amd64/libverify.so
7f1f36fc9000-7f1f36fca000 rw-p 00010000 08:01 918382                     /usr/lib/jvm/java-8-openjdk-amd64/jre/lib/amd64/libverify.so
7f1f36fca000-7f1f36fd1000 r-xp 00000000 08:01 525490                     /lib/x86_64-linux-gnu/librt-2.23.so
7f1f36fd1000-7f1f371d0000 ---p 00007000 08:01 525490                     /lib/x86_64-linux-gnu/librt-2.23.so
7f1f371d0000-7f1f371d1000 r--p 00006000 08:01 525490                     /lib/x86_64-linux-gnu/librt-2.23.so
7f1f371d1000-7f1f371d2000 rw-p 00007000 08:01 525490                     /lib/x86_64-linux-gnu/librt-2.23.so
7f1f371d2000-7f1f371e8000 r-xp 00000000 08:01 524818                     /lib/x86_64-linux-gnu/libgcc_s.so.1
7f1f371e8000-7f1f373e7000 ---p 00016000 08:01 524818                     /lib/x86_64-linux-gnu/libgcc_s.so.1
7f1f373e7000-7f1f373e8000 rw-p 00015000 08:01 524818                     /lib/x86_64-linux-gnu/libgcc_s.so.1
7f1f373e8000-7f1f374f0000 r-xp 00000000 08:01 524905                     /lib/x86_64-linux-gnu/libm-2.23.so
7f1f374f0000-7f1f376ef000 ---p 00108000 08:01 524905                     /lib/x86_64-linux-gnu/libm-2.23.so
7f1f376ef000-7f1f376f0000 r--p 00107000 08:01 524905                     /lib/x86_64-linux-gnu/libm-2.23.so
7f1f376f0000-7f1f376f1000 rw-p 00108000 08:01 524905                     /lib/x86_64-linux-gnu/libm-2.23.so
7f1f376f1000-7f1f37863000 r-xp 00000000 08:01 3151133                    /usr/lib/x86_64-linux-gnu/libstdc++.so.6.0.21
7f1f37863000-7f1f37a63000 ---p 00172000 08:01 3151133                    /usr/lib/x86_64-linux-gnu/libstdc++.so.6.0.21
7f1f37a63000-7f1f37a6d000 r--p 00172000 08:01 3151133                    /usr/lib/x86_64-linux-gnu/libstdc++.so.6.0.21
7f1f37a6d000-7f1f37a6f000 rw-p 0017c000 08:01 3151133                    /usr/lib/x86_64-linux-gnu/libstdc++.so.6.0.21
7f1f37a6f000-7f1f37a73000 rw-p 00000000 00:00 0 
7f1f37a73000-7f1f38798000 r-xp 00000000 08:01 918393                     /usr/lib/jvm/java-8-openjdk-amd64/jre/lib/amd64/server/libjvm.so
7f1f38798000-7f1f38997000 ---p 00d25000 08:01 918393                     /usr/lib/jvm/java-8-openjdk-amd64/jre/lib/amd64/server/libjvm.so
7f1f38997000-7f1f38a2d000 r--p 00d24000 08:01 918393                     /usr/lib/jvm/java-8-openjdk-amd64/jre/lib/amd64/server/libjvm.so
7f1f38a2d000-7f1f38a56000 rw-p 00dba000 08:01 918393                     /usr/lib/jvm/java-8-openjdk-amd64/jre/lib/amd64/server/libjvm.so
7f1f38a56000-7f1f38a89000 rw-p 00000000 00:00 0 
7f1f38a89000-7f1f38aa1000 r-xp 00000000 08:01 524898                     /lib/x86_64-linux-gnu/libpthread-2.23.so
7f1f38aa1000-7f1f38ca0000 ---p 00018000 08:01 524898                     /lib/x86_64-linux-gnu/libpthread-2.23.so
7f1f38ca0000-7f1f38ca1000 r--p 00017000 08:01 524898                     /lib/x86_64-linux-gnu/libpthread-2.23.so
7f1f38ca1000-7f1f38ca2000 rw-p 00018000 08:01 524898                     /lib/x86_64-linux-gnu/libpthread-2.23.so
7f1f38ca2000-7f1f38ca6000 rw-p 00000000 00:00 0 
7f1f38ca6000-7f1f38ca9000 r-xp 00000000 08:01 524884                     /lib/x86_64-linux-gnu/libdl-2.23.so
7f1f38ca9000-7f1f38ea8000 ---p 00003000 08:01 524884                     /lib/x86_64-linux-gnu/libdl-2.23.so
7f1f38ea8000-7f1f38ea9000 r--p 00002000 08:01 524884                     /lib/x86_64-linux-gnu/libdl-2.23.so
7f1f38ea9000-7f1f38eaa000 rw-p 00003000 08:01 524884                     /lib/x86_64-linux-gnu/libdl-2.23.so
7f1f38eaa000-7f1f38ec3000 r-xp 00000000 08:01 524346                     /lib/x86_64-linux-gnu/libz.so.1.2.8
7f1f38ec3000-7f1f390c2000 ---p 00019000 08:01 524346                     /lib/x86_64-linux-gnu/libz.so.1.2.8
7f1f390c2000-7f1f390c3000 r--p 00018000 08:01 524346                     /lib/x86_64-linux-gnu/libz.so.1.2.8
7f1f390c3000-7f1f390c4000 rw-p 00019000 08:01 524346                     /lib/x86_64-linux-gnu/libz.so.1.2.8
7f1f390c4000-7f1f39284000 r-xp 00000000 08:01 524888                     /lib/x86_64-linux-gnu/libc-2.23.so
7f1f39284000-7f1f39484000 ---p 001c0000 08:01 524888                     /lib/x86_64-linux-gnu/libc-2.23.so
7f1f39484000-7f1f39488000 r--p 001c0000 08:01 524888                     /lib/x86_64-linux-gnu/libc-2.23.so
7f1f39488000-7f1f3948a000 rw-p 001c4000 08:01 524888                     /lib/x86_64-linux-gnu/libc-2.23.so
7f1f3948a000-7f1f3948e000 rw-p 00000000 00:00 0 
7f1f3948e000-7f1f3949c000 r-xp 00000000 08:01 918376                     /usr/lib/jvm/java-8-openjdk-amd64/jre/lib/amd64/jli/libjli.so
7f1f3949c000-7f1f3969b000 ---p 0000e000 08:01 918376                     /usr/lib/jvm/java-8-openjdk-amd64/jre/lib/amd64/jli/libjli.so
7f1f3969b000-7f1f3969c000 r--p 0000d000 08:01 918376                     /usr/lib/jvm/java-8-openjdk-amd64/jre/lib/amd64/jli/libjli.so
7f1f3969c000-7f1f3969d000 rw-p 0000e000 08:01 918376                     /usr/lib/jvm/java-8-openjdk-amd64/jre/lib/amd64/jli/libjli.so
7f1f3969d000-7f1f396c3000 r-xp 00000000 08:01 524965                     /lib/x86_64-linux-gnu/ld-2.23.so
7f1f39797000-7f1f3979a000 ---p 00000000 00:00 0 
7f1f3979a000-7f1f3989c000 rw-p 00000000 00:00 0 
7f1f398b7000-7f1f398bf000 rw-s 00000000 08:01 1206497                    /tmp/hsperfdata_ekeramat/9500
7f1f398bf000-7f1f398c0000 rw-p 00000000 00:00 0 
7f1f398c0000-7f1f398c1000 r--p 00000000 00:00 0 
7f1f398c1000-7f1f398c2000 rw-p 00000000 00:00 0 
7f1f398c2000-7f1f398c3000 r--p 00025000 08:01 524965                     /lib/x86_64-linux-gnu/ld-2.23.so
7f1f398c3000-7f1f398c4000 rw-p 00026000 08:01 524965                     /lib/x86_64-linux-gnu/ld-2.23.so
7f1f398c4000-7f1f398c5000 rw-p 00000000 00:00 0 
7fffd8673000-7fffd8694000 rw-p 00000000 00:00 0                          [stack]
7fffd87b6000-7fffd87b8000 r--p 00000000 00:00 0                          [vvar]
7fffd87b8000-7fffd87ba000 r-xp 00000000 00:00 0                          [vdso]
ffffffffff600000-ffffffffff601000 r-xp 00000000 00:00 0                  [vsyscall]

VM Arguments:
java_command: TestHL ../Test/Inputs/miscellaneous.hl
java_class_path (initial): .:./AST
Launcher Type: SUN_STANDARD

Environment Variables:
JAVA_HOME=/usr/lib/jvm/java-8-openjdk-amd64
PATH=/usr/local/bin:/usr/bin:/bin:/usr/local/games:/usr/games:/snap/bin:/usr/courses/bin/x86_64
SHELL=/bin/bash

Signal Handlers:
SIGSEGV: [libjvm.so+0xb1e940], sa_mask[0]=11111111011111111101111111111110, sa_flags=SA_RESTART|SA_SIGINFO
SIGBUS: [libjvm.so+0xb1e940], sa_mask[0]=11111111011111111101111111111110, sa_flags=SA_RESTART|SA_SIGINFO
SIGFPE: [libjvm.so+0x956450], sa_mask[0]=11111111011111111101111111111110, sa_flags=SA_RESTART|SA_SIGINFO
SIGPIPE: [libjvm.so+0x956450], sa_mask[0]=11111111011111111101111111111110, sa_flags=SA_RESTART|SA_SIGINFO
SIGXFSZ: [libjvm.so+0x956450], sa_mask[0]=11111111011111111101111111111110, sa_flags=SA_RESTART|SA_SIGINFO
SIGILL: [libjvm.so+0x956450], sa_mask[0]=11111111011111111101111111111110, sa_flags=SA_RESTART|SA_SIGINFO
SIGUSR1: SIG_DFL, sa_mask[0]=00000000000000000000000000000000, sa_flags=none
SIGUSR2: [libjvm.so+0x956300], sa_mask[0]=00000000000000000000000000000000, sa_flags=SA_RESTART|SA_SIGINFO
SIGHUP: SIG_DFL, sa_mask[0]=00000000000000000000000000000000, sa_flags=none
SIGINT: SIG_DFL, sa_mask[0]=00000000000000000000000000000000, sa_flags=none
SIGTERM: SIG_DFL, sa_mask[0]=00000000000000000000000000000000, sa_flags=none
SIGQUIT: SIG_DFL, sa_mask[0]=00000000000000000000000000000000, sa_flags=none


---------------  S Y S T E M  ---------------

OS:DISTRIB_ID=Ubuntu
DISTRIB_RELEASE=16.04
DISTRIB_CODENAME=xenial
DISTRIB_DESCRIPTION="Ubuntu 16.04.7 LTS"

uname:Linux 4.4.0-193-generic #224-Ubuntu SMP Tue Oct 6 17:15:28 UTC 2020 x86_64
libc:glibc 2.23 NPTL 2.23 
rlimit: STACK 8192k, CORE 0k, NPROC 75, NOFILE 1048576, AS infinity
load average:0.25 0.18 0.07

/proc/meminfo:
MemTotal:       16431668 kB
MemFree:          170592 kB
MemAvailable:   12373880 kB
Buffers:          688272 kB
Cached:          9989804 kB
SwapCached:        34012 kB
Active:          8313872 kB
Inactive:        5604392 kB
Active(anon):    2880372 kB
Inactive(anon):   537232 kB
Active(file):    5433500 kB
Inactive(file):  5067160 kB
Unevictable:        3652 kB
Mlocked:            3652 kB
SwapTotal:       4192252 kB
SwapFree:        4093744 kB
Dirty:                 8 kB
Writeback:             0 kB
AnonPages:       3225520 kB
Mapped:           117836 kB
Shmem:            174992 kB
Slab:            2202452 kB
SReclaimable:    2040952 kB
SUnreclaim:       161500 kB
KernelStack:        8464 kB
PageTables:        39616 kB
NFS_Unstable:          0 kB
Bounce:                0 kB
WritebackTmp:          0 kB
CommitLimit:    12408084 kB
Committed_AS:    6728844 kB
VmallocTotal:   34359738367 kB
VmallocUsed:           0 kB
VmallocChunk:          0 kB
HardwareCorrupted:     0 kB
AnonHugePages:         0 kB
CmaTotal:              0 kB
CmaFree:               0 kB
HugePages_Total:       0
HugePages_Free:        0
HugePages_Rsvd:        0
HugePages_Surp:        0
Hugepagesize:       2048 kB
DirectMap4k:      348032 kB
DirectMap2M:    16429056 kB

container (cgroup) information:
container_type: cgroupv1
cpu_cpuset_cpus: 0-7
cpu_memory_nodes: 0
active_processor_count: 8
cpu_quota: -1
cpu_period: 100000
cpu_shares: -1
memory_limit_in_bytes: -1
memory_and_swap_limit_in_bytes: -2
memory_soft_limit_in_bytes: -1
memory_usage_in_bytes: 11656806400
memory_max_usage_in_bytes: 16437440512


CPU:total 8 (initial active 8) (4 cores per cpu, 1 threads per core) family 6 model 26 stepping 4, cmov, cx8, fxsr, mmx, sse, sse2, sse3, ssse3, sse4.1, sse4.2, popcnt, tsc, tscinvbit, tscinv

/proc/cpuinfo:
processor	: 0
vendor_id	: GenuineIntel
cpu family	: 6
model		: 26
model name	: Intel(R) Xeon(R) CPU           X5570  @ 2.93GHz
stepping	: 4
microcode	: 0x1d
cpu MHz		: 2926.000
cache size	: 8192 KB
physical id	: 0
siblings	: 4
core id		: 0
cpu cores	: 4
apicid		: 0
initial apicid	: 0
fpu		: yes
fpu_exception	: yes
cpuid level	: 11
wp		: yes
flags		: fpu vme de pse tsc msr pae mce cx8 apic sep mtrr pge mca cmov pat pse36 clflush dts mmx fxsr sse sse2 ss ht syscall nx rdtscp lm constant_tsc arch_perfmon pebs bts nopl tsc_reliable nonstop_tsc pni ssse3 cx16 sse4_1 sse4_2 popcnt hypervisor lahf_lm kaiser arat
bugs		: cpu_meltdown spectre_v1 spectre_v2 spec_store_bypass l1tf mds swapgs itlb_multihit
bogomips	: 5852.00
clflush size	: 64
cache_alignment	: 64
address sizes	: 40 bits physical, 48 bits virtual
power management:

processor	: 1
vendor_id	: GenuineIntel
cpu family	: 6
model		: 26
model name	: Intel(R) Xeon(R) CPU           X5570  @ 2.93GHz
stepping	: 4
microcode	: 0x1d
cpu MHz		: 2926.000
cache size	: 8192 KB
physical id	: 0
siblings	: 4
core id		: 1
cpu cores	: 4
apicid		: 1
initial apicid	: 1
fpu		: yes
fpu_exception	: yes
cpuid level	: 11
wp		: yes
flags		: fpu vme de pse tsc msr pae mce cx8 apic sep mtrr pge mca cmov pat pse36 clflush dts mmx fxsr sse sse2 ss ht syscall nx rdtscp lm constant_tsc arch_perfmon pebs bts nopl tsc_reliable nonstop_tsc pni ssse3 cx16 sse4_1 sse4_2 popcnt hypervisor lahf_lm kaiser arat
bugs		: cpu_meltdown spectre_v1 spectre_v2 spec_store_bypass l1tf mds swapgs itlb_multihit
bogomips	: 5852.00
clflush size	: 64
cache_alignment	: 64
address sizes	: 40 bits physical, 48 bits virtual
power management:

processor	: 2
vendor_id	: GenuineIntel
cpu family	: 6
model		: 26
model name	: Intel(R) Xeon(R) CPU           X5570  @ 2.93GHz
stepping	: 4
microcode	: 0x1d
cpu MHz		: 2926.000
cache size	: 8192 KB
physical id	: 0
siblings	: 4
core id		: 2
cpu cores	: 4
apicid		: 2
initial apicid	: 2
fpu		: yes
fpu_exception	: yes
cpuid level	: 11
wp		: yes
flags		: fpu vme de pse tsc msr pae mce cx8 apic sep mtrr pge mca cmov pat pse36 clflush dts mmx fxsr sse sse2 ss ht syscall nx rdtscp lm constant_tsc arch_perfmon pebs bts nopl tsc_reliable nonstop_tsc pni ssse3 cx16 sse4_1 sse4_2 popcnt hypervisor lahf_lm kaiser arat
bugs		: cpu_meltdown spectre_v1 spectre_v2 spec_store_bypass l1tf mds swapgs itlb_multihit
bogomips	: 5852.00
clflush size	: 64
cache_alignment	: 64
address sizes	: 40 bits physical, 48 bits virtual
power management:

processor	: 3
vendor_id	: GenuineIntel
cpu family	: 6
model		: 26
model name	: Intel(R) Xeon(R) CPU           X5570  @ 2.93GHz
stepping	: 4
microcode	: 0x1d
cpu MHz		: 2926.000
cache size	: 8192 KB
physical id	: 0
siblings	: 4
core id		: 3
cpu cores	: 4
apicid		: 3
initial apicid	: 3
fpu		: yes
fpu_exception	: yes
cpuid level	: 11
wp		: yes
flags		: fpu vme de pse tsc msr pae mce cx8 apic sep mtrr pge mca cmov pat pse36 clflush dts mmx fxsr sse sse2 ss ht syscall nx rdtscp lm constant_tsc arch_perfmon pebs bts nopl tsc_reliable nonstop_tsc pni ssse3 cx16 sse4_1 sse4_2 popcnt hypervisor lahf_lm kaiser arat
bugs		: cpu_meltdown spectre_v1 spectre_v2 spec_store_bypass l1tf mds swapgs itlb_multihit
bogomips	: 5852.00
clflush size	: 64
cache_alignment	: 64
address sizes	: 40 bits physical, 48 bits virtual
power management:

processor	: 4
vendor_id	: GenuineIntel
cpu family	: 6
model		: 26
model name	: Intel(R) Xeon(R) CPU           X5570  @ 2.93GHz
stepping	: 4
microcode	: 0x1d
cpu MHz		: 2926.000
cache size	: 8192 KB
physical id	: 1
siblings	: 4
core id		: 0
cpu cores	: 4
apicid		: 4
initial apicid	: 4
fpu		: yes
fpu_exception	: yes
cpuid level	: 11
wp		: yes
flags		: fpu vme de pse tsc msr pae mce cx8 apic sep mtrr pge mca cmov pat pse36 clflush dts mmx fxsr sse sse2 ss ht syscall nx rdtscp lm constant_tsc arch_perfmon pebs bts nopl tsc_reliable nonstop_tsc pni ssse3 cx16 sse4_1 sse4_2 popcnt hypervisor lahf_lm kaiser arat
bugs		: cpu_meltdown spectre_v1 spectre_v2 spec_store_bypass l1tf mds swapgs itlb_multihit
bogomips	: 5852.00
clflush size	: 64
cache_alignment	: 64
address sizes	: 40 bits physical, 48 bits virtual
power management:

processor	: 5
vendor_id	: GenuineIntel
cpu family	: 6
model		: 26
model name	: Intel(R) Xeon(R) CPU           X5570  @ 2.93GHz
stepping	: 4
microcode	: 0x1d
cpu MHz		: 2926.000
cache size	: 8192 KB
physical id	: 1
siblings	: 4
core id		: 1
cpu cores	: 4
apicid		: 5
initial apicid	: 5
fpu		: yes
fpu_exception	: yes
cpuid level	: 11
wp		: yes
flags		: fpu vme de pse tsc msr pae mce cx8 apic sep mtrr pge mca cmov pat pse36 clflush dts mmx fxsr sse sse2 ss ht syscall nx rdtscp lm constant_tsc arch_perfmon pebs bts nopl tsc_reliable nonstop_tsc pni ssse3 cx16 sse4_1 sse4_2 popcnt hypervisor lahf_lm kaiser arat
bugs		: cpu_meltdown spectre_v1 spectre_v2 spec_store_bypass l1tf mds swapgs itlb_multihit
bogomips	: 5852.00
clflush size	: 64
cache_alignment	: 64
address sizes	: 40 bits physical, 48 bits virtual
power management:

processor	: 6
vendor_id	: GenuineIntel
cpu family	: 6
model		: 26
model name	: Intel(R) Xeon(R) CPU           X5570  @ 2.93GHz
stepping	: 4
microcode	: 0x1d
cpu MHz		: 2926.000
cache size	: 8192 KB
physical id	: 1
siblings	: 4
core id		: 2
cpu cores	: 4
apicid		: 6
initial apicid	: 6
fpu		: yes
fpu_exception	: yes
cpuid level	: 11
wp		: yes
flags		: fpu vme de pse tsc msr pae mce cx8 apic sep mtrr pge mca cmov pat pse36 clflush dts mmx fxsr sse sse2 ss ht syscall nx rdtscp lm constant_tsc arch_perfmon pebs bts nopl tsc_reliable nonstop_tsc pni ssse3 cx16 sse4_1 sse4_2 popcnt hypervisor lahf_lm kaiser arat
bugs		: cpu_meltdown spectre_v1 spectre_v2 spec_store_bypass l1tf mds swapgs itlb_multihit
bogomips	: 5852.00
clflush size	: 64
cache_alignment	: 64
address sizes	: 40 bits physical, 48 bits virtual
power management:

processor	: 7
vendor_id	: GenuineIntel
cpu family	: 6
model		: 26
model name	: Intel(R) Xeon(R) CPU           X5570  @ 2.93GHz
stepping	: 4
microcode	: 0x1d
cpu MHz		: 2926.000
cache size	: 8192 KB
physical id	: 1
siblings	: 4
core id		: 3
cpu cores	: 4
apicid		: 7
initial apicid	: 7
fpu		: yes
fpu_exception	: yes
cpuid level	: 11
wp		: yes
flags		: fpu vme de pse tsc msr pae mce cx8 apic sep mtrr pge mca cmov pat pse36 clflush dts mmx fxsr sse sse2 ss ht syscall nx rdtscp lm constant_tsc arch_perfmon pebs bts nopl tsc_reliable nonstop_tsc pni ssse3 cx16 sse4_1 sse4_2 popcnt hypervisor lahf_lm kaiser arat
bugs		: cpu_meltdown spectre_v1 spectre_v2 spec_store_bypass l1tf mds swapgs itlb_multihit
bogomips	: 5852.00
clflush size	: 64
cache_alignment	: 64
address sizes	: 40 bits physical, 48 bits virtual
power management:



Memory: 4k page, physical 16431668k(170288k free), swap 4192252k(4093744k free)

vm_info: OpenJDK 64-Bit Server VM (25.275-b01) for linux-amd64 JRE (1.8.0_275-8u275-b01-0ubuntu1~16.04-b01), built on Nov  9 2020 03:41:32 by "buildd" with gcc 5.4.0 20160609

time: Thu Dec 10 21:56:54 2020
timezone: EST
elapsed time: 0.009973 seconds (0d 0h 0m 0s)

