#
# There is insufficient memory for the Java Runtime Environment to continue.
# Cannot create GC thread. Out of system resources.
# Possible reasons:
#   The system is out of physical RAM or swap space
#   The process is running with CompressedOops enabled, and the Java Heap may be blocking the growth of the native heap
# Possible solutions:
#   Reduce memory load on the system
#   Increase physical memory or swap space
#   Check if swap backing store is full
#   Decrease Java heap size (-Xmx/-Xms)
#   Decrease number of Java threads
#   Decrease Java thread stack sizes (-Xss)
#   Set larger code cache with -XX:ReservedCodeCacheSize=
# This output file may be truncated or incomplete.
#
#  Out of Memory Error (gcTaskThread.cpp:48), pid=26690, tid=0x00007fd2c2a2f700
#
# JRE version:  (8.0_275-b01) (build )
# Java VM: OpenJDK 64-Bit Server VM (25.275-b01 mixed mode linux-amd64 compressed oops)
# Failed to write core dump. Core dumps have been disabled. To enable core dumping, try "ulimit -c unlimited" before starting Java again
#

---------------  T H R E A D  ---------------

Current thread (0x00007fd2bc00a800):  JavaThread "Unknown thread" [_thread_in_vm, id=26691, stack(0x00007fd2c292f000,0x00007fd2c2a30000)]

Stack: [0x00007fd2c292f000,0x00007fd2c2a30000],  sp=0x00007fd2c2a2e810,  free space=1022k
Native frames: (J=compiled Java code, j=interpreted, Vv=VM code, C=native code)
V  [libjvm.so+0xb1de0b]
V  [libjvm.so+0x4e019c]
V  [libjvm.so+0x5c953f]
V  [libjvm.so+0x5c86a7]
V  [libjvm.so+0x984099]
V  [libjvm.so+0xae1809]
V  [libjvm.so+0xae1a52]
V  [libjvm.so+0x63e32f]
V  [libjvm.so+0xac525b]
V  [libjvm.so+0x714b30]  JNI_CreateJavaVM+0x60
C  [libjli.so+0x2f8a]
C  [libjli.so+0x75cd]
C  [libpthread.so.0+0x76ba]  start_thread+0xca


---------------  P R O C E S S  ---------------

Java Threads: ( => current thread )

Other Threads:

=>0x00007fd2bc00a800 (exited) JavaThread "Unknown thread" [_thread_in_vm, id=26691, stack(0x00007fd2c292f000,0x00007fd2c2a30000)]

VM state:not at safepoint (not fully initialized)

VM Mutex/Monitor currently owned by a thread: None

heap address: 0x00000006c5400000, size: 4012 MB, Compressed Oops mode: Non-zero based:0x00000006c53ff000, Oop shift amount: 3
Narrow klass base: 0x0000000000000000, Narrow klass shift: 0

GC Heap History (0 events):
No events

Deoptimization events (0 events):
No events

Classes redefined (0 events):
No events

Internal exceptions (0 events):
No events

Events (0 events):
No events


Dynamic libraries:
6c5400000-6cfc00000 rw-p 00000000 00:00 0 
6cfc00000-76c700000 ---p 00000000 00:00 0 
76c700000-771b00000 rw-p 00000000 00:00 0 
771b00000-7c0000000 ---p 00000000 00:00 0 
559af18b0000-559af18b1000 r-xp 00000000 08:01 935344                     /usr/lib/jvm/java-8-openjdk-amd64/jre/bin/java
559af1ab0000-559af1ab1000 r--p 00000000 08:01 935344                     /usr/lib/jvm/java-8-openjdk-amd64/jre/bin/java
559af1ab1000-559af1ab2000 rw-p 00001000 08:01 935344                     /usr/lib/jvm/java-8-openjdk-amd64/jre/bin/java
559af3436000-559af3457000 rw-p 00000000 00:00 0                          [heap]
7fd2aa9a2000-7fd2aa9a3000 ---p 00000000 00:00 0 
7fd2aa9a3000-7fd2aaaa3000 rw-p 00000000 00:00 0 
7fd2aaaa3000-7fd2aaaa4000 ---p 00000000 00:00 0 
7fd2aaaa4000-7fd2aaba4000 rw-p 00000000 00:00 0 
7fd2aaba4000-7fd2aaba5000 ---p 00000000 00:00 0 
7fd2aaba5000-7fd2aaca5000 rw-p 00000000 00:00 0 
7fd2aaca5000-7fd2aaca6000 ---p 00000000 00:00 0 
7fd2aaca6000-7fd2aada6000 rw-p 00000000 00:00 0 
7fd2aada6000-7fd2aada7000 ---p 00000000 00:00 0 
7fd2aada7000-7fd2aaea7000 rw-p 00000000 00:00 0 
7fd2aaea7000-7fd2aaea8000 ---p 00000000 00:00 0 
7fd2aaea8000-7fd2aafa8000 rw-p 00000000 00:00 0 
7fd2aafa8000-7fd2aafa9000 ---p 00000000 00:00 0 
7fd2aafa9000-7fd2ab0fd000 rw-p 00000000 00:00 0 
7fd2ab0fd000-7fd2ab5e3000 ---p 00000000 00:00 0 
7fd2ab5e3000-7fd2ab637000 rw-p 00000000 00:00 0 
7fd2ab637000-7fd2abb1c000 ---p 00000000 00:00 0 
7fd2abb1c000-7fd2abb47000 rw-p 00000000 00:00 0 
7fd2abb47000-7fd2abdb9000 ---p 00000000 00:00 0 
7fd2abdb9000-7fd2abdc4000 rw-p 00000000 00:00 0 
7fd2abdc4000-7fd2ac17a000 ---p 00000000 00:00 0 
7fd2ac17a000-7fd2ac3ea000 rwxp 00000000 00:00 0 
7fd2ac3ea000-7fd2bb17a000 ---p 00000000 00:00 0 
7fd2bb17a000-7fd2bb182000 r-xp 00000000 08:01 935080                     /usr/lib/jvm/java-8-openjdk-amd64/jre/lib/amd64/libzip.so
7fd2bb182000-7fd2bb381000 ---p 00008000 08:01 935080                     /usr/lib/jvm/java-8-openjdk-amd64/jre/lib/amd64/libzip.so
7fd2bb381000-7fd2bb382000 r--p 00007000 08:01 935080                     /usr/lib/jvm/java-8-openjdk-amd64/jre/lib/amd64/libzip.so
7fd2bb382000-7fd2bb383000 rw-p 00008000 08:01 935080                     /usr/lib/jvm/java-8-openjdk-amd64/jre/lib/amd64/libzip.so
7fd2bb383000-7fd2bb38e000 r-xp 00000000 08:01 525391                     /lib/x86_64-linux-gnu/libnss_files-2.23.so
7fd2bb38e000-7fd2bb58d000 ---p 0000b000 08:01 525391                     /lib/x86_64-linux-gnu/libnss_files-2.23.so
7fd2bb58d000-7fd2bb58e000 r--p 0000a000 08:01 525391                     /lib/x86_64-linux-gnu/libnss_files-2.23.so
7fd2bb58e000-7fd2bb58f000 rw-p 0000b000 08:01 525391                     /lib/x86_64-linux-gnu/libnss_files-2.23.so
7fd2bb58f000-7fd2bb595000 rw-p 00000000 00:00 0 
7fd2bb595000-7fd2bb5a0000 r-xp 00000000 08:01 529050                     /lib/x86_64-linux-gnu/libnss_nis-2.23.so
7fd2bb5a0000-7fd2bb79f000 ---p 0000b000 08:01 529050                     /lib/x86_64-linux-gnu/libnss_nis-2.23.so
7fd2bb79f000-7fd2bb7a0000 r--p 0000a000 08:01 529050                     /lib/x86_64-linux-gnu/libnss_nis-2.23.so
7fd2bb7a0000-7fd2bb7a1000 rw-p 0000b000 08:01 529050                     /lib/x86_64-linux-gnu/libnss_nis-2.23.so
7fd2bb7a1000-7fd2bb7b7000 r-xp 00000000 08:01 525380                     /lib/x86_64-linux-gnu/libnsl-2.23.so
7fd2bb7b7000-7fd2bb9b6000 ---p 00016000 08:01 525380                     /lib/x86_64-linux-gnu/libnsl-2.23.so
7fd2bb9b6000-7fd2bb9b7000 r--p 00015000 08:01 525380                     /lib/x86_64-linux-gnu/libnsl-2.23.so
7fd2bb9b7000-7fd2bb9b8000 rw-p 00016000 08:01 525380                     /lib/x86_64-linux-gnu/libnsl-2.23.so
7fd2bb9b8000-7fd2bb9ba000 rw-p 00000000 00:00 0 
7fd2bb9ba000-7fd2bb9c2000 r-xp 00000000 08:01 529048                     /lib/x86_64-linux-gnu/libnss_compat-2.23.so
7fd2bb9c2000-7fd2bbbc1000 ---p 00008000 08:01 529048                     /lib/x86_64-linux-gnu/libnss_compat-2.23.so
7fd2bbbc1000-7fd2bbbc2000 r--p 00007000 08:01 529048                     /lib/x86_64-linux-gnu/libnss_compat-2.23.so
7fd2bbbc2000-7fd2bbbc3000 rw-p 00008000 08:01 529048                     /lib/x86_64-linux-gnu/libnss_compat-2.23.so
7fd2bbbc3000-7fd2bbbed000 r-xp 00000000 08:01 922248                     /usr/lib/jvm/java-8-openjdk-amd64/jre/lib/amd64/libjava.so
7fd2bbbed000-7fd2bbdec000 ---p 0002a000 08:01 922248                     /usr/lib/jvm/java-8-openjdk-amd64/jre/lib/amd64/libjava.so
7fd2bbdec000-7fd2bbded000 r--p 00029000 08:01 922248                     /usr/lib/jvm/java-8-openjdk-amd64/jre/lib/amd64/libjava.so
7fd2bbded000-7fd2bbdef000 rw-p 0002a000 08:01 922248                     /usr/lib/jvm/java-8-openjdk-amd64/jre/lib/amd64/libjava.so
7fd2bbdef000-7fd2bbdfe000 r-xp 00000000 08:01 935060                     /usr/lib/jvm/java-8-openjdk-amd64/jre/lib/amd64/libverify.so
7fd2bbdfe000-7fd2bbffd000 ---p 0000f000 08:01 935060                     /usr/lib/jvm/java-8-openjdk-amd64/jre/lib/amd64/libverify.so
7fd2bbffd000-7fd2bbfff000 r--p 0000e000 08:01 935060                     /usr/lib/jvm/java-8-openjdk-amd64/jre/lib/amd64/libverify.so
7fd2bbfff000-7fd2bc000000 rw-p 00010000 08:01 935060                     /usr/lib/jvm/java-8-openjdk-amd64/jre/lib/amd64/libverify.so
7fd2bc000000-7fd2bc044000 rw-p 00000000 00:00 0 
7fd2bc044000-7fd2c0000000 ---p 00000000 00:00 0 
7fd2c0061000-7fd2c0062000 ---p 00000000 00:00 0 
7fd2c0062000-7fd2c0162000 rw-p 00000000 00:00 0 
7fd2c0162000-7fd2c0169000 r-xp 00000000 08:01 529053                     /lib/x86_64-linux-gnu/librt-2.23.so
7fd2c0169000-7fd2c0368000 ---p 00007000 08:01 529053                     /lib/x86_64-linux-gnu/librt-2.23.so
7fd2c0368000-7fd2c0369000 r--p 00006000 08:01 529053                     /lib/x86_64-linux-gnu/librt-2.23.so
7fd2c0369000-7fd2c036a000 rw-p 00007000 08:01 529053                     /lib/x86_64-linux-gnu/librt-2.23.so
7fd2c036a000-7fd2c0380000 r-xp 00000000 08:01 524818                     /lib/x86_64-linux-gnu/libgcc_s.so.1
7fd2c0380000-7fd2c057f000 ---p 00016000 08:01 524818                     /lib/x86_64-linux-gnu/libgcc_s.so.1
7fd2c057f000-7fd2c0580000 rw-p 00015000 08:01 524818                     /lib/x86_64-linux-gnu/libgcc_s.so.1
7fd2c0580000-7fd2c0688000 r-xp 00000000 08:01 525381                     /lib/x86_64-linux-gnu/libm-2.23.so
7fd2c0688000-7fd2c0887000 ---p 00108000 08:01 525381                     /lib/x86_64-linux-gnu/libm-2.23.so
7fd2c0887000-7fd2c0888000 r--p 00107000 08:01 525381                     /lib/x86_64-linux-gnu/libm-2.23.so
7fd2c0888000-7fd2c0889000 rw-p 00108000 08:01 525381                     /lib/x86_64-linux-gnu/libm-2.23.so
7fd2c0889000-7fd2c09fb000 r-xp 00000000 08:01 3149753                    /usr/lib/x86_64-linux-gnu/libstdc++.so.6.0.21
7fd2c09fb000-7fd2c0bfb000 ---p 00172000 08:01 3149753                    /usr/lib/x86_64-linux-gnu/libstdc++.so.6.0.21
7fd2c0bfb000-7fd2c0c05000 r--p 00172000 08:01 3149753                    /usr/lib/x86_64-linux-gnu/libstdc++.so.6.0.21
7fd2c0c05000-7fd2c0c07000 rw-p 0017c000 08:01 3149753                    /usr/lib/x86_64-linux-gnu/libstdc++.so.6.0.21
7fd2c0c07000-7fd2c0c0b000 rw-p 00000000 00:00 0 
7fd2c0c0b000-7fd2c1930000 r-xp 00000000 08:01 935071                     /usr/lib/jvm/java-8-openjdk-amd64/jre/lib/amd64/server/libjvm.so
7fd2c1930000-7fd2c1b2f000 ---p 00d25000 08:01 935071                     /usr/lib/jvm/java-8-openjdk-amd64/jre/lib/amd64/server/libjvm.so
7fd2c1b2f000-7fd2c1bc5000 r--p 00d24000 08:01 935071                     /usr/lib/jvm/java-8-openjdk-amd64/jre/lib/amd64/server/libjvm.so
7fd2c1bc5000-7fd2c1bee000 rw-p 00dba000 08:01 935071                     /usr/lib/jvm/java-8-openjdk-amd64/jre/lib/amd64/server/libjvm.so
7fd2c1bee000-7fd2c1c21000 rw-p 00000000 00:00 0 
7fd2c1c21000-7fd2c1c39000 r-xp 00000000 08:01 525378                     /lib/x86_64-linux-gnu/libpthread-2.23.so
7fd2c1c39000-7fd2c1e38000 ---p 00018000 08:01 525378                     /lib/x86_64-linux-gnu/libpthread-2.23.so
7fd2c1e38000-7fd2c1e39000 r--p 00017000 08:01 525378                     /lib/x86_64-linux-gnu/libpthread-2.23.so
7fd2c1e39000-7fd2c1e3a000 rw-p 00018000 08:01 525378                     /lib/x86_64-linux-gnu/libpthread-2.23.so
7fd2c1e3a000-7fd2c1e3e000 rw-p 00000000 00:00 0 
7fd2c1e3e000-7fd2c1e41000 r-xp 00000000 08:01 525043                     /lib/x86_64-linux-gnu/libdl-2.23.so
7fd2c1e41000-7fd2c2040000 ---p 00003000 08:01 525043                     /lib/x86_64-linux-gnu/libdl-2.23.so
7fd2c2040000-7fd2c2041000 r--p 00002000 08:01 525043                     /lib/x86_64-linux-gnu/libdl-2.23.so
7fd2c2041000-7fd2c2042000 rw-p 00003000 08:01 525043                     /lib/x86_64-linux-gnu/libdl-2.23.so
7fd2c2042000-7fd2c205b000 r-xp 00000000 08:01 524772                     /lib/x86_64-linux-gnu/libz.so.1.2.8
7fd2c205b000-7fd2c225a000 ---p 00019000 08:01 524772                     /lib/x86_64-linux-gnu/libz.so.1.2.8
7fd2c225a000-7fd2c225b000 r--p 00018000 08:01 524772                     /lib/x86_64-linux-gnu/libz.so.1.2.8
7fd2c225b000-7fd2c225c000 rw-p 00019000 08:01 524772                     /lib/x86_64-linux-gnu/libz.so.1.2.8
7fd2c225c000-7fd2c241c000 r-xp 00000000 08:01 525377                     /lib/x86_64-linux-gnu/libc-2.23.so
7fd2c241c000-7fd2c261c000 ---p 001c0000 08:01 525377                     /lib/x86_64-linux-gnu/libc-2.23.so
7fd2c261c000-7fd2c2620000 r--p 001c0000 08:01 525377                     /lib/x86_64-linux-gnu/libc-2.23.so
7fd2c2620000-7fd2c2622000 rw-p 001c4000 08:01 525377                     /lib/x86_64-linux-gnu/libc-2.23.so
7fd2c2622000-7fd2c2626000 rw-p 00000000 00:00 0 
7fd2c2626000-7fd2c2634000 r-xp 00000000 08:01 935054                     /usr/lib/jvm/java-8-openjdk-amd64/jre/lib/amd64/jli/libjli.so
7fd2c2634000-7fd2c2833000 ---p 0000e000 08:01 935054                     /usr/lib/jvm/java-8-openjdk-amd64/jre/lib/amd64/jli/libjli.so
7fd2c2833000-7fd2c2834000 r--p 0000d000 08:01 935054                     /usr/lib/jvm/java-8-openjdk-amd64/jre/lib/amd64/jli/libjli.so
7fd2c2834000-7fd2c2835000 rw-p 0000e000 08:01 935054                     /usr/lib/jvm/java-8-openjdk-amd64/jre/lib/amd64/jli/libjli.so
7fd2c2835000-7fd2c285b000 r-xp 00000000 08:01 525389                     /lib/x86_64-linux-gnu/ld-2.23.so
7fd2c292f000-7fd2c2932000 ---p 00000000 00:00 0 
7fd2c2932000-7fd2c2a34000 rw-p 00000000 00:00 0 
7fd2c2a4f000-7fd2c2a57000 rw-s 00000000 08:01 1310779                    /tmp/hsperfdata_ekeramat/26690
7fd2c2a57000-7fd2c2a58000 rw-p 00000000 00:00 0 
7fd2c2a58000-7fd2c2a59000 r--p 00000000 00:00 0 
7fd2c2a59000-7fd2c2a5a000 rw-p 00000000 00:00 0 
7fd2c2a5a000-7fd2c2a5b000 r--p 00025000 08:01 525389                     /lib/x86_64-linux-gnu/ld-2.23.so
7fd2c2a5b000-7fd2c2a5c000 rw-p 00026000 08:01 525389                     /lib/x86_64-linux-gnu/ld-2.23.so
7fd2c2a5c000-7fd2c2a5d000 rw-p 00000000 00:00 0 
7ffd7c7f5000-7ffd7c816000 rw-p 00000000 00:00 0                          [stack]
7ffd7c9fb000-7ffd7c9fd000 r--p 00000000 00:00 0                          [vvar]
7ffd7c9fd000-7ffd7c9ff000 r-xp 00000000 00:00 0                          [vdso]
ffffffffff600000-ffffffffff601000 r-xp 00000000 00:00 0                  [vsyscall]

VM Arguments:
java_command: jjtree HL.jjt
java_class_path (initial): /opt/javacc/target/javacc.jar
Launcher Type: SUN_STANDARD

Environment Variables:
JAVA_HOME=/usr/lib/jvm/java-8-openjdk-amd64
PATH=/usr/local/bin:/usr/bin:/bin:/usr/local/games:/usr/games:/snap/bin:/usr/courses/bin/x86_64
SHELL=/bin/bash

Signal Handlers:
SIGSEGV: [libjvm.so+0xb1e940], sa_mask[0]=11111111011111111101111111111110, sa_flags=SA_RESTART|SA_SIGINFO
SIGBUS: [libjvm.so+0xb1e940], sa_mask[0]=11111111011111111101111111111110, sa_flags=SA_RESTART|SA_SIGINFO
SIGFPE: [libjvm.so+0x956450], sa_mask[0]=11111111011111111101111111111110, sa_flags=SA_RESTART|SA_SIGINFO
SIGPIPE: [libjvm.so+0x956450], sa_mask[0]=11111111011111111101111111111110, sa_flags=SA_RESTART|SA_SIGINFO
SIGXFSZ: [libjvm.so+0x956450], sa_mask[0]=11111111011111111101111111111110, sa_flags=SA_RESTART|SA_SIGINFO
SIGILL: [libjvm.so+0x956450], sa_mask[0]=11111111011111111101111111111110, sa_flags=SA_RESTART|SA_SIGINFO
SIGUSR1: SIG_DFL, sa_mask[0]=00000000000000000000000000000000, sa_flags=none
SIGUSR2: [libjvm.so+0x956300], sa_mask[0]=00000000000000000000000000000000, sa_flags=SA_RESTART|SA_SIGINFO
SIGHUP: SIG_DFL, sa_mask[0]=00000000000000000000000000000000, sa_flags=none
SIGINT: SIG_DFL, sa_mask[0]=00000000000000000000000000000000, sa_flags=none
SIGTERM: SIG_DFL, sa_mask[0]=00000000000000000000000000000000, sa_flags=none
SIGQUIT: SIG_DFL, sa_mask[0]=00000000000000000000000000000000, sa_flags=none


---------------  S Y S T E M  ---------------

OS:DISTRIB_ID=Ubuntu
DISTRIB_RELEASE=16.04
DISTRIB_CODENAME=xenial
DISTRIB_DESCRIPTION="Ubuntu 16.04.7 LTS"

uname:Linux 4.4.0-190-generic #220-Ubuntu SMP Fri Aug 28 23:02:15 UTC 2020 x86_64
libc:glibc 2.23 NPTL 2.23 
rlimit: STACK 8192k, CORE 0k, NPROC 75, NOFILE 1048576, AS infinity
load average:0.00 0.00 0.00

/proc/meminfo:
MemTotal:       16431672 kB
MemFree:         2855344 kB
MemAvailable:   14806616 kB
Buffers:          712260 kB
Cached:          9542248 kB
SwapCached:          144 kB
Active:          5208800 kB
Inactive:        5842852 kB
Active(anon):     729864 kB
Inactive(anon):   245512 kB
Active(file):    4478936 kB
Inactive(file):  5597340 kB
Unevictable:        3652 kB
Mlocked:            3652 kB
SwapTotal:       4192252 kB
SwapFree:        4191864 kB
Dirty:                44 kB
Writeback:             0 kB
AnonPages:        800740 kB
Mapped:           227232 kB
Shmem:            175816 kB
Slab:            2397984 kB
SReclaimable:    2213320 kB
SUnreclaim:       184664 kB
KernelStack:        8288 kB
PageTables:        24480 kB
NFS_Unstable:          0 kB
Bounce:                0 kB
WritebackTmp:          0 kB
CommitLimit:    12408088 kB
Committed_AS:    4328592 kB
VmallocTotal:   34359738367 kB
VmallocUsed:           0 kB
VmallocChunk:          0 kB
HardwareCorrupted:     0 kB
AnonHugePages:         0 kB
CmaTotal:              0 kB
CmaFree:               0 kB
HugePages_Total:       0
HugePages_Free:        0
HugePages_Rsvd:        0
HugePages_Surp:        0
Hugepagesize:       2048 kB
DirectMap4k:      403328 kB
DirectMap2M:    16373760 kB

container (cgroup) information:
container_type: cgroupv1
cpu_cpuset_cpus: 0-7
cpu_memory_nodes: 0
active_processor_count: 8
cpu_quota: -1
cpu_period: 100000
cpu_shares: -1
memory_limit_in_bytes: -1
memory_and_swap_limit_in_bytes: -2
memory_soft_limit_in_bytes: -1
memory_usage_in_bytes: 8146759680
memory_max_usage_in_bytes: 11058888704


CPU:total 8 (initial active 8) (4 cores per cpu, 1 threads per core) family 6 model 26 stepping 4, cmov, cx8, fxsr, mmx, sse, sse2, sse3, ssse3, sse4.1, sse4.2, popcnt, tsc, tscinvbit, tscinv

/proc/cpuinfo:
processor	: 0
vendor_id	: GenuineIntel
cpu family	: 6
model		: 26
model name	: Intel(R) Xeon(R) CPU           X5570  @ 2.93GHz
stepping	: 4
microcode	: 0x1d
cpu MHz		: 2926.000
cache size	: 8192 KB
physical id	: 0
siblings	: 4
core id		: 0
cpu cores	: 4
apicid		: 0
initial apicid	: 0
fpu		: yes
fpu_exception	: yes
cpuid level	: 11
wp		: yes
flags		: fpu vme de pse tsc msr pae mce cx8 apic sep mtrr pge mca cmov pat pse36 clflush dts mmx fxsr sse sse2 ss ht syscall nx rdtscp lm constant_tsc arch_perfmon pebs bts nopl tsc_reliable nonstop_tsc pni ssse3 cx16 sse4_1 sse4_2 popcnt hypervisor lahf_lm kaiser arat
bugs		: cpu_meltdown spectre_v1 spectre_v2 spec_store_bypass l1tf mds swapgs itlb_multihit
bogomips	: 5852.00
clflush size	: 64
cache_alignment	: 64
address sizes	: 40 bits physical, 48 bits virtual
power management:

processor	: 1
vendor_id	: GenuineIntel
cpu family	: 6
model		: 26
model name	: Intel(R) Xeon(R) CPU           X5570  @ 2.93GHz
stepping	: 4
microcode	: 0x1d
cpu MHz		: 2926.000
cache size	: 8192 KB
physical id	: 0
siblings	: 4
core id		: 1
cpu cores	: 4
apicid		: 1
initial apicid	: 1
fpu		: yes
fpu_exception	: yes
cpuid level	: 11
wp		: yes
flags		: fpu vme de pse tsc msr pae mce cx8 apic sep mtrr pge mca cmov pat pse36 clflush dts mmx fxsr sse sse2 ss ht syscall nx rdtscp lm constant_tsc arch_perfmon pebs bts nopl tsc_reliable nonstop_tsc pni ssse3 cx16 sse4_1 sse4_2 popcnt hypervisor lahf_lm kaiser arat
bugs		: cpu_meltdown spectre_v1 spectre_v2 spec_store_bypass l1tf mds swapgs itlb_multihit
bogomips	: 5852.00
clflush size	: 64
cache_alignment	: 64
address sizes	: 40 bits physical, 48 bits virtual
power management:

processor	: 2
vendor_id	: GenuineIntel
cpu family	: 6
model		: 26
model name	: Intel(R) Xeon(R) CPU           X5570  @ 2.93GHz
stepping	: 4
microcode	: 0x1d
cpu MHz		: 2926.000
cache size	: 8192 KB
physical id	: 0
siblings	: 4
core id		: 2
cpu cores	: 4
apicid		: 2
initial apicid	: 2
fpu		: yes
fpu_exception	: yes
cpuid level	: 11
wp		: yes
flags		: fpu vme de pse tsc msr pae mce cx8 apic sep mtrr pge mca cmov pat pse36 clflush dts mmx fxsr sse sse2 ss ht syscall nx rdtscp lm constant_tsc arch_perfmon pebs bts nopl tsc_reliable nonstop_tsc pni ssse3 cx16 sse4_1 sse4_2 popcnt hypervisor lahf_lm kaiser arat
bugs		: cpu_meltdown spectre_v1 spectre_v2 spec_store_bypass l1tf mds swapgs itlb_multihit
bogomips	: 5852.00
clflush size	: 64
cache_alignment	: 64
address sizes	: 40 bits physical, 48 bits virtual
power management:

processor	: 3
vendor_id	: GenuineIntel
cpu family	: 6
model		: 26
model name	: Intel(R) Xeon(R) CPU           X5570  @ 2.93GHz
stepping	: 4
microcode	: 0x1d
cpu MHz		: 2926.000
cache size	: 8192 KB
physical id	: 0
siblings	: 4
core id		: 3
cpu cores	: 4
apicid		: 3
initial apicid	: 3
fpu		: yes
fpu_exception	: yes
cpuid level	: 11
wp		: yes
flags		: fpu vme de pse tsc msr pae mce cx8 apic sep mtrr pge mca cmov pat pse36 clflush dts mmx fxsr sse sse2 ss ht syscall nx rdtscp lm constant_tsc arch_perfmon pebs bts nopl tsc_reliable nonstop_tsc pni ssse3 cx16 sse4_1 sse4_2 popcnt hypervisor lahf_lm kaiser arat
bugs		: cpu_meltdown spectre_v1 spectre_v2 spec_store_bypass l1tf mds swapgs itlb_multihit
bogomips	: 5852.00
clflush size	: 64
cache_alignment	: 64
address sizes	: 40 bits physical, 48 bits virtual
power management:

processor	: 4
vendor_id	: GenuineIntel
cpu family	: 6
model		: 26
model name	: Intel(R) Xeon(R) CPU           X5570  @ 2.93GHz
stepping	: 4
microcode	: 0x1d
cpu MHz		: 2926.000
cache size	: 8192 KB
physical id	: 1
siblings	: 4
core id		: 0
cpu cores	: 4
apicid		: 4
initial apicid	: 4
fpu		: yes
fpu_exception	: yes
cpuid level	: 11
wp		: yes
flags		: fpu vme de pse tsc msr pae mce cx8 apic sep mtrr pge mca cmov pat pse36 clflush dts mmx fxsr sse sse2 ss ht syscall nx rdtscp lm constant_tsc arch_perfmon pebs bts nopl tsc_reliable nonstop_tsc pni ssse3 cx16 sse4_1 sse4_2 popcnt hypervisor lahf_lm kaiser arat
bugs		: cpu_meltdown spectre_v1 spectre_v2 spec_store_bypass l1tf mds swapgs itlb_multihit
bogomips	: 5852.00
clflush size	: 64
cache_alignment	: 64
address sizes	: 40 bits physical, 48 bits virtual
power management:

processor	: 5
vendor_id	: GenuineIntel
cpu family	: 6
model		: 26
model name	: Intel(R) Xeon(R) CPU           X5570  @ 2.93GHz
stepping	: 4
microcode	: 0x1d
cpu MHz		: 2926.000
cache size	: 8192 KB
physical id	: 1
siblings	: 4
core id		: 1
cpu cores	: 4
apicid		: 5
initial apicid	: 5
fpu		: yes
fpu_exception	: yes
cpuid level	: 11
wp		: yes
flags		: fpu vme de pse tsc msr pae mce cx8 apic sep mtrr pge mca cmov pat pse36 clflush dts mmx fxsr sse sse2 ss ht syscall nx rdtscp lm constant_tsc arch_perfmon pebs bts nopl tsc_reliable nonstop_tsc pni ssse3 cx16 sse4_1 sse4_2 popcnt hypervisor lahf_lm kaiser arat
bugs		: cpu_meltdown spectre_v1 spectre_v2 spec_store_bypass l1tf mds swapgs itlb_multihit
bogomips	: 5852.00
clflush size	: 64
cache_alignment	: 64
address sizes	: 40 bits physical, 48 bits virtual
power management:

processor	: 6
vendor_id	: GenuineIntel
cpu family	: 6
model		: 26
model name	: Intel(R) Xeon(R) CPU           X5570  @ 2.93GHz
stepping	: 4
microcode	: 0x1d
cpu MHz		: 2926.000
cache size	: 8192 KB
physical id	: 1
siblings	: 4
core id		: 2
cpu cores	: 4
apicid		: 6
initial apicid	: 6
fpu		: yes
fpu_exception	: yes
cpuid level	: 11
wp		: yes
flags		: fpu vme de pse tsc msr pae mce cx8 apic sep mtrr pge mca cmov pat pse36 clflush dts mmx fxsr sse sse2 ss ht syscall nx rdtscp lm constant_tsc arch_perfmon pebs bts nopl tsc_reliable nonstop_tsc pni ssse3 cx16 sse4_1 sse4_2 popcnt hypervisor lahf_lm kaiser arat
bugs		: cpu_meltdown spectre_v1 spectre_v2 spec_store_bypass l1tf mds swapgs itlb_multihit
bogomips	: 5852.00
clflush size	: 64
cache_alignment	: 64
address sizes	: 40 bits physical, 48 bits virtual
power management:

processor	: 7
vendor_id	: GenuineIntel
cpu family	: 6
model		: 26
model name	: Intel(R) Xeon(R) CPU           X5570  @ 2.93GHz
stepping	: 4
microcode	: 0x1d
cpu MHz		: 2926.000
cache size	: 8192 KB
physical id	: 1
siblings	: 4
core id		: 3
cpu cores	: 4
apicid		: 7
initial apicid	: 7
fpu		: yes
fpu_exception	: yes
cpuid level	: 11
wp		: yes
flags		: fpu vme de pse tsc msr pae mce cx8 apic sep mtrr pge mca cmov pat pse36 clflush dts mmx fxsr sse sse2 ss ht syscall nx rdtscp lm constant_tsc arch_perfmon pebs bts nopl tsc_reliable nonstop_tsc pni ssse3 cx16 sse4_1 sse4_2 popcnt hypervisor lahf_lm kaiser arat
bugs		: cpu_meltdown spectre_v1 spectre_v2 spec_store_bypass l1tf mds swapgs itlb_multihit
bogomips	: 5852.00
clflush size	: 64
cache_alignment	: 64
address sizes	: 40 bits physical, 48 bits virtual
power management:



Memory: 4k page, physical 16431672k(2855344k free), swap 4192252k(4191864k free)

vm_info: OpenJDK 64-Bit Server VM (25.275-b01) for linux-amd64 JRE (1.8.0_275-8u275-b01-0ubuntu1~16.04-b01), built on Nov  9 2020 03:41:32 by "buildd" with gcc 5.4.0 20160609

time: Wed Dec  2 23:20:22 2020
timezone: EST
elapsed time: 0.015420 seconds (0d 0h 0m 0s)

